[2025-09-07 15:54:47] [INFO]: [DB] Connected to the database successfully
[2025-09-07 15:54:47] [INFO]: [BOOTSTRAP] Loading listeners...
[2025-09-07 15:54:47] [INFO]: [Listeners] Loaded 4 file(s)
[2025-09-07 15:54:47] [INFO]: [BOOTSTRAP] All services ready.
[2025-09-07 15:54:47] [INFO]: [SERVER] [v1.0.0] [DEVELOPMENT]: Server is running on http://localhost:9703/
[2025-09-07 17:34:50] [INFO]: [DB] Connected to the database successfully
[2025-09-07 17:34:50] [INFO]: [BOOTSTRAP] Loading listeners...
[2025-09-07 17:34:50] [INFO]: [Listeners] Loaded 4 file(s)
[2025-09-07 17:34:50] [INFO]: [BOOTSTRAP] All services ready.
[2025-09-07 17:34:50] [INFO]: [SERVER] [v1.0.0] [DEVELOPMENT]: Server is running on http://localhost:9703/
[2025-09-07 17:34:54] [INFO]: [DB] Connected to the database successfully
[2025-09-07 17:34:54] [INFO]: [BOOTSTRAP] Loading listeners...
[2025-09-07 17:34:54] [INFO]: [Listeners] Loaded 4 file(s)
[2025-09-07 17:34:54] [INFO]: [BOOTSTRAP] All services ready.
[2025-09-07 17:34:54] [INFO]: [SERVER] [v1.0.0] [DEVELOPMENT]: Server is running on http://localhost:9703/
[2025-09-07 17:34:56] [INFO]: [DB] Connected to the database successfully
[2025-09-07 17:34:56] [INFO]: [BOOTSTRAP] Loading listeners...
[2025-09-07 17:34:56] [INFO]: [Listeners] Loaded 4 file(s)
[2025-09-07 17:34:56] [INFO]: [BOOTSTRAP] All services ready.
[2025-09-07 17:34:56] [INFO]: [SERVER] [v1.0.0] [DEVELOPMENT]: Server is running on http://localhost:9703/
[2025-09-07 17:34:58] [INFO]: [DB] Connected to the database successfully
[2025-09-07 17:34:58] [INFO]: [BOOTSTRAP] Loading listeners...
[2025-09-07 17:34:58] [INFO]: [Listeners] Loaded 4 file(s)
[2025-09-07 17:34:58] [INFO]: [BOOTSTRAP] All services ready.
[2025-09-07 17:34:58] [INFO]: [SERVER] [v1.0.0] [DEVELOPMENT]: Server is running on http://localhost:9703/
[2025-09-07 17:34:59] [WARN]: [SHUTDOWN] Received SIGINT, closing services...
