[2025-08-29 09:07:21] [INFO]: [BOOTSTRAP] Loading listeners...
[2025-08-29 09:07:21] [INFO]: [Listeners] Loaded 4 file(s)
[2025-08-29 09:07:21] [INFO]: [BOOTSTRAP] All services ready.
[2025-08-29 09:07:21] [INFO]: [SERVER] [v1.0.0] [DEVELOPMENT]: Server is running on http://localhost:6625/
[2025-08-29 09:07:21] [INFO]: [DB] Connected to the database successfully
[2025-08-29 09:14:53] [INFO]: [HINT] client left: 8RM7_hqA-SlQqj3bAAAC
[2025-08-29 09:14:53] [INFO]: [HINT] client left: MFnUSrHqWv9Psv0VAAAG
[2025-08-29 09:14:53] [INFO]: [HINT] client left: htIQtyreSIaMphF5AAAE
[2025-08-29 09:15:43] [INFO]: [HINT] client left: RcRP8viOdz61IKLLAAAJ
[2025-08-29 09:18:13] [INFO]: [HINT] client left: 5mE6N3ICX81LB8NgAAAM
[2025-08-29 09:20:02] [INFO]: [HINT] client left: Op4uiVvp7jCjhg4IAAAP
[2025-08-29 09:26:21] [INFO]: [HINT] client left: bBWkc8v51MivtTnZAAAS
[2025-08-29 09:26:21] [INFO]: [HINT] client left: qZU3GNfWBOPn2g87AAAi
[2025-08-29 09:26:21] [INFO]: [HINT] client left: wLzTy_5xOcKsCXw-AAAg
[2025-08-29 09:26:21] [INFO]: [HINT] client left: nZpuzkqFFQ4YusGIAAAe
[2025-08-29 09:26:21] [INFO]: [HINT] client left: Onu89CZPoevzqeWlAAAc
[2025-08-29 09:26:21] [INFO]: [HINT] client left: jI_y_parxVMG3pW7AAAa
[2025-08-29 09:26:21] [INFO]: [HINT] client left: zEnxG00TgwPofJi7AAAY
[2025-08-29 09:26:21] [INFO]: [HINT] client left: qgEYOHbQqOC6z6s0AAAW
[2025-08-29 09:26:21] [INFO]: [HINT] client left: W6NUVVjVqWF_JtsaAAAU
[2025-08-29 09:26:21] [INFO]: [HINT] client left: bA8RpNZTR6ZvB0rDAAAo
[2025-08-29 09:26:21] [INFO]: [HINT] client left: YQxkG-DgMgh_N9clAAAm
[2025-08-29 09:26:21] [INFO]: [HINT] client left: _xTK2VdEm267H5WCAAAk
[2025-08-29 09:27:33] [INFO]: [BOOTSTRAP] Loading listeners...
[2025-08-29 09:27:33] [INFO]: [DB] Connected to the database successfully
[2025-08-29 09:27:33] [INFO]: [Listeners] Loaded 4 file(s)
[2025-08-29 09:27:33] [INFO]: [BOOTSTRAP] All services ready.
[2025-08-29 09:27:33] [INFO]: [SERVER] [v1.0.0] [DEVELOPMENT]: Server is running on http://localhost:6625/
[2025-08-29 09:27:35] [INFO]: [BOOTSTRAP] Loading listeners...
[2025-08-29 09:27:35] [INFO]: [Listeners] Loaded 4 file(s)
[2025-08-29 09:27:35] [INFO]: [BOOTSTRAP] All services ready.
[2025-08-29 09:27:35] [INFO]: [SERVER] [v1.0.0] [DEVELOPMENT]: Server is running on http://localhost:6625/
[2025-08-29 09:27:35] [INFO]: [DB] Connected to the database successfully
[2025-08-29 09:27:54] [INFO]: [BOOTSTRAP] Loading listeners...
[2025-08-29 09:27:54] [INFO]: [DB] Connected to the database successfully
[2025-08-29 09:27:54] [INFO]: [Listeners] Loaded 4 file(s)
[2025-08-29 09:27:54] [INFO]: [BOOTSTRAP] All services ready.
[2025-08-29 09:27:54] [INFO]: [SERVER] [v1.0.0] [DEVELOPMENT]: Server is running on http://localhost:6625/
[2025-08-29 09:27:55] [INFO]: [BOOTSTRAP] Loading listeners...
[2025-08-29 09:27:55] [INFO]: [DB] Connected to the database successfully
[2025-08-29 09:27:55] [INFO]: [Listeners] Loaded 4 file(s)
[2025-08-29 09:27:55] [INFO]: [BOOTSTRAP] All services ready.
[2025-08-29 09:27:55] [INFO]: [SERVER] [v1.0.0] [DEVELOPMENT]: Server is running on http://localhost:6625/
[2025-08-29 09:29:13] [INFO]: [BOOTSTRAP] Loading listeners...
[2025-08-29 09:29:13] [INFO]: [Listeners] Loaded 4 file(s)
[2025-08-29 09:29:13] [INFO]: [BOOTSTRAP] All services ready.
[2025-08-29 09:29:13] [INFO]: [SERVER] [v1.0.0] [DEVELOPMENT]: Server is running on http://localhost:6625/
[2025-08-29 09:29:13] [INFO]: [DB] Connected to the database successfully
[2025-08-29 09:29:20] [INFO]: [BOOTSTRAP] Loading listeners...
[2025-08-29 09:29:20] [INFO]: [DB] Connected to the database successfully
[2025-08-29 09:29:20] [INFO]: [Listeners] Loaded 4 file(s)
[2025-08-29 09:29:20] [INFO]: [BOOTSTRAP] All services ready.
[2025-08-29 09:29:20] [INFO]: [SERVER] [v1.0.0] [DEVELOPMENT]: Server is running on http://localhost:6625/
[2025-08-29 09:29:27] [INFO]: [BOOTSTRAP] Loading listeners...
[2025-08-29 09:29:27] [INFO]: [DB] Connected to the database successfully
[2025-08-29 09:29:27] [INFO]: [Listeners] Loaded 4 file(s)
[2025-08-29 09:29:27] [INFO]: [BOOTSTRAP] All services ready.
[2025-08-29 09:29:27] [INFO]: [SERVER] [v1.0.0] [DEVELOPMENT]: Server is running on http://localhost:6625/
[2025-08-29 09:29:30] [INFO]: [BOOTSTRAP] Loading listeners...
[2025-08-29 09:29:30] [INFO]: [DB] Connected to the database successfully
[2025-08-29 09:29:30] [INFO]: [Listeners] Loaded 4 file(s)
[2025-08-29 09:29:30] [INFO]: [BOOTSTRAP] All services ready.
[2025-08-29 09:29:30] [INFO]: [SERVER] [v1.0.0] [DEVELOPMENT]: Server is running on http://localhost:6625/
[2025-08-29 09:29:44] [INFO]: [BOOTSTRAP] Loading listeners...
[2025-08-29 09:29:44] [INFO]: [DB] Connected to the database successfully
[2025-08-29 09:29:44] [INFO]: [Listeners] Loaded 4 file(s)
[2025-08-29 09:29:44] [INFO]: [BOOTSTRAP] All services ready.
[2025-08-29 09:29:44] [INFO]: [SERVER] [v1.0.0] [DEVELOPMENT]: Server is running on http://localhost:6625/
[2025-08-29 09:29:45] [INFO]: [BOOTSTRAP] Loading listeners...
[2025-08-29 09:29:45] [INFO]: [Listeners] Loaded 4 file(s)
[2025-08-29 09:29:45] [INFO]: [BOOTSTRAP] All services ready.
[2025-08-29 09:29:45] [INFO]: [SERVER] [v1.0.0] [DEVELOPMENT]: Server is running on http://localhost:6625/
[2025-08-29 09:29:45] [INFO]: [DB] Connected to the database successfully
[2025-08-29 09:29:51] [INFO]: [BOOTSTRAP] Loading listeners...
[2025-08-29 09:29:51] [INFO]: [DB] Connected to the database successfully
[2025-08-29 09:29:51] [INFO]: [Listeners] Loaded 4 file(s)
[2025-08-29 09:29:51] [INFO]: [BOOTSTRAP] All services ready.
[2025-08-29 09:29:51] [INFO]: [SERVER] [v1.0.0] [DEVELOPMENT]: Server is running on http://localhost:6625/
[2025-08-29 09:29:57] [INFO]: [BOOTSTRAP] Loading listeners...
[2025-08-29 09:29:57] [INFO]: [DB] Connected to the database successfully
[2025-08-29 09:29:57] [INFO]: [Listeners] Loaded 4 file(s)
[2025-08-29 09:29:57] [INFO]: [BOOTSTRAP] All services ready.
[2025-08-29 09:29:57] [INFO]: [SERVER] [v1.0.0] [DEVELOPMENT]: Server is running on http://localhost:6625/
[2025-08-29 09:29:59] [INFO]: [BOOTSTRAP] Loading listeners...
[2025-08-29 09:29:59] [INFO]: [DB] Connected to the database successfully
[2025-08-29 09:29:59] [INFO]: [Listeners] Loaded 4 file(s)
[2025-08-29 09:29:59] [INFO]: [BOOTSTRAP] All services ready.
[2025-08-29 09:29:59] [INFO]: [SERVER] [v1.0.0] [DEVELOPMENT]: Server is running on http://localhost:6625/
[2025-08-29 09:30:22] [INFO]: [BOOTSTRAP] Loading listeners...
[2025-08-29 09:30:22] [INFO]: [Listeners] Loaded 4 file(s)
[2025-08-29 09:30:22] [INFO]: [BOOTSTRAP] All services ready.
[2025-08-29 09:30:22] [INFO]: [SERVER] [v1.0.0] [DEVELOPMENT]: Server is running on http://localhost:6625/
[2025-08-29 09:30:22] [INFO]: [DB] Connected to the database successfully
[2025-08-29 09:30:42] [INFO]: [BOOTSTRAP] Loading listeners...
[2025-08-29 09:30:42] [INFO]: [DB] Connected to the database successfully
[2025-08-29 09:30:42] [INFO]: [Listeners] Loaded 4 file(s)
[2025-08-29 09:30:42] [INFO]: [BOOTSTRAP] All services ready.
[2025-08-29 09:30:42] [INFO]: [SERVER] [v1.0.0] [DEVELOPMENT]: Server is running on http://localhost:6625/
[2025-08-29 09:31:29] [INFO]: [BOOTSTRAP] Loading listeners...
[2025-08-29 09:31:29] [INFO]: [DB] Connected to the database successfully
[2025-08-29 09:31:29] [INFO]: [Listeners] Loaded 4 file(s)
[2025-08-29 09:31:29] [INFO]: [BOOTSTRAP] All services ready.
[2025-08-29 09:31:29] [INFO]: [SERVER] [v1.0.0] [DEVELOPMENT]: Server is running on http://localhost:6625/
[2025-08-29 09:31:30] [INFO]: [BOOTSTRAP] Loading listeners...
[2025-08-29 09:31:30] [INFO]: [DB] Connected to the database successfully
[2025-08-29 09:31:30] [INFO]: [Listeners] Loaded 4 file(s)
[2025-08-29 09:31:30] [INFO]: [BOOTSTRAP] All services ready.
[2025-08-29 09:31:30] [INFO]: [SERVER] [v1.0.0] [DEVELOPMENT]: Server is running on http://localhost:6625/
[2025-08-29 09:31:43] [INFO]: [BOOTSTRAP] Loading listeners...
[2025-08-29 09:31:43] [INFO]: [DB] Connected to the database successfully
[2025-08-29 09:31:43] [INFO]: [Listeners] Loaded 4 file(s)
[2025-08-29 09:31:43] [INFO]: [BOOTSTRAP] All services ready.
[2025-08-29 09:31:43] [INFO]: [SERVER] [v1.0.0] [DEVELOPMENT]: Server is running on http://localhost:6625/
[2025-08-29 09:31:45] [INFO]: [BOOTSTRAP] Loading listeners...
[2025-08-29 09:31:45] [INFO]: [DB] Connected to the database successfully
[2025-08-29 09:31:45] [INFO]: [Listeners] Loaded 4 file(s)
[2025-08-29 09:31:45] [INFO]: [BOOTSTRAP] All services ready.
[2025-08-29 09:31:45] [INFO]: [SERVER] [v1.0.0] [DEVELOPMENT]: Server is running on http://localhost:6625/
[2025-08-29 09:32:13] [INFO]: [HINT] client left: tL1vojzxOtLtJ-E4AAAC
[2025-08-29 09:32:24] [INFO]: [HINT] client left: d2Ptg87IxX5kWm0jAAAF
[2025-08-29 09:33:38] [INFO]: [BOOTSTRAP] Loading listeners...
[2025-08-29 09:33:38] [INFO]: [DB] Connected to the database successfully
[2025-08-29 09:33:38] [INFO]: [Listeners] Loaded 4 file(s)
[2025-08-29 09:33:38] [INFO]: [BOOTSTRAP] All services ready.
[2025-08-29 09:33:38] [INFO]: [SERVER] [v1.0.0] [DEVELOPMENT]: Server is running on http://localhost:6625/
[2025-08-29 09:33:45] [INFO]: [BOOTSTRAP] Loading listeners...
[2025-08-29 09:33:45] [INFO]: [DB] Connected to the database successfully
[2025-08-29 09:33:45] [INFO]: [Listeners] Loaded 4 file(s)
[2025-08-29 09:33:45] [INFO]: [BOOTSTRAP] All services ready.
[2025-08-29 09:33:45] [INFO]: [SERVER] [v1.0.0] [DEVELOPMENT]: Server is running on http://localhost:6625/
[2025-08-29 09:33:47] [INFO]: [BOOTSTRAP] Loading listeners...
[2025-08-29 09:33:49] [INFO]: [BOOTSTRAP] Loading listeners...
[2025-08-29 09:33:49] [INFO]: [DB] Connected to the database successfully
[2025-08-29 09:33:49] [INFO]: [Listeners] Loaded 4 file(s)
[2025-08-29 09:33:49] [INFO]: [BOOTSTRAP] All services ready.
[2025-08-29 09:33:49] [INFO]: [SERVER] [v1.0.0] [DEVELOPMENT]: Server is running on http://localhost:6625/
[2025-08-29 09:35:02] [INFO]: [BOOTSTRAP] Loading listeners...
[2025-08-29 09:35:02] [INFO]: [DB] Connected to the database successfully
[2025-08-29 09:35:02] [INFO]: [Listeners] Loaded 4 file(s)
[2025-08-29 09:35:02] [INFO]: [BOOTSTRAP] All services ready.
[2025-08-29 09:35:02] [INFO]: [SERVER] [v1.0.0] [DEVELOPMENT]: Server is running on http://localhost:6625/
[2025-08-29 09:35:06] [INFO]: [BOOTSTRAP] Loading listeners...
[2025-08-29 09:35:06] [INFO]: [DB] Connected to the database successfully
[2025-08-29 09:35:06] [INFO]: [Listeners] Loaded 4 file(s)
[2025-08-29 09:35:06] [INFO]: [BOOTSTRAP] All services ready.
[2025-08-29 09:35:06] [INFO]: [SERVER] [v1.0.0] [DEVELOPMENT]: Server is running on http://localhost:6625/
[2025-08-29 09:39:11] [INFO]: [BOOTSTRAP] Loading listeners...
[2025-08-29 09:39:11] [INFO]: [DB] Connected to the database successfully
[2025-08-29 09:39:11] [INFO]: [Listeners] Loaded 4 file(s)
[2025-08-29 09:39:11] [INFO]: [BOOTSTRAP] All services ready.
[2025-08-29 09:39:11] [INFO]: [SERVER] [v1.0.0] [DEVELOPMENT]: Server is running on http://localhost:6625/
[2025-08-29 09:42:48] [INFO]: [HINT] client left: lWJJzPawoWACiGgNAAAF
[2025-08-29 09:42:48] [INFO]: [HINT] client left: dGkK1z7dr8ZRLh9wAAAa
[2025-08-29 09:42:48] [INFO]: [HINT] client left: ixLnyBb_hv4XxvYpAAAY
[2025-08-29 09:42:48] [INFO]: [HINT] client left: iXmedOEUQ6FG_U-gAAAW
[2025-08-29 09:42:48] [INFO]: [HINT] client left: w-Njngg4jq2pFPstAAAU
[2025-08-29 09:42:48] [INFO]: [HINT] client left: qF1HAXgNIRQ8xwWEAAAS
[2025-08-29 09:42:48] [INFO]: [HINT] client left: YrTIt1UHGPSGhx1dAAAQ
[2025-08-29 09:42:48] [INFO]: [HINT] client left: W2wqK6CE6zeXbH9jAAAN
[2025-08-29 09:42:48] [INFO]: [HINT] client left: fMLLu02BUV2x5z-OAAAM
[2025-08-29 09:42:48] [INFO]: [HINT] client left: kFTLcWfOxAfuS-oLAAAJ
[2025-08-29 09:42:48] [INFO]: [HINT] client left: omg56BPk79gNioxiAAAI
[2025-08-29 09:42:48] [INFO]: [HINT] client left: kcCNl5OUg0ubfqPJAAAH
[2025-08-29 09:42:48] [INFO]: [HINT] client left: NIqlENFZ_eYjwSxOAAAG
[2025-08-29 09:45:14] [INFO]: [HINT] client left: _2A5NvkVHWKBxYA0AAAd
[2025-08-29 09:56:01] [INFO]: [HINT] client left: -PIgiuiUc79KpgnqAAAg
[2025-08-29 09:56:01] [INFO]: [HINT] client left: QFYcYkZdE2qg8vZAAAA2
[2025-08-29 09:56:01] [INFO]: [HINT] client left: FucovsxXq6waBNrgAAA0
[2025-08-29 09:56:01] [INFO]: [HINT] client left: 1roxzzfdE5hxngMbAAAy
[2025-08-29 09:56:01] [INFO]: [HINT] client left: uRgfUIfYlK00Y05_AAAw
[2025-08-29 09:56:01] [INFO]: [HINT] client left: lHf9DwneIdxmYh0YAAAu
[2025-08-29 09:56:01] [INFO]: [HINT] client left: p8fATJzey_Nq9neVAAAs
[2025-08-29 09:56:01] [INFO]: [HINT] client left: I4evo4txNMG9t1cTAAAq
[2025-08-29 09:56:01] [INFO]: [HINT] client left: zy94mhlO0aFyV0C-AAAo
[2025-08-29 09:56:01] [INFO]: [HINT] client left: ejh4AFIvbFP662N8AAAm
[2025-08-29 09:56:01] [INFO]: [HINT] client left: R-Sy9uImmvoMhQ3hAAAk
[2025-08-29 09:56:01] [INFO]: [HINT] client left: 4nzolxN4RZVBSedJAAAi
[2025-08-29 09:59:41] [INFO]: [BOOTSTRAP] Loading listeners...
[2025-08-29 09:59:41] [INFO]: [DB] Connected to the database successfully
[2025-08-29 09:59:41] [INFO]: [Listeners] Loaded 4 file(s)
[2025-08-29 09:59:41] [INFO]: [BOOTSTRAP] All services ready.
[2025-08-29 09:59:41] [INFO]: [SERVER] [v1.0.0] [DEVELOPMENT]: Server is running on http://localhost:6625/
[2025-08-29 09:59:54] [INFO]: [HINT] client left: fxVocetP2k3-Zzl_AAAC
[2025-08-29 09:59:54] [INFO]: [HINT] client left: x8g6ZesrikW49Z7vAAAQ
[2025-08-29 09:59:54] [INFO]: [HINT] client left: kg4G_o1sgG-JentmAAAP
[2025-08-29 09:59:54] [INFO]: [HINT] client left: wyNOwFP0wh0V9Pf8AAAO
[2025-08-29 09:59:54] [INFO]: [HINT] client left: wK4Pmac0d0lLlYErAAAN
[2025-08-29 09:59:54] [INFO]: [HINT] client left: uYzqxluXku5-7F19AAAM
[2025-08-29 09:59:54] [INFO]: [HINT] client left: JS6dDaULZLVLdV5UAAAL
[2025-08-29 09:59:54] [INFO]: [HINT] client left: oMqWC6e6hvU7YqfdAAAI
[2025-08-29 10:09:36] [INFO]: [HINT] client left: 7b24NWFQEu22iLwTAAAT
[2025-08-29 10:09:36] [INFO]: [HINT] client left: 1fPz_UlldHT9t2ziAAAh
[2025-08-29 10:09:36] [INFO]: [HINT] client left: iLU7WvChcDHccyT6AAAf
[2025-08-29 10:09:36] [INFO]: [HINT] client left: jva5Be8VM3U6KshpAAAd
[2025-08-29 10:09:36] [INFO]: [HINT] client left: IbBwURG-L0QIRW0iAAAb
[2025-08-29 10:09:36] [INFO]: [HINT] client left: y4Ywaff3Aemkol9FAAAZ
[2025-08-29 10:09:36] [INFO]: [HINT] client left: pXsmVoH8pTEfQ0xSAAAX
[2025-08-29 10:09:36] [INFO]: [HINT] client left: d8VYqHCvUr3S1_X-AAAV
[2025-08-29 10:15:15] [INFO]: [HINT] client left: kjRGhh4qQsNIgJ-vAAAk
[2025-08-29 10:15:15] [INFO]: [HINT] client left: Hol1Bwl3IS-ZfBE6AAAm
[2025-08-29 10:20:06] [INFO]: [BOOTSTRAP] Loading listeners...
[2025-08-29 10:20:06] [INFO]: [DB] Connected to the database successfully
[2025-08-29 10:20:06] [INFO]: [Listeners] Loaded 4 file(s)
[2025-08-29 10:20:06] [INFO]: [BOOTSTRAP] All services ready.
[2025-08-29 10:20:06] [INFO]: [SERVER] [v1.0.0] [DEVELOPMENT]: Server is running on http://localhost:6625/
[2025-08-29 10:20:09] [INFO]: [BOOTSTRAP] Loading listeners...
[2025-08-29 10:20:09] [INFO]: [Listeners] Loaded 4 file(s)
[2025-08-29 10:20:09] [INFO]: [BOOTSTRAP] All services ready.
[2025-08-29 10:20:09] [INFO]: [SERVER] [v1.0.0] [DEVELOPMENT]: Server is running on http://localhost:6625/
[2025-08-29 10:20:09] [INFO]: [DB] Connected to the database successfully
[2025-08-29 10:20:11] [INFO]: [BOOTSTRAP] Loading listeners...
[2025-08-29 10:20:11] [INFO]: [DB] Connected to the database successfully
[2025-08-29 10:20:11] [INFO]: [Listeners] Loaded 4 file(s)
[2025-08-29 10:20:11] [INFO]: [BOOTSTRAP] All services ready.
[2025-08-29 10:20:11] [INFO]: [SERVER] [v1.0.0] [DEVELOPMENT]: Server is running on http://localhost:6625/
[2025-08-29 10:20:40] [INFO]: [BOOTSTRAP] Loading listeners...
[2025-08-29 10:20:40] [INFO]: [Listeners] Loaded 4 file(s)
[2025-08-29 10:20:40] [INFO]: [BOOTSTRAP] All services ready.
[2025-08-29 10:20:40] [INFO]: [SERVER] [v1.0.0] [DEVELOPMENT]: Server is running on http://localhost:6625/
[2025-08-29 10:20:40] [INFO]: [DB] Connected to the database successfully
[2025-08-29 10:21:01] [INFO]: [BOOTSTRAP] Loading listeners...
[2025-08-29 10:21:01] [INFO]: [DB] Connected to the database successfully
[2025-08-29 10:21:01] [INFO]: [Listeners] Loaded 4 file(s)
[2025-08-29 10:21:01] [INFO]: [BOOTSTRAP] All services ready.
[2025-08-29 10:21:01] [INFO]: [SERVER] [v1.0.0] [DEVELOPMENT]: Server is running on http://localhost:6625/
[2025-08-29 10:21:03] [INFO]: [BOOTSTRAP] Loading listeners...
[2025-08-29 10:21:03] [INFO]: [Listeners] Loaded 4 file(s)
[2025-08-29 10:21:03] [INFO]: [BOOTSTRAP] All services ready.
[2025-08-29 10:21:03] [INFO]: [SERVER] [v1.0.0] [DEVELOPMENT]: Server is running on http://localhost:6625/
[2025-08-29 10:21:03] [INFO]: [DB] Connected to the database successfully
[2025-08-29 10:22:05] [INFO]: [BOOTSTRAP] Loading listeners...
[2025-08-29 10:22:06] [INFO]: [DB] Connected to the database successfully
[2025-08-29 10:22:06] [INFO]: [Listeners] Loaded 4 file(s)
[2025-08-29 10:22:06] [INFO]: [BOOTSTRAP] All services ready.
[2025-08-29 10:22:06] [INFO]: [SERVER] [v1.0.0] [DEVELOPMENT]: Server is running on http://localhost:6625/
[2025-08-29 10:22:07] [INFO]: [BOOTSTRAP] Loading listeners...
[2025-08-29 10:22:07] [INFO]: [DB] Connected to the database successfully
[2025-08-29 10:22:07] [INFO]: [Listeners] Loaded 4 file(s)
[2025-08-29 10:22:07] [INFO]: [BOOTSTRAP] All services ready.
[2025-08-29 10:22:07] [INFO]: [SERVER] [v1.0.0] [DEVELOPMENT]: Server is running on http://localhost:6625/
[2025-08-29 10:22:39] [INFO]: [BOOTSTRAP] Loading listeners...
[2025-08-29 10:22:40] [INFO]: [DB] Connected to the database successfully
[2025-08-29 10:22:40] [INFO]: [Listeners] Loaded 4 file(s)
[2025-08-29 10:22:40] [INFO]: [BOOTSTRAP] All services ready.
[2025-08-29 10:22:40] [INFO]: [SERVER] [v1.0.0] [DEVELOPMENT]: Server is running on http://localhost:6625/
[2025-08-29 10:23:37] [INFO]: [HINT] client left: iUP_RjVwOMyB8npwAAAE
[2025-08-29 10:23:37] [INFO]: [HINT] client left: 8ufnQoAom5ydsvQnAAAi
[2025-08-29 10:23:37] [INFO]: [HINT] client left: gZfKhEF9-TRQ5JshAAAg
[2025-08-29 10:23:37] [INFO]: [HINT] client left: G2TSxHIwWHVZo0RpAAAe
[2025-08-29 10:23:37] [INFO]: [HINT] client left: JcN0yZVYPYtlWE7wAAAc
[2025-08-29 10:23:37] [INFO]: [HINT] client left: KUe2VolEF9FoRA2qAAAa
[2025-08-29 10:23:37] [INFO]: [HINT] client left: xrf9V23D8sEwo5RRAAAZ
[2025-08-29 10:23:37] [INFO]: [HINT] client left: in1PTYVYxN8FacCsAAAY
[2025-08-29 10:23:37] [INFO]: [HINT] client left: 0QOwaJkjhL3EPLIWAAAU
[2025-08-29 10:23:37] [INFO]: [HINT] client left: PWtXeyP68QAJ3f8hAAAT
[2025-08-29 10:23:37] [INFO]: [HINT] client left: L3Z4Tkbo60-xBklqAAAQ
[2025-08-29 10:23:37] [INFO]: [HINT] client left: a6n1v6ZuHEtzwTbZAAAN
[2025-08-29 10:23:37] [INFO]: [HINT] client left: B6tF7zDkwyRn_Qj8AAAM
[2025-08-29 10:23:37] [INFO]: [HINT] client left: 39nkuzpoFu2iX_VSAAAL
[2025-08-29 10:23:37] [INFO]: [HINT] client left: i6GP6hfGIeTjL32nAAAH
[2025-08-29 10:23:37] [INFO]: [HINT] client left: YfFaetfB6a_WbwDfAAAG
[2025-08-29 10:23:37] [INFO]: [HINT] client left: JFG9qLIqZXjTLdBWAAAF
[2025-08-29 10:25:52] [INFO]: [HINT] client left: TYVxYrLL3lbK2Rl3AAAl
[2025-08-29 10:25:52] [INFO]: [HINT] client left: m7LszTnX5cS4R-hDAAAt
[2025-08-29 10:25:52] [INFO]: [HINT] client left: TSDbufuYX37uIzZDAAAr
[2025-08-29 10:25:52] [INFO]: [HINT] client left: b1AOh5C4IHw9Q3HYAAAp
[2025-08-29 10:25:52] [INFO]: [HINT] client left: xLz8rnCOgnRjwVDXAAAn
[2025-08-29 10:26:50] [INFO]: [BOOTSTRAP] Loading listeners...
[2025-08-29 10:26:50] [INFO]: [DB] Connected to the database successfully
[2025-08-29 10:26:51] [INFO]: [Listeners] Loaded 4 file(s)
[2025-08-29 10:26:51] [INFO]: [BOOTSTRAP] All services ready.
[2025-08-29 10:26:51] [INFO]: [SERVER] [v1.0.0] [DEVELOPMENT]: Server is running on http://localhost:6625/
[2025-08-29 10:26:54] [INFO]: [BOOTSTRAP] Loading listeners...
[2025-08-29 10:26:54] [INFO]: [DB] Connected to the database successfully
[2025-08-29 10:26:54] [INFO]: [Listeners] Loaded 4 file(s)
[2025-08-29 10:26:54] [INFO]: [BOOTSTRAP] All services ready.
[2025-08-29 10:26:54] [INFO]: [SERVER] [v1.0.0] [DEVELOPMENT]: Server is running on http://localhost:6625/
[2025-08-29 10:26:55] [INFO]: [BOOTSTRAP] Loading listeners...
[2025-08-29 10:26:55] [INFO]: [DB] Connected to the database successfully
[2025-08-29 10:26:55] [INFO]: [Listeners] Loaded 4 file(s)
[2025-08-29 10:26:55] [INFO]: [BOOTSTRAP] All services ready.
[2025-08-29 10:26:55] [INFO]: [SERVER] [v1.0.0] [DEVELOPMENT]: Server is running on http://localhost:6625/
[2025-08-29 10:27:01] [INFO]: [BOOTSTRAP] Loading listeners...
[2025-08-29 10:27:01] [INFO]: [DB] Connected to the database successfully
[2025-08-29 10:27:01] [INFO]: [Listeners] Loaded 4 file(s)
[2025-08-29 10:27:01] [INFO]: [BOOTSTRAP] All services ready.
[2025-08-29 10:27:01] [INFO]: [SERVER] [v1.0.0] [DEVELOPMENT]: Server is running on http://localhost:6625/
[2025-08-29 10:27:07] [INFO]: [BOOTSTRAP] Loading listeners...
[2025-08-29 10:27:07] [INFO]: [DB] Connected to the database successfully
[2025-08-29 10:27:07] [INFO]: [Listeners] Loaded 4 file(s)
[2025-08-29 10:27:07] [INFO]: [BOOTSTRAP] All services ready.
[2025-08-29 10:27:07] [INFO]: [SERVER] [v1.0.0] [DEVELOPMENT]: Server is running on http://localhost:6625/
[2025-08-29 10:27:33] [INFO]: [HINT] client left: 3u1lF2OKeYYNXnkzAAAC
[2025-08-29 10:37:42] [INFO]: [HINT] client left: zfXVWFG2o6zsegTfAAAF
[2025-08-29 10:37:42] [INFO]: [HINT] client left: OlwPCNCC_TEgmpfPAAAN
[2025-08-29 10:37:42] [INFO]: [HINT] client left: ZDw4CvlbnCXQpurbAAAL
[2025-08-29 10:37:42] [INFO]: [HINT] client left: 0bK2GIiYRnyzSIA3AAAJ
[2025-08-29 10:37:42] [INFO]: [HINT] client left: OUgNTvrR3J5ZMq50AAAH
[2025-08-29 11:06:27] [INFO]: [HINT] client left: s415Dav5B5WpPP0JAAAQ
[2025-08-29 11:06:53] [INFO]: [BOOTSTRAP] Loading listeners...
[2025-08-29 11:06:53] [INFO]: [DB] Connected to the database successfully
[2025-08-29 11:06:53] [INFO]: [Listeners] Loaded 4 file(s)
[2025-08-29 11:06:53] [INFO]: [BOOTSTRAP] All services ready.
[2025-08-29 11:06:53] [INFO]: [SERVER] [v1.0.0] [DEVELOPMENT]: Server is running on http://localhost:6625/
[2025-08-29 11:06:56] [INFO]: [BOOTSTRAP] Loading listeners...
[2025-08-29 11:06:56] [INFO]: [DB] Connected to the database successfully
[2025-08-29 11:06:56] [INFO]: [Listeners] Loaded 4 file(s)
[2025-08-29 11:06:56] [INFO]: [BOOTSTRAP] All services ready.
[2025-08-29 11:06:56] [INFO]: [SERVER] [v1.0.0] [DEVELOPMENT]: Server is running on http://localhost:6625/
[2025-08-29 11:11:08] [INFO]: [HINT] client left: I0Z_5s1nlUK9lkNbAAAC
[2025-08-29 11:28:33] [INFO]: [BOOTSTRAP] Loading listeners...
[2025-08-29 11:28:34] [INFO]: [DB] Connected to the database successfully
[2025-08-29 11:28:34] [INFO]: [Listeners] Loaded 4 file(s)
[2025-08-29 11:28:34] [INFO]: [BOOTSTRAP] All services ready.
[2025-08-29 11:28:34] [INFO]: [SERVER] [v1.0.0] [DEVELOPMENT]: Server is running on http://localhost:6625/
[2025-08-29 11:33:46] [INFO]: [BOOTSTRAP] Loading listeners...
[2025-08-29 11:33:46] [INFO]: [DB] Connected to the database successfully
[2025-08-29 11:33:46] [INFO]: [Listeners] Loaded 4 file(s)
[2025-08-29 11:33:46] [INFO]: [BOOTSTRAP] All services ready.
[2025-08-29 11:33:46] [INFO]: [SERVER] [v1.0.0] [DEVELOPMENT]: Server is running on http://localhost:6625/
[2025-08-29 11:41:02] [INFO]: [HINT] client left: wAem046VCoTE1wzOAAAC
[2025-08-29 14:54:23] [INFO]: [BOOTSTRAP] Loading listeners...
[2025-08-29 14:54:23] [INFO]: [DB] Connected to the database successfully
[2025-08-29 14:54:23] [INFO]: [Listeners] Loaded 4 file(s)
[2025-08-29 14:54:23] [INFO]: [BOOTSTRAP] All services ready.
[2025-08-29 14:54:23] [INFO]: [SERVER] [v1.0.0] [DEVELOPMENT]: Server is running on http://localhost:6625/
[2025-08-29 14:54:30] [INFO]: [BOOTSTRAP] Loading listeners...
[2025-08-29 14:54:30] [INFO]: [DB] Connected to the database successfully
[2025-08-29 14:54:30] [INFO]: [Listeners] Loaded 4 file(s)
[2025-08-29 14:54:30] [INFO]: [BOOTSTRAP] All services ready.
[2025-08-29 14:54:30] [INFO]: [SERVER] [v1.0.0] [DEVELOPMENT]: Server is running on http://localhost:6625/
[2025-08-29 14:54:33] [INFO]: [BOOTSTRAP] Loading listeners...
[2025-08-29 14:54:33] [INFO]: [DB] Connected to the database successfully
[2025-08-29 14:54:33] [INFO]: [Listeners] Loaded 4 file(s)
[2025-08-29 14:54:33] [INFO]: [BOOTSTRAP] All services ready.
[2025-08-29 14:54:33] [INFO]: [SERVER] [v1.0.0] [DEVELOPMENT]: Server is running on http://localhost:6625/
[2025-08-29 14:54:38] [INFO]: [BOOTSTRAP] Loading listeners...
[2025-08-29 14:54:38] [INFO]: [DB] Connected to the database successfully
[2025-08-29 14:54:38] [INFO]: [Listeners] Loaded 4 file(s)
[2025-08-29 14:54:38] [INFO]: [BOOTSTRAP] All services ready.
[2025-08-29 14:54:38] [INFO]: [SERVER] [v1.0.0] [DEVELOPMENT]: Server is running on http://localhost:6625/
[2025-08-29 14:54:46] [INFO]: [BOOTSTRAP] Loading listeners...
[2025-08-29 14:54:46] [INFO]: [DB] Connected to the database successfully
[2025-08-29 14:54:46] [INFO]: [Listeners] Loaded 4 file(s)
[2025-08-29 14:54:46] [INFO]: [BOOTSTRAP] All services ready.
[2025-08-29 14:54:46] [INFO]: [SERVER] [v1.0.0] [DEVELOPMENT]: Server is running on http://localhost:6625/
[2025-08-29 14:54:52] [INFO]: [BOOTSTRAP] Loading listeners...
[2025-08-29 14:54:52] [INFO]: [DB] Connected to the database successfully
[2025-08-29 14:54:52] [INFO]: [Listeners] Loaded 4 file(s)
[2025-08-29 14:54:52] [INFO]: [BOOTSTRAP] All services ready.
[2025-08-29 14:54:52] [INFO]: [SERVER] [v1.0.0] [DEVELOPMENT]: Server is running on http://localhost:6625/
[2025-08-29 14:55:10] [INFO]: [BOOTSTRAP] Loading listeners...
[2025-08-29 14:55:10] [INFO]: [DB] Connected to the database successfully
[2025-08-29 14:55:10] [INFO]: [Listeners] Loaded 4 file(s)
[2025-08-29 14:55:10] [INFO]: [BOOTSTRAP] All services ready.
[2025-08-29 14:55:10] [INFO]: [SERVER] [v1.0.0] [DEVELOPMENT]: Server is running on http://localhost:6625/
[2025-08-29 14:55:13] [INFO]: [BOOTSTRAP] Loading listeners...
[2025-08-29 14:55:13] [INFO]: [DB] Connected to the database successfully
[2025-08-29 14:55:13] [INFO]: [Listeners] Loaded 4 file(s)
[2025-08-29 14:55:13] [INFO]: [BOOTSTRAP] All services ready.
[2025-08-29 14:55:13] [INFO]: [SERVER] [v1.0.0] [DEVELOPMENT]: Server is running on http://localhost:6625/
[2025-08-29 14:55:15] [INFO]: [BOOTSTRAP] Loading listeners...
[2025-08-29 14:55:15] [INFO]: [DB] Connected to the database successfully
[2025-08-29 14:55:15] [INFO]: [Listeners] Loaded 4 file(s)
[2025-08-29 14:55:15] [INFO]: [BOOTSTRAP] All services ready.
[2025-08-29 14:55:15] [INFO]: [SERVER] [v1.0.0] [DEVELOPMENT]: Server is running on http://localhost:6625/
[2025-08-29 14:55:22] [INFO]: [BOOTSTRAP] Loading listeners...
[2025-08-29 14:55:22] [INFO]: [DB] Connected to the database successfully
[2025-08-29 14:55:22] [INFO]: [Listeners] Loaded 4 file(s)
[2025-08-29 14:55:22] [INFO]: [BOOTSTRAP] All services ready.
[2025-08-29 14:55:22] [INFO]: [SERVER] [v1.0.0] [DEVELOPMENT]: Server is running on http://localhost:6625/
[2025-08-29 14:55:23] [INFO]: [BOOTSTRAP] Loading listeners...
[2025-08-29 14:55:23] [INFO]: [Listeners] Loaded 4 file(s)
[2025-08-29 14:55:23] [INFO]: [BOOTSTRAP] All services ready.
[2025-08-29 14:55:23] [INFO]: [SERVER] [v1.0.0] [DEVELOPMENT]: Server is running on http://localhost:6625/
[2025-08-29 14:55:23] [INFO]: [DB] Connected to the database successfully
[2025-08-29 14:55:25] [INFO]: [BOOTSTRAP] Loading listeners...
[2025-08-29 14:55:25] [INFO]: [DB] Connected to the database successfully
[2025-08-29 14:55:25] [INFO]: [Listeners] Loaded 4 file(s)
[2025-08-29 14:55:25] [INFO]: [BOOTSTRAP] All services ready.
[2025-08-29 14:55:25] [INFO]: [SERVER] [v1.0.0] [DEVELOPMENT]: Server is running on http://localhost:6625/
[2025-08-29 14:55:33] [INFO]: [BOOTSTRAP] Loading listeners...
[2025-08-29 14:55:33] [INFO]: [DB] Connected to the database successfully
[2025-08-29 14:55:33] [INFO]: [Listeners] Loaded 4 file(s)
[2025-08-29 14:55:33] [INFO]: [BOOTSTRAP] All services ready.
[2025-08-29 14:55:33] [INFO]: [SERVER] [v1.0.0] [DEVELOPMENT]: Server is running on http://localhost:6625/
[2025-08-29 15:10:57] [INFO]: [DB] Connected to the database successfully
[2025-08-29 15:10:57] [INFO]: [BOOTSTRAP] Loading listeners...
[2025-08-29 15:10:57] [INFO]: [Listeners] Loaded 4 file(s)
[2025-08-29 15:10:57] [INFO]: [BOOTSTRAP] All services ready.
[2025-08-29 15:10:57] [INFO]: [SERVER] [v1.0.0] [DEVELOPMENT]: Server is running on http://localhost:6625/
[2025-08-29 15:11:13] [INFO]: [DB] Connected to the database successfully
[2025-08-29 15:11:13] [INFO]: [BOOTSTRAP] Loading listeners...
[2025-08-29 15:11:13] [INFO]: [Listeners] Loaded 4 file(s)
[2025-08-29 15:11:13] [INFO]: [BOOTSTRAP] All services ready.
[2025-08-29 15:11:13] [INFO]: [SERVER] [v1.0.0] [DEVELOPMENT]: Server is running on http://localhost:6625/
[2025-08-29 15:11:58] [INFO]: [DB] Connected to the database successfully
[2025-08-29 15:11:58] [INFO]: [BOOTSTRAP] Loading listeners...
[2025-08-29 15:11:58] [INFO]: [Listeners] Loaded 4 file(s)
[2025-08-29 15:11:58] [INFO]: [BOOTSTRAP] All services ready.
[2025-08-29 15:11:58] [INFO]: [SERVER] [v1.0.0] [DEVELOPMENT]: Server is running on http://localhost:6625/
[2025-08-29 15:12:01] [INFO]: [DB] Connected to the database successfully
[2025-08-29 15:12:01] [INFO]: [BOOTSTRAP] Loading listeners...
[2025-08-29 15:12:01] [INFO]: [Listeners] Loaded 4 file(s)
[2025-08-29 15:12:01] [INFO]: [BOOTSTRAP] All services ready.
[2025-08-29 15:12:01] [INFO]: [SERVER] [v1.0.0] [DEVELOPMENT]: Server is running on http://localhost:6625/
[2025-08-29 15:12:03] [INFO]: [DB] Connected to the database successfully
[2025-08-29 15:12:03] [INFO]: [BOOTSTRAP] Loading listeners...
[2025-08-29 15:12:03] [INFO]: [Listeners] Loaded 4 file(s)
[2025-08-29 15:12:03] [INFO]: [BOOTSTRAP] All services ready.
[2025-08-29 15:12:03] [INFO]: [SERVER] [v1.0.0] [DEVELOPMENT]: Server is running on http://localhost:6625/
[2025-08-29 15:12:25] [INFO]: [DB] Connected to the database successfully
[2025-08-29 15:12:25] [INFO]: [BOOTSTRAP] Loading listeners...
[2025-08-29 15:12:25] [INFO]: [Listeners] Loaded 4 file(s)
[2025-08-29 15:12:25] [INFO]: [BOOTSTRAP] All services ready.
[2025-08-29 15:12:25] [INFO]: [SERVER] [v1.0.0] [DEVELOPMENT]: Server is running on http://localhost:6625/
[2025-08-29 15:12:34] [INFO]: [DB] Connected to the database successfully
[2025-08-29 15:12:34] [INFO]: [BOOTSTRAP] Loading listeners...
[2025-08-29 15:12:34] [INFO]: [Listeners] Loaded 4 file(s)
[2025-08-29 15:12:34] [INFO]: [BOOTSTRAP] All services ready.
[2025-08-29 15:12:34] [INFO]: [SERVER] [v1.0.0] [DEVELOPMENT]: Server is running on http://localhost:6625/
[2025-08-29 15:12:54] [INFO]: [DB] Connected to the database successfully
[2025-08-29 15:12:54] [INFO]: [BOOTSTRAP] Loading listeners...
[2025-08-29 15:12:54] [INFO]: [Listeners] Loaded 4 file(s)
[2025-08-29 15:12:54] [INFO]: [BOOTSTRAP] All services ready.
[2025-08-29 15:12:54] [INFO]: [SERVER] [v1.0.0] [DEVELOPMENT]: Server is running on http://localhost:6625/
[2025-08-29 15:12:58] [INFO]: [DB] Connected to the database successfully
[2025-08-29 15:12:58] [INFO]: [BOOTSTRAP] Loading listeners...
[2025-08-29 15:12:58] [INFO]: [Listeners] Loaded 4 file(s)
[2025-08-29 15:12:58] [INFO]: [BOOTSTRAP] All services ready.
[2025-08-29 15:12:58] [INFO]: [SERVER] [v1.0.0] [DEVELOPMENT]: Server is running on http://localhost:6625/
[2025-08-29 15:13:18] [INFO]: [DB] Connected to the database successfully
[2025-08-29 15:13:18] [INFO]: [BOOTSTRAP] Loading listeners...
[2025-08-29 15:13:18] [INFO]: [Listeners] Loaded 4 file(s)
[2025-08-29 15:13:18] [INFO]: [BOOTSTRAP] All services ready.
[2025-08-29 15:13:18] [INFO]: [SERVER] [v1.0.0] [DEVELOPMENT]: Server is running on http://localhost:6625/
[2025-08-29 15:13:21] [INFO]: [DB] Connected to the database successfully
[2025-08-29 15:13:21] [INFO]: [BOOTSTRAP] Loading listeners...
[2025-08-29 15:13:21] [INFO]: [Listeners] Loaded 4 file(s)
[2025-08-29 15:13:21] [INFO]: [BOOTSTRAP] All services ready.
[2025-08-29 15:13:21] [INFO]: [SERVER] [v1.0.0] [DEVELOPMENT]: Server is running on http://localhost:6625/
[2025-08-29 15:13:42] [INFO]: [DB] Connected to the database successfully
[2025-08-29 15:13:42] [INFO]: [BOOTSTRAP] Loading listeners...
[2025-08-29 15:13:42] [INFO]: [Listeners] Loaded 4 file(s)
[2025-08-29 15:13:42] [INFO]: [BOOTSTRAP] All services ready.
[2025-08-29 15:13:42] [INFO]: [SERVER] [v1.0.0] [DEVELOPMENT]: Server is running on http://localhost:6625/
[2025-08-29 15:13:43] [INFO]: [DB] Connected to the database successfully
[2025-08-29 15:13:43] [INFO]: [BOOTSTRAP] Loading listeners...
[2025-08-29 15:13:43] [INFO]: [Listeners] Loaded 4 file(s)
[2025-08-29 15:13:43] [INFO]: [BOOTSTRAP] All services ready.
[2025-08-29 15:13:43] [INFO]: [SERVER] [v1.0.0] [DEVELOPMENT]: Server is running on http://localhost:6625/
[2025-08-29 15:14:12] [INFO]: [DB] Connected to the database successfully
[2025-08-29 15:14:12] [INFO]: [BOOTSTRAP] Loading listeners...
[2025-08-29 15:14:12] [INFO]: [Listeners] Loaded 4 file(s)
[2025-08-29 15:14:12] [INFO]: [BOOTSTRAP] All services ready.
[2025-08-29 15:14:12] [INFO]: [SERVER] [v1.0.0] [DEVELOPMENT]: Server is running on http://localhost:6625/
[2025-08-29 15:14:26] [INFO]: [DB] Connected to the database successfully
[2025-08-29 15:14:26] [INFO]: [BOOTSTRAP] Loading listeners...
[2025-08-29 15:14:26] [INFO]: [Listeners] Loaded 4 file(s)
[2025-08-29 15:14:26] [INFO]: [BOOTSTRAP] All services ready.
[2025-08-29 15:14:26] [INFO]: [SERVER] [v1.0.0] [DEVELOPMENT]: Server is running on http://localhost:6625/
[2025-08-29 15:14:39] [INFO]: [DB] Connected to the database successfully
[2025-08-29 15:14:39] [INFO]: [BOOTSTRAP] Loading listeners...
[2025-08-29 15:14:39] [INFO]: [Listeners] Loaded 4 file(s)
[2025-08-29 15:14:39] [INFO]: [BOOTSTRAP] All services ready.
[2025-08-29 15:14:39] [INFO]: [SERVER] [v1.0.0] [DEVELOPMENT]: Server is running on http://localhost:6625/
[2025-08-29 15:14:41] [INFO]: [DB] Connected to the database successfully
[2025-08-29 15:14:41] [INFO]: [BOOTSTRAP] Loading listeners...
[2025-08-29 15:14:41] [INFO]: [Listeners] Loaded 4 file(s)
[2025-08-29 15:14:41] [INFO]: [BOOTSTRAP] All services ready.
[2025-08-29 15:14:41] [INFO]: [SERVER] [v1.0.0] [DEVELOPMENT]: Server is running on http://localhost:6625/
[2025-08-29 15:14:50] [INFO]: [DB] Connected to the database successfully
[2025-08-29 15:14:50] [INFO]: [BOOTSTRAP] Loading listeners...
[2025-08-29 15:14:50] [INFO]: [Listeners] Loaded 4 file(s)
[2025-08-29 15:14:50] [INFO]: [BOOTSTRAP] All services ready.
[2025-08-29 15:14:50] [INFO]: [SERVER] [v1.0.0] [DEVELOPMENT]: Server is running on http://localhost:6625/
[2025-08-29 15:14:57] [INFO]: [DB] Connected to the database successfully
[2025-08-29 15:14:57] [INFO]: [BOOTSTRAP] Loading listeners...
[2025-08-29 15:14:58] [INFO]: [Listeners] Loaded 4 file(s)
[2025-08-29 15:14:58] [INFO]: [BOOTSTRAP] All services ready.
[2025-08-29 15:14:58] [INFO]: [SERVER] [v1.0.0] [DEVELOPMENT]: Server is running on http://localhost:6625/
[2025-08-29 15:15:04] [INFO]: [DB] Connected to the database successfully
[2025-08-29 15:15:04] [INFO]: [BOOTSTRAP] Loading listeners...
[2025-08-29 15:15:04] [INFO]: [Listeners] Loaded 4 file(s)
[2025-08-29 15:15:04] [INFO]: [BOOTSTRAP] All services ready.
[2025-08-29 15:15:04] [INFO]: [SERVER] [v1.0.0] [DEVELOPMENT]: Server is running on http://localhost:6625/
[2025-08-29 15:17:37] [INFO]: [DB] Connected to the database successfully
[2025-08-29 15:17:37] [INFO]: [BOOTSTRAP] Loading listeners...
[2025-08-29 15:17:37] [INFO]: [Listeners] Loaded 4 file(s)
[2025-08-29 15:17:37] [INFO]: [BOOTSTRAP] All services ready.
[2025-08-29 15:17:37] [INFO]: [SERVER] [v1.0.0] [DEVELOPMENT]: Server is running on http://localhost:6625/
[2025-08-29 15:18:06] [INFO]: [DB] Connected to the database successfully
[2025-08-29 15:18:06] [INFO]: [BOOTSTRAP] Loading listeners...
[2025-08-29 15:18:06] [INFO]: [Listeners] Loaded 4 file(s)
[2025-08-29 15:18:06] [INFO]: [BOOTSTRAP] All services ready.
[2025-08-29 15:18:06] [INFO]: [SERVER] [v1.0.0] [DEVELOPMENT]: Server is running on http://localhost:6625/
[2025-08-29 15:18:11] [INFO]: [DB] Connected to the database successfully
[2025-08-29 15:18:11] [INFO]: [BOOTSTRAP] Loading listeners...
[2025-08-29 15:18:11] [INFO]: [Listeners] Loaded 4 file(s)
[2025-08-29 15:18:11] [INFO]: [BOOTSTRAP] All services ready.
[2025-08-29 15:18:11] [INFO]: [SERVER] [v1.0.0] [DEVELOPMENT]: Server is running on http://localhost:6625/
[2025-08-29 15:18:13] [INFO]: [DB] Connected to the database successfully
[2025-08-29 15:18:13] [INFO]: [BOOTSTRAP] Loading listeners...
[2025-08-29 15:18:13] [INFO]: [Listeners] Loaded 4 file(s)
[2025-08-29 15:18:13] [INFO]: [BOOTSTRAP] All services ready.
[2025-08-29 15:18:13] [INFO]: [SERVER] [v1.0.0] [DEVELOPMENT]: Server is running on http://localhost:6625/
[2025-08-29 15:18:19] [INFO]: [DB] Connected to the database successfully
[2025-08-29 15:18:19] [INFO]: [BOOTSTRAP] Loading listeners...
[2025-08-29 15:18:19] [INFO]: [Listeners] Loaded 4 file(s)
[2025-08-29 15:18:19] [INFO]: [BOOTSTRAP] All services ready.
[2025-08-29 15:18:19] [INFO]: [SERVER] [v1.0.0] [DEVELOPMENT]: Server is running on http://localhost:6625/
[2025-08-29 15:18:33] [INFO]: [DB] Connected to the database successfully
[2025-08-29 15:18:33] [INFO]: [BOOTSTRAP] Loading listeners...
[2025-08-29 15:18:33] [INFO]: [Listeners] Loaded 4 file(s)
[2025-08-29 15:18:33] [INFO]: [BOOTSTRAP] All services ready.
[2025-08-29 15:18:33] [INFO]: [SERVER] [v1.0.0] [DEVELOPMENT]: Server is running on http://localhost:6625/
[2025-08-29 15:18:40] [INFO]: [DB] Connected to the database successfully
[2025-08-29 15:18:40] [INFO]: [BOOTSTRAP] Loading listeners...
[2025-08-29 15:18:40] [INFO]: [Listeners] Loaded 4 file(s)
[2025-08-29 15:18:40] [INFO]: [BOOTSTRAP] All services ready.
[2025-08-29 15:18:40] [INFO]: [SERVER] [v1.0.0] [DEVELOPMENT]: Server is running on http://localhost:6625/
[2025-08-29 15:18:52] [INFO]: [DB] Connected to the database successfully
[2025-08-29 15:18:52] [INFO]: [BOOTSTRAP] Loading listeners...
[2025-08-29 15:18:52] [INFO]: [Listeners] Loaded 4 file(s)
[2025-08-29 15:18:52] [INFO]: [BOOTSTRAP] All services ready.
[2025-08-29 15:18:52] [INFO]: [SERVER] [v1.0.0] [DEVELOPMENT]: Server is running on http://localhost:6625/
[2025-08-29 15:20:25] [INFO]: [BOOTSTRAP] Loading listeners...
[2025-08-29 15:20:25] [INFO]: [DB] Connected to the database successfully
[2025-08-29 15:20:25] [INFO]: [Listeners] Loaded 4 file(s)
[2025-08-29 15:20:25] [INFO]: [BOOTSTRAP] All services ready.
[2025-08-29 15:20:25] [INFO]: [SERVER] [v1.0.0] [DEVELOPMENT]: Server is running on http://localhost:6625/
[2025-08-29 15:20:42] [INFO]: [BOOTSTRAP] Loading listeners...
[2025-08-29 15:20:42] [INFO]: [DB] Connected to the database successfully
[2025-08-29 15:20:42] [INFO]: [Listeners] Loaded 4 file(s)
[2025-08-29 15:20:42] [INFO]: [BOOTSTRAP] All services ready.
[2025-08-29 15:20:42] [INFO]: [SERVER] [v1.0.0] [DEVELOPMENT]: Server is running on http://localhost:6625/
[2025-08-29 15:20:51] [INFO]: [BOOTSTRAP] Loading listeners...
[2025-08-29 15:20:51] [INFO]: [DB] Connected to the database successfully
[2025-08-29 15:20:51] [INFO]: [Listeners] Loaded 4 file(s)
[2025-08-29 15:20:51] [INFO]: [BOOTSTRAP] All services ready.
[2025-08-29 15:20:51] [INFO]: [SERVER] [v1.0.0] [DEVELOPMENT]: Server is running on http://localhost:6625/
[2025-08-29 15:20:53] [INFO]: [BOOTSTRAP] Loading listeners...
[2025-08-29 15:20:53] [INFO]: [DB] Connected to the database successfully
[2025-08-29 15:20:53] [INFO]: [Listeners] Loaded 4 file(s)
[2025-08-29 15:20:53] [INFO]: [BOOTSTRAP] All services ready.
[2025-08-29 15:20:53] [INFO]: [SERVER] [v1.0.0] [DEVELOPMENT]: Server is running on http://localhost:6625/
[2025-08-29 15:21:05] [INFO]: [BOOTSTRAP] Loading listeners...
[2025-08-29 15:21:05] [INFO]: [DB] Connected to the database successfully
[2025-08-29 15:21:05] [INFO]: [Listeners] Loaded 4 file(s)
[2025-08-29 15:21:05] [INFO]: [BOOTSTRAP] All services ready.
[2025-08-29 15:21:05] [INFO]: [SERVER] [v1.0.0] [DEVELOPMENT]: Server is running on http://localhost:6625/
[2025-08-29 15:21:12] [INFO]: [BOOTSTRAP] Loading listeners...
[2025-08-29 15:21:12] [INFO]: [Listeners] Loaded 4 file(s)
[2025-08-29 15:21:12] [INFO]: [BOOTSTRAP] All services ready.
[2025-08-29 15:21:12] [INFO]: [SERVER] [v1.0.0] [DEVELOPMENT]: Server is running on http://localhost:6625/
[2025-08-29 15:21:12] [INFO]: [DB] Connected to the database successfully
[2025-08-29 15:21:39] [INFO]: [BOOTSTRAP] Loading listeners...
[2025-08-29 15:21:39] [INFO]: [DB] Connected to the database successfully
[2025-08-29 15:21:39] [INFO]: [Listeners] Loaded 4 file(s)
[2025-08-29 15:21:39] [INFO]: [BOOTSTRAP] All services ready.
[2025-08-29 15:21:39] [INFO]: [SERVER] [v1.0.0] [DEVELOPMENT]: Server is running on http://localhost:6625/
[2025-08-29 15:21:51] [INFO]: [BOOTSTRAP] Loading listeners...
[2025-08-29 15:21:51] [INFO]: [DB] Connected to the database successfully
[2025-08-29 15:21:51] [INFO]: [Listeners] Loaded 4 file(s)
[2025-08-29 15:21:51] [INFO]: [BOOTSTRAP] All services ready.
[2025-08-29 15:21:51] [INFO]: [SERVER] [v1.0.0] [DEVELOPMENT]: Server is running on http://localhost:6625/
[2025-08-29 15:21:54] [INFO]: [BOOTSTRAP] Loading listeners...
[2025-08-29 15:21:54] [INFO]: [DB] Connected to the database successfully
[2025-08-29 15:21:54] [INFO]: [Listeners] Loaded 4 file(s)
[2025-08-29 15:21:54] [INFO]: [BOOTSTRAP] All services ready.
[2025-08-29 15:21:54] [INFO]: [SERVER] [v1.0.0] [DEVELOPMENT]: Server is running on http://localhost:6625/
[2025-08-29 15:22:32] [INFO]: [BOOTSTRAP] Loading listeners...
[2025-08-29 15:22:32] [INFO]: [DB] Connected to the database successfully
[2025-08-29 15:22:32] [INFO]: [Listeners] Loaded 4 file(s)
[2025-08-29 15:22:32] [INFO]: [BOOTSTRAP] All services ready.
[2025-08-29 15:22:32] [INFO]: [SERVER] [v1.0.0] [DEVELOPMENT]: Server is running on http://localhost:6625/
[2025-08-29 15:22:43] [INFO]: [DB] Connected to the database successfully
[2025-08-29 15:22:43] [INFO]: [BOOTSTRAP] Loading listeners...
[2025-08-29 15:22:43] [INFO]: [Listeners] Loaded 4 file(s)
[2025-08-29 15:22:43] [INFO]: [BOOTSTRAP] All services ready.
[2025-08-29 15:22:43] [INFO]: [SERVER] [v1.0.0] [DEVELOPMENT]: Server is running on http://localhost:6625/
[2025-08-29 15:22:51] [INFO]: [DB] Connected to the database successfully
[2025-08-29 15:22:51] [INFO]: [BOOTSTRAP] Loading listeners...
[2025-08-29 15:22:51] [INFO]: [Listeners] Loaded 4 file(s)
[2025-08-29 15:22:51] [INFO]: [BOOTSTRAP] All services ready.
[2025-08-29 15:22:51] [INFO]: [SERVER] [v1.0.0] [DEVELOPMENT]: Server is running on http://localhost:6625/
[2025-08-29 15:23:05] [INFO]: [DB] Connected to the database successfully
[2025-08-29 15:23:05] [INFO]: [BOOTSTRAP] Loading listeners...
[2025-08-29 15:23:11] [INFO]: [DB] Connected to the database successfully
[2025-08-29 15:23:11] [INFO]: [BOOTSTRAP] Loading listeners...
[2025-08-29 15:23:11] [INFO]: [Listeners] Loaded 4 file(s)
[2025-08-29 15:23:11] [INFO]: [BOOTSTRAP] All services ready.
[2025-08-29 15:23:11] [INFO]: [SERVER] [v1.0.0] [DEVELOPMENT]: Server is running on http://localhost:6625/
[2025-08-29 15:23:13] [INFO]: [DB] Connected to the database successfully
[2025-08-29 15:23:13] [INFO]: [BOOTSTRAP] Loading listeners...
[2025-08-29 15:23:13] [INFO]: [Listeners] Loaded 4 file(s)
[2025-08-29 15:23:13] [INFO]: [BOOTSTRAP] All services ready.
[2025-08-29 15:23:13] [INFO]: [SERVER] [v1.0.0] [DEVELOPMENT]: Server is running on http://localhost:6625/
[2025-08-29 15:23:16] [INFO]: [DB] Connected to the database successfully
[2025-08-29 15:23:16] [INFO]: [BOOTSTRAP] Loading listeners...
[2025-08-29 15:23:16] [INFO]: [Listeners] Loaded 4 file(s)
[2025-08-29 15:23:16] [INFO]: [BOOTSTRAP] All services ready.
[2025-08-29 15:23:16] [INFO]: [SERVER] [v1.0.0] [DEVELOPMENT]: Server is running on http://localhost:6625/
[2025-08-29 15:23:22] [INFO]: [DB] Connected to the database successfully
[2025-08-29 15:23:22] [INFO]: [BOOTSTRAP] Loading listeners...
[2025-08-29 15:23:22] [INFO]: [Listeners] Loaded 4 file(s)
[2025-08-29 15:23:22] [INFO]: [BOOTSTRAP] All services ready.
[2025-08-29 15:23:22] [INFO]: [SERVER] [v1.0.0] [DEVELOPMENT]: Server is running on http://localhost:6625/
[2025-08-29 15:23:31] [INFO]: [DB] Connected to the database successfully
[2025-08-29 15:23:31] [INFO]: [BOOTSTRAP] Loading listeners...
[2025-08-29 15:23:31] [INFO]: [Listeners] Loaded 4 file(s)
[2025-08-29 15:23:31] [INFO]: [BOOTSTRAP] All services ready.
[2025-08-29 15:23:31] [INFO]: [SERVER] [v1.0.0] [DEVELOPMENT]: Server is running on http://localhost:6625/
[2025-08-29 15:23:42] [INFO]: [DB] Connected to the database successfully
[2025-08-29 15:23:42] [INFO]: [BOOTSTRAP] Loading listeners...
[2025-08-29 15:23:42] [INFO]: [Listeners] Loaded 4 file(s)
[2025-08-29 15:23:42] [INFO]: [BOOTSTRAP] All services ready.
[2025-08-29 15:23:42] [INFO]: [SERVER] [v1.0.0] [DEVELOPMENT]: Server is running on http://localhost:6625/
[2025-08-29 15:23:45] [INFO]: [DB] Connected to the database successfully
[2025-08-29 15:23:45] [INFO]: [BOOTSTRAP] Loading listeners...
[2025-08-29 15:23:45] [INFO]: [Listeners] Loaded 4 file(s)
[2025-08-29 15:23:45] [INFO]: [BOOTSTRAP] All services ready.
[2025-08-29 15:23:45] [INFO]: [SERVER] [v1.0.0] [DEVELOPMENT]: Server is running on http://localhost:6625/
[2025-08-29 15:23:51] [INFO]: [HINT] client left: eiFar2-Ko8mGF-0IAAAC
[2025-08-29 15:31:52] [INFO]: [HINT] client left: 7g-TioZjH4Yi6Q80AAAF
[2025-08-29 15:57:27] [INFO]: [HINT] client left: OQpyRgd_fcBWQIFWAAAI
