[2025-08-25 08:50:44] [INFO]: [BOOTSTRAP] Loading listeners...
[2025-08-25 08:50:44] [INFO]: [Listeners] Loaded 4 file(s)
[2025-08-25 08:50:44] [INFO]: [BOOTSTRAP] All services ready.
[2025-08-25 08:50:44] [INFO]: [SERVER] [v1.0.0] [DEVELOPMENT]: Server is running on http://localhost:6625/
[2025-08-25 08:50:44] [INFO]: [DB] Connected to the database successfully
[2025-08-25 08:51:14] [INFO]: [HINT] client left: KVJXAupBsGivpduLAAAC
[2025-08-25 09:01:46] [INFO]: [HINT] client left: 0unFuC0uVHGiRhtxAAAF
[2025-08-25 09:01:46] [INFO]: [HINT] client left: Z1UGHCQ__I7_gQngAAAJ
[2025-08-25 09:01:46] [INFO]: [HINT] client left: bUK7BGe8EqCtl3n6AAAH
[2025-08-25 09:04:10] [INFO]: [HINT] client left: Dl9lxmiCfCFTqGqsAAAM
[2025-08-25 09:04:20] [INFO]: [HINT] client left: GT5snt9lBrxdzld6AAAP
[2025-08-25 09:05:51] [INFO]: [HINT] client left: L0xJPXImGXrb2rrjAAAS
[2025-08-25 09:06:17] [INFO]: [HINT] client left: QAQMB8SrBBVZvAx2AAAV
[2025-08-25 09:06:36] [INFO]: [HINT] client left: t2E-woG8fDjtk76VAAAY
[2025-08-25 09:07:06] [INFO]: [HINT] client left: lk6BxOI02hW8WSpKAAAb
[2025-08-25 09:07:06] [INFO]: [HINT] client left: 84ixZEuus9J_58zSAAAl
[2025-08-25 09:07:06] [INFO]: [HINT] client left: WBAXo5ta1YRx3DAWAAAj
[2025-08-25 09:07:06] [INFO]: [HINT] client left: JHhbZQ7uQ2-FgqyfAAAh
[2025-08-25 09:07:06] [INFO]: [HINT] client left: M1jEQJa6C8_PlpDVAAAf
[2025-08-25 09:07:06] [INFO]: [HINT] client left: Weg9tLCQWGNJWCPUAAAd
[2025-08-25 09:07:07] [INFO]: [HINT] client left: JmqwEPGOoRy5JM9zAAAo
[2025-08-25 09:07:39] [INFO]: [HINT] client left: 6YI7b_P0aWS9OC5gAAAr
[2025-08-25 09:07:39] [INFO]: [HINT] client left: lbmfgtw5foJ_dX1vAAAt
[2025-08-25 09:08:36] [INFO]: [HINT] client left: YfSPmzOBeodu8sfkAAA0
[2025-08-25 09:08:36] [INFO]: [HINT] client left: -2oJnkerehf7kdBsAAAy
[2025-08-25 09:08:36] [INFO]: [HINT] client left: rBBJDHfIs3K3_slOAAAw
[2025-08-25 09:14:59] [INFO]: [HINT] client left: UDV9p6UU4iNmzKzJAAA3
[2025-08-25 09:21:19] [INFO]: [HINT] client left: Xixx8pwzsf2xvqM_AAA6
[2025-08-25 09:21:19] [INFO]: [HINT] client left: tq96KHnst7UaRHS7AAA8
[2025-08-25 09:21:36] [INFO]: [HINT] client left: jLyonzphFTjEsnfEAAA_
[2025-08-25 09:22:11] [INFO]: [HINT] client left: vFdLgHmbacpOWMzDAABC
[2025-08-25 09:22:24] [INFO]: [HINT] client left: C3OX8KqPi04bwcpGAABF
[2025-08-25 09:22:26] [INFO]: [HINT] client left: RO3U0gn2Gj683MFlAABI
[2025-08-25 09:22:43] [INFO]: [HINT] client left: nx0xogM2ENSrhsswAABL
[2025-08-25 09:22:48] [INFO]: [HINT] client left: xoYvSL5BijlLiQt7AABO
[2025-08-25 09:23:09] [INFO]: [HINT] client left: vC1fblWuImz3LLL0AABR
[2025-08-25 09:23:09] [INFO]: [HINT] client left: joft0i2zlDkc18A3AABT
[2025-08-25 09:23:32] [INFO]: [HINT] client left: MjrZ-m6nJoKRzUuUAABW
[2025-08-25 09:23:59] [INFO]: [HINT] client left: x_4eYOwZZEqAnc1HAABZ
[2025-08-25 09:23:59] [INFO]: [HINT] client left: Lz2EkRFkl50LDBlrAABd
[2025-08-25 09:23:59] [INFO]: [HINT] client left: fkEeuo3Nm3XW2BFOAABb
[2025-08-25 09:24:01] [INFO]: [HINT] client left: P6m7AVp6XDhcI219AABg
[2025-08-25 09:24:37] [INFO]: [HINT] client left: EJJ7dwaqFygl6C4jAABj
[2025-08-25 09:24:55] [INFO]: [HINT] client left: nIcufkogDOEpf-qDAABm
[2025-08-25 09:25:21] [INFO]: [HINT] client left: srpsTlcBavk53UtyAABp
[2025-08-25 09:26:06] [INFO]: [HINT] client left: 71wRyuatJl1BkKnWAABs
[2025-08-25 09:26:06] [INFO]: [HINT] client left: tTsDvoauUIHyNxGoAABu
[2025-08-25 09:26:08] [INFO]: [HINT] client left: 6eGS1N780ZujTmuIAABx
[2025-08-25 09:27:15] [INFO]: [HINT] client left: Sx7xOdD-sCxYgu67AAB0
[2025-08-25 09:27:26] [INFO]: [HINT] client left: RPRMEMtYLCR1KccWAAB3
[2025-08-25 09:27:26] [INFO]: [HINT] client left: 41VeAGJZz9YJARo-AAB5
[2025-08-25 09:28:24] [INFO]: [HINT] client left: Qlrkai4-nDbp2JyEAAB8
[2025-08-25 09:29:09] [INFO]: [HINT] client left: MYM9-XQlk7WPaNs4AAB_
[2025-08-25 09:30:47] [INFO]: [HINT] client left: VzcSh1rzUDnX25kyAACC
[2025-08-25 09:30:47] [INFO]: [HINT] client left: cNIhkDK3esGHZ9mNAACG
[2025-08-25 09:30:47] [INFO]: [HINT] client left: xpWMpeerK84_5DRyAACE
[2025-08-25 09:31:09] [INFO]: [HINT] client left: r9_1PL2WZvTG4zMaAACJ
[2025-08-25 09:31:09] [INFO]: [HINT] client left: knBobg2bKGri2X75AACL
[2025-08-25 09:31:12] [INFO]: [HINT] client left: AsjvPHzXQ9p-E3gBAACO
[2025-08-25 09:36:03] [INFO]: [HINT] client left: Tv0meQZ7L06KGDaBAACR
[2025-08-25 09:36:03] [INFO]: [HINT] client left: txdInhKtUoTQGcQuAACr
[2025-08-25 09:36:03] [INFO]: [HINT] client left: 0LcAHXSplNH332F-AACp
[2025-08-25 09:36:03] [INFO]: [HINT] client left: RWQVkO7j_Bm3MrXIAACn
[2025-08-25 09:36:03] [INFO]: [HINT] client left: yFqgPXswWeh3PiMnAACl
[2025-08-25 09:36:03] [INFO]: [HINT] client left: aFQncIMNR9bxEM4VAACj
[2025-08-25 09:36:03] [INFO]: [HINT] client left: QdwU9YPRV9dpay4BAACh
[2025-08-25 09:36:03] [INFO]: [HINT] client left: i--pZjAgY8m8p_jnAACf
[2025-08-25 09:36:03] [INFO]: [HINT] client left: V3z8T-RKOv2bVvs-AACd
[2025-08-25 09:36:03] [INFO]: [HINT] client left: xdFir-tYZBp5Jn_DAACb
[2025-08-25 09:36:03] [INFO]: [HINT] client left: FTsjwU8PXPbLt2APAACZ
[2025-08-25 09:36:03] [INFO]: [HINT] client left: sY2yxWhrb_7xEtZ5AACX
[2025-08-25 09:36:03] [INFO]: [HINT] client left: a3vj4GvsWhfYOEn_AACV
[2025-08-25 09:36:03] [INFO]: [HINT] client left: D4lcw6nE3tz6xCodAACT
[2025-08-25 09:38:01] [INFO]: [HINT] client left: 82Th6XtcAsKvO3cMAACu
[2025-08-25 09:38:50] [INFO]: [HINT] client left: V9zj-3eNTRkpXGzWAACx
[2025-08-25 09:38:50] [INFO]: [HINT] client left: 6nrvGHtzqtM5UAPdAAC3
[2025-08-25 09:38:50] [INFO]: [HINT] client left: vDcRhXozi4Mja1HkAAC1
[2025-08-25 09:38:50] [INFO]: [HINT] client left: Rj5hwWI63iXJKZMnAACz
[2025-08-25 09:41:18] [INFO]: [HINT] client left: Zafryvkc4shzd8UZAAC6
[2025-08-25 09:41:51] [INFO]: [HINT] client left: 4oR8D57f5kzOKPD7AAC9
[2025-08-25 09:42:02] [INFO]: [HINT] client left: jT4c-KV5SPz9C3F-AADA
[2025-08-25 09:43:35] [INFO]: [HINT] client left: TjzYRrT-Ihsl_qVZAADD
[2025-08-25 09:43:35] [INFO]: [HINT] client left: Kj8x0gFbZpoCPKmyAADX
[2025-08-25 09:43:35] [INFO]: [HINT] client left: K0crTnj2JBuevQOtAADV
[2025-08-25 09:43:35] [INFO]: [HINT] client left: gVclvWQXde3mT78QAADT
[2025-08-25 09:43:35] [INFO]: [HINT] client left: CA8gTzIik_pmBFB-AADR
[2025-08-25 09:43:35] [INFO]: [HINT] client left: cC-EQwedO8d4F4BHAADP
[2025-08-25 09:43:35] [INFO]: [HINT] client left: nlETHy-QsT9EBcv4AADN
[2025-08-25 09:43:35] [INFO]: [HINT] client left: WFWFiaA8eIdW9U5EAADL
[2025-08-25 09:43:35] [INFO]: [HINT] client left: 2rqDKlkSY-qMeq29AADJ
[2025-08-25 09:43:35] [INFO]: [HINT] client left: 1yRt6x-_dqigpavDAADH
[2025-08-25 09:43:35] [INFO]: [HINT] client left: L0sWeBMS1PYXUFA3AADF
[2025-08-25 09:44:01] [INFO]: [HINT] client left: AvSEIPiubDdLIx_-AADc
[2025-08-25 09:44:01] [INFO]: [HINT] client left: RA35naU-2vAeRbrJAADa
[2025-08-25 09:44:18] [INFO]: [HINT] client left: PGqaklIAO5l3niFbAADf
[2025-08-25 09:47:24] [INFO]: [HINT] client left: 72JqFPrFCFytZE-ZAADi
[2025-08-25 09:47:24] [INFO]: [HINT] client left: feVf37_NIjTcYrU5AADm
[2025-08-25 09:47:24] [INFO]: [HINT] client left: H-yAvvpMcl-LsRlGAADk
[2025-08-25 09:48:11] [INFO]: [HINT] client left: LZ2Ai3Z0gk_2b2pDAADp
[2025-08-25 09:48:20] [INFO]: [HINT] client left: Z8S5VbdhqIa8cyXqAADs
[2025-08-25 09:48:20] [INFO]: [HINT] client left: 1NgZHXqD-Ymmr8sfAADu
[2025-08-25 09:51:10] [INFO]: [HINT] client left: I2kvY6mUCdgFnTAvAADx
[2025-08-25 09:51:10] [INFO]: [HINT] client left: vdDrCBtYc8raKzEmAAD1
[2025-08-25 09:51:10] [INFO]: [HINT] client left: nPxu0KaZm-jSowA_AADz
[2025-08-25 09:53:11] [INFO]: [HINT] client left: VPcuye9XvDIdOyg3AAD4
[2025-08-25 09:53:13] [INFO]: [HINT] client left: DqzWN-qojHEaB6SCAAD7
[2025-08-25 09:53:32] [INFO]: [HINT] client left: KS629qR23iP0GCtxAAD-
[2025-08-25 09:53:32] [INFO]: [HINT] client left: eM7yzRUgTUlaSEDRAAEC
[2025-08-25 09:53:32] [INFO]: [HINT] client left: ZJkJ0a1WemuvIMqqAAEA
[2025-08-25 09:58:05] [INFO]: [HINT] client left: ZdH10NGtsL1EcEvzAAEF
[2025-08-25 09:58:36] [INFO]: [HINT] client left: S13nld-Xbj5eG1vIAAEI
[2025-08-25 10:01:17] [INFO]: [HINT] client left: 23t-qL051v78QOFxAAEL
[2025-08-25 10:05:35] [INFO]: [HINT] client left: nAqwHTb0uPKqRwzfAAEO
[2025-08-25 10:07:58] [INFO]: [HINT] client left: RDF31DOrxEkkEd5BAAER
[2025-08-25 10:11:33] [INFO]: [HINT] client left: pmbtS4vrnDuU2tZUAAEU
[2025-08-25 10:11:33] [INFO]: [HINT] client left: W9cw1HIuZqadAqzDAAEW
[2025-08-25 10:11:33] [INFO]: [HINT] client left: 3_Wob3BxpttJn4MWAAEY
[2025-08-25 10:11:33] [INFO]: [HINT] client left: BpEMQJQ1NtY9U80hAAEc
[2025-08-25 10:11:33] [INFO]: [HINT] client left: -0uDI4Vj28DE-FLMAAEa
[2025-08-25 10:12:13] [INFO]: [HINT] client left: s8Kxz7B6ibFpZtY5AAEf
[2025-08-25 10:31:17] [INFO]: [BOOTSTRAP] Loading listeners...
[2025-08-25 10:31:17] [INFO]: [DB] Connected to the database successfully
[2025-08-25 10:31:17] [INFO]: [Listeners] Loaded 4 file(s)
[2025-08-25 10:31:17] [INFO]: [BOOTSTRAP] All services ready.
[2025-08-25 10:31:17] [INFO]: [SERVER] [v1.0.0] [DEVELOPMENT]: Server is running on http://localhost:6625/
[2025-08-25 10:31:24] [INFO]: [HINT] client left: tRBmbgRPho6N8nINAAAC
[2025-08-25 10:31:52] [INFO]: [HINT] client left: JbEEDOEtzyuvSRRBAAAF
[2025-08-25 10:31:55] [INFO]: [BOOTSTRAP] Loading listeners...
[2025-08-25 10:31:55] [INFO]: [DB] Connected to the database successfully
[2025-08-25 10:31:55] [INFO]: [Listeners] Loaded 4 file(s)
[2025-08-25 10:31:55] [INFO]: [BOOTSTRAP] All services ready.
[2025-08-25 10:31:55] [INFO]: [SERVER] [v1.0.0] [DEVELOPMENT]: Server is running on http://localhost:6625/
[2025-08-25 10:33:03] [INFO]: [BOOTSTRAP] Loading listeners...
[2025-08-25 10:33:03] [INFO]: [DB] Connected to the database successfully
[2025-08-25 10:33:03] [INFO]: [Listeners] Loaded 4 file(s)
[2025-08-25 10:33:03] [INFO]: [BOOTSTRAP] All services ready.
[2025-08-25 10:33:03] [INFO]: [SERVER] [v1.0.0] [DEVELOPMENT]: Server is running on http://localhost:6625/
[2025-08-25 10:33:06] [INFO]: [BOOTSTRAP] Loading listeners...
[2025-08-25 10:33:06] [INFO]: [DB] Connected to the database successfully
[2025-08-25 10:33:06] [INFO]: [Listeners] Loaded 4 file(s)
[2025-08-25 10:33:06] [INFO]: [BOOTSTRAP] All services ready.
[2025-08-25 10:33:06] [INFO]: [SERVER] [v1.0.0] [DEVELOPMENT]: Server is running on http://localhost:6625/
[2025-08-25 10:33:11] [INFO]: [BOOTSTRAP] Loading listeners...
[2025-08-25 10:33:11] [INFO]: [DB] Connected to the database successfully
[2025-08-25 10:33:11] [INFO]: [Listeners] Loaded 4 file(s)
[2025-08-25 10:33:11] [INFO]: [BOOTSTRAP] All services ready.
[2025-08-25 10:33:11] [INFO]: [SERVER] [v1.0.0] [DEVELOPMENT]: Server is running on http://localhost:6625/
[2025-08-25 10:34:07] [INFO]: [HINT] client left: nGxtCzT3lCAKvn95AAAC
[2025-08-25 10:34:28] [INFO]: [BOOTSTRAP] Loading listeners...
[2025-08-25 10:34:28] [INFO]: [Listeners] Loaded 4 file(s)
[2025-08-25 10:34:28] [INFO]: [BOOTSTRAP] All services ready.
[2025-08-25 10:34:28] [INFO]: [SERVER] [v1.0.0] [DEVELOPMENT]: Server is running on http://localhost:6625/
[2025-08-25 10:34:28] [INFO]: [DB] Connected to the database successfully
[2025-08-25 10:37:13] [INFO]: [BOOTSTRAP] Loading listeners...
[2025-08-25 10:37:13] [INFO]: [DB] Connected to the database successfully
[2025-08-25 10:37:13] [INFO]: [Listeners] Loaded 4 file(s)
[2025-08-25 10:37:13] [INFO]: [BOOTSTRAP] All services ready.
[2025-08-25 10:37:13] [INFO]: [SERVER] [v1.0.0] [DEVELOPMENT]: Server is running on http://localhost:6625/
[2025-08-25 10:37:40] [INFO]: [BOOTSTRAP] Loading listeners...
[2025-08-25 10:37:40] [INFO]: [DB] Connected to the database successfully
[2025-08-25 10:37:40] [INFO]: [Listeners] Loaded 4 file(s)
[2025-08-25 10:37:40] [INFO]: [BOOTSTRAP] All services ready.
[2025-08-25 10:37:40] [INFO]: [SERVER] [v1.0.0] [DEVELOPMENT]: Server is running on http://localhost:6625/
[2025-08-25 10:37:43] [INFO]: [BOOTSTRAP] Loading listeners...
[2025-08-25 10:37:43] [INFO]: [DB] Connected to the database successfully
[2025-08-25 10:37:43] [INFO]: [Listeners] Loaded 4 file(s)
[2025-08-25 10:37:43] [INFO]: [BOOTSTRAP] All services ready.
[2025-08-25 10:37:43] [INFO]: [SERVER] [v1.0.0] [DEVELOPMENT]: Server is running on http://localhost:6625/
[2025-08-25 10:37:47] [INFO]: [BOOTSTRAP] Loading listeners...
[2025-08-25 10:37:47] [INFO]: [DB] Connected to the database successfully
[2025-08-25 10:37:47] [INFO]: [Listeners] Loaded 4 file(s)
[2025-08-25 10:37:47] [INFO]: [BOOTSTRAP] All services ready.
[2025-08-25 10:37:47] [INFO]: [SERVER] [v1.0.0] [DEVELOPMENT]: Server is running on http://localhost:6625/
[2025-08-25 10:43:03] [INFO]: [BOOTSTRAP] Loading listeners...
[2025-08-25 10:43:03] [INFO]: [Listeners] Loaded 4 file(s)
[2025-08-25 10:43:03] [INFO]: [BOOTSTRAP] All services ready.
[2025-08-25 10:43:03] [INFO]: [SERVER] [v1.0.0] [DEVELOPMENT]: Server is running on http://localhost:6625/
[2025-08-25 10:43:04] [INFO]: [DB] Connected to the database successfully
[2025-08-25 11:07:24] [INFO]: [HINT] client left: 0izyob0CZxAU58MRAAAC
[2025-08-25 11:09:19] [INFO]: [BOOTSTRAP] Loading listeners...
[2025-08-25 11:09:20] [INFO]: [DB] Connected to the database successfully
[2025-08-25 11:09:20] [INFO]: [Listeners] Loaded 4 file(s)
[2025-08-25 11:09:20] [INFO]: [BOOTSTRAP] All services ready.
[2025-08-25 11:09:20] [INFO]: [SERVER] [v1.0.0] [DEVELOPMENT]: Server is running on http://localhost:6625/
[2025-08-25 11:09:23] [INFO]: [BOOTSTRAP] Loading listeners...
[2025-08-25 11:09:24] [INFO]: [DB] Connected to the database successfully
[2025-08-25 11:09:24] [INFO]: [Listeners] Loaded 4 file(s)
[2025-08-25 11:09:24] [INFO]: [BOOTSTRAP] All services ready.
[2025-08-25 11:09:24] [INFO]: [SERVER] [v1.0.0] [DEVELOPMENT]: Server is running on http://localhost:6625/
[2025-08-25 11:09:32] [INFO]: [BOOTSTRAP] Loading listeners...
[2025-08-25 11:09:32] [INFO]: [DB] Connected to the database successfully
[2025-08-25 11:09:32] [INFO]: [Listeners] Loaded 4 file(s)
[2025-08-25 11:09:32] [INFO]: [BOOTSTRAP] All services ready.
[2025-08-25 11:09:32] [INFO]: [SERVER] [v1.0.0] [DEVELOPMENT]: Server is running on http://localhost:6625/
[2025-08-25 11:13:28] [INFO]: [HINT] client left: heRFldd2fua-iHaWAAAC
[2025-08-25 11:13:50] [INFO]: [HINT] client left: An75QHnbNuyVhqPrAAAF
[2025-08-25 11:17:51] [INFO]: [HINT] client left: _L61EKxy3D7429kMAAAI
[2025-08-25 11:25:13] [INFO]: [BOOTSTRAP] Loading listeners...
[2025-08-25 11:25:13] [INFO]: [DB] Connected to the database successfully
[2025-08-25 11:25:13] [INFO]: [Listeners] Loaded 4 file(s)
[2025-08-25 11:25:13] [INFO]: [BOOTSTRAP] All services ready.
[2025-08-25 11:25:13] [INFO]: [SERVER] [v1.0.0] [DEVELOPMENT]: Server is running on http://localhost:6625/
[2025-08-25 11:25:21] [INFO]: [BOOTSTRAP] Loading listeners...
[2025-08-25 11:25:22] [INFO]: [Listeners] Loaded 4 file(s)
[2025-08-25 11:25:22] [INFO]: [BOOTSTRAP] All services ready.
[2025-08-25 11:25:22] [INFO]: [SERVER] [v1.0.0] [DEVELOPMENT]: Server is running on http://localhost:6625/
[2025-08-25 11:25:23] [INFO]: [BOOTSTRAP] Loading listeners...
[2025-08-25 11:25:23] [INFO]: [DB] Connected to the database successfully
[2025-08-25 11:25:23] [INFO]: [Listeners] Loaded 4 file(s)
[2025-08-25 11:25:23] [INFO]: [BOOTSTRAP] All services ready.
[2025-08-25 11:25:23] [INFO]: [SERVER] [v1.0.0] [DEVELOPMENT]: Server is running on http://localhost:6625/
[2025-08-25 11:30:40] [INFO]: [HINT] client left: 7tPdWjlmBWCVvmNSAAAC
[2025-08-25 11:32:22] [INFO]: [HINT] client left: A0eGebyDGcK6RdaQAAAF
[2025-08-25 11:43:10] [INFO]: [HINT] client left: DeFuTsJyrGBsG8cqAAAI
[2025-08-25 11:43:10] [INFO]: [HINT] client left: 10fj9J0Dbfx4NAVKAAAK
[2025-08-25 12:02:09] [INFO]: [HINT] client left: eVuDk1BpQ7S6vM2dAAAN
[2025-08-25 12:39:44] [INFO]: [HINT] client left: zDSDKWmAOss051zRAAAQ
[2025-08-25 12:39:45] [INFO]: [HINT] client left: b2TEbXrcUC-3aQ-XAAAT
[2025-08-25 12:39:46] [INFO]: [HINT] client left: -AUNooSiyNJnM122AAAW
[2025-08-25 12:39:47] [INFO]: [HINT] client left: SnXfPt300Ky3J_TfAAAZ
[2025-08-25 12:39:49] [INFO]: [HINT] client left: FmXbaaefOxPi8oxMAAAc
[2025-08-25 12:39:57] [INFO]: [HINT] client left: FYHDhfUngy7JYwRPAAAf
[2025-08-25 13:04:56] [INFO]: [HINT] client left: JS43_MIHiNx0IYkqAAAi
[2025-08-25 13:10:36] [INFO]: [HINT] client left: pfYHXI4ADK0Uhj_uAAAl
[2025-08-25 13:15:09] [INFO]: [HINT] client left: erulo1_ACAK9Cm87AAAo
[2025-08-25 13:15:12] [INFO]: [HINT] client left: VF3P9yHjlZzgLp6bAAAs
[2025-08-25 13:21:12] [INFO]: [HINT] client left: q-S_dqZ0WmzqyyhlAAAv
[2025-08-25 13:21:12] [INFO]: [HINT] client left: 7FqyQxACRjsAkzHEAAAx
[2025-08-25 13:22:46] [INFO]: [HINT] client left: cW10Pci-Lq6iWXeJAAA0
[2025-08-25 13:22:58] [INFO]: [HINT] client left: JDKx3kYOSBHroSjaAAA3
[2025-08-25 13:33:06] [INFO]: [HINT] client left: mrcjziQd7dTCwmSuAAA6
[2025-08-25 13:33:06] [INFO]: [HINT] client left: w8yWnyKzXL_FFjhdAAA-
[2025-08-25 13:33:06] [INFO]: [HINT] client left: T0ZbyBZmSEK-jdgGAAA8
[2025-08-25 13:37:02] [INFO]: [HINT] client left: s4LmBRKr1QUvMK7CAABB
[2025-08-25 13:37:02] [INFO]: [HINT] client left: iAg8ToHL4YV2s5z2AABJ
[2025-08-25 13:37:02] [INFO]: [HINT] client left: 1HrdnRWxiN5MlYBFAABH
[2025-08-25 13:37:02] [INFO]: [HINT] client left: OhO89I8lYxJvGJj5AABF
[2025-08-25 13:37:02] [INFO]: [HINT] client left: IsujpAk9aIYRvzyAAABD
[2025-08-25 13:39:45] [INFO]: [HINT] client left: s-6e1KQ23ygmvzXSAABM
[2025-08-25 13:39:45] [INFO]: [HINT] client left: B71idU89FLnf1HQmAABS
[2025-08-25 13:39:45] [INFO]: [HINT] client left: WCjnxGtUn6j0yBlHAABQ
[2025-08-25 13:39:45] [INFO]: [HINT] client left: aZp6ycy3ica1_FaiAABO
[2025-08-25 13:40:12] [INFO]: [HINT] client left: 9OV3ddmjqU0YXPxkAABV
[2025-08-25 13:41:10] [INFO]: [HINT] client left: y2yYbv3GNwZ4IlmAAABY
[2025-08-25 13:41:36] [INFO]: [HINT] client left: VnchOgAVLxAqbYOYAABb
[2025-08-25 13:41:36] [INFO]: [HINT] client left: EwVbVgEf8X0RmjT0AABr
[2025-08-25 13:41:36] [INFO]: [HINT] client left: BWdGkQo3koGFnNFiAABp
[2025-08-25 13:41:36] [INFO]: [HINT] client left: vCJdVIYboNaAm8N2AABn
[2025-08-25 13:41:36] [INFO]: [HINT] client left: F6VD9EmniGOZYoBUAABl
[2025-08-25 13:41:36] [INFO]: [HINT] client left: A-DNE7wMyyD1i1aRAABj
[2025-08-25 13:41:36] [INFO]: [HINT] client left: AXy-cpzRAx452_ypAABh
[2025-08-25 13:41:36] [INFO]: [HINT] client left: srNI3LRcjijSsUYDAABf
[2025-08-25 13:41:36] [INFO]: [HINT] client left: Qtu_caX5DV8ku3KHAABd
[2025-08-25 13:42:11] [INFO]: [HINT] client left: xH7am9hGtm7EEW70AABu
[2025-08-25 13:45:36] [INFO]: [HINT] client left: OhBbHakXr34KkY4vAABx
[2025-08-25 13:45:36] [INFO]: [HINT] client left: ypqF3kN2wNAx0xpBAAB3
[2025-08-25 13:45:36] [INFO]: [HINT] client left: cPQTQM-hPhZjw1oaAAB1
[2025-08-25 13:45:36] [INFO]: [HINT] client left: oHBUd-ZVZ5mGrPMVAABz
[2025-08-25 13:48:07] [INFO]: [HINT] client left: FaE271CRj24GInMdAAB6
[2025-08-25 13:48:07] [INFO]: [HINT] client left: hEXn8LJstl4X7x_uAAB-
[2025-08-25 13:48:07] [INFO]: [HINT] client left: ud6pWmSeo0rPET7nAAB8
[2025-08-25 13:48:07] [INFO]: [HINT] client left: 1lsWjN21h18wog8xAACB
[2025-08-25 13:53:09] [INFO]: [HINT] client left: SxAaXX3VdGqJlX2kAACE
[2025-08-25 13:57:17] [INFO]: [HINT] client left: 1-8-kJcJbYguX5t0AACH
[2025-08-25 13:57:17] [INFO]: [HINT] client left: 6MElhzczI1TXz3bEAACJ
[2025-08-25 14:07:24] [INFO]: [HINT] client left: _cbxCRJBzrySANRlAACM
[2025-08-25 14:07:24] [INFO]: [HINT] client left: JLscIAgiY6JbGJneAACQ
[2025-08-25 14:07:24] [INFO]: [HINT] client left: JqDqto22XfBTCBS2AACO
[2025-08-25 14:08:43] [INFO]: [BOOTSTRAP] Loading listeners...
[2025-08-25 14:08:43] [INFO]: [Listeners] Loaded 4 file(s)
[2025-08-25 14:08:43] [INFO]: [BOOTSTRAP] All services ready.
[2025-08-25 14:08:43] [INFO]: [SERVER] [v1.0.0] [DEVELOPMENT]: Server is running on http://localhost:6625/
[2025-08-25 14:08:43] [INFO]: [DB] Connected to the database successfully
[2025-08-25 14:09:09] [INFO]: [BOOTSTRAP] Loading listeners...
[2025-08-25 14:09:09] [INFO]: [DB] Connected to the database successfully
[2025-08-25 14:09:09] [INFO]: [Listeners] Loaded 4 file(s)
[2025-08-25 14:09:09] [INFO]: [BOOTSTRAP] All services ready.
[2025-08-25 14:09:09] [INFO]: [SERVER] [v1.0.0] [DEVELOPMENT]: Server is running on http://localhost:6625/
[2025-08-25 14:09:10] [INFO]: [BOOTSTRAP] Loading listeners...
[2025-08-25 14:09:10] [INFO]: [DB] Connected to the database successfully
[2025-08-25 14:09:10] [INFO]: [Listeners] Loaded 4 file(s)
[2025-08-25 14:09:10] [INFO]: [BOOTSTRAP] All services ready.
[2025-08-25 14:09:10] [INFO]: [SERVER] [v1.0.0] [DEVELOPMENT]: Server is running on http://localhost:6625/
[2025-08-25 14:41:33] [INFO]: [BOOTSTRAP] Loading listeners...
[2025-08-25 14:41:33] [INFO]: [DB] Connected to the database successfully
[2025-08-25 14:41:33] [INFO]: [Listeners] Loaded 4 file(s)
[2025-08-25 14:41:33] [INFO]: [BOOTSTRAP] All services ready.
[2025-08-25 14:41:33] [INFO]: [SERVER] [v1.0.0] [DEVELOPMENT]: Server is running on http://localhost:6625/
[2025-08-25 14:52:25] [INFO]: [HINT] client left: dIDABYKPo9IUl-8gAAAC
[2025-08-25 14:52:34] [INFO]: [HINT] client left: 6iImezD7vTZLEhoKAAAF
[2025-08-25 14:52:42] [INFO]: [HINT] client left: derZP2GffQyOFBItAAAI
[2025-08-25 14:57:18] [INFO]: [HINT] client left: bdtMxuNmwac-QjnnAAAL
[2025-08-25 14:57:18] [INFO]: [HINT] client left: TVh4Kzf56e95ouLCAAAP
[2025-08-25 14:57:18] [INFO]: [HINT] client left: N1E2EhzFi6bXnYPyAAAN
[2025-08-25 14:59:40] [INFO]: [HINT] client left: IdkcSm-lTVHQGEYKAAAS
[2025-08-25 14:59:43] [INFO]: [HINT] client left: b0EyGnFI85rhuc1tAAAV
[2025-08-25 15:01:34] [INFO]: [HINT] client left: weKdsKhyzS-7taKOAAAY
[2025-08-25 15:01:34] [INFO]: [HINT] client left: eSNBOKHGJSn9XgTeAAAa
[2025-08-25 15:07:00] [INFO]: [HINT] client left: dclAln6_GEbnKmWzAAAd
[2025-08-25 15:07:00] [INFO]: [HINT] client left: 3qJ1m_z6fwZaf3iaAAAv
[2025-08-25 15:07:00] [INFO]: [HINT] client left: F2NowSQek6sQ3NwaAAAt
[2025-08-25 15:07:00] [INFO]: [HINT] client left: 6UDjpaeoQ_hm7lBNAAAr
[2025-08-25 15:07:00] [INFO]: [HINT] client left: edrf1DfQOHYdzVfuAAAp
[2025-08-25 15:07:00] [INFO]: [HINT] client left: k5hnabx7n_BKTEuPAAAn
[2025-08-25 15:07:00] [INFO]: [HINT] client left: H3klnQqbkj_iQ4wLAAAl
[2025-08-25 15:07:00] [INFO]: [HINT] client left: ytROV5vNcPXvjLC8AAAj
[2025-08-25 15:07:00] [INFO]: [HINT] client left: u_Er666E-wNTNwRxAAAh
[2025-08-25 15:07:00] [INFO]: [HINT] client left: Vgtd7Q1wuWlfHoc0AAAf
[2025-08-25 15:07:01] [INFO]: [HINT] client left: C3ae6sYG_8cBpDLDAAAy
[2025-08-25 15:07:40] [INFO]: [HINT] client left: OEJE6-gAEKbxo1i4AAA1
[2025-08-25 15:07:55] [INFO]: [HINT] client left: hnJR3cGqUjB1SehSAAA4
[2025-08-25 15:10:36] [INFO]: [HINT] client left: TKWLd3ZJM--00ILzAAA7
[2025-08-25 15:10:36] [INFO]: [HINT] client left: h9WrLcI7holVXRtlAABH
[2025-08-25 15:10:36] [INFO]: [HINT] client left: IbnznC-V9s9M9Vf3AABF
[2025-08-25 15:10:36] [INFO]: [HINT] client left: bHJs6UOxE2q4n5RtAABD
[2025-08-25 15:10:36] [INFO]: [HINT] client left: mND-Zts0NfBEmxMCAABB
[2025-08-25 15:10:36] [INFO]: [HINT] client left: sWQU9a-akmVnQVYHAAA_
[2025-08-25 15:10:36] [INFO]: [HINT] client left: 0zo-SaSzhZWm_Q5hAAA9
[2025-08-25 15:11:30] [INFO]: [HINT] client left: 8N_qRcnWVbXBJwfgAABK
[2025-08-25 15:11:30] [INFO]: [HINT] client left: 7eWPcS5ITkyV5w2dAABM
[2025-08-25 15:11:33] [INFO]: [HINT] client left: LJXqJlv_mGhfav0FAABP
[2025-08-25 15:12:46] [INFO]: [HINT] client left: 9E54E43wqklBcvipAABS
[2025-08-25 15:12:46] [INFO]: [HINT] client left: t31WDJANNx6uBBsTAABa
[2025-08-25 15:12:46] [INFO]: [HINT] client left: N4Upzg1zhHcpKeFHAABY
[2025-08-25 15:12:46] [INFO]: [HINT] client left: KXmq1WIb9dpEOlkOAABW
[2025-08-25 15:12:46] [INFO]: [HINT] client left: nhtz71MdIrLqit6TAABU
[2025-08-25 15:13:25] [INFO]: [HINT] client left: OAfhEqgl4xh1oUh6AABd
[2025-08-25 15:13:25] [INFO]: [HINT] client left: FUNSp6czun8Z0purAABh
[2025-08-25 15:13:25] [INFO]: [HINT] client left: gGYcdhx-7adsWcayAABf
[2025-08-25 15:14:22] [INFO]: [HINT] client left: aUODQ_j1Qm7WBfkTAABk
[2025-08-25 15:14:22] [INFO]: [HINT] client left: 3UIP9JO3Mbh2wtDIAABu
[2025-08-25 15:14:22] [INFO]: [HINT] client left: D0SAMK9bKZCUX7BBAABs
[2025-08-25 15:14:22] [INFO]: [HINT] client left: ZyD-7G7z5QjQcIn1AABq
[2025-08-25 15:14:22] [INFO]: [HINT] client left: DLogWkzVg2yQDb45AABo
[2025-08-25 15:14:22] [INFO]: [HINT] client left: 9CusKw5bvfSmoLrSAABm
[2025-08-25 15:15:17] [INFO]: [HINT] client left: Rk-U6BZ56otg4tufAABx
[2025-08-25 15:15:17] [INFO]: [HINT] client left: JN8VddQ0OSOrfWDbAAB3
[2025-08-25 15:15:17] [INFO]: [HINT] client left: apiaKYL41mCE_sbVAAB1
[2025-08-25 15:15:17] [INFO]: [HINT] client left: 1CoV9y9PwASRaZAKAABz
[2025-08-25 15:15:25] [INFO]: [HINT] client left: uc0vm8q-vMxe9sxBAAB6
[2025-08-25 15:19:01] [INFO]: [HINT] client left: 6UFpxz9-coqaWDTeAAB9
[2025-08-25 15:19:01] [INFO]: [HINT] client left: 6WBSjMXGymeAs7TjAAB_
[2025-08-25 15:19:01] [INFO]: [HINT] client left: w_iYF66gcyP-4tybAACB
[2025-08-25 15:19:43] [INFO]: [HINT] client left: WW_aMJamI-L78Kg2AACE
[2025-08-25 15:24:41] [INFO]: [HINT] client left: czIihwqUKttq9dRuAACH
[2025-08-25 15:24:41] [INFO]: [HINT] client left: T2-ix0LUTHqJOGSNAACR
[2025-08-25 15:24:41] [INFO]: [HINT] client left: _qpQp8iAzuji142gAACP
[2025-08-25 15:24:41] [INFO]: [HINT] client left: AQ4-TpmrBQOO38PXAACN
[2025-08-25 15:24:41] [INFO]: [HINT] client left: 60wz8aMg5jc6HKHBAACL
[2025-08-25 15:24:41] [INFO]: [HINT] client left: kWBnprb1DSxmULKuAACJ
[2025-08-25 15:31:22] [INFO]: [HINT] client left: -oSB2_GHAPx5jshBAACU
[2025-08-25 15:31:22] [INFO]: [HINT] client left: gkWel6nThGCdiAQhAACi
[2025-08-25 15:31:22] [INFO]: [HINT] client left: jOndut4Gf_d-ton3AACg
[2025-08-25 15:31:22] [INFO]: [HINT] client left: ZerYPjDYE0P9rnIuAACe
[2025-08-25 15:31:22] [INFO]: [HINT] client left: RNOGPPDUjQiynI7uAACc
[2025-08-25 15:31:22] [INFO]: [HINT] client left: HTGqr7OgMio0sSGIAACa
[2025-08-25 15:31:22] [INFO]: [HINT] client left: zGV-goK3Jd7pf6ZfAACY
[2025-08-25 15:31:22] [INFO]: [HINT] client left: wAxZsQuuSMqA03z3AACW
[2025-08-25 15:34:39] [INFO]: [HINT] client left: gWvcHaqFqdkPf-t3AACl
[2025-08-25 15:34:39] [INFO]: [HINT] client left: Tw6TDd0vJ7ebCr-4AACt
[2025-08-25 15:34:39] [INFO]: [HINT] client left: KzwmqU2BypgHl9NYAACr
[2025-08-25 15:34:39] [INFO]: [HINT] client left: ucnhmosYk-50Q1jyAACp
[2025-08-25 15:34:39] [INFO]: [HINT] client left: E2INe0PpaiDyJy_XAACn
[2025-08-25 15:34:39] [INFO]: [HINT] client left: I2SnE-oC7G9oL8tBAACv
[2025-08-25 15:35:56] [INFO]: [HINT] client left: e-bp6_md24_gPonYAACy
[2025-08-25 15:35:56] [INFO]: [HINT] client left: NgUzVtqKiOhIyibdAAC0
[2025-08-25 15:36:26] [INFO]: [HINT] client left: 5cSbnfOsAj818xLxAAC3
[2025-08-25 15:36:27] [INFO]: [HINT] client left: 6GtlQUQcBqM_iKzzAAC6
[2025-08-25 15:37:35] [INFO]: [HINT] client left: bnLE98WoOtRbUb0JAAC9
[2025-08-25 15:37:35] [INFO]: [HINT] client left: aezvTQ9zls2ukVEYAADB
[2025-08-25 15:37:35] [INFO]: [HINT] client left: wMrCXRSuB_FPD44HAAC_
[2025-08-25 15:40:31] [INFO]: [HINT] client left: ue8GLLbdV5rwJkAXAADE
[2025-08-25 15:40:31] [INFO]: [HINT] client left: LZcXPNCVPDVeetEvAADG
[2025-08-25 15:41:21] [INFO]: [HINT] client left: NfUjwZvu4ZHOpRhWAADJ
[2025-08-25 15:42:19] [INFO]: [HINT] client left: dM7eVCmRes8PoKweAADM
[2025-08-25 15:42:19] [INFO]: [HINT] client left: _9IHHpiwpADhXFLAAADO
[2025-08-25 15:43:51] [INFO]: [HINT] client left: 6Tq8Xv39KPewtbTUAADR
[2025-08-25 15:43:51] [INFO]: [HINT] client left: 04Ick4dWUH_ViV4HAADX
[2025-08-25 15:43:51] [INFO]: [HINT] client left: _aDyrP8RmOPT-kwYAADV
[2025-08-25 15:43:51] [INFO]: [HINT] client left: ALoi5S1FXrjcRzFrAADT
[2025-08-25 15:44:50] [INFO]: [HINT] client left: 3gWO9eXMCukVK5WYAADa
[2025-08-25 15:45:31] [INFO]: [HINT] client left: 6XguCIQ7SOhmOu62AADd
[2025-08-25 15:46:19] [INFO]: [HINT] client left: 3tKrhcKN-xUjMUljAADg
[2025-08-25 15:48:38] [INFO]: [HINT] client left: f1Gn4rua8FgnAqqIAADj
[2025-08-25 15:49:01] [INFO]: [HINT] client left: O5zPhuQnKQby9t0qAADm
[2025-08-25 15:50:05] [INFO]: [HINT] client left: Dvnt5a_WlvlWV9FcAADp
[2025-08-25 15:50:16] [INFO]: [HINT] client left: QiwieB0fX_T_ODUXAADs
[2025-08-25 15:51:11] [INFO]: [HINT] client left: tBTLZoIwpTCHj8VqAADv
[2025-08-25 15:51:42] [INFO]: [HINT] client left: C161slV_ABjWqdbsAADy
[2025-08-25 15:52:58] [INFO]: [HINT] client left: ZGyRVOFjLp4riZHgAAD1
[2025-08-25 15:54:04] [INFO]: [HINT] client left: HzeMKu5mz5bRjFqcAAD4
[2025-08-25 15:56:21] [INFO]: [HINT] client left: 3lxtxPbhOcMPiiBbAAD7
[2025-08-25 15:56:38] [INFO]: [HINT] client left: vkbtmo0xTaavojA_AAD-
[2025-08-25 15:58:39] [INFO]: [HINT] client left: oc9i_8qKsXw6PsCDAAEB
[2025-08-25 16:01:04] [INFO]: [HINT] client left: BFmkQ1vgLxHfAtJkAAEE
[2025-08-25 16:01:04] [INFO]: [HINT] client left: trTQOoVINgNbbMrPAAEG
[2025-08-25 16:01:04] [INFO]: [HINT] client left: QP_w9ShuW975BYb-AAEK
[2025-08-25 16:01:04] [INFO]: [HINT] client left: K-9hwzV4ezfEthWYAAEI
[2025-08-25 16:01:37] [INFO]: [HINT] client left: jZk76Ybl5QJepqp2AAEN
[2025-08-25 16:01:37] [INFO]: [HINT] client left: nQ5gEys0-8jZqfgEAAER
[2025-08-25 16:01:37] [INFO]: [HINT] client left: 4uRbhSx2Wi9dbw_aAAEP
[2025-08-25 16:05:35] [INFO]: [HINT] client left: ClEUlR2qSAHAljwWAAEU
[2025-08-25 16:07:09] [INFO]: [HINT] client left: 3K9_Slft96o7I6CyAAEX
[2025-08-25 16:07:09] [INFO]: [HINT] client left: YDO_i9c9vD4ZLodFAAEZ
[2025-08-25 16:12:17] [INFO]: [HINT] client left: qUt2Z3pfvn_KGgx9AAEc
[2025-08-25 16:12:17] [INFO]: [HINT] client left: Wb42JgMGxVmYtPZDAAEi
[2025-08-25 16:12:17] [INFO]: [HINT] client left: UjfRa_9KkBWP8TJWAAEg
[2025-08-25 16:12:17] [INFO]: [HINT] client left: _uNUBzf9hs03CjVnAAEe
[2025-08-25 16:12:17] [INFO]: [HINT] client left: ZuRoCe5tueqRccoIAAEo
[2025-08-25 16:12:17] [INFO]: [HINT] client left: iGcj4D-rX0huYFHlAAEm
[2025-08-25 16:12:17] [INFO]: [HINT] client left: ERHALMU-lZRu7AdfAAEk
[2025-08-25 16:13:11] [INFO]: [HINT] client left: IDAGrh21CNMiYa3sAAEr
[2025-08-25 16:16:49] [INFO]: [HINT] client left: pM3ro9-lhtjqRq9KAAEu
[2025-08-25 16:16:49] [INFO]: [HINT] client left: a3nLC1bObUKuDTggAAEw
[2025-08-25 16:16:49] [INFO]: [HINT] client left: b-ctmEPpy8U-0VeVAAE2
[2025-08-25 16:16:49] [INFO]: [HINT] client left: XCkGPJa5isu5zo8yAAE0
[2025-08-25 16:16:49] [INFO]: [HINT] client left: zMBCCpR0t3zBOMg_AAEy
[2025-08-25 16:18:16] [INFO]: [HINT] client left: hT63y6akOJTS7-UwAAE5
[2025-08-25 16:18:16] [INFO]: [HINT] client left: 23K2T7EfKFYEzbEkAAE9
[2025-08-25 16:18:16] [INFO]: [HINT] client left: 8gfeUambAjw0UWl6AAE7
[2025-08-25 16:26:35] [INFO]: [HINT] client left: IZDPzpOu49t8YDT7AAFA
[2025-08-25 16:27:01] [INFO]: [HINT] client left: RaZrey9dIZT90mBIAAFD
[2025-08-25 16:27:01] [INFO]: [HINT] client left: vcHFyKK5vYlRe5avAAFF
[2025-08-25 16:30:38] [INFO]: [HINT] client left: SLcDZU5lFYKysKElAAFI
[2025-08-25 16:30:38] [INFO]: [HINT] client left: 0eNo6ce8gQ1NkusIAAFO
[2025-08-25 16:30:38] [INFO]: [HINT] client left: nl45snfn7tZ5vYxtAAFM
[2025-08-25 16:30:38] [INFO]: [HINT] client left: 8Co75tlYk8oeeEemAAFK
[2025-08-25 16:30:38] [INFO]: [HINT] client left: nzRb8CML9IJC61MgAAFW
[2025-08-25 16:30:38] [INFO]: [HINT] client left: lojQHkNNvTOll0HEAAFU
[2025-08-25 16:30:38] [INFO]: [HINT] client left: bIoNYiNhywCnoz_lAAFS
[2025-08-25 16:30:38] [INFO]: [HINT] client left: DKJ3ieU3SAtWg3lLAAFQ
[2025-08-25 16:31:35] [INFO]: [HINT] client left: 52BCL0w-gDEgztYEAAFZ
[2025-08-25 16:31:57] [INFO]: [HINT] client left: kA6g-GdHUHpv2dprAAFc
[2025-08-25 16:31:57] [INFO]: [HINT] client left: pJHdfOcf5qvYZjOlAAFe
[2025-08-25 16:33:05] [INFO]: [HINT] client left: pea9PSaVzyDGV25aAAFh
[2025-08-25 16:33:05] [INFO]: [HINT] client left: QFxnVT6NprhFHFv1AAFr
[2025-08-25 16:33:05] [INFO]: [HINT] client left: c6WQApWObHzMKmnbAAFp
[2025-08-25 16:33:05] [INFO]: [HINT] client left: WToRNkb5b8G_BZkLAAFn
[2025-08-25 16:33:05] [INFO]: [HINT] client left: JtPQr-1u_cW1jWpcAAFl
[2025-08-25 16:33:05] [INFO]: [HINT] client left: eoKoRr8AJ-7xk2CGAAFj
[2025-08-25 16:33:05] [INFO]: [HINT] client left: _BxGsn11LsAzGoABAAFt
[2025-08-25 16:33:23] [INFO]: [HINT] client left: 4k82gxyfdKgCIlzcAAFw
[2025-08-25 16:33:23] [INFO]: [HINT] client left: _qo5NavzI2UR-JfqAAFy
[2025-08-25 16:35:03] [INFO]: [HINT] client left: 2-Dawdnph1ry9F2dAAF1
[2025-08-25 16:36:07] [INFO]: [HINT] client left: sHoe_rrLLb51vS7aAAF4
[2025-08-25 16:36:07] [INFO]: [HINT] client left: _MP_qpAo28uXCmXZAAF8
[2025-08-25 16:36:07] [INFO]: [HINT] client left: WxFp8rfUFZyBPbMpAAF6
[2025-08-25 16:37:36] [INFO]: [HINT] client left: 27FD1bz8quVue2W3AAF_
[2025-08-25 16:37:55] [INFO]: [HINT] client left: q9HGtGVSR6rg-4m-AAGC
[2025-08-25 16:37:55] [INFO]: [HINT] client left: Gu8kNPJoqoEBU3ocAAGG
[2025-08-25 16:37:55] [INFO]: [HINT] client left: Uq3lYhaWRyaaXPpHAAGE
[2025-08-25 16:38:53] [INFO]: [HINT] client left: X7iwgYgFvwPNb3xpAAGJ
[2025-08-25 16:38:53] [INFO]: [HINT] client left: JsW9LlpFbwHe1OA2AAGL
[2025-08-25 16:39:22] [INFO]: [HINT] client left: f2sfDsGwcU_1xED1AAGO
[2025-08-25 16:39:29] [INFO]: [HINT] client left: FkGTdRe0z5o-HU1kAAGR
[2025-08-25 16:39:48] [INFO]: [HINT] client left: v0kuewGuphhae_0HAAGU
[2025-08-25 16:39:48] [INFO]: [HINT] client left: LXVK9kqMcfkLnJc0AAGY
[2025-08-25 16:39:48] [INFO]: [HINT] client left: jtcxauIk628-d3hkAAGW
[2025-08-25 16:39:53] [INFO]: [HINT] client left: wPH-yEpAQcnMd3o_AAGb
[2025-08-25 16:39:53] [INFO]: [HINT] client left: jAwCus9xI0Gg5oviAAGd
[2025-08-25 16:42:31] [INFO]: [HINT] client left: B9dNNkdHd_oZMeuYAAGg
