[2025-08-26 08:31:15] [INFO]: [BOOTSTRAP] Loading listeners...
[2025-08-26 08:31:15] [INFO]: [Listeners] Loaded 4 file(s)
[2025-08-26 08:31:15] [INFO]: [BOOTSTRAP] All services ready.
[2025-08-26 08:31:15] [INFO]: [SERVER] [v1.0.0] [DEVELOPMENT]: Server is running on http://localhost:6625/
[2025-08-26 08:31:15] [INFO]: [DB] Connected to the database successfully
[2025-08-26 08:35:40] [INFO]: [HINT] client left: rpIwXHzo0rH6GyZmAAAC
[2025-08-26 08:44:45] [INFO]: [HINT] client left: WBOuNR_54FpQ2BxWAAAF
[2025-08-26 08:44:45] [INFO]: [HINT] client left: HB8tQQkt2S9I_XQkAAAR
[2025-08-26 08:44:45] [INFO]: [HINT] client left: lVuZt3ZKjvBbF439AAAP
[2025-08-26 08:44:45] [INFO]: [HINT] client left: HN84B17hdCUCq5Y_AAAN
[2025-08-26 08:44:45] [INFO]: [HINT] client left: zhqH5sZa16_Mg9PXAAAL
[2025-08-26 08:44:45] [INFO]: [HINT] client left: Q0o9UULNmWFyfWidAAAJ
[2025-08-26 08:44:45] [INFO]: [HINT] client left: z1r55rfKOFi3ZRpOAAAH
[2025-08-26 08:45:00] [INFO]: [HINT] client left: TpelOwDGqPfO5-2oAAAU
[2025-08-26 08:45:01] [INFO]: [HINT] client left: eI368tiWjfxHBi7LAAAX
[2025-08-26 08:49:28] [INFO]: [HINT] client left: IQDNTEorAtwbnMPAAAAa
[2025-08-26 08:49:28] [INFO]: [HINT] client left: jWMxCJvHKb8DE48GAAAc
[2025-08-26 08:52:28] [INFO]: [HINT] client left: YsCEi8bJktgvQtKvAAAg
[2025-08-26 08:55:56] [INFO]: [HINT] client left: 1oAu3VVF_-dtAo4aAAAj
[2025-08-26 08:55:56] [INFO]: [HINT] client left: 5hc_QxRxOWWWA6W_AAAl
[2025-08-26 09:04:23] [INFO]: [BOOTSTRAP] Loading listeners...
[2025-08-26 09:04:23] [INFO]: [DB] Connected to the database successfully
[2025-08-26 09:04:23] [INFO]: [Listeners] Loaded 4 file(s)
[2025-08-26 09:04:23] [INFO]: [BOOTSTRAP] All services ready.
[2025-08-26 09:04:23] [INFO]: [SERVER] [v1.0.0] [DEVELOPMENT]: Server is running on http://localhost:6625/
[2025-08-26 09:04:29] [INFO]: [BOOTSTRAP] Loading listeners...
[2025-08-26 09:04:29] [INFO]: [DB] Connected to the database successfully
[2025-08-26 09:04:29] [INFO]: [Listeners] Loaded 4 file(s)
[2025-08-26 09:04:29] [INFO]: [BOOTSTRAP] All services ready.
[2025-08-26 09:04:29] [INFO]: [SERVER] [v1.0.0] [DEVELOPMENT]: Server is running on http://localhost:6625/
[2025-08-26 09:06:19] [INFO]: [BOOTSTRAP] Loading listeners...
[2025-08-26 09:06:26] [INFO]: [BOOTSTRAP] Loading listeners...
[2025-08-26 09:06:26] [INFO]: [DB] Connected to the database successfully
[2025-08-26 09:06:26] [INFO]: [Listeners] Loaded 4 file(s)
[2025-08-26 09:06:26] [INFO]: [BOOTSTRAP] All services ready.
[2025-08-26 09:06:26] [INFO]: [SERVER] [v1.0.0] [DEVELOPMENT]: Server is running on http://localhost:6625/
[2025-08-26 09:06:29] [INFO]: [BOOTSTRAP] Loading listeners...
[2025-08-26 09:06:29] [INFO]: [DB] Connected to the database successfully
[2025-08-26 09:06:29] [INFO]: [Listeners] Loaded 4 file(s)
[2025-08-26 09:06:29] [INFO]: [BOOTSTRAP] All services ready.
[2025-08-26 09:06:29] [INFO]: [SERVER] [v1.0.0] [DEVELOPMENT]: Server is running on http://localhost:6625/
[2025-08-26 09:06:32] [INFO]: [BOOTSTRAP] Loading listeners...
[2025-08-26 09:06:32] [INFO]: [DB] Connected to the database successfully
[2025-08-26 09:06:32] [INFO]: [Listeners] Loaded 4 file(s)
[2025-08-26 09:06:32] [INFO]: [BOOTSTRAP] All services ready.
[2025-08-26 09:06:32] [INFO]: [SERVER] [v1.0.0] [DEVELOPMENT]: Server is running on http://localhost:6625/
[2025-08-26 09:06:40] [INFO]: [BOOTSTRAP] Loading listeners...
[2025-08-26 09:06:40] [INFO]: [DB] Connected to the database successfully
[2025-08-26 09:06:40] [INFO]: [Listeners] Loaded 4 file(s)
[2025-08-26 09:06:40] [INFO]: [BOOTSTRAP] All services ready.
[2025-08-26 09:06:40] [INFO]: [SERVER] [v1.0.0] [DEVELOPMENT]: Server is running on http://localhost:6625/
[2025-08-26 09:06:46] [INFO]: [BOOTSTRAP] Loading listeners...
[2025-08-26 09:06:46] [INFO]: [Listeners] Loaded 4 file(s)
[2025-08-26 09:06:46] [INFO]: [BOOTSTRAP] All services ready.
[2025-08-26 09:06:46] [INFO]: [SERVER] [v1.0.0] [DEVELOPMENT]: Server is running on http://localhost:6625/
[2025-08-26 09:06:46] [INFO]: [DB] Connected to the database successfully
[2025-08-26 09:06:54] [INFO]: [BOOTSTRAP] Loading listeners...
[2025-08-26 09:06:54] [INFO]: [DB] Connected to the database successfully
[2025-08-26 09:06:54] [INFO]: [Listeners] Loaded 4 file(s)
[2025-08-26 09:06:54] [INFO]: [BOOTSTRAP] All services ready.
[2025-08-26 09:06:54] [INFO]: [SERVER] [v1.0.0] [DEVELOPMENT]: Server is running on http://localhost:6625/
[2025-08-26 09:06:58] [INFO]: [BOOTSTRAP] Loading listeners...
[2025-08-26 09:06:58] [INFO]: [DB] Connected to the database successfully
[2025-08-26 09:06:58] [INFO]: [Listeners] Loaded 4 file(s)
[2025-08-26 09:06:58] [INFO]: [BOOTSTRAP] All services ready.
[2025-08-26 09:06:58] [INFO]: [SERVER] [v1.0.0] [DEVELOPMENT]: Server is running on http://localhost:6625/
[2025-08-26 09:07:05] [INFO]: [BOOTSTRAP] Loading listeners...
[2025-08-26 09:07:05] [INFO]: [DB] Connected to the database successfully
[2025-08-26 09:07:05] [INFO]: [Listeners] Loaded 4 file(s)
[2025-08-26 09:07:05] [INFO]: [BOOTSTRAP] All services ready.
[2025-08-26 09:07:05] [INFO]: [SERVER] [v1.0.0] [DEVELOPMENT]: Server is running on http://localhost:6625/
[2025-08-26 09:07:07] [INFO]: [BOOTSTRAP] Loading listeners...
[2025-08-26 09:07:08] [INFO]: [DB] Connected to the database successfully
[2025-08-26 09:07:08] [INFO]: [Listeners] Loaded 4 file(s)
[2025-08-26 09:07:08] [INFO]: [BOOTSTRAP] All services ready.
[2025-08-26 09:07:08] [INFO]: [SERVER] [v1.0.0] [DEVELOPMENT]: Server is running on http://localhost:6625/
[2025-08-26 09:07:10] [INFO]: [BOOTSTRAP] Loading listeners...
[2025-08-26 09:07:10] [INFO]: [DB] Connected to the database successfully
[2025-08-26 09:07:10] [INFO]: [Listeners] Loaded 4 file(s)
[2025-08-26 09:07:10] [INFO]: [BOOTSTRAP] All services ready.
[2025-08-26 09:07:10] [INFO]: [SERVER] [v1.0.0] [DEVELOPMENT]: Server is running on http://localhost:6625/
[2025-08-26 09:07:13] [INFO]: [BOOTSTRAP] Loading listeners...
[2025-08-26 09:07:13] [INFO]: [DB] Connected to the database successfully
[2025-08-26 09:07:13] [INFO]: [Listeners] Loaded 4 file(s)
[2025-08-26 09:07:13] [INFO]: [BOOTSTRAP] All services ready.
[2025-08-26 09:07:13] [INFO]: [SERVER] [v1.0.0] [DEVELOPMENT]: Server is running on http://localhost:6625/
[2025-08-26 09:07:19] [INFO]: [BOOTSTRAP] Loading listeners...
[2025-08-26 09:07:19] [INFO]: [DB] Connected to the database successfully
[2025-08-26 09:07:19] [INFO]: [Listeners] Loaded 4 file(s)
[2025-08-26 09:07:19] [INFO]: [BOOTSTRAP] All services ready.
[2025-08-26 09:07:19] [INFO]: [SERVER] [v1.0.0] [DEVELOPMENT]: Server is running on http://localhost:6625/
[2025-08-26 09:07:28] [INFO]: [BOOTSTRAP] Loading listeners...
[2025-08-26 09:07:29] [INFO]: [Listeners] Loaded 4 file(s)
[2025-08-26 09:07:29] [INFO]: [BOOTSTRAP] All services ready.
[2025-08-26 09:07:29] [INFO]: [SERVER] [v1.0.0] [DEVELOPMENT]: Server is running on http://localhost:6625/
[2025-08-26 09:07:29] [INFO]: [DB] Connected to the database successfully
[2025-08-26 09:07:30] [INFO]: [BOOTSTRAP] Loading listeners...
[2025-08-26 09:07:40] [INFO]: [BOOTSTRAP] Loading listeners...
[2025-08-26 09:07:43] [INFO]: [BOOTSTRAP] Loading listeners...
[2025-08-26 09:07:43] [INFO]: [DB] Connected to the database successfully
[2025-08-26 09:07:43] [INFO]: [Listeners] Loaded 4 file(s)
[2025-08-26 09:07:43] [INFO]: [BOOTSTRAP] All services ready.
[2025-08-26 09:07:43] [INFO]: [SERVER] [v1.0.0] [DEVELOPMENT]: Server is running on http://localhost:6625/
[2025-08-26 09:08:00] [INFO]: [BOOTSTRAP] Loading listeners...
[2025-08-26 09:08:00] [INFO]: [DB] Connected to the database successfully
[2025-08-26 09:08:00] [INFO]: [Listeners] Loaded 4 file(s)
[2025-08-26 09:08:00] [INFO]: [BOOTSTRAP] All services ready.
[2025-08-26 09:08:00] [INFO]: [SERVER] [v1.0.0] [DEVELOPMENT]: Server is running on http://localhost:6625/
[2025-08-26 09:08:05] [INFO]: [BOOTSTRAP] Loading listeners...
[2025-08-26 09:08:05] [INFO]: [DB] Connected to the database successfully
[2025-08-26 09:08:05] [INFO]: [Listeners] Loaded 4 file(s)
[2025-08-26 09:08:05] [INFO]: [BOOTSTRAP] All services ready.
[2025-08-26 09:08:05] [INFO]: [SERVER] [v1.0.0] [DEVELOPMENT]: Server is running on http://localhost:6625/
[2025-08-26 09:08:06] [INFO]: [BOOTSTRAP] Loading listeners...
[2025-08-26 09:08:06] [INFO]: [DB] Connected to the database successfully
[2025-08-26 09:08:07] [INFO]: [Listeners] Loaded 4 file(s)
[2025-08-26 09:08:07] [INFO]: [BOOTSTRAP] All services ready.
[2025-08-26 09:08:07] [INFO]: [SERVER] [v1.0.0] [DEVELOPMENT]: Server is running on http://localhost:6625/
[2025-08-26 09:08:09] [INFO]: [BOOTSTRAP] Loading listeners...
[2025-08-26 09:08:09] [INFO]: [Listeners] Loaded 4 file(s)
[2025-08-26 09:08:09] [INFO]: [BOOTSTRAP] All services ready.
[2025-08-26 09:08:09] [INFO]: [SERVER] [v1.0.0] [DEVELOPMENT]: Server is running on http://localhost:6625/
[2025-08-26 09:08:09] [INFO]: [DB] Connected to the database successfully
[2025-08-26 09:08:14] [INFO]: [BOOTSTRAP] Loading listeners...
[2025-08-26 09:08:14] [INFO]: [DB] Connected to the database successfully
[2025-08-26 09:08:15] [INFO]: [Listeners] Loaded 4 file(s)
[2025-08-26 09:08:15] [INFO]: [BOOTSTRAP] All services ready.
[2025-08-26 09:08:15] [INFO]: [SERVER] [v1.0.0] [DEVELOPMENT]: Server is running on http://localhost:6625/
[2025-08-26 09:08:17] [INFO]: [BOOTSTRAP] Loading listeners...
[2025-08-26 09:08:17] [INFO]: [DB] Connected to the database successfully
[2025-08-26 09:08:17] [INFO]: [Listeners] Loaded 4 file(s)
[2025-08-26 09:08:17] [INFO]: [BOOTSTRAP] All services ready.
[2025-08-26 09:08:17] [INFO]: [SERVER] [v1.0.0] [DEVELOPMENT]: Server is running on http://localhost:6625/
[2025-08-26 09:08:22] [INFO]: [BOOTSTRAP] Loading listeners...
[2025-08-26 09:08:24] [INFO]: [BOOTSTRAP] Loading listeners...
[2025-08-26 09:08:28] [INFO]: [BOOTSTRAP] Loading listeners...
[2025-08-26 09:08:29] [INFO]: [DB] Connected to the database successfully
[2025-08-26 09:08:29] [INFO]: [Listeners] Loaded 4 file(s)
[2025-08-26 09:08:29] [INFO]: [BOOTSTRAP] All services ready.
[2025-08-26 09:08:29] [INFO]: [SERVER] [v1.0.0] [DEVELOPMENT]: Server is running on http://localhost:6625/
[2025-08-26 09:08:30] [INFO]: [BOOTSTRAP] Loading listeners...
[2025-08-26 09:08:30] [INFO]: [DB] Connected to the database successfully
[2025-08-26 09:08:30] [INFO]: [Listeners] Loaded 4 file(s)
[2025-08-26 09:08:30] [INFO]: [BOOTSTRAP] All services ready.
[2025-08-26 09:08:30] [INFO]: [SERVER] [v1.0.0] [DEVELOPMENT]: Server is running on http://localhost:6625/
[2025-08-26 09:08:36] [INFO]: [BOOTSTRAP] Loading listeners...
[2025-08-26 09:08:36] [INFO]: [DB] Connected to the database successfully
[2025-08-26 09:08:36] [INFO]: [Listeners] Loaded 4 file(s)
[2025-08-26 09:08:36] [INFO]: [BOOTSTRAP] All services ready.
[2025-08-26 09:08:36] [INFO]: [SERVER] [v1.0.0] [DEVELOPMENT]: Server is running on http://localhost:6625/
[2025-08-26 09:08:38] [INFO]: [BOOTSTRAP] Loading listeners...
[2025-08-26 09:08:38] [INFO]: [DB] Connected to the database successfully
[2025-08-26 09:08:38] [INFO]: [Listeners] Loaded 4 file(s)
[2025-08-26 09:08:38] [INFO]: [BOOTSTRAP] All services ready.
[2025-08-26 09:08:38] [INFO]: [SERVER] [v1.0.0] [DEVELOPMENT]: Server is running on http://localhost:6625/
[2025-08-26 09:08:46] [INFO]: [BOOTSTRAP] Loading listeners...
[2025-08-26 09:08:46] [INFO]: [DB] Connected to the database successfully
[2025-08-26 09:08:46] [INFO]: [Listeners] Loaded 4 file(s)
[2025-08-26 09:08:46] [INFO]: [BOOTSTRAP] All services ready.
[2025-08-26 09:08:46] [INFO]: [SERVER] [v1.0.0] [DEVELOPMENT]: Server is running on http://localhost:6625/
[2025-08-26 09:08:51] [INFO]: [BOOTSTRAP] Loading listeners...
[2025-08-26 09:08:51] [INFO]: [DB] Connected to the database successfully
[2025-08-26 09:08:51] [INFO]: [Listeners] Loaded 4 file(s)
[2025-08-26 09:08:51] [INFO]: [BOOTSTRAP] All services ready.
[2025-08-26 09:08:51] [INFO]: [SERVER] [v1.0.0] [DEVELOPMENT]: Server is running on http://localhost:6625/
[2025-08-26 09:08:53] [INFO]: [BOOTSTRAP] Loading listeners...
[2025-08-26 09:08:53] [INFO]: [DB] Connected to the database successfully
[2025-08-26 09:08:53] [INFO]: [Listeners] Loaded 4 file(s)
[2025-08-26 09:08:53] [INFO]: [BOOTSTRAP] All services ready.
[2025-08-26 09:08:53] [INFO]: [SERVER] [v1.0.0] [DEVELOPMENT]: Server is running on http://localhost:6625/
[2025-08-26 09:08:54] [INFO]: [BOOTSTRAP] Loading listeners...
[2025-08-26 09:08:54] [INFO]: [Listeners] Loaded 4 file(s)
[2025-08-26 09:08:54] [INFO]: [BOOTSTRAP] All services ready.
[2025-08-26 09:08:54] [INFO]: [SERVER] [v1.0.0] [DEVELOPMENT]: Server is running on http://localhost:6625/
[2025-08-26 09:08:54] [INFO]: [DB] Connected to the database successfully
[2025-08-26 09:10:21] [INFO]: [BOOTSTRAP] Loading listeners...
[2025-08-26 09:10:21] [INFO]: [DB] Connected to the database successfully
[2025-08-26 09:10:21] [INFO]: [Listeners] Loaded 4 file(s)
[2025-08-26 09:10:21] [INFO]: [BOOTSTRAP] All services ready.
[2025-08-26 09:10:21] [INFO]: [SERVER] [v1.0.0] [DEVELOPMENT]: Server is running on http://localhost:6625/
[2025-08-26 09:19:17] [INFO]: [HINT] client left: 1W0OW4WVgefRSIVlAAAN
[2025-08-26 09:19:17] [INFO]: [HINT] client left: VB_ykxXOCxmRG53pAABG
[2025-08-26 09:19:17] [INFO]: [HINT] client left: Pqvx0f26mHfIN9jPAABE
[2025-08-26 09:19:17] [INFO]: [HINT] client left: g0rdfr-bu1yi-jBLAABC
[2025-08-26 09:19:17] [INFO]: [HINT] client left: gzJ6ZaBAcpGZYUoZAABA
[2025-08-26 09:19:17] [INFO]: [HINT] client left: 3mocmhg6D7ivhCjAAAA-
[2025-08-26 09:19:17] [INFO]: [HINT] client left: _Y22xXmaK2Iv2S2mAAA8
[2025-08-26 09:19:17] [INFO]: [HINT] client left: ROnK8byOSq1EewAMAAA6
[2025-08-26 09:19:17] [INFO]: [HINT] client left: jDN6-l6XGOds7giPAAA4
[2025-08-26 09:19:17] [INFO]: [HINT] client left: NxOPeeAfHtkuzHoBAAA2
[2025-08-26 09:19:17] [INFO]: [HINT] client left: hc4S_O3yKeIVcKIYAAA0
[2025-08-26 09:19:17] [INFO]: [HINT] client left: y8SofEjblr9UpX0vAAAy
[2025-08-26 09:19:17] [INFO]: [HINT] client left: CQnmkSxXzRo5k2y3AAAw
[2025-08-26 09:19:17] [INFO]: [HINT] client left: r0FY27gnhemoZBv6AAAu
[2025-08-26 09:19:17] [INFO]: [HINT] client left: _rb1ozF0K6on__NwAAAs
[2025-08-26 09:19:17] [INFO]: [HINT] client left: XQ_jsh7tncscE01VAAAq
[2025-08-26 09:19:17] [INFO]: [HINT] client left: TJMtiGOc4jp37mktAAAo
[2025-08-26 09:19:17] [INFO]: [HINT] client left: zaYAK4MHQVAPDlRhAAAm
[2025-08-26 09:19:17] [INFO]: [HINT] client left: 766EybGyThZXefEUAAAk
[2025-08-26 09:19:17] [INFO]: [HINT] client left: LF6Lp1vBMrPF9kndAAAi
[2025-08-26 09:19:17] [INFO]: [HINT] client left: S6cvFhsQfpnw6aj2AAAg
[2025-08-26 09:19:17] [INFO]: [HINT] client left: 3UInXfJzuIN-fsDdAAAe
[2025-08-26 09:19:17] [INFO]: [HINT] client left: BR1tiPdnKYyJ3tNmAAAc
[2025-08-26 09:19:17] [INFO]: [HINT] client left: D5iVVwLx0Bfl-_2MAAAa
[2025-08-26 09:19:17] [INFO]: [HINT] client left: InQoTMq12CudknXKAAAY
[2025-08-26 09:19:17] [INFO]: [HINT] client left: UQTNowB7JIK4aiyAAAAW
[2025-08-26 09:19:17] [INFO]: [HINT] client left: qu3ZOv3OVkaU5QwyAAAU
[2025-08-26 09:19:17] [INFO]: [HINT] client left: WyWQmSsgb7rzTDINAAAS
[2025-08-26 09:19:17] [INFO]: [HINT] client left: FuhR7CCRKrij9ZPlAAAR
[2025-08-26 09:19:17] [INFO]: [HINT] client left: v8aRdSlwhNg2i5GvAAAQ
[2025-08-26 09:19:17] [INFO]: [HINT] client left: U_mJZz7O3j3wk_K5AAAP
[2025-08-26 09:19:17] [INFO]: [HINT] client left: oA0Vy0yAlP-mq4bvAAAO
[2025-08-26 09:19:17] [INFO]: [HINT] client left: 5fuF8clcNqH8kdzGAAAM
[2025-08-26 09:19:17] [INFO]: [HINT] client left: 6c1LCOHnCTUze-BaAAAL
[2025-08-26 09:19:17] [INFO]: [HINT] client left: _dBPaPJy-mvl2aP2AAAK
[2025-08-26 09:19:17] [INFO]: [HINT] client left: HNaWrkc-x2mb5Hl1AABU
[2025-08-26 09:19:17] [INFO]: [HINT] client left: U_Mds1Y7aFzd1tJ-AABS
[2025-08-26 09:19:17] [INFO]: [HINT] client left: wxr1wpXHGHH3iXCAAABQ
[2025-08-26 09:19:17] [INFO]: [HINT] client left: XRA1dNfG0kFeG7M-AABO
[2025-08-26 09:19:17] [INFO]: [HINT] client left: f1_JFGFCOIukSUGKAABM
[2025-08-26 09:19:17] [INFO]: [HINT] client left: eIVl-up6mP0H5PhkAABK
[2025-08-26 09:19:17] [INFO]: [HINT] client left: FC2D2uR8vz0--L4ZAABI
[2025-08-26 09:21:17] [INFO]: [HINT] client left: kr1su1z7FlHUNZX5AABX
[2025-08-26 09:40:53] [INFO]: [HINT] client left: FWu_2r4Jv6Cu8OR9AABa
[2025-08-26 09:40:53] [INFO]: [HINT] client left: WL6Mg5HVXw2Yac3eAABg
[2025-08-26 09:40:53] [INFO]: [HINT] client left: uiuDdINrnFDcwrTrAABe
[2025-08-26 09:40:53] [INFO]: [HINT] client left: yrZPM2huRATdYeoeAABc
[2025-08-26 09:45:34] [INFO]: [HINT] client left: MDQzOfWOJK2MIpczAABj
[2025-08-26 09:54:08] [INFO]: [HINT] client left: lek77ostB6-NYGHhAABm
[2025-08-26 09:54:08] [INFO]: [HINT] client left: AUYL7dlT1DAiKeN1AABq
[2025-08-26 09:54:08] [INFO]: [HINT] client left: 2l15tsFUh_mGL9tOAABo
[2025-08-26 09:58:14] [INFO]: [HINT] client left: aW-gdPT-opGh79qFAABt
[2025-08-26 09:58:25] [INFO]: [HINT] client left: sg_sm83FBaqMuYqtAABw
[2025-08-26 10:01:52] [INFO]: [HINT] client left: HxX_r3DWltpGyiS1AABz
[2025-08-26 10:01:52] [INFO]: [HINT] client left: GYa-yyinl-I7VDe9AAB_
[2025-08-26 10:01:52] [INFO]: [HINT] client left: 9SCPZn4CxByF5f2iAAB9
[2025-08-26 10:01:52] [INFO]: [HINT] client left: 6vB6clCSFTPmwBPDAAB7
[2025-08-26 10:01:52] [INFO]: [HINT] client left: iX-WOtRSHN368bVYAAB5
[2025-08-26 10:01:52] [INFO]: [HINT] client left: 2F9a_ga3Cbg39JSpAAB3
[2025-08-26 10:01:52] [INFO]: [HINT] client left: TeTzdwGIH29t-kP_AAB1
[2025-08-26 10:02:26] [INFO]: [HINT] client left: C6rmkJjZu_W6f3ZRAACC
[2025-08-26 10:03:26] [INFO]: [HINT] client left: UvEt7UkxyE2i23P_AACF
[2025-08-26 10:03:26] [INFO]: [HINT] client left: xE4nkqQuiobAmuV3AACH
[2025-08-26 10:04:24] [INFO]: [HINT] client left: sS_mvCCFwXjqlByVAACK
[2025-08-26 10:04:24] [INFO]: [HINT] client left: gxwts0fZnGO_pVMDAACM
[2025-08-26 10:04:49] [INFO]: [HINT] client left: n72oYSErmI6e8qsZAACP
[2025-08-26 10:04:49] [INFO]: [HINT] client left: XFzVJqSoDMbJxBvIAACR
[2025-08-26 10:04:50] [INFO]: [HINT] client left: hVPCMpsrl-RqsHWfAACU
[2025-08-26 10:14:04] [INFO]: [BOOTSTRAP] Loading listeners...
[2025-08-26 10:14:04] [INFO]: [DB] Connected to the database successfully
[2025-08-26 10:14:04] [INFO]: [Listeners] Loaded 4 file(s)
[2025-08-26 10:14:04] [INFO]: [BOOTSTRAP] All services ready.
[2025-08-26 10:14:04] [INFO]: [SERVER] [v1.0.0] [DEVELOPMENT]: Server is running on http://localhost:6625/
[2025-08-26 10:14:55] [INFO]: [HINT] client left: RLJj7UMI6eN9CZ9mAAAI
[2025-08-26 10:14:55] [INFO]: [HINT] client left: DXwXhZ3IlOXc5QwwAAAW
[2025-08-26 10:14:55] [INFO]: [HINT] client left: qFiXTTuICGJ_yJo8AAAU
[2025-08-26 10:14:55] [INFO]: [HINT] client left: -feyBC71MD3dlLwvAAAS
[2025-08-26 10:14:55] [INFO]: [HINT] client left: XwC63uqhAz_sXOfTAAAQ
[2025-08-26 10:14:55] [INFO]: [HINT] client left: Gg_lyMlB1i15ui6wAAAO
[2025-08-26 10:14:55] [INFO]: [HINT] client left: qzhkhcyDWggifwv3AAAN
[2025-08-26 10:14:55] [INFO]: [HINT] client left: eroQNf-oG4i7rD0FAAAM
[2025-08-26 10:14:55] [INFO]: [HINT] client left: ipg9Zz-0X9S1Y2uZAAAL
[2025-08-26 10:14:55] [INFO]: [HINT] client left: Ju6lQbpUCZCCPBfuAAAK
[2025-08-26 10:14:55] [INFO]: [HINT] client left: F0fdOWiQLEdDVJaFAAAJ
[2025-08-26 10:15:42] [INFO]: [HINT] client left: iN_gSiDufbdmPCcPAAAZ
[2025-08-26 10:15:42] [INFO]: [HINT] client left: coNOUUtoe9RrM6BgAAAd
[2025-08-26 10:15:42] [INFO]: [HINT] client left: tMJ-GjkSwnzWYygOAAAb
[2025-08-26 10:16:13] [INFO]: [HINT] client left: kMV77Cl-CEewhok9AAAg
[2025-08-26 10:16:13] [INFO]: [HINT] client left: tRrYeq5P0E0NOqryAAAo
[2025-08-26 10:16:13] [INFO]: [HINT] client left: zABuNM13PNsUTjIAAAAm
[2025-08-26 10:16:13] [INFO]: [HINT] client left: VrfVde_OedgECSsFAAAk
[2025-08-26 10:16:13] [INFO]: [HINT] client left: iAzVDdJYr3PccqHAAAAi
[2025-08-26 10:16:13] [INFO]: [HINT] client left: K5azF3n0-0T6YHpAAAAq
[2025-08-26 10:16:14] [INFO]: [HINT] client left: qOI-2GX3GVBJOrQOAAAt
[2025-08-26 10:16:40] [INFO]: [HINT] client left: G-6J0ud_UgEv9nIUAAAw
[2025-08-26 10:16:40] [INFO]: [HINT] client left: aO3yy1Uv3ZttW1mvAAA2
[2025-08-26 10:16:40] [INFO]: [HINT] client left: 22fWTjjds7zo_jfCAAA0
[2025-08-26 10:16:40] [INFO]: [HINT] client left: DzNBSkZcZv5tXkx-AAAy
[2025-08-26 10:16:42] [INFO]: [HINT] client left: V9nIpY52KYNn0YvDAAA5
[2025-08-26 10:31:46] [INFO]: [HINT] client left: 4V3qdd_YkSFjX62tAAA8
[2025-08-26 10:31:46] [INFO]: [HINT] client left: gDCsgaAoxOZaNPTGAABE
[2025-08-26 10:31:46] [INFO]: [HINT] client left: F8HkkROtGeJb7wTiAABC
[2025-08-26 10:31:46] [INFO]: [HINT] client left: uwFgCqJKRiZ0btVtAABA
[2025-08-26 10:31:46] [INFO]: [HINT] client left: vQ3cDOww_qCXtWjJAAA-
[2025-08-26 10:34:48] [INFO]: [HINT] client left: M-_EY1S8pFl0JHyiAABH
[2025-08-26 10:34:48] [INFO]: [HINT] client left: WbBq9blnUBPXBmVfAABL
[2025-08-26 10:34:48] [INFO]: [HINT] client left: cGEwtUhFHxnwVZIFAABJ
[2025-08-26 10:36:41] [INFO]: [HINT] client left: HCaTTycgeHzVfKIwAABO
[2025-08-26 10:36:41] [INFO]: [HINT] client left: 6kLLG30NGTDpod39AABU
[2025-08-26 10:36:41] [INFO]: [HINT] client left: SrdjnKjancgPPgsAAABS
[2025-08-26 10:36:41] [INFO]: [HINT] client left: 0wxgR7pvqrMRJOUvAABQ
[2025-08-26 10:54:28] [INFO]: [HINT] client left: jb2_gR7Z6rN37HS5AABX
[2025-08-26 10:54:28] [INFO]: [HINT] client left: _4MNZKIE4nAys3flAABh
[2025-08-26 10:54:28] [INFO]: [HINT] client left: QeAfk7VFEYjRypCIAABf
[2025-08-26 10:54:28] [INFO]: [HINT] client left: m2-G_NRkq0dmvlBuAABd
[2025-08-26 10:54:28] [INFO]: [HINT] client left: 0ML4tAQquCcq0fTmAABb
[2025-08-26 10:54:28] [INFO]: [HINT] client left: qladoGBV8SmzVRbfAABZ
[2025-08-26 10:54:28] [INFO]: [HINT] client left: L6egF4UeKaJjXP9GAABz
[2025-08-26 10:54:28] [INFO]: [HINT] client left: HEdVXg8eZp-rDwKcAABx
[2025-08-26 10:54:28] [INFO]: [HINT] client left: ibYPk0DXgJFCl0UcAABv
[2025-08-26 10:54:28] [INFO]: [HINT] client left: vaJsIMYqVjm7XZR9AABt
[2025-08-26 10:54:28] [INFO]: [HINT] client left: rRx575R7kSTTkE33AABr
[2025-08-26 10:54:28] [INFO]: [HINT] client left: jCtqFoA_jXZwsGUeAABp
[2025-08-26 10:54:28] [INFO]: [HINT] client left: w6Zs3ms71Hq4DjI1AABn
[2025-08-26 10:54:28] [INFO]: [HINT] client left: cPJKZheO7qHrNuByAABl
[2025-08-26 10:54:28] [INFO]: [HINT] client left: e3gIoQu6JcDzBBEiAABj
[2025-08-26 10:54:30] [INFO]: [HINT] client left: mTXr_RXws1run24ZAAB2
[2025-08-26 10:54:30] [INFO]: [HINT] client left: Qj_rjtlc9h5HLxqCAAB5
[2025-08-26 10:55:29] [INFO]: [BOOTSTRAP] Loading listeners...
[2025-08-26 10:55:29] [INFO]: [DB] Connected to the database successfully
[2025-08-26 10:55:29] [INFO]: [Listeners] Loaded 4 file(s)
[2025-08-26 10:55:29] [INFO]: [BOOTSTRAP] All services ready.
[2025-08-26 10:55:29] [INFO]: [SERVER] [v1.0.0] [DEVELOPMENT]: Server is running on http://localhost:6625/
[2025-08-26 10:57:14] [INFO]: [BOOTSTRAP] Loading listeners...
[2025-08-26 10:57:14] [INFO]: [DB] Connected to the database successfully
[2025-08-26 10:57:14] [INFO]: [Listeners] Loaded 4 file(s)
[2025-08-26 10:57:14] [INFO]: [BOOTSTRAP] All services ready.
[2025-08-26 10:57:14] [INFO]: [SERVER] [v1.0.0] [DEVELOPMENT]: Server is running on http://localhost:6625/
[2025-08-26 11:01:17] [INFO]: [HINT] client left: GcFvS9Ogk3oSrFB4AAAC
[2025-08-26 11:01:17] [INFO]: [HINT] client left: cHAzchHrLTzp1pm7AAAE
[2025-08-26 11:02:53] [INFO]: [HINT] client left: Qgj_CcBbk5EFRKe-AAAH
[2025-08-26 11:02:53] [INFO]: [HINT] client left: N6xe8l01C_tx0CrBAAAJ
[2025-08-26 11:03:51] [INFO]: [BOOTSTRAP] Loading listeners...
[2025-08-26 11:03:51] [INFO]: [DB] Connected to the database successfully
[2025-08-26 11:03:51] [INFO]: [Listeners] Loaded 4 file(s)
[2025-08-26 11:03:51] [INFO]: [BOOTSTRAP] All services ready.
[2025-08-26 11:03:51] [INFO]: [SERVER] [v1.0.0] [DEVELOPMENT]: Server is running on http://localhost:6625/
[2025-08-26 11:07:38] [INFO]: [BOOTSTRAP] Loading listeners...
[2025-08-26 11:07:38] [INFO]: [DB] Connected to the database successfully
[2025-08-26 11:07:38] [INFO]: [Listeners] Loaded 4 file(s)
[2025-08-26 11:07:38] [INFO]: [BOOTSTRAP] All services ready.
[2025-08-26 11:07:38] [INFO]: [SERVER] [v1.0.0] [DEVELOPMENT]: Server is running on http://localhost:6625/
[2025-08-26 11:08:40] [INFO]: [BOOTSTRAP] Loading listeners...
[2025-08-26 11:08:40] [INFO]: [DB] Connected to the database successfully
[2025-08-26 11:08:40] [INFO]: [Listeners] Loaded 4 file(s)
[2025-08-26 11:08:40] [INFO]: [BOOTSTRAP] All services ready.
[2025-08-26 11:08:40] [INFO]: [SERVER] [v1.0.0] [DEVELOPMENT]: Server is running on http://localhost:6625/
[2025-08-26 11:08:41] [INFO]: [BOOTSTRAP] Loading listeners...
[2025-08-26 11:08:41] [INFO]: [DB] Connected to the database successfully
[2025-08-26 11:08:41] [INFO]: [Listeners] Loaded 4 file(s)
[2025-08-26 11:08:41] [INFO]: [BOOTSTRAP] All services ready.
[2025-08-26 11:08:41] [INFO]: [SERVER] [v1.0.0] [DEVELOPMENT]: Server is running on http://localhost:6625/
[2025-08-26 11:08:45] [INFO]: [BOOTSTRAP] Loading listeners...
[2025-08-26 11:08:45] [INFO]: [DB] Connected to the database successfully
[2025-08-26 11:08:45] [INFO]: [Listeners] Loaded 4 file(s)
[2025-08-26 11:08:45] [INFO]: [BOOTSTRAP] All services ready.
[2025-08-26 11:08:45] [INFO]: [SERVER] [v1.0.0] [DEVELOPMENT]: Server is running on http://localhost:6625/
[2025-08-26 11:08:48] [INFO]: [BOOTSTRAP] Loading listeners...
[2025-08-26 11:08:48] [INFO]: [DB] Connected to the database successfully
[2025-08-26 11:08:48] [INFO]: [Listeners] Loaded 4 file(s)
[2025-08-26 11:08:48] [INFO]: [BOOTSTRAP] All services ready.
[2025-08-26 11:08:48] [INFO]: [SERVER] [v1.0.0] [DEVELOPMENT]: Server is running on http://localhost:6625/
[2025-08-26 11:09:26] [INFO]: [BOOTSTRAP] Loading listeners...
[2025-08-26 11:09:26] [INFO]: [DB] Connected to the database successfully
[2025-08-26 11:09:26] [INFO]: [Listeners] Loaded 4 file(s)
[2025-08-26 11:09:26] [INFO]: [BOOTSTRAP] All services ready.
[2025-08-26 11:09:26] [INFO]: [SERVER] [v1.0.0] [DEVELOPMENT]: Server is running on http://localhost:6625/
[2025-08-26 11:09:35] [INFO]: [BOOTSTRAP] Loading listeners...
[2025-08-26 11:09:35] [INFO]: [Listeners] Loaded 4 file(s)
[2025-08-26 11:09:35] [INFO]: [BOOTSTRAP] All services ready.
[2025-08-26 11:09:35] [INFO]: [SERVER] [v1.0.0] [DEVELOPMENT]: Server is running on http://localhost:6625/
[2025-08-26 11:09:35] [INFO]: [DB] Connected to the database successfully
[2025-08-26 11:09:42] [INFO]: [BOOTSTRAP] Loading listeners...
[2025-08-26 11:09:42] [INFO]: [DB] Connected to the database successfully
[2025-08-26 11:09:42] [INFO]: [Listeners] Loaded 4 file(s)
[2025-08-26 11:09:42] [INFO]: [BOOTSTRAP] All services ready.
[2025-08-26 11:09:42] [INFO]: [SERVER] [v1.0.0] [DEVELOPMENT]: Server is running on http://localhost:6625/
[2025-08-26 11:45:15] [INFO]: [HINT] client left: myXBGQHMx2qiE5uGAAAC
[2025-08-26 11:45:15] [INFO]: [HINT] client left: FTuKujwj5PkTPqIsAAAG
[2025-08-26 11:45:15] [INFO]: [HINT] client left: fWdxcF45GGIBSMkTAAAE
[2025-08-26 11:47:01] [INFO]: [HINT] client left: hkuUHrvK3Zl2pHzLAAAJ
[2025-08-26 11:59:39] [INFO]: [HINT] client left: Z6oDjc4iCGuTc2f4AAAM
[2025-08-26 11:59:39] [INFO]: [HINT] client left: MVdpAP9CXS4b1JxiAAAk
[2025-08-26 11:59:39] [INFO]: [HINT] client left: UfSDfgfrJGOIgH0IAAAi
[2025-08-26 11:59:39] [INFO]: [HINT] client left: l-P-866rARJ_azlwAAAg
[2025-08-26 11:59:39] [INFO]: [HINT] client left: F-xOMwudrkiBwdcKAAAe
[2025-08-26 11:59:39] [INFO]: [HINT] client left: ZsXYw1F3Peq1fW0nAAAc
[2025-08-26 11:59:39] [INFO]: [HINT] client left: xoghjroIP8FWW3ptAAAa
[2025-08-26 11:59:39] [INFO]: [HINT] client left: xQxw6AItu6dj9PFoAAAY
[2025-08-26 11:59:39] [INFO]: [HINT] client left: x54KMz0sjM9b52DtAAAW
[2025-08-26 11:59:39] [INFO]: [HINT] client left: e6VRlOzyiJ5uUCgwAAAU
[2025-08-26 11:59:39] [INFO]: [HINT] client left: a60USKngm2sRC6IoAAAS
[2025-08-26 11:59:39] [INFO]: [HINT] client left: RMRgjv70HQrRiuN7AAAQ
[2025-08-26 11:59:39] [INFO]: [HINT] client left: Nd308YZQgE5qDTe5AAAO
[2025-08-26 11:59:39] [INFO]: [HINT] client left: yF3d_EmogMHH_D0NAAA4
[2025-08-26 11:59:39] [INFO]: [HINT] client left: 5M6aeoUlbSoQojv1AAA2
[2025-08-26 11:59:39] [INFO]: [HINT] client left: HYMizlD9xkzVWgjcAAA0
[2025-08-26 11:59:39] [INFO]: [HINT] client left: GitSzHTSXWlk1T6gAAAy
[2025-08-26 11:59:39] [INFO]: [HINT] client left: ayEnjbtb76RgeUCZAAAw
[2025-08-26 11:59:39] [INFO]: [HINT] client left: keMgd_hxVIoyaB7DAAAu
[2025-08-26 11:59:39] [INFO]: [HINT] client left: iYOAxdd8drou57eHAAAs
[2025-08-26 11:59:39] [INFO]: [HINT] client left: Lxwis2HSF5sRDHnEAAAq
[2025-08-26 11:59:39] [INFO]: [HINT] client left: yPisMzuunRpOzF3LAAAo
[2025-08-26 11:59:39] [INFO]: [HINT] client left: qQaW6IpuZCktTopTAAAm
[2025-08-26 12:00:49] [INFO]: [HINT] client left: Lj1eQo9NaCikyeqgAAA7
[2025-08-26 12:01:34] [INFO]: [HINT] client left: WGS_9wzTDhnTHqSJAAA-
[2025-08-26 12:02:59] [INFO]: [BOOTSTRAP] Loading listeners...
[2025-08-26 12:02:59] [INFO]: [DB] Connected to the database successfully
[2025-08-26 12:02:59] [INFO]: [Listeners] Loaded 4 file(s)
[2025-08-26 12:02:59] [INFO]: [BOOTSTRAP] All services ready.
[2025-08-26 12:02:59] [INFO]: [SERVER] [v1.0.0] [DEVELOPMENT]: Server is running on http://localhost:6625/
[2025-08-26 12:03:00] [INFO]: [HINT] client left: 7_yDxwEOop3w-JD1AAAC
[2025-08-26 12:04:55] [INFO]: [HINT] client left: VyV50Mbd1hSEA1erAAAF
[2025-08-26 12:04:55] [INFO]: [HINT] client left: 3wPzDFfYjOFczWXmAAAJ
[2025-08-26 12:04:55] [INFO]: [HINT] client left: zAWG7OGdr7fpzaBRAAAH
[2025-08-26 12:06:22] [INFO]: [BOOTSTRAP] Loading listeners...
[2025-08-26 12:06:22] [INFO]: [Listeners] Loaded 4 file(s)
[2025-08-26 12:06:22] [INFO]: [BOOTSTRAP] All services ready.
[2025-08-26 12:06:22] [INFO]: [SERVER] [v1.0.0] [DEVELOPMENT]: Server is running on http://localhost:6625/
[2025-08-26 12:06:22] [INFO]: [DB] Connected to the database successfully
[2025-08-26 12:08:59] [INFO]: [BOOTSTRAP] Loading listeners...
[2025-08-26 12:08:59] [INFO]: [DB] Connected to the database successfully
[2025-08-26 12:08:59] [INFO]: [Listeners] Loaded 4 file(s)
[2025-08-26 12:08:59] [INFO]: [BOOTSTRAP] All services ready.
[2025-08-26 12:08:59] [INFO]: [SERVER] [v1.0.0] [DEVELOPMENT]: Server is running on http://localhost:6625/
[2025-08-26 13:49:22] [INFO]: [HINT] client left: _fcKy0xSvJtvorgEAAAC
[2025-08-26 13:49:26] [INFO]: [HINT] client left: 9eLMG3vuHoO4LmZOAAAF
[2025-08-26 13:49:30] [INFO]: [HINT] client left: HNfUdFco2a8EelDLAAAI
[2025-08-26 13:50:30] [INFO]: [BOOTSTRAP] Loading listeners...
[2025-08-26 13:50:30] [INFO]: [Listeners] Loaded 4 file(s)
[2025-08-26 13:50:30] [INFO]: [BOOTSTRAP] All services ready.
[2025-08-26 13:50:30] [INFO]: [SERVER] [v1.0.0] [DEVELOPMENT]: Server is running on http://localhost:6625/
[2025-08-26 13:50:30] [INFO]: [DB] Connected to the database successfully
[2025-08-26 13:50:44] [INFO]: [BOOTSTRAP] Loading listeners...
[2025-08-26 13:50:44] [INFO]: [DB] Connected to the database successfully
[2025-08-26 13:50:44] [INFO]: [Listeners] Loaded 4 file(s)
[2025-08-26 13:50:44] [INFO]: [BOOTSTRAP] All services ready.
[2025-08-26 13:50:44] [INFO]: [SERVER] [v1.0.0] [DEVELOPMENT]: Server is running on http://localhost:6625/
[2025-08-26 13:55:06] [INFO]: [HINT] client left: 0jv3jByrwmmcCVpAAAAC
[2025-08-26 13:55:06] [INFO]: [HINT] client left: BsNFLx_eosHzoy0eAAAK
[2025-08-26 13:55:06] [INFO]: [HINT] client left: uplO__nSBMRGlqeYAAAI
[2025-08-26 13:55:06] [INFO]: [HINT] client left: sx-UYPlFk0cU7hoVAAAG
[2025-08-26 13:55:06] [INFO]: [HINT] client left: -0DR1WuLPqTS_TyCAAAE
[2025-08-26 13:55:34] [INFO]: [BOOTSTRAP] Loading listeners...
[2025-08-26 13:55:34] [INFO]: [DB] Connected to the database successfully
[2025-08-26 13:55:34] [INFO]: [Listeners] Loaded 4 file(s)
[2025-08-26 13:55:34] [INFO]: [BOOTSTRAP] All services ready.
[2025-08-26 13:55:34] [INFO]: [SERVER] [v1.0.0] [DEVELOPMENT]: Server is running on http://localhost:6625/
[2025-08-26 13:57:35] [INFO]: [HINT] client left: biQgbi3fvUrgUTXYAAAC
[2025-08-26 13:57:35] [INFO]: [HINT] client left: kIoV0351ySDVRi-OAAAE
[2025-08-26 13:58:38] [INFO]: [BOOTSTRAP] Loading listeners...
[2025-08-26 13:58:38] [INFO]: [Listeners] Loaded 4 file(s)
[2025-08-26 13:58:38] [INFO]: [BOOTSTRAP] All services ready.
[2025-08-26 13:58:38] [INFO]: [SERVER] [v1.0.0] [DEVELOPMENT]: Server is running on http://localhost:6625/
[2025-08-26 13:58:38] [INFO]: [DB] Connected to the database successfully
[2025-08-26 13:58:46] [INFO]: [BOOTSTRAP] Loading listeners...
[2025-08-26 13:58:46] [INFO]: [Listeners] Loaded 4 file(s)
[2025-08-26 13:58:46] [INFO]: [BOOTSTRAP] All services ready.
[2025-08-26 13:58:46] [INFO]: [SERVER] [v1.0.0] [DEVELOPMENT]: Server is running on http://localhost:6625/
[2025-08-26 13:58:46] [INFO]: [DB] Connected to the database successfully
[2025-08-26 13:58:50] [INFO]: [BOOTSTRAP] Loading listeners...
[2025-08-26 13:58:50] [INFO]: [DB] Connected to the database successfully
[2025-08-26 13:58:50] [INFO]: [Listeners] Loaded 4 file(s)
[2025-08-26 13:58:50] [INFO]: [BOOTSTRAP] All services ready.
[2025-08-26 13:58:50] [INFO]: [SERVER] [v1.0.0] [DEVELOPMENT]: Server is running on http://localhost:6625/
[2025-08-26 13:58:58] [INFO]: [BOOTSTRAP] Loading listeners...
[2025-08-26 13:58:58] [INFO]: [Listeners] Loaded 4 file(s)
[2025-08-26 13:58:58] [INFO]: [BOOTSTRAP] All services ready.
[2025-08-26 13:58:58] [INFO]: [SERVER] [v1.0.0] [DEVELOPMENT]: Server is running on http://localhost:6625/
[2025-08-26 13:58:58] [INFO]: [DB] Connected to the database successfully
[2025-08-26 13:59:03] [INFO]: [BOOTSTRAP] Loading listeners...
[2025-08-26 13:59:03] [INFO]: [Listeners] Loaded 4 file(s)
[2025-08-26 13:59:03] [INFO]: [BOOTSTRAP] All services ready.
[2025-08-26 13:59:03] [INFO]: [SERVER] [v1.0.0] [DEVELOPMENT]: Server is running on http://localhost:6625/
[2025-08-26 13:59:03] [INFO]: [DB] Connected to the database successfully
[2025-08-26 13:59:06] [INFO]: [BOOTSTRAP] Loading listeners...
[2025-08-26 13:59:06] [INFO]: [DB] Connected to the database successfully
[2025-08-26 13:59:06] [INFO]: [Listeners] Loaded 4 file(s)
[2025-08-26 13:59:06] [INFO]: [BOOTSTRAP] All services ready.
[2025-08-26 13:59:06] [INFO]: [SERVER] [v1.0.0] [DEVELOPMENT]: Server is running on http://localhost:6625/
[2025-08-26 14:14:17] [INFO]: [BOOTSTRAP] Loading listeners...
[2025-08-26 14:14:17] [INFO]: [DB] Connected to the database successfully
[2025-08-26 14:14:18] [INFO]: [Listeners] Loaded 4 file(s)
[2025-08-26 14:14:18] [INFO]: [BOOTSTRAP] All services ready.
[2025-08-26 14:14:18] [INFO]: [SERVER] [v1.0.0] [DEVELOPMENT]: Server is running on http://localhost:6625/
[2025-08-26 14:18:35] [INFO]: [BOOTSTRAP] Loading listeners...
[2025-08-26 14:18:36] [INFO]: [DB] Connected to the database successfully
[2025-08-26 14:18:36] [INFO]: [Listeners] Loaded 4 file(s)
[2025-08-26 14:18:36] [INFO]: [BOOTSTRAP] All services ready.
[2025-08-26 14:18:36] [INFO]: [SERVER] [v1.0.0] [DEVELOPMENT]: Server is running on http://localhost:6625/
[2025-08-26 14:18:38] [INFO]: [BOOTSTRAP] Loading listeners...
[2025-08-26 14:18:38] [INFO]: [DB] Connected to the database successfully
[2025-08-26 14:18:38] [INFO]: [Listeners] Loaded 4 file(s)
[2025-08-26 14:18:38] [INFO]: [BOOTSTRAP] All services ready.
[2025-08-26 14:18:38] [INFO]: [SERVER] [v1.0.0] [DEVELOPMENT]: Server is running on http://localhost:6625/
[2025-08-26 14:18:55] [INFO]: [BOOTSTRAP] Loading listeners...
[2025-08-26 14:18:56] [INFO]: [DB] Connected to the database successfully
[2025-08-26 14:18:56] [INFO]: [Listeners] Loaded 4 file(s)
[2025-08-26 14:18:56] [INFO]: [BOOTSTRAP] All services ready.
[2025-08-26 14:18:56] [INFO]: [SERVER] [v1.0.0] [DEVELOPMENT]: Server is running on http://localhost:6625/
[2025-08-26 14:19:05] [INFO]: [HINT] client left: xnc31sc1F2a3VQFfAAAC
[2025-08-26 14:20:23] [INFO]: [BOOTSTRAP] Loading listeners...
[2025-08-26 14:20:23] [INFO]: [Listeners] Loaded 4 file(s)
[2025-08-26 14:20:23] [INFO]: [BOOTSTRAP] All services ready.
[2025-08-26 14:20:23] [INFO]: [SERVER] [v1.0.0] [DEVELOPMENT]: Server is running on http://localhost:6625/
[2025-08-26 14:20:23] [INFO]: [DB] Connected to the database successfully
[2025-08-26 14:21:04] [INFO]: [BOOTSTRAP] Loading listeners...
[2025-08-26 14:21:04] [INFO]: [DB] Connected to the database successfully
[2025-08-26 14:21:04] [INFO]: [Listeners] Loaded 4 file(s)
[2025-08-26 14:21:04] [INFO]: [BOOTSTRAP] All services ready.
[2025-08-26 14:21:04] [INFO]: [SERVER] [v1.0.0] [DEVELOPMENT]: Server is running on http://localhost:6625/
[2025-08-26 14:22:54] [INFO]: [BOOTSTRAP] Loading listeners...
[2025-08-26 14:22:54] [INFO]: [DB] Connected to the database successfully
[2025-08-26 14:22:54] [INFO]: [Listeners] Loaded 4 file(s)
[2025-08-26 14:22:54] [INFO]: [BOOTSTRAP] All services ready.
[2025-08-26 14:22:54] [INFO]: [SERVER] [v1.0.0] [DEVELOPMENT]: Server is running on http://localhost:6625/
[2025-08-26 14:23:46] [INFO]: [BOOTSTRAP] Loading listeners...
[2025-08-26 14:23:46] [INFO]: [DB] Connected to the database successfully
[2025-08-26 14:23:46] [INFO]: [Listeners] Loaded 4 file(s)
[2025-08-26 14:23:46] [INFO]: [BOOTSTRAP] All services ready.
[2025-08-26 14:23:46] [INFO]: [SERVER] [v1.0.0] [DEVELOPMENT]: Server is running on http://localhost:6625/
[2025-08-26 14:24:08] [INFO]: [BOOTSTRAP] Loading listeners...
[2025-08-26 14:24:08] [INFO]: [DB] Connected to the database successfully
[2025-08-26 14:24:08] [INFO]: [Listeners] Loaded 4 file(s)
[2025-08-26 14:24:08] [INFO]: [BOOTSTRAP] All services ready.
[2025-08-26 14:24:08] [INFO]: [SERVER] [v1.0.0] [DEVELOPMENT]: Server is running on http://localhost:6625/
[2025-08-26 14:24:14] [INFO]: [BOOTSTRAP] Loading listeners...
[2025-08-26 14:24:14] [INFO]: [DB] Connected to the database successfully
[2025-08-26 14:24:14] [INFO]: [Listeners] Loaded 4 file(s)
[2025-08-26 14:24:14] [INFO]: [BOOTSTRAP] All services ready.
[2025-08-26 14:24:14] [INFO]: [SERVER] [v1.0.0] [DEVELOPMENT]: Server is running on http://localhost:6625/
[2025-08-26 14:30:32] [INFO]: [BOOTSTRAP] Loading listeners...
[2025-08-26 14:30:32] [INFO]: [DB] Connected to the database successfully
[2025-08-26 14:30:32] [INFO]: [Listeners] Loaded 4 file(s)
[2025-08-26 14:30:32] [INFO]: [BOOTSTRAP] All services ready.
[2025-08-26 14:30:32] [INFO]: [SERVER] [v1.0.0] [DEVELOPMENT]: Server is running on http://localhost:6625/
[2025-08-26 14:38:13] [INFO]: [HINT] client left: 1IzoG5GxIJGG1xYXAAAC
[2025-08-26 15:13:25] [INFO]: [BOOTSTRAP] Loading listeners...
[2025-08-26 15:13:25] [INFO]: [Listeners] Loaded 4 file(s)
[2025-08-26 15:13:25] [INFO]: [BOOTSTRAP] All services ready.
[2025-08-26 15:13:25] [INFO]: [SERVER] [v1.0.0] [DEVELOPMENT]: Server is running on http://localhost:6625/
[2025-08-26 15:13:25] [INFO]: [DB] Connected to the database successfully
[2025-08-26 15:30:01] [INFO]: [HINT] client left: PmT0HC_lijyXP_iGAAAC
[2025-08-26 15:30:06] [INFO]: [HINT] client left: 94tGDp8xTFEph1PkAAAF
[2025-08-26 15:30:16] [INFO]: [HINT] client left: qNoyjH-t0fBoPgQCAAAI
[2025-08-26 15:31:16] [INFO]: [HINT] client left: j3vytcR76UV0l5tWAAAL
[2025-08-26 15:31:22] [INFO]: [HINT] client left: QmoiMvWz9SLhIzHnAAAO
[2025-08-26 15:31:58] [INFO]: [HINT] client left: CsbI7N0dioAtdY0SAAAR
[2025-08-26 15:33:15] [INFO]: [HINT] client left: RNLMnACmDC-4CexfAAAU
[2025-08-26 15:33:15] [INFO]: [HINT] client left: 1d5K2I7qBEGUVZ2hAAAY
[2025-08-26 15:33:15] [INFO]: [HINT] client left: K_vWw9tba1onbMyhAAAW
[2025-08-26 15:36:52] [INFO]: [HINT] client left: fVtGY0lsq1OchC5uAAAb
[2025-08-26 15:36:52] [INFO]: [HINT] client left: ry9HULDWQb5qe0nlAAAd
[2025-08-26 15:37:42] [INFO]: [HINT] client left: 1yCh4GvOk6OHYoIHAAAg
[2025-08-26 15:37:42] [INFO]: [HINT] client left: 2xwxohbmj-YlKJBaAAAk
[2025-08-26 15:37:42] [INFO]: [HINT] client left: DPGKrlxRWVhX6uJHAAAi
[2025-08-26 15:42:57] [INFO]: [HINT] client left: UfSDeWbEvbn7odFxAAAn
[2025-08-26 15:43:40] [INFO]: [BOOTSTRAP] Loading listeners...
[2025-08-26 15:43:40] [INFO]: [DB] Connected to the database successfully
[2025-08-26 15:43:40] [INFO]: [Listeners] Loaded 4 file(s)
[2025-08-26 15:43:40] [INFO]: [BOOTSTRAP] All services ready.
[2025-08-26 15:43:40] [INFO]: [SERVER] [v1.0.0] [DEVELOPMENT]: Server is running on http://localhost:6625/
[2025-08-26 15:43:43] [INFO]: [BOOTSTRAP] Loading listeners...
[2025-08-26 15:43:43] [INFO]: [DB] Connected to the database successfully
[2025-08-26 15:43:43] [INFO]: [Listeners] Loaded 4 file(s)
[2025-08-26 15:43:43] [INFO]: [BOOTSTRAP] All services ready.
[2025-08-26 15:43:43] [INFO]: [SERVER] [v1.0.0] [DEVELOPMENT]: Server is running on http://localhost:6625/
[2025-08-26 15:43:51] [INFO]: [BOOTSTRAP] Loading listeners...
[2025-08-26 15:43:51] [INFO]: [Listeners] Loaded 4 file(s)
[2025-08-26 15:43:51] [INFO]: [BOOTSTRAP] All services ready.
[2025-08-26 15:43:51] [INFO]: [SERVER] [v1.0.0] [DEVELOPMENT]: Server is running on http://localhost:6625/
[2025-08-26 15:43:51] [INFO]: [DB] Connected to the database successfully
[2025-08-26 15:43:54] [INFO]: [BOOTSTRAP] Loading listeners...
[2025-08-26 15:43:54] [INFO]: [DB] Connected to the database successfully
[2025-08-26 15:43:54] [INFO]: [Listeners] Loaded 4 file(s)
[2025-08-26 15:43:54] [INFO]: [BOOTSTRAP] All services ready.
[2025-08-26 15:43:54] [INFO]: [SERVER] [v1.0.0] [DEVELOPMENT]: Server is running on http://localhost:6625/
[2025-08-26 15:44:05] [INFO]: [BOOTSTRAP] Loading listeners...
[2025-08-26 15:44:05] [INFO]: [Listeners] Loaded 4 file(s)
[2025-08-26 15:44:05] [INFO]: [BOOTSTRAP] All services ready.
[2025-08-26 15:44:05] [INFO]: [SERVER] [v1.0.0] [DEVELOPMENT]: Server is running on http://localhost:6625/
[2025-08-26 15:44:05] [INFO]: [DB] Connected to the database successfully
[2025-08-26 15:44:06] [INFO]: [BOOTSTRAP] Loading listeners...
[2025-08-26 15:44:06] [INFO]: [DB] Connected to the database successfully
[2025-08-26 15:44:06] [INFO]: [Listeners] Loaded 4 file(s)
[2025-08-26 15:44:06] [INFO]: [BOOTSTRAP] All services ready.
[2025-08-26 15:44:06] [INFO]: [SERVER] [v1.0.0] [DEVELOPMENT]: Server is running on http://localhost:6625/
[2025-08-26 15:46:18] [INFO]: [HINT] client left: 9k8xSKw63GLbFmVnAAAC
[2025-08-26 15:47:55] [INFO]: [HINT] client left: bU8GcinT2QyZgVu6AAAF
[2025-08-26 15:48:23] [INFO]: [HINT] client left: Kx2BvdCCwK2UNENgAAAI
[2025-08-26 15:50:14] [INFO]: [HINT] client left: mNpGAyjy9cclLr0DAAAL
[2025-08-26 15:53:50] [INFO]: [HINT] client left: a-5ym2VLQUr6kgzdAAAO
[2025-08-26 15:53:50] [INFO]: [HINT] client left: 6NHGqfgHiSTxeF5aAAAe
[2025-08-26 15:53:50] [INFO]: [HINT] client left: 0JTSDpVwjq1u6zOpAAAc
[2025-08-26 15:53:50] [INFO]: [HINT] client left: XODEO42pAiNuqhLEAAAa
[2025-08-26 15:53:50] [INFO]: [HINT] client left: 4kFkef10ssHgzsQlAAAY
[2025-08-26 15:53:50] [INFO]: [HINT] client left: yxDUiGXqmYpb-5TaAAAW
[2025-08-26 15:53:50] [INFO]: [HINT] client left: Kx8LLplYZf6_1kijAAAU
[2025-08-26 15:53:50] [INFO]: [HINT] client left: PoqxtybKjEsdQ80zAAAS
[2025-08-26 15:53:50] [INFO]: [HINT] client left: v6Y_W_-9PBlraleOAAAQ
[2025-08-26 15:55:36] [INFO]: [HINT] client left: RdW3VyjVmw76M8sHAAAh
[2025-08-26 15:58:46] [INFO]: [BOOTSTRAP] Loading listeners...
[2025-08-26 15:58:52] [INFO]: [BOOTSTRAP] Loading listeners...
[2025-08-26 15:58:52] [INFO]: [DB] Connected to the database successfully
[2025-08-26 15:58:52] [INFO]: [Listeners] Loaded 4 file(s)
[2025-08-26 15:58:52] [INFO]: [BOOTSTRAP] All services ready.
[2025-08-26 15:58:52] [INFO]: [SERVER] [v1.0.0] [DEVELOPMENT]: Server is running on http://localhost:6625/
[2025-08-26 15:59:05] [INFO]: [BOOTSTRAP] Loading listeners...
[2025-08-26 15:59:05] [INFO]: [Listeners] Loaded 4 file(s)
[2025-08-26 15:59:05] [INFO]: [BOOTSTRAP] All services ready.
[2025-08-26 15:59:05] [INFO]: [SERVER] [v1.0.0] [DEVELOPMENT]: Server is running on http://localhost:6625/
[2025-08-26 15:59:05] [INFO]: [DB] Connected to the database successfully
[2025-08-26 15:59:07] [INFO]: [BOOTSTRAP] Loading listeners...
[2025-08-26 15:59:07] [INFO]: [DB] Connected to the database successfully
[2025-08-26 15:59:07] [INFO]: [Listeners] Loaded 4 file(s)
[2025-08-26 15:59:07] [INFO]: [BOOTSTRAP] All services ready.
[2025-08-26 15:59:07] [INFO]: [SERVER] [v1.0.0] [DEVELOPMENT]: Server is running on http://localhost:6625/
[2025-08-26 15:59:23] [INFO]: [BOOTSTRAP] Loading listeners...
[2025-08-26 15:59:23] [INFO]: [DB] Connected to the database successfully
[2025-08-26 15:59:23] [INFO]: [Listeners] Loaded 4 file(s)
[2025-08-26 15:59:23] [INFO]: [BOOTSTRAP] All services ready.
[2025-08-26 15:59:23] [INFO]: [SERVER] [v1.0.0] [DEVELOPMENT]: Server is running on http://localhost:6625/
[2025-08-26 15:59:36] [INFO]: [BOOTSTRAP] Loading listeners...
[2025-08-26 15:59:36] [INFO]: [DB] Connected to the database successfully
[2025-08-26 15:59:36] [INFO]: [Listeners] Loaded 4 file(s)
[2025-08-26 15:59:36] [INFO]: [BOOTSTRAP] All services ready.
[2025-08-26 15:59:36] [INFO]: [SERVER] [v1.0.0] [DEVELOPMENT]: Server is running on http://localhost:6625/
[2025-08-26 15:59:38] [INFO]: [HINT] client left: BncV6SVPhz1_M5kqAAAC
[2025-08-26 16:07:15] [INFO]: [BOOTSTRAP] Loading listeners...
[2025-08-26 16:07:15] [INFO]: [DB] Connected to the database successfully
[2025-08-26 16:07:15] [INFO]: [Listeners] Loaded 4 file(s)
[2025-08-26 16:07:15] [INFO]: [BOOTSTRAP] All services ready.
[2025-08-26 16:07:15] [INFO]: [SERVER] [v1.0.0] [DEVELOPMENT]: Server is running on http://localhost:6625/
[2025-08-26 16:10:58] [INFO]: [HINT] client left: 8AADvmcIaX_t_MuxAAAC
[2025-08-26 16:11:32] [INFO]: [HINT] client left: BzAs1NqBCpWfI0loAAAF
[2025-08-26 16:11:32] [INFO]: [HINT] client left: uLGSUiejx_YqhLAkAAAH
[2025-08-26 16:11:35] [INFO]: [HINT] client left: 9zoyf5cmZ2ITw8hnAAAK
[2025-08-26 16:12:41] [INFO]: [BOOTSTRAP] Loading listeners...
[2025-08-26 16:12:41] [INFO]: [DB] Connected to the database successfully
[2025-08-26 16:12:41] [INFO]: [Listeners] Loaded 4 file(s)
[2025-08-26 16:12:41] [INFO]: [BOOTSTRAP] All services ready.
[2025-08-26 16:12:41] [INFO]: [SERVER] [v1.0.0] [DEVELOPMENT]: Server is running on http://localhost:6625/
[2025-08-26 16:12:45] [INFO]: [BOOTSTRAP] Loading listeners...
[2025-08-26 16:12:45] [INFO]: [Listeners] Loaded 4 file(s)
[2025-08-26 16:12:45] [INFO]: [BOOTSTRAP] All services ready.
[2025-08-26 16:12:45] [INFO]: [SERVER] [v1.0.0] [DEVELOPMENT]: Server is running on http://localhost:6625/
[2025-08-26 16:12:45] [INFO]: [DB] Connected to the database successfully
[2025-08-26 16:12:53] [INFO]: [BOOTSTRAP] Loading listeners...
[2025-08-26 16:12:53] [INFO]: [DB] Connected to the database successfully
[2025-08-26 16:12:53] [INFO]: [Listeners] Loaded 4 file(s)
[2025-08-26 16:12:53] [INFO]: [BOOTSTRAP] All services ready.
[2025-08-26 16:12:53] [INFO]: [SERVER] [v1.0.0] [DEVELOPMENT]: Server is running on http://localhost:6625/
[2025-08-26 16:12:57] [INFO]: [BOOTSTRAP] Loading listeners...
[2025-08-26 16:12:57] [INFO]: [Listeners] Loaded 4 file(s)
[2025-08-26 16:12:57] [INFO]: [BOOTSTRAP] All services ready.
[2025-08-26 16:12:57] [INFO]: [SERVER] [v1.0.0] [DEVELOPMENT]: Server is running on http://localhost:6625/
[2025-08-26 16:12:57] [INFO]: [DB] Connected to the database successfully
[2025-08-26 16:13:08] [INFO]: [BOOTSTRAP] Loading listeners...
[2025-08-26 16:13:09] [INFO]: [DB] Connected to the database successfully
[2025-08-26 16:13:09] [INFO]: [Listeners] Loaded 4 file(s)
[2025-08-26 16:13:09] [INFO]: [BOOTSTRAP] All services ready.
[2025-08-26 16:13:09] [INFO]: [SERVER] [v1.0.0] [DEVELOPMENT]: Server is running on http://localhost:6625/
[2025-08-26 16:13:27] [INFO]: [HINT] client left: eNlJWkS6dT8dwQA0AAAC
[2025-08-26 16:13:58] [INFO]: [BOOTSTRAP] Loading listeners...
[2025-08-26 16:13:58] [INFO]: [DB] Connected to the database successfully
[2025-08-26 16:13:58] [INFO]: [Listeners] Loaded 4 file(s)
[2025-08-26 16:13:58] [INFO]: [BOOTSTRAP] All services ready.
[2025-08-26 16:13:58] [INFO]: [SERVER] [v1.0.0] [DEVELOPMENT]: Server is running on http://localhost:6625/
[2025-08-26 16:15:23] [INFO]: [HINT] client left: 4dJToCrtk4CYzx3IAAAC
[2025-08-26 16:17:56] [INFO]: [HINT] client left: W4x9SRVLo7087fwtAAAF
[2025-08-26 16:17:59] [INFO]: [HINT] client left: zx2mK5F2V8bJD-ceAAAI
[2025-08-26 16:19:00] [INFO]: [BOOTSTRAP] Loading listeners...
[2025-08-26 16:19:00] [INFO]: [DB] Connected to the database successfully
[2025-08-26 16:19:00] [INFO]: [Listeners] Loaded 4 file(s)
[2025-08-26 16:19:00] [INFO]: [BOOTSTRAP] All services ready.
[2025-08-26 16:19:00] [INFO]: [SERVER] [v1.0.0] [DEVELOPMENT]: Server is running on http://localhost:6625/
[2025-08-26 16:19:01] [INFO]: [BOOTSTRAP] Loading listeners...
[2025-08-26 16:19:01] [INFO]: [Listeners] Loaded 4 file(s)
[2025-08-26 16:19:01] [INFO]: [BOOTSTRAP] All services ready.
[2025-08-26 16:19:01] [INFO]: [SERVER] [v1.0.0] [DEVELOPMENT]: Server is running on http://localhost:6625/
[2025-08-26 16:19:01] [INFO]: [DB] Connected to the database successfully
[2025-08-26 16:19:25] [INFO]: [HINT] client left: ULuhstLYbPF9ITjlAAAC
[2025-08-26 16:19:33] [INFO]: [HINT] client left: t-fSgSbUyk8xUMgBAAAF
[2025-08-26 16:24:41] [INFO]: [HINT] client left: 9jWZ8QSjOg_Q84_MAAAI
[2025-08-26 16:24:41] [INFO]: [HINT] client left: ngKrz1ihCNcvc06oAAAO
[2025-08-26 16:24:41] [INFO]: [HINT] client left: j-H_KA1aF737GZqpAAAM
[2025-08-26 16:24:41] [INFO]: [HINT] client left: mkJbodbUzcUYMyRiAAAK
[2025-08-26 16:24:43] [INFO]: [BOOTSTRAP] Loading listeners...
[2025-08-26 16:24:43] [INFO]: [DB] Connected to the database successfully
[2025-08-26 16:24:43] [INFO]: [Listeners] Loaded 4 file(s)
[2025-08-26 16:24:43] [INFO]: [BOOTSTRAP] All services ready.
[2025-08-26 16:24:43] [INFO]: [SERVER] [v1.0.0] [DEVELOPMENT]: Server is running on http://localhost:6625/
[2025-08-26 19:48:54] [INFO]: [BOOTSTRAP] Loading listeners...
[2025-08-26 19:48:54] [INFO]: [DB] Connected to the database successfully
[2025-08-26 19:48:54] [INFO]: [Listeners] Loaded 4 file(s)
[2025-08-26 19:48:54] [INFO]: [BOOTSTRAP] All services ready.
[2025-08-26 19:48:54] [INFO]: [SERVER] [v1.0.0] [DEVELOPMENT]: Server is running on http://localhost:6625/
[2025-08-26 19:54:30] [INFO]: [HINT] client left: Y-A_nghTzcktevHwAAAD
[2025-08-26 19:54:30] [INFO]: [HINT] client left: PT1Ssu059cLDM3SKAAAN
[2025-08-26 19:54:30] [INFO]: [HINT] client left: PjjU43x1KRNXRoI6AAAL
[2025-08-26 19:54:30] [INFO]: [HINT] client left: y7bXjChyKUcfnFPQAAAJ
[2025-08-26 19:54:30] [INFO]: [HINT] client left: cmrBo0tD-JcRG29XAAAH
[2025-08-26 19:54:30] [INFO]: [HINT] client left: BNCjMGiMwUYpe1wnAAAF
[2025-08-26 20:01:46] [INFO]: [BOOTSTRAP] Loading listeners...
[2025-08-26 20:01:46] [INFO]: [Listeners] Loaded 4 file(s)
[2025-08-26 20:01:46] [INFO]: [BOOTSTRAP] All services ready.
[2025-08-26 20:01:46] [INFO]: [SERVER] [v1.0.0] [DEVELOPMENT]: Server is running on http://localhost:6625/
[2025-08-26 20:01:46] [INFO]: [DB] Connected to the database successfully
[2025-08-26 20:01:53] [INFO]: [BOOTSTRAP] Loading listeners...
[2025-08-26 20:01:53] [INFO]: [Listeners] Loaded 4 file(s)
[2025-08-26 20:01:53] [INFO]: [BOOTSTRAP] All services ready.
[2025-08-26 20:01:53] [INFO]: [SERVER] [v1.0.0] [DEVELOPMENT]: Server is running on http://localhost:6625/
[2025-08-26 20:01:53] [INFO]: [DB] Connected to the database successfully
[2025-08-26 20:01:59] [INFO]: [HINT] client left: kSCV4DQyJKhrsDiJAAAG
[2025-08-26 20:01:59] [INFO]: [HINT] client left: TXXUyrWr2HkDWLyRAAAF
[2025-08-26 20:01:59] [INFO]: [HINT] client left: BTRoAFUI16lzYht7AAAE
[2025-08-26 20:03:15] [INFO]: [BOOTSTRAP] Loading listeners...
[2025-08-26 20:03:15] [INFO]: [DB] Connected to the database successfully
[2025-08-26 20:03:15] [INFO]: [Listeners] Loaded 4 file(s)
[2025-08-26 20:03:15] [INFO]: [BOOTSTRAP] All services ready.
[2025-08-26 20:03:15] [INFO]: [SERVER] [v1.0.0] [DEVELOPMENT]: Server is running on http://localhost:6625/
[2025-08-26 20:03:17] [INFO]: [BOOTSTRAP] Loading listeners...
[2025-08-26 20:03:17] [INFO]: [DB] Connected to the database successfully
[2025-08-26 20:03:17] [INFO]: [Listeners] Loaded 4 file(s)
[2025-08-26 20:03:17] [INFO]: [BOOTSTRAP] All services ready.
[2025-08-26 20:03:17] [INFO]: [SERVER] [v1.0.0] [DEVELOPMENT]: Server is running on http://localhost:6625/
[2025-08-26 20:03:19] [INFO]: [BOOTSTRAP] Loading listeners...
[2025-08-26 20:03:20] [INFO]: [DB] Connected to the database successfully
[2025-08-26 20:03:20] [INFO]: [Listeners] Loaded 4 file(s)
[2025-08-26 20:03:20] [INFO]: [BOOTSTRAP] All services ready.
[2025-08-26 20:03:20] [INFO]: [SERVER] [v1.0.0] [DEVELOPMENT]: Server is running on http://localhost:6625/
[2025-08-26 20:03:20] [INFO]: [HINT] client left: Bhwqi80yRizMTyAHAAAC
[2025-08-26 20:06:42] [INFO]: [BOOTSTRAP] Loading listeners...
[2025-08-26 20:06:42] [INFO]: [DB] Connected to the database successfully
[2025-08-26 20:06:42] [INFO]: [Listeners] Loaded 4 file(s)
[2025-08-26 20:06:42] [INFO]: [BOOTSTRAP] All services ready.
[2025-08-26 20:06:42] [INFO]: [SERVER] [v1.0.0] [DEVELOPMENT]: Server is running on http://localhost:6625/
[2025-08-26 20:09:44] [INFO]: [BOOTSTRAP] Loading listeners...
[2025-08-26 20:09:44] [INFO]: [DB] Connected to the database successfully
[2025-08-26 20:09:44] [INFO]: [Listeners] Loaded 4 file(s)
[2025-08-26 20:09:44] [INFO]: [BOOTSTRAP] All services ready.
[2025-08-26 20:09:44] [INFO]: [SERVER] [v1.0.0] [DEVELOPMENT]: Server is running on http://localhost:6625/
[2025-08-26 20:09:45] [INFO]: [BOOTSTRAP] Loading listeners...
[2025-08-26 20:09:46] [INFO]: [DB] Connected to the database successfully
[2025-08-26 20:09:46] [INFO]: [Listeners] Loaded 4 file(s)
[2025-08-26 20:09:46] [INFO]: [BOOTSTRAP] All services ready.
[2025-08-26 20:09:46] [INFO]: [SERVER] [v1.0.0] [DEVELOPMENT]: Server is running on http://localhost:6625/
[2025-08-26 20:14:16] [INFO]: [HINT] client left: A_TFByPlxJIlBwxXAAAC
[2025-08-26 20:19:58] [INFO]: [HINT] client left: Fe8BOS-kXb_cuuunAAAF
[2025-08-26 20:19:58] [INFO]: [HINT] client left: lMXDj7wGB7lTSkDJAAAH
[2025-08-26 20:28:29] [INFO]: [HINT] client left: rAbQwpsgfIIO4ue0AAAK
[2025-08-26 20:28:29] [INFO]: [HINT] client left: B_hYP7fA5UiTrxB2AAAm
[2025-08-26 20:28:29] [INFO]: [HINT] client left: iYFPfzUM_0jwifBTAAAk
[2025-08-26 20:28:29] [INFO]: [HINT] client left: yARxXfu-pvDZmAyjAAAi
[2025-08-26 20:28:29] [INFO]: [HINT] client left: l97s7Vyz-LsjyCJ0AAAg
[2025-08-26 20:28:29] [INFO]: [HINT] client left: 5YU2yr3ODxF6cbMuAAAe
[2025-08-26 20:28:29] [INFO]: [HINT] client left: wRHHMLpSBLdvC7_bAAAc
[2025-08-26 20:28:29] [INFO]: [HINT] client left: 6Z8m_c1Fx83VkiQuAAAa
[2025-08-26 20:28:29] [INFO]: [HINT] client left: mE5t-tGqYsj7x7LnAAAY
[2025-08-26 20:28:29] [INFO]: [HINT] client left: sdmy3HPcQC2nu5H2AAAW
[2025-08-26 20:28:29] [INFO]: [HINT] client left: KbF7rAiUAQ06nGLHAAAU
[2025-08-26 20:28:29] [INFO]: [HINT] client left: -kDWX1fFv2ZoHwWqAAAS
[2025-08-26 20:28:29] [INFO]: [HINT] client left: 8LENlUh8Xp9x_ZXmAAAQ
[2025-08-26 20:28:29] [INFO]: [HINT] client left: JDiRfuZ9Y8yE83KVAAAO
[2025-08-26 20:28:29] [INFO]: [HINT] client left: AYoBFqInCj4sgxmWAAAM
[2025-08-26 20:30:17] [INFO]: [HINT] client left: FUtPgXFO25w73IVIAAAp
[2025-08-26 20:32:11] [INFO]: [BOOTSTRAP] Loading listeners...
[2025-08-26 20:32:15] [INFO]: [BOOTSTRAP] Loading listeners...
[2025-08-26 20:32:15] [INFO]: [DB] Connected to the database successfully
[2025-08-26 20:32:15] [INFO]: [Listeners] Loaded 4 file(s)
[2025-08-26 20:32:15] [INFO]: [BOOTSTRAP] All services ready.
[2025-08-26 20:32:15] [INFO]: [SERVER] [v1.0.0] [DEVELOPMENT]: Server is running on http://localhost:6625/
[2025-08-26 20:32:19] [INFO]: [BOOTSTRAP] Loading listeners...
[2025-08-26 20:32:28] [INFO]: [BOOTSTRAP] Loading listeners...
[2025-08-26 20:32:30] [INFO]: [BOOTSTRAP] Loading listeners...
[2025-08-26 20:32:31] [INFO]: [BOOTSTRAP] Loading listeners...
[2025-08-26 20:32:35] [INFO]: [BOOTSTRAP] Loading listeners...
[2025-08-26 20:32:37] [INFO]: [BOOTSTRAP] Loading listeners...
[2025-08-26 20:32:41] [INFO]: [BOOTSTRAP] Loading listeners...
[2025-08-26 20:32:45] [INFO]: [BOOTSTRAP] Loading listeners...
[2025-08-26 20:32:49] [INFO]: [BOOTSTRAP] Loading listeners...
[2025-08-26 20:32:54] [INFO]: [BOOTSTRAP] Loading listeners...
[2025-08-26 20:32:57] [INFO]: [BOOTSTRAP] Loading listeners...
[2025-08-26 20:32:59] [INFO]: [BOOTSTRAP] Loading listeners...
[2025-08-26 20:33:01] [INFO]: [BOOTSTRAP] Loading listeners...
[2025-08-26 20:33:04] [INFO]: [BOOTSTRAP] Loading listeners...
[2025-08-26 20:33:06] [INFO]: [BOOTSTRAP] Loading listeners...
[2025-08-26 20:33:08] [INFO]: [BOOTSTRAP] Loading listeners...
[2025-08-26 20:33:17] [INFO]: [BOOTSTRAP] Loading listeners...
[2025-08-26 20:33:19] [INFO]: [BOOTSTRAP] Loading listeners...
[2025-08-26 20:33:25] [INFO]: [BOOTSTRAP] Loading listeners...
[2025-08-26 20:33:30] [INFO]: [BOOTSTRAP] Loading listeners...
[2025-08-26 20:33:44] [INFO]: [BOOTSTRAP] Loading listeners...
[2025-08-26 20:33:50] [INFO]: [BOOTSTRAP] Loading listeners...
[2025-08-26 20:33:51] [INFO]: [BOOTSTRAP] Loading listeners...
[2025-08-26 20:34:00] [INFO]: [BOOTSTRAP] Loading listeners...
[2025-08-26 20:34:03] [INFO]: [BOOTSTRAP] Loading listeners...
[2025-08-26 20:34:04] [INFO]: [BOOTSTRAP] Loading listeners...
[2025-08-26 20:34:09] [INFO]: [BOOTSTRAP] Loading listeners...
[2025-08-26 20:34:14] [INFO]: [BOOTSTRAP] Loading listeners...
[2025-08-26 20:34:22] [INFO]: [BOOTSTRAP] Loading listeners...
[2025-08-26 20:34:25] [INFO]: [BOOTSTRAP] Loading listeners...
[2025-08-26 20:34:27] [INFO]: [BOOTSTRAP] Loading listeners...
[2025-08-26 20:34:32] [INFO]: [BOOTSTRAP] Loading listeners...
[2025-08-26 20:34:37] [INFO]: [BOOTSTRAP] Loading listeners...
[2025-08-26 20:34:38] [INFO]: [BOOTSTRAP] Loading listeners...
[2025-08-26 20:34:46] [INFO]: [BOOTSTRAP] Loading listeners...
[2025-08-26 20:34:50] [INFO]: [BOOTSTRAP] Loading listeners...
[2025-08-26 20:34:52] [INFO]: [BOOTSTRAP] Loading listeners...
[2025-08-26 20:34:54] [INFO]: [BOOTSTRAP] Loading listeners...
[2025-08-26 20:34:58] [INFO]: [BOOTSTRAP] Loading listeners...
[2025-08-26 20:35:00] [INFO]: [BOOTSTRAP] Loading listeners...
[2025-08-26 20:35:08] [INFO]: [BOOTSTRAP] Loading listeners...
[2025-08-26 20:35:16] [INFO]: [BOOTSTRAP] Loading listeners...
[2025-08-26 20:35:19] [INFO]: [BOOTSTRAP] Loading listeners...
[2025-08-26 20:35:25] [INFO]: [BOOTSTRAP] Loading listeners...
[2025-08-26 20:35:32] [INFO]: [BOOTSTRAP] Loading listeners...
[2025-08-26 20:35:40] [INFO]: [BOOTSTRAP] Loading listeners...
[2025-08-26 20:35:53] [INFO]: [BOOTSTRAP] Loading listeners...
[2025-08-26 20:36:06] [INFO]: [BOOTSTRAP] Loading listeners...
[2025-08-26 20:36:09] [INFO]: [BOOTSTRAP] Loading listeners...
[2025-08-26 20:36:10] [INFO]: [BOOTSTRAP] Loading listeners...
[2025-08-26 20:36:21] [INFO]: [BOOTSTRAP] Loading listeners...
[2025-08-26 20:36:21] [INFO]: [Listeners] Loaded 4 file(s)
[2025-08-26 20:36:21] [INFO]: [BOOTSTRAP] All services ready.
[2025-08-26 20:36:21] [INFO]: [SERVER] [v1.0.0] [DEVELOPMENT]: Server is running on http://localhost:6625/
[2025-08-26 20:36:21] [INFO]: [DB] Connected to the database successfully
[2025-08-26 20:37:45] [INFO]: [BOOTSTRAP] Loading listeners...
[2025-08-26 20:37:45] [INFO]: [DB] Connected to the database successfully
[2025-08-26 20:37:45] [INFO]: [Listeners] Loaded 4 file(s)
[2025-08-26 20:37:45] [INFO]: [BOOTSTRAP] All services ready.
[2025-08-26 20:37:45] [INFO]: [SERVER] [v1.0.0] [DEVELOPMENT]: Server is running on http://localhost:6625/
[2025-08-26 20:37:54] [INFO]: [BOOTSTRAP] Loading listeners...
[2025-08-26 20:37:54] [INFO]: [DB] Connected to the database successfully
[2025-08-26 20:37:54] [INFO]: [Listeners] Loaded 4 file(s)
[2025-08-26 20:37:54] [INFO]: [BOOTSTRAP] All services ready.
[2025-08-26 20:37:54] [INFO]: [SERVER] [v1.0.0] [DEVELOPMENT]: Server is running on http://localhost:6625/
[2025-08-26 20:38:13] [INFO]: [BOOTSTRAP] Loading listeners...
[2025-08-26 20:38:13] [INFO]: [DB] Connected to the database successfully
[2025-08-26 20:38:13] [INFO]: [Listeners] Loaded 4 file(s)
[2025-08-26 20:38:13] [INFO]: [BOOTSTRAP] All services ready.
[2025-08-26 20:38:13] [INFO]: [SERVER] [v1.0.0] [DEVELOPMENT]: Server is running on http://localhost:6625/
[2025-08-26 20:38:15] [INFO]: [HINT] client left: FJdzJObEhwFO8hxHAAAC
[2025-08-26 20:40:15] [INFO]: [BOOTSTRAP] Loading listeners...
[2025-08-26 20:40:15] [INFO]: [DB] Connected to the database successfully
[2025-08-26 20:40:15] [INFO]: [Listeners] Loaded 4 file(s)
[2025-08-26 20:40:15] [INFO]: [BOOTSTRAP] All services ready.
[2025-08-26 20:40:15] [INFO]: [SERVER] [v1.0.0] [DEVELOPMENT]: Server is running on http://localhost:6625/
[2025-08-26 20:40:26] [INFO]: [BOOTSTRAP] Loading listeners...
[2025-08-26 20:40:26] [INFO]: [Listeners] Loaded 4 file(s)
[2025-08-26 20:40:26] [INFO]: [BOOTSTRAP] All services ready.
[2025-08-26 20:40:26] [INFO]: [SERVER] [v1.0.0] [DEVELOPMENT]: Server is running on http://localhost:6625/
[2025-08-26 20:40:26] [INFO]: [DB] Connected to the database successfully
[2025-08-26 20:40:53] [INFO]: [BOOTSTRAP] Loading listeners...
[2025-08-26 20:40:53] [INFO]: [DB] Connected to the database successfully
[2025-08-26 20:40:53] [INFO]: [Listeners] Loaded 4 file(s)
[2025-08-26 20:40:53] [INFO]: [BOOTSTRAP] All services ready.
[2025-08-26 20:40:53] [INFO]: [SERVER] [v1.0.0] [DEVELOPMENT]: Server is running on http://localhost:6625/
[2025-08-26 20:41:43] [INFO]: [BOOTSTRAP] Loading listeners...
[2025-08-26 20:41:43] [INFO]: [DB] Connected to the database successfully
[2025-08-26 20:41:43] [INFO]: [Listeners] Loaded 4 file(s)
[2025-08-26 20:41:43] [INFO]: [BOOTSTRAP] All services ready.
[2025-08-26 20:41:43] [INFO]: [SERVER] [v1.0.0] [DEVELOPMENT]: Server is running on http://localhost:6625/
[2025-08-26 20:41:57] [INFO]: [BOOTSTRAP] Loading listeners...
[2025-08-26 20:41:57] [INFO]: [DB] Connected to the database successfully
[2025-08-26 20:41:57] [INFO]: [Listeners] Loaded 4 file(s)
[2025-08-26 20:41:57] [INFO]: [BOOTSTRAP] All services ready.
[2025-08-26 20:41:57] [INFO]: [SERVER] [v1.0.0] [DEVELOPMENT]: Server is running on http://localhost:6625/
[2025-08-26 20:43:16] [INFO]: [BOOTSTRAP] Loading listeners...
[2025-08-26 20:43:16] [INFO]: [DB] Connected to the database successfully
[2025-08-26 20:43:16] [INFO]: [Listeners] Loaded 4 file(s)
[2025-08-26 20:43:16] [INFO]: [BOOTSTRAP] All services ready.
[2025-08-26 20:43:16] [INFO]: [SERVER] [v1.0.0] [DEVELOPMENT]: Server is running on http://localhost:6625/
[2025-08-26 20:43:19] [INFO]: [BOOTSTRAP] Loading listeners...
[2025-08-26 20:43:19] [INFO]: [DB] Connected to the database successfully
[2025-08-26 20:43:19] [INFO]: [Listeners] Loaded 4 file(s)
[2025-08-26 20:43:19] [INFO]: [BOOTSTRAP] All services ready.
[2025-08-26 20:43:19] [INFO]: [SERVER] [v1.0.0] [DEVELOPMENT]: Server is running on http://localhost:6625/
[2025-08-26 20:43:25] [INFO]: [BOOTSTRAP] Loading listeners...
[2025-08-26 20:43:25] [INFO]: [DB] Connected to the database successfully
[2025-08-26 20:43:25] [INFO]: [Listeners] Loaded 4 file(s)
[2025-08-26 20:43:25] [INFO]: [BOOTSTRAP] All services ready.
[2025-08-26 20:43:25] [INFO]: [SERVER] [v1.0.0] [DEVELOPMENT]: Server is running on http://localhost:6625/
[2025-08-26 20:43:30] [INFO]: [BOOTSTRAP] Loading listeners...
[2025-08-26 20:43:30] [INFO]: [DB] Connected to the database successfully
[2025-08-26 20:43:30] [INFO]: [Listeners] Loaded 4 file(s)
[2025-08-26 20:43:30] [INFO]: [BOOTSTRAP] All services ready.
[2025-08-26 20:43:30] [INFO]: [SERVER] [v1.0.0] [DEVELOPMENT]: Server is running on http://localhost:6625/
[2025-08-26 20:43:36] [INFO]: [BOOTSTRAP] Loading listeners...
[2025-08-26 20:43:37] [INFO]: [DB] Connected to the database successfully
[2025-08-26 20:43:37] [INFO]: [Listeners] Loaded 4 file(s)
[2025-08-26 20:43:37] [INFO]: [BOOTSTRAP] All services ready.
[2025-08-26 20:43:37] [INFO]: [SERVER] [v1.0.0] [DEVELOPMENT]: Server is running on http://localhost:6625/
[2025-08-26 20:43:42] [INFO]: [BOOTSTRAP] Loading listeners...
[2025-08-26 20:43:43] [INFO]: [DB] Connected to the database successfully
[2025-08-26 20:43:43] [INFO]: [Listeners] Loaded 4 file(s)
[2025-08-26 20:43:43] [INFO]: [BOOTSTRAP] All services ready.
[2025-08-26 20:43:43] [INFO]: [SERVER] [v1.0.0] [DEVELOPMENT]: Server is running on http://localhost:6625/
[2025-08-26 20:43:46] [INFO]: [BOOTSTRAP] Loading listeners...
[2025-08-26 20:43:46] [INFO]: [DB] Connected to the database successfully
[2025-08-26 20:43:46] [INFO]: [Listeners] Loaded 4 file(s)
[2025-08-26 20:43:46] [INFO]: [BOOTSTRAP] All services ready.
[2025-08-26 20:43:46] [INFO]: [SERVER] [v1.0.0] [DEVELOPMENT]: Server is running on http://localhost:6625/
[2025-08-26 20:43:49] [INFO]: [BOOTSTRAP] Loading listeners...
[2025-08-26 20:43:50] [INFO]: [DB] Connected to the database successfully
[2025-08-26 20:43:50] [INFO]: [Listeners] Loaded 4 file(s)
[2025-08-26 20:43:50] [INFO]: [BOOTSTRAP] All services ready.
[2025-08-26 20:43:50] [INFO]: [SERVER] [v1.0.0] [DEVELOPMENT]: Server is running on http://localhost:6625/
[2025-08-26 20:46:16] [INFO]: [HINT] client left: S87liD7jN95lMV1eAAAC
[2025-08-26 20:48:17] [INFO]: [HINT] client left: CQGo85eu1-RRY6q8AAAF
[2025-08-26 20:49:18] [INFO]: [HINT] client left: S5lYhAVcuWx4CmLlAAAI
[2025-08-26 20:49:18] [INFO]: [HINT] client left: C_JRyNi7KPHj6elGAAAK
[2025-08-26 20:51:33] [INFO]: [BOOTSTRAP] Loading listeners...
[2025-08-26 20:51:33] [INFO]: [DB] Connected to the database successfully
[2025-08-26 20:51:33] [INFO]: [Listeners] Loaded 4 file(s)
[2025-08-26 20:51:33] [INFO]: [BOOTSTRAP] All services ready.
[2025-08-26 20:51:33] [INFO]: [SERVER] [v1.0.0] [DEVELOPMENT]: Server is running on http://localhost:6625/
[2025-08-26 21:01:56] [INFO]: [HINT] client left: SQkNm5o3jclQ0yxUAAAC
[2025-08-26 21:08:35] [INFO]: [HINT] client left: tfCQPSZ42CIg8ducAAAF
