[2025-08-27 09:34:24] [INFO]: [BOOTSTRAP] Loading listeners...
[2025-08-27 09:34:24] [INFO]: [Listeners] Loaded 4 file(s)
[2025-08-27 09:34:24] [INFO]: [BOOTSTRAP] All services ready.
[2025-08-27 09:34:24] [INFO]: [SERVER] [v1.0.0] [DEVELOPMENT]: Server is running on http://localhost:6625/
[2025-08-27 09:34:24] [INFO]: [DB] Connected to the database successfully
[2025-08-27 09:40:19] [INFO]: [BOOTSTRAP] Loading listeners...
[2025-08-27 09:40:19] [INFO]: [DB] Connected to the database successfully
[2025-08-27 09:40:19] [INFO]: [Listeners] Loaded 4 file(s)
[2025-08-27 09:40:19] [INFO]: [BOOTSTRAP] All services ready.
[2025-08-27 09:40:19] [INFO]: [SERVER] [v1.0.0] [DEVELOPMENT]: Server is running on http://localhost:6625/
[2025-08-27 09:46:32] [INFO]: [HINT] client left: VGRqwePkTA7w7rnpAAAC
[2025-08-27 09:46:32] [INFO]: [HINT] client left: ojVHVSgTvv1_UALfAAAI
[2025-08-27 09:46:32] [INFO]: [HINT] client left: So2A6xqkfOircdLwAAAG
[2025-08-27 09:46:32] [INFO]: [HINT] client left: Dd2nrhu39wNyjIWtAAAE
[2025-08-27 09:47:37] [INFO]: [BOOTSTRAP] Loading listeners...
[2025-08-27 09:47:37] [INFO]: [Listeners] Loaded 4 file(s)
[2025-08-27 09:47:37] [INFO]: [BOOTSTRAP] All services ready.
[2025-08-27 09:47:37] [INFO]: [SERVER] [v1.0.0] [DEVELOPMENT]: Server is running on http://localhost:6625/
[2025-08-27 09:47:37] [INFO]: [DB] Connected to the database successfully
[2025-08-27 09:47:59] [INFO]: [BOOTSTRAP] Loading listeners...
[2025-08-27 09:47:59] [INFO]: [DB] Connected to the database successfully
[2025-08-27 09:47:59] [INFO]: [Listeners] Loaded 4 file(s)
[2025-08-27 09:47:59] [INFO]: [BOOTSTRAP] All services ready.
[2025-08-27 09:47:59] [INFO]: [SERVER] [v1.0.0] [DEVELOPMENT]: Server is running on http://localhost:6625/
[2025-08-27 09:48:40] [INFO]: [BOOTSTRAP] Loading listeners...
[2025-08-27 09:48:40] [INFO]: [DB] Connected to the database successfully
[2025-08-27 09:48:40] [INFO]: [Listeners] Loaded 4 file(s)
[2025-08-27 09:48:40] [INFO]: [BOOTSTRAP] All services ready.
[2025-08-27 09:48:40] [INFO]: [SERVER] [v1.0.0] [DEVELOPMENT]: Server is running on http://localhost:6625/
[2025-08-27 09:48:41] [INFO]: [BOOTSTRAP] Loading listeners...
[2025-08-27 09:48:42] [INFO]: [Listeners] Loaded 4 file(s)
[2025-08-27 09:48:42] [INFO]: [BOOTSTRAP] All services ready.
[2025-08-27 09:48:42] [INFO]: [SERVER] [v1.0.0] [DEVELOPMENT]: Server is running on http://localhost:6625/
[2025-08-27 09:48:42] [INFO]: [DB] Connected to the database successfully
[2025-08-27 09:49:13] [INFO]: [BOOTSTRAP] Loading listeners...
[2025-08-27 09:49:13] [INFO]: [DB] Connected to the database successfully
[2025-08-27 09:49:13] [INFO]: [Listeners] Loaded 4 file(s)
[2025-08-27 09:49:13] [INFO]: [BOOTSTRAP] All services ready.
[2025-08-27 09:49:13] [INFO]: [SERVER] [v1.0.0] [DEVELOPMENT]: Server is running on http://localhost:6625/
[2025-08-27 10:06:09] [INFO]: [BOOTSTRAP] Loading listeners...
[2025-08-27 10:06:09] [INFO]: [DB] Connected to the database successfully
[2025-08-27 10:06:09] [INFO]: [Listeners] Loaded 4 file(s)
[2025-08-27 10:06:09] [INFO]: [BOOTSTRAP] All services ready.
[2025-08-27 10:06:09] [INFO]: [SERVER] [v1.0.0] [DEVELOPMENT]: Server is running on http://localhost:6625/
[2025-08-27 10:06:10] [INFO]: [BOOTSTRAP] Loading listeners...
[2025-08-27 10:06:10] [INFO]: [DB] Connected to the database successfully
[2025-08-27 10:06:10] [INFO]: [Listeners] Loaded 4 file(s)
[2025-08-27 10:06:10] [INFO]: [BOOTSTRAP] All services ready.
[2025-08-27 10:06:10] [INFO]: [SERVER] [v1.0.0] [DEVELOPMENT]: Server is running on http://localhost:6625/
[2025-08-27 10:07:00] [INFO]: [BOOTSTRAP] Loading listeners...
[2025-08-27 10:07:00] [INFO]: [Listeners] Loaded 4 file(s)
[2025-08-27 10:07:00] [INFO]: [BOOTSTRAP] All services ready.
[2025-08-27 10:07:00] [INFO]: [SERVER] [v1.0.0] [DEVELOPMENT]: Server is running on http://localhost:6625/
[2025-08-27 10:07:00] [INFO]: [DB] Connected to the database successfully
[2025-08-27 10:07:21] [INFO]: [BOOTSTRAP] Loading listeners...
[2025-08-27 10:07:21] [INFO]: [DB] Connected to the database successfully
[2025-08-27 10:07:21] [INFO]: [Listeners] Loaded 4 file(s)
[2025-08-27 10:07:21] [INFO]: [BOOTSTRAP] All services ready.
[2025-08-27 10:07:21] [INFO]: [SERVER] [v1.0.0] [DEVELOPMENT]: Server is running on http://localhost:6625/
[2025-08-27 10:07:27] [INFO]: [BOOTSTRAP] Loading listeners...
[2025-08-27 10:07:27] [INFO]: [DB] Connected to the database successfully
[2025-08-27 10:07:27] [INFO]: [Listeners] Loaded 4 file(s)
[2025-08-27 10:07:27] [INFO]: [BOOTSTRAP] All services ready.
[2025-08-27 10:07:27] [INFO]: [SERVER] [v1.0.0] [DEVELOPMENT]: Server is running on http://localhost:6625/
[2025-08-27 10:07:28] [INFO]: [BOOTSTRAP] Loading listeners...
[2025-08-27 10:07:28] [INFO]: [DB] Connected to the database successfully
[2025-08-27 10:07:28] [INFO]: [Listeners] Loaded 4 file(s)
[2025-08-27 10:07:28] [INFO]: [BOOTSTRAP] All services ready.
[2025-08-27 10:07:28] [INFO]: [SERVER] [v1.0.0] [DEVELOPMENT]: Server is running on http://localhost:6625/
[2025-08-27 10:08:21] [INFO]: [BOOTSTRAP] Loading listeners...
[2025-08-27 10:08:21] [INFO]: [DB] Connected to the database successfully
[2025-08-27 10:08:21] [INFO]: [Listeners] Loaded 4 file(s)
[2025-08-27 10:08:21] [INFO]: [BOOTSTRAP] All services ready.
[2025-08-27 10:08:21] [INFO]: [SERVER] [v1.0.0] [DEVELOPMENT]: Server is running on http://localhost:6625/
[2025-08-27 10:08:29] [INFO]: [BOOTSTRAP] Loading listeners...
[2025-08-27 10:08:29] [INFO]: [Listeners] Loaded 4 file(s)
[2025-08-27 10:08:29] [INFO]: [BOOTSTRAP] All services ready.
[2025-08-27 10:08:29] [INFO]: [SERVER] [v1.0.0] [DEVELOPMENT]: Server is running on http://localhost:6625/
[2025-08-27 10:08:29] [INFO]: [DB] Connected to the database successfully
[2025-08-27 10:08:33] [INFO]: [BOOTSTRAP] Loading listeners...
[2025-08-27 10:08:33] [INFO]: [DB] Connected to the database successfully
[2025-08-27 10:08:33] [INFO]: [Listeners] Loaded 4 file(s)
[2025-08-27 10:08:33] [INFO]: [BOOTSTRAP] All services ready.
[2025-08-27 10:08:33] [INFO]: [SERVER] [v1.0.0] [DEVELOPMENT]: Server is running on http://localhost:6625/
[2025-08-27 10:08:38] [INFO]: [BOOTSTRAP] Loading listeners...
[2025-08-27 10:08:38] [INFO]: [DB] Connected to the database successfully
[2025-08-27 10:08:38] [INFO]: [Listeners] Loaded 4 file(s)
[2025-08-27 10:08:38] [INFO]: [BOOTSTRAP] All services ready.
[2025-08-27 10:08:38] [INFO]: [SERVER] [v1.0.0] [DEVELOPMENT]: Server is running on http://localhost:6625/
[2025-08-27 10:08:47] [INFO]: [BOOTSTRAP] Loading listeners...
[2025-08-27 10:08:47] [INFO]: [DB] Connected to the database successfully
[2025-08-27 10:08:47] [INFO]: [Listeners] Loaded 4 file(s)
[2025-08-27 10:08:47] [INFO]: [BOOTSTRAP] All services ready.
[2025-08-27 10:08:47] [INFO]: [SERVER] [v1.0.0] [DEVELOPMENT]: Server is running on http://localhost:6625/
[2025-08-27 10:09:06] [INFO]: [BOOTSTRAP] Loading listeners...
[2025-08-27 10:09:06] [INFO]: [Listeners] Loaded 4 file(s)
[2025-08-27 10:09:06] [INFO]: [BOOTSTRAP] All services ready.
[2025-08-27 10:09:06] [INFO]: [SERVER] [v1.0.0] [DEVELOPMENT]: Server is running on http://localhost:6625/
[2025-08-27 10:09:06] [INFO]: [DB] Connected to the database successfully
[2025-08-27 10:09:08] [INFO]: [BOOTSTRAP] Loading listeners...
[2025-08-27 10:09:09] [INFO]: [DB] Connected to the database successfully
[2025-08-27 10:09:09] [INFO]: [Listeners] Loaded 4 file(s)
[2025-08-27 10:09:09] [INFO]: [BOOTSTRAP] All services ready.
[2025-08-27 10:09:09] [INFO]: [SERVER] [v1.0.0] [DEVELOPMENT]: Server is running on http://localhost:6625/
[2025-08-27 10:09:22] [INFO]: [BOOTSTRAP] Loading listeners...
[2025-08-27 10:09:22] [INFO]: [DB] Connected to the database successfully
[2025-08-27 10:09:22] [INFO]: [Listeners] Loaded 4 file(s)
[2025-08-27 10:09:22] [INFO]: [BOOTSTRAP] All services ready.
[2025-08-27 10:09:22] [INFO]: [SERVER] [v1.0.0] [DEVELOPMENT]: Server is running on http://localhost:6625/
[2025-08-27 10:09:46] [INFO]: [BOOTSTRAP] Loading listeners...
[2025-08-27 10:09:46] [INFO]: [DB] Connected to the database successfully
[2025-08-27 10:09:46] [INFO]: [Listeners] Loaded 4 file(s)
[2025-08-27 10:09:46] [INFO]: [BOOTSTRAP] All services ready.
[2025-08-27 10:09:46] [INFO]: [SERVER] [v1.0.0] [DEVELOPMENT]: Server is running on http://localhost:6625/
[2025-08-27 10:09:57] [INFO]: [BOOTSTRAP] Loading listeners...
[2025-08-27 10:09:57] [INFO]: [DB] Connected to the database successfully
[2025-08-27 10:09:57] [INFO]: [Listeners] Loaded 4 file(s)
[2025-08-27 10:09:57] [INFO]: [BOOTSTRAP] All services ready.
[2025-08-27 10:09:57] [INFO]: [SERVER] [v1.0.0] [DEVELOPMENT]: Server is running on http://localhost:6625/
[2025-08-27 10:10:08] [INFO]: [BOOTSTRAP] Loading listeners...
[2025-08-27 10:10:08] [INFO]: [DB] Connected to the database successfully
[2025-08-27 10:10:08] [INFO]: [Listeners] Loaded 4 file(s)
[2025-08-27 10:10:08] [INFO]: [BOOTSTRAP] All services ready.
[2025-08-27 10:10:08] [INFO]: [SERVER] [v1.0.0] [DEVELOPMENT]: Server is running on http://localhost:6625/
[2025-08-27 10:10:12] [INFO]: [BOOTSTRAP] Loading listeners...
[2025-08-27 10:10:12] [INFO]: [DB] Connected to the database successfully
[2025-08-27 10:10:12] [INFO]: [Listeners] Loaded 4 file(s)
[2025-08-27 10:10:12] [INFO]: [BOOTSTRAP] All services ready.
[2025-08-27 10:10:12] [INFO]: [SERVER] [v1.0.0] [DEVELOPMENT]: Server is running on http://localhost:6625/
[2025-08-27 10:10:16] [INFO]: [BOOTSTRAP] Loading listeners...
[2025-08-27 10:10:16] [INFO]: [DB] Connected to the database successfully
[2025-08-27 10:10:16] [INFO]: [Listeners] Loaded 4 file(s)
[2025-08-27 10:10:16] [INFO]: [BOOTSTRAP] All services ready.
[2025-08-27 10:10:16] [INFO]: [SERVER] [v1.0.0] [DEVELOPMENT]: Server is running on http://localhost:6625/
[2025-08-27 10:10:32] [INFO]: [BOOTSTRAP] Loading listeners...
[2025-08-27 10:10:32] [INFO]: [DB] Connected to the database successfully
[2025-08-27 10:10:32] [INFO]: [Listeners] Loaded 4 file(s)
[2025-08-27 10:10:32] [INFO]: [BOOTSTRAP] All services ready.
[2025-08-27 10:10:32] [INFO]: [SERVER] [v1.0.0] [DEVELOPMENT]: Server is running on http://localhost:6625/
[2025-08-27 10:11:01] [INFO]: [BOOTSTRAP] Loading listeners...
[2025-08-27 10:11:01] [INFO]: [DB] Connected to the database successfully
[2025-08-27 10:11:01] [INFO]: [Listeners] Loaded 4 file(s)
[2025-08-27 10:11:01] [INFO]: [BOOTSTRAP] All services ready.
[2025-08-27 10:11:01] [INFO]: [SERVER] [v1.0.0] [DEVELOPMENT]: Server is running on http://localhost:6625/
[2025-08-27 10:11:29] [INFO]: [HINT] client left: 3eNxAziA18eDSgzIAAAE
[2025-08-27 10:11:29] [INFO]: [HINT] client left: nl7ATi1z_PQu_ZLbAAAD
[2025-08-27 10:11:36] [INFO]: [HINT] client left: sFQR3hp464qRCMs4AAAH
[2025-08-27 10:11:40] [INFO]: [BOOTSTRAP] Loading listeners...
[2025-08-27 10:11:40] [INFO]: [DB] Connected to the database successfully
[2025-08-27 10:11:40] [INFO]: [Listeners] Loaded 4 file(s)
[2025-08-27 10:11:40] [INFO]: [BOOTSTRAP] All services ready.
[2025-08-27 10:11:40] [INFO]: [SERVER] [v1.0.0] [DEVELOPMENT]: Server is running on http://localhost:6625/
[2025-08-27 10:11:55] [INFO]: [HINT] client left: cORSzUS815YicSw6AAAC
[2025-08-27 10:12:28] [INFO]: [HINT] client left: Wy8akLxlwT8SXm1RAAAF
[2025-08-27 10:32:13] [INFO]: [HINT] client left: Hc-WYVhpx91P2rVsAAAI
[2025-08-27 10:32:13] [INFO]: [HINT] client left: nBd07dOl0sPvKmBZAAAY
[2025-08-27 10:32:13] [INFO]: [HINT] client left: hMvCmaWlvCd5SUo4AAAW
[2025-08-27 10:32:13] [INFO]: [HINT] client left: tBnQxA2YoS86UKKMAAAU
[2025-08-27 10:32:13] [INFO]: [HINT] client left: UWbFgH4itHY3NhqPAAAS
[2025-08-27 10:32:13] [INFO]: [HINT] client left: N11fesKll27GpVZ_AAAQ
[2025-08-27 10:32:13] [INFO]: [HINT] client left: 6_DO6l-EjKBoZhsTAAAO
[2025-08-27 10:32:13] [INFO]: [HINT] client left: VSLRCqYLNFa2ThCNAAAM
[2025-08-27 10:32:13] [INFO]: [HINT] client left: y8-kDC8wVqlV2mH8AAAK
[2025-08-27 10:32:13] [INFO]: [HINT] client left: 26W_kJmQq_ZWKigDAAAw
[2025-08-27 10:32:13] [INFO]: [HINT] client left: s6ceHpt2tgEMSP1WAAAu
[2025-08-27 10:32:13] [INFO]: [HINT] client left: yBRlbWmRkOBMNPHOAAAs
[2025-08-27 10:32:13] [INFO]: [HINT] client left: y-eZAkS6t5XSWd-3AAAq
[2025-08-27 10:32:13] [INFO]: [HINT] client left: RPzjcm4m7hmVKVf2AAAo
[2025-08-27 10:32:13] [INFO]: [HINT] client left: HCE_j7oLA73R-8jMAAAm
[2025-08-27 10:32:13] [INFO]: [HINT] client left: 6Y-JwdYM4-liwiXVAAAk
[2025-08-27 10:32:13] [INFO]: [HINT] client left: Op5TATf700lvR4ijAAAi
[2025-08-27 10:32:13] [INFO]: [HINT] client left: RZ4my7ue00Pqr_SAAAAg
[2025-08-27 10:32:13] [INFO]: [HINT] client left: fbgGUAqfPyFG4kXWAAAe
[2025-08-27 10:32:13] [INFO]: [HINT] client left: hw5coNITmuuFD_wCAAAc
[2025-08-27 10:32:13] [INFO]: [HINT] client left: NyYph8BU67P9HEYJAAAa
[2025-08-27 10:35:14] [INFO]: [HINT] client left: FhDUq-DEcmP472H3AAAz
[2025-08-27 10:35:14] [INFO]: [HINT] client left: WI58mfcjBlaDzGjUAAA1
[2025-08-27 10:35:38] [INFO]: [BOOTSTRAP] Loading listeners...
[2025-08-27 10:35:38] [INFO]: [DB] Connected to the database successfully
[2025-08-27 10:35:38] [INFO]: [Listeners] Loaded 4 file(s)
[2025-08-27 10:35:38] [INFO]: [BOOTSTRAP] All services ready.
[2025-08-27 10:35:38] [INFO]: [SERVER] [v1.0.0] [DEVELOPMENT]: Server is running on http://localhost:6625/
[2025-08-27 10:35:45] [INFO]: [BOOTSTRAP] Loading listeners...
[2025-08-27 10:35:45] [INFO]: [DB] Connected to the database successfully
[2025-08-27 10:35:45] [INFO]: [Listeners] Loaded 4 file(s)
[2025-08-27 10:35:45] [INFO]: [BOOTSTRAP] All services ready.
[2025-08-27 10:35:45] [INFO]: [SERVER] [v1.0.0] [DEVELOPMENT]: Server is running on http://localhost:6625/
[2025-08-27 10:35:47] [INFO]: [BOOTSTRAP] Loading listeners...
[2025-08-27 10:35:47] [INFO]: [DB] Connected to the database successfully
[2025-08-27 10:35:47] [INFO]: [Listeners] Loaded 4 file(s)
[2025-08-27 10:35:47] [INFO]: [BOOTSTRAP] All services ready.
[2025-08-27 10:35:47] [INFO]: [SERVER] [v1.0.0] [DEVELOPMENT]: Server is running on http://localhost:6625/
[2025-08-27 10:37:22] [INFO]: [BOOTSTRAP] Loading listeners...
[2025-08-27 10:37:22] [INFO]: [DB] Connected to the database successfully
[2025-08-27 10:37:22] [INFO]: [Listeners] Loaded 4 file(s)
[2025-08-27 10:37:22] [INFO]: [BOOTSTRAP] All services ready.
[2025-08-27 10:37:22] [INFO]: [SERVER] [v1.0.0] [DEVELOPMENT]: Server is running on http://localhost:6625/
[2025-08-27 10:37:24] [INFO]: [BOOTSTRAP] Loading listeners...
[2025-08-27 10:37:24] [INFO]: [DB] Connected to the database successfully
[2025-08-27 10:37:24] [INFO]: [Listeners] Loaded 4 file(s)
[2025-08-27 10:37:24] [INFO]: [BOOTSTRAP] All services ready.
[2025-08-27 10:37:24] [INFO]: [SERVER] [v1.0.0] [DEVELOPMENT]: Server is running on http://localhost:6625/
[2025-08-27 10:37:35] [INFO]: [BOOTSTRAP] Loading listeners...
[2025-08-27 10:37:35] [INFO]: [Listeners] Loaded 4 file(s)
[2025-08-27 10:37:35] [INFO]: [BOOTSTRAP] All services ready.
[2025-08-27 10:37:35] [INFO]: [SERVER] [v1.0.0] [DEVELOPMENT]: Server is running on http://localhost:6625/
[2025-08-27 10:37:35] [INFO]: [DB] Connected to the database successfully
[2025-08-27 10:37:37] [INFO]: [BOOTSTRAP] Loading listeners...
[2025-08-27 10:37:37] [INFO]: [DB] Connected to the database successfully
[2025-08-27 10:37:37] [INFO]: [Listeners] Loaded 4 file(s)
[2025-08-27 10:37:37] [INFO]: [BOOTSTRAP] All services ready.
[2025-08-27 10:37:37] [INFO]: [SERVER] [v1.0.0] [DEVELOPMENT]: Server is running on http://localhost:6625/
[2025-08-27 10:39:36] [INFO]: [BOOTSTRAP] Loading listeners...
[2025-08-27 10:39:36] [INFO]: [DB] Connected to the database successfully
[2025-08-27 10:39:36] [INFO]: [Listeners] Loaded 4 file(s)
[2025-08-27 10:39:36] [INFO]: [BOOTSTRAP] All services ready.
[2025-08-27 10:39:36] [INFO]: [SERVER] [v1.0.0] [DEVELOPMENT]: Server is running on http://localhost:6625/
[2025-08-27 10:40:00] [INFO]: [HINT] client left: YbiYGfuXL-RwwGZsAAAG
[2025-08-27 10:40:00] [INFO]: [HINT] client left: rs7sZLJTa2u4MPQKAAAE
[2025-08-27 10:40:00] [INFO]: [HINT] client left: LJUbnwbEXq2LtwIXAAAC
[2025-08-27 10:40:42] [INFO]: [BOOTSTRAP] Loading listeners...
[2025-08-27 10:40:42] [INFO]: [DB] Connected to the database successfully
[2025-08-27 10:40:42] [INFO]: [Listeners] Loaded 4 file(s)
[2025-08-27 10:40:42] [INFO]: [BOOTSTRAP] All services ready.
[2025-08-27 10:40:42] [INFO]: [SERVER] [v1.0.0] [DEVELOPMENT]: Server is running on http://localhost:6625/
[2025-08-27 10:42:01] [INFO]: [BOOTSTRAP] Loading listeners...
[2025-08-27 10:42:01] [INFO]: [DB] Connected to the database successfully
[2025-08-27 10:42:01] [INFO]: [Listeners] Loaded 4 file(s)
[2025-08-27 10:42:01] [INFO]: [BOOTSTRAP] All services ready.
[2025-08-27 10:42:01] [INFO]: [SERVER] [v1.0.0] [DEVELOPMENT]: Server is running on http://localhost:6625/
[2025-08-27 10:42:08] [INFO]: [BOOTSTRAP] Loading listeners...
[2025-08-27 10:42:08] [INFO]: [DB] Connected to the database successfully
[2025-08-27 10:42:08] [INFO]: [Listeners] Loaded 4 file(s)
[2025-08-27 10:42:08] [INFO]: [BOOTSTRAP] All services ready.
[2025-08-27 10:42:08] [INFO]: [SERVER] [v1.0.0] [DEVELOPMENT]: Server is running on http://localhost:6625/
[2025-08-27 10:42:13] [INFO]: [BOOTSTRAP] Loading listeners...
[2025-08-27 10:42:13] [INFO]: [Listeners] Loaded 4 file(s)
[2025-08-27 10:42:13] [INFO]: [BOOTSTRAP] All services ready.
[2025-08-27 10:42:13] [INFO]: [SERVER] [v1.0.0] [DEVELOPMENT]: Server is running on http://localhost:6625/
[2025-08-27 10:42:13] [INFO]: [DB] Connected to the database successfully
[2025-08-27 10:42:15] [INFO]: [BOOTSTRAP] Loading listeners...
[2025-08-27 10:42:15] [INFO]: [Listeners] Loaded 4 file(s)
[2025-08-27 10:42:15] [INFO]: [BOOTSTRAP] All services ready.
[2025-08-27 10:42:15] [INFO]: [SERVER] [v1.0.0] [DEVELOPMENT]: Server is running on http://localhost:6625/
[2025-08-27 10:42:15] [INFO]: [DB] Connected to the database successfully
[2025-08-27 10:42:28] [INFO]: [BOOTSTRAP] Loading listeners...
[2025-08-27 10:42:28] [INFO]: [DB] Connected to the database successfully
[2025-08-27 10:42:28] [INFO]: [Listeners] Loaded 4 file(s)
[2025-08-27 10:42:28] [INFO]: [BOOTSTRAP] All services ready.
[2025-08-27 10:42:28] [INFO]: [SERVER] [v1.0.0] [DEVELOPMENT]: Server is running on http://localhost:6625/
[2025-08-27 10:42:32] [INFO]: [BOOTSTRAP] Loading listeners...
[2025-08-27 10:42:32] [INFO]: [DB] Connected to the database successfully
[2025-08-27 10:42:32] [INFO]: [Listeners] Loaded 4 file(s)
[2025-08-27 10:42:32] [INFO]: [BOOTSTRAP] All services ready.
[2025-08-27 10:42:32] [INFO]: [SERVER] [v1.0.0] [DEVELOPMENT]: Server is running on http://localhost:6625/
[2025-08-27 10:43:16] [INFO]: [BOOTSTRAP] Loading listeners...
[2025-08-27 10:43:16] [INFO]: [DB] Connected to the database successfully
[2025-08-27 10:43:16] [INFO]: [Listeners] Loaded 4 file(s)
[2025-08-27 10:43:16] [INFO]: [BOOTSTRAP] All services ready.
[2025-08-27 10:43:16] [INFO]: [SERVER] [v1.0.0] [DEVELOPMENT]: Server is running on http://localhost:6625/
[2025-08-27 10:43:42] [INFO]: [BOOTSTRAP] Loading listeners...
[2025-08-27 10:43:42] [INFO]: [DB] Connected to the database successfully
[2025-08-27 10:43:42] [INFO]: [Listeners] Loaded 4 file(s)
[2025-08-27 10:43:42] [INFO]: [BOOTSTRAP] All services ready.
[2025-08-27 10:43:42] [INFO]: [SERVER] [v1.0.0] [DEVELOPMENT]: Server is running on http://localhost:6625/
[2025-08-27 10:44:09] [INFO]: [BOOTSTRAP] Loading listeners...
[2025-08-27 10:44:09] [INFO]: [DB] Connected to the database successfully
[2025-08-27 10:44:09] [INFO]: [Listeners] Loaded 4 file(s)
[2025-08-27 10:44:09] [INFO]: [BOOTSTRAP] All services ready.
[2025-08-27 10:44:09] [INFO]: [SERVER] [v1.0.0] [DEVELOPMENT]: Server is running on http://localhost:6625/
[2025-08-27 10:44:42] [INFO]: [HINT] client left: xKSHPKBp1ef3ncRaAAAC
[2025-08-27 10:47:07] [INFO]: [HINT] client left: piF3I2EjCH2HCK_MAAAF
[2025-08-27 10:47:07] [INFO]: [HINT] client left: 7zN4IBW5mE_p5FmHAAAP
[2025-08-27 10:47:07] [INFO]: [HINT] client left: IZZjqy448WCrsDCXAAAN
[2025-08-27 10:47:07] [INFO]: [HINT] client left: V6XkpmH9YYMZkEFgAAAL
[2025-08-27 10:47:07] [INFO]: [HINT] client left: 3pQ_BSZJRLadrd3EAAAJ
[2025-08-27 10:47:07] [INFO]: [HINT] client left: tuGYVjT446T4VULvAAAH
[2025-08-27 10:51:23] [INFO]: [BOOTSTRAP] Loading listeners...
[2025-08-27 10:51:23] [INFO]: [DB] Connected to the database successfully
[2025-08-27 10:51:23] [INFO]: [Listeners] Loaded 4 file(s)
[2025-08-27 10:51:23] [INFO]: [BOOTSTRAP] All services ready.
[2025-08-27 10:51:23] [INFO]: [SERVER] [v1.0.0] [DEVELOPMENT]: Server is running on http://localhost:6625/
[2025-08-27 10:51:33] [INFO]: [BOOTSTRAP] Loading listeners...
[2025-08-27 10:51:33] [INFO]: [DB] Connected to the database successfully
[2025-08-27 10:51:33] [INFO]: [Listeners] Loaded 4 file(s)
[2025-08-27 10:51:33] [INFO]: [BOOTSTRAP] All services ready.
[2025-08-27 10:51:33] [INFO]: [SERVER] [v1.0.0] [DEVELOPMENT]: Server is running on http://localhost:6625/
[2025-08-27 10:51:37] [INFO]: [BOOTSTRAP] Loading listeners...
[2025-08-27 10:51:37] [INFO]: [DB] Connected to the database successfully
[2025-08-27 10:51:37] [INFO]: [Listeners] Loaded 4 file(s)
[2025-08-27 10:51:37] [INFO]: [BOOTSTRAP] All services ready.
[2025-08-27 10:51:37] [INFO]: [SERVER] [v1.0.0] [DEVELOPMENT]: Server is running on http://localhost:6625/
[2025-08-27 10:51:39] [INFO]: [BOOTSTRAP] Loading listeners...
[2025-08-27 10:51:40] [INFO]: [DB] Connected to the database successfully
[2025-08-27 10:51:40] [INFO]: [Listeners] Loaded 4 file(s)
[2025-08-27 10:51:40] [INFO]: [BOOTSTRAP] All services ready.
[2025-08-27 10:51:40] [INFO]: [SERVER] [v1.0.0] [DEVELOPMENT]: Server is running on http://localhost:6625/
[2025-08-27 10:51:49] [INFO]: [BOOTSTRAP] Loading listeners...
[2025-08-27 10:51:49] [INFO]: [DB] Connected to the database successfully
[2025-08-27 10:51:49] [INFO]: [Listeners] Loaded 4 file(s)
[2025-08-27 10:51:49] [INFO]: [BOOTSTRAP] All services ready.
[2025-08-27 10:51:49] [INFO]: [SERVER] [v1.0.0] [DEVELOPMENT]: Server is running on http://localhost:6625/
[2025-08-27 10:51:51] [INFO]: [BOOTSTRAP] Loading listeners...
[2025-08-27 10:51:51] [INFO]: [DB] Connected to the database successfully
[2025-08-27 10:51:51] [INFO]: [Listeners] Loaded 4 file(s)
[2025-08-27 10:51:51] [INFO]: [BOOTSTRAP] All services ready.
[2025-08-27 10:51:51] [INFO]: [SERVER] [v1.0.0] [DEVELOPMENT]: Server is running on http://localhost:6625/
[2025-08-27 10:52:05] [INFO]: [BOOTSTRAP] Loading listeners...
[2025-08-27 10:52:05] [INFO]: [Listeners] Loaded 4 file(s)
[2025-08-27 10:52:05] [INFO]: [BOOTSTRAP] All services ready.
[2025-08-27 10:52:05] [INFO]: [SERVER] [v1.0.0] [DEVELOPMENT]: Server is running on http://localhost:6625/
[2025-08-27 10:52:05] [INFO]: [DB] Connected to the database successfully
[2025-08-27 10:52:07] [INFO]: [BOOTSTRAP] Loading listeners...
[2025-08-27 10:52:07] [INFO]: [DB] Connected to the database successfully
[2025-08-27 10:52:07] [INFO]: [Listeners] Loaded 4 file(s)
[2025-08-27 10:52:07] [INFO]: [BOOTSTRAP] All services ready.
[2025-08-27 10:52:07] [INFO]: [SERVER] [v1.0.0] [DEVELOPMENT]: Server is running on http://localhost:6625/
[2025-08-27 10:52:08] [INFO]: [BOOTSTRAP] Loading listeners...
[2025-08-27 10:52:08] [INFO]: [DB] Connected to the database successfully
[2025-08-27 10:52:09] [INFO]: [Listeners] Loaded 4 file(s)
[2025-08-27 10:52:09] [INFO]: [BOOTSTRAP] All services ready.
[2025-08-27 10:52:09] [INFO]: [SERVER] [v1.0.0] [DEVELOPMENT]: Server is running on http://localhost:6625/
[2025-08-27 10:52:10] [INFO]: [BOOTSTRAP] Loading listeners...
[2025-08-27 10:52:10] [INFO]: [DB] Connected to the database successfully
[2025-08-27 10:52:11] [INFO]: [Listeners] Loaded 4 file(s)
[2025-08-27 10:52:11] [INFO]: [BOOTSTRAP] All services ready.
[2025-08-27 10:52:11] [INFO]: [SERVER] [v1.0.0] [DEVELOPMENT]: Server is running on http://localhost:6625/
[2025-08-27 10:52:15] [INFO]: [BOOTSTRAP] Loading listeners...
[2025-08-27 10:52:15] [INFO]: [DB] Connected to the database successfully
[2025-08-27 10:52:15] [INFO]: [Listeners] Loaded 4 file(s)
[2025-08-27 10:52:15] [INFO]: [BOOTSTRAP] All services ready.
[2025-08-27 10:52:15] [INFO]: [SERVER] [v1.0.0] [DEVELOPMENT]: Server is running on http://localhost:6625/
[2025-08-27 10:52:18] [INFO]: [BOOTSTRAP] Loading listeners...
[2025-08-27 10:52:18] [INFO]: [DB] Connected to the database successfully
[2025-08-27 10:52:18] [INFO]: [Listeners] Loaded 4 file(s)
[2025-08-27 10:52:18] [INFO]: [BOOTSTRAP] All services ready.
[2025-08-27 10:52:18] [INFO]: [SERVER] [v1.0.0] [DEVELOPMENT]: Server is running on http://localhost:6625/
[2025-08-27 10:52:21] [INFO]: [BOOTSTRAP] Loading listeners...
[2025-08-27 10:52:21] [INFO]: [DB] Connected to the database successfully
[2025-08-27 10:52:21] [INFO]: [Listeners] Loaded 4 file(s)
[2025-08-27 10:52:21] [INFO]: [BOOTSTRAP] All services ready.
[2025-08-27 10:52:21] [INFO]: [SERVER] [v1.0.0] [DEVELOPMENT]: Server is running on http://localhost:6625/
[2025-08-27 10:52:28] [INFO]: [BOOTSTRAP] Loading listeners...
[2025-08-27 10:52:28] [INFO]: [DB] Connected to the database successfully
[2025-08-27 10:52:28] [INFO]: [Listeners] Loaded 4 file(s)
[2025-08-27 10:52:28] [INFO]: [BOOTSTRAP] All services ready.
[2025-08-27 10:52:28] [INFO]: [SERVER] [v1.0.0] [DEVELOPMENT]: Server is running on http://localhost:6625/
[2025-08-27 10:52:29] [INFO]: [BOOTSTRAP] Loading listeners...
[2025-08-27 10:52:29] [INFO]: [DB] Connected to the database successfully
[2025-08-27 10:52:29] [INFO]: [Listeners] Loaded 4 file(s)
[2025-08-27 10:52:29] [INFO]: [BOOTSTRAP] All services ready.
[2025-08-27 10:52:29] [INFO]: [SERVER] [v1.0.0] [DEVELOPMENT]: Server is running on http://localhost:6625/
[2025-08-27 10:52:38] [INFO]: [BOOTSTRAP] Loading listeners...
[2025-08-27 10:52:38] [INFO]: [DB] Connected to the database successfully
[2025-08-27 10:52:38] [INFO]: [Listeners] Loaded 4 file(s)
[2025-08-27 10:52:38] [INFO]: [BOOTSTRAP] All services ready.
[2025-08-27 10:52:38] [INFO]: [SERVER] [v1.0.0] [DEVELOPMENT]: Server is running on http://localhost:6625/
[2025-08-27 10:52:45] [INFO]: [BOOTSTRAP] Loading listeners...
[2025-08-27 10:52:45] [INFO]: [DB] Connected to the database successfully
[2025-08-27 10:52:45] [INFO]: [Listeners] Loaded 4 file(s)
[2025-08-27 10:52:45] [INFO]: [BOOTSTRAP] All services ready.
[2025-08-27 10:52:45] [INFO]: [SERVER] [v1.0.0] [DEVELOPMENT]: Server is running on http://localhost:6625/
[2025-08-27 10:52:49] [INFO]: [BOOTSTRAP] Loading listeners...
[2025-08-27 10:52:49] [INFO]: [DB] Connected to the database successfully
[2025-08-27 10:52:49] [INFO]: [Listeners] Loaded 4 file(s)
[2025-08-27 10:52:49] [INFO]: [BOOTSTRAP] All services ready.
[2025-08-27 10:52:49] [INFO]: [SERVER] [v1.0.0] [DEVELOPMENT]: Server is running on http://localhost:6625/
[2025-08-27 10:52:55] [INFO]: [BOOTSTRAP] Loading listeners...
[2025-08-27 10:52:55] [INFO]: [DB] Connected to the database successfully
[2025-08-27 10:52:55] [INFO]: [Listeners] Loaded 4 file(s)
[2025-08-27 10:52:55] [INFO]: [BOOTSTRAP] All services ready.
[2025-08-27 10:52:55] [INFO]: [SERVER] [v1.0.0] [DEVELOPMENT]: Server is running on http://localhost:6625/
[2025-08-27 10:55:35] [INFO]: [BOOTSTRAP] Loading listeners...
[2025-08-27 10:55:35] [INFO]: [DB] Connected to the database successfully
[2025-08-27 10:55:35] [INFO]: [Listeners] Loaded 4 file(s)
[2025-08-27 10:55:35] [INFO]: [BOOTSTRAP] All services ready.
[2025-08-27 10:55:35] [INFO]: [SERVER] [v1.0.0] [DEVELOPMENT]: Server is running on http://localhost:6625/
[2025-08-27 10:57:45] [INFO]: [HINT] client left: bgmtMxgTLSTwqO8tAAAG
[2025-08-27 10:57:45] [INFO]: [HINT] client left: F6FcYEb3mXmAUVGuAAAo
[2025-08-27 10:57:45] [INFO]: [HINT] client left: rKmti9RTG8YF1OtAAAAm
[2025-08-27 10:57:45] [INFO]: [HINT] client left: eSuK4uR1yyJMe84jAAAk
[2025-08-27 10:57:45] [INFO]: [HINT] client left: FageDDy3-CDZuj-XAAAi
[2025-08-27 10:57:45] [INFO]: [HINT] client left: 0BhLcxSNfU2qHXy7AAAg
[2025-08-27 10:57:45] [INFO]: [HINT] client left: aeJ-W8-vn9DOiGAcAAAe
[2025-08-27 10:57:45] [INFO]: [HINT] client left: QRPnB9AvdHD50ScdAAAc
[2025-08-27 10:57:45] [INFO]: [HINT] client left: YkSdRFr5l6GKZAxzAAAa
[2025-08-27 10:57:45] [INFO]: [HINT] client left: gm47T237ErR9AV3nAAAY
[2025-08-27 10:57:45] [INFO]: [HINT] client left: kTUR48xVPlYxDmWaAAAX
[2025-08-27 10:57:45] [INFO]: [HINT] client left: NgrMcFoUjEaqPTgfAAAW
[2025-08-27 10:57:45] [INFO]: [HINT] client left: wg5XBts8FCwdUAJcAAAV
[2025-08-27 10:57:45] [INFO]: [HINT] client left: ekopnLjWbxCiBt0CAAAU
[2025-08-27 10:57:45] [INFO]: [HINT] client left: AePGX7R9wL1nNHieAAAT
[2025-08-27 10:57:45] [INFO]: [HINT] client left: 7YZunwn2V3DfaeC8AAAS
[2025-08-27 10:57:45] [INFO]: [HINT] client left: gaVjFx4n7YaXfZH1AAAR
[2025-08-27 10:57:45] [INFO]: [HINT] client left: 1nABBHZKQMzrck2SAAAO
[2025-08-27 10:57:45] [INFO]: [HINT] client left: hPrAEaZrQhy5FFQBAAAF
[2025-08-27 10:57:45] [INFO]: [HINT] client left: xWzHsHI2lrOr3V6VAAAE
[2025-08-27 10:58:07] [INFO]: [BOOTSTRAP] Loading listeners...
[2025-08-27 10:58:07] [INFO]: [DB] Connected to the database successfully
[2025-08-27 10:58:07] [INFO]: [Listeners] Loaded 4 file(s)
[2025-08-27 10:58:07] [INFO]: [BOOTSTRAP] All services ready.
[2025-08-27 10:58:07] [INFO]: [SERVER] [v1.0.0] [DEVELOPMENT]: Server is running on http://localhost:6625/
[2025-08-27 10:58:33] [INFO]: [HINT] client left: WinRzvsIO-Ic7X3DAAAC
[2025-08-27 11:08:23] [INFO]: [HINT] client left: 06tW18UqM7DOEHtTAAAF
[2025-08-27 11:11:34] [INFO]: [BOOTSTRAP] Loading listeners...
[2025-08-27 11:11:34] [INFO]: [DB] Connected to the database successfully
[2025-08-27 11:11:34] [INFO]: [Listeners] Loaded 4 file(s)
[2025-08-27 11:11:34] [INFO]: [BOOTSTRAP] All services ready.
[2025-08-27 11:11:34] [INFO]: [SERVER] [v1.0.0] [DEVELOPMENT]: Server is running on http://localhost:6625/
[2025-08-27 11:11:37] [INFO]: [BOOTSTRAP] Loading listeners...
[2025-08-27 11:11:37] [INFO]: [DB] Connected to the database successfully
[2025-08-27 11:11:37] [INFO]: [Listeners] Loaded 4 file(s)
[2025-08-27 11:11:37] [INFO]: [BOOTSTRAP] All services ready.
[2025-08-27 11:11:37] [INFO]: [SERVER] [v1.0.0] [DEVELOPMENT]: Server is running on http://localhost:6625/
[2025-08-27 11:11:43] [INFO]: [BOOTSTRAP] Loading listeners...
[2025-08-27 11:11:43] [INFO]: [DB] Connected to the database successfully
[2025-08-27 11:11:44] [INFO]: [Listeners] Loaded 4 file(s)
[2025-08-27 11:11:44] [INFO]: [BOOTSTRAP] All services ready.
[2025-08-27 11:11:44] [INFO]: [SERVER] [v1.0.0] [DEVELOPMENT]: Server is running on http://localhost:6625/
[2025-08-27 11:11:47] [INFO]: [BOOTSTRAP] Loading listeners...
[2025-08-27 11:11:47] [INFO]: [DB] Connected to the database successfully
[2025-08-27 11:11:47] [INFO]: [Listeners] Loaded 4 file(s)
[2025-08-27 11:11:47] [INFO]: [BOOTSTRAP] All services ready.
[2025-08-27 11:11:47] [INFO]: [SERVER] [v1.0.0] [DEVELOPMENT]: Server is running on http://localhost:6625/
[2025-08-27 11:11:53] [INFO]: [BOOTSTRAP] Loading listeners...
[2025-08-27 11:11:53] [INFO]: [DB] Connected to the database successfully
[2025-08-27 11:11:53] [INFO]: [Listeners] Loaded 4 file(s)
[2025-08-27 11:11:53] [INFO]: [BOOTSTRAP] All services ready.
[2025-08-27 11:11:53] [INFO]: [SERVER] [v1.0.0] [DEVELOPMENT]: Server is running on http://localhost:6625/
[2025-08-27 11:14:33] [INFO]: [HINT] client left: rXYakV5ZHHySWyRBAAAC
[2025-08-27 11:14:35] [INFO]: [HINT] client left: 9BfGE9PM6NpJDUV_AAAF
[2025-08-27 11:14:41] [INFO]: [HINT] client left: kKtXn1N6nYjb4p_AAAAI
[2025-08-27 11:14:42] [INFO]: [HINT] client left: 93DzJFJxEe6-2sl6AAAL
[2025-08-27 11:14:58] [INFO]: [HINT] client left: 8Gh3GurhldglLy11AAAO
[2025-08-27 11:15:02] [INFO]: [HINT] client left: i6q8FkUBFOY4Ba26AAAR
[2025-08-27 11:15:04] [INFO]: [HINT] client left: n85KEi7cytLJBkjZAAAU
[2025-08-27 11:15:05] [INFO]: [HINT] client left: alernKCPXjZ-lEpYAAAX
[2025-08-27 11:15:11] [INFO]: [HINT] client left: 4U7lP40belawn4rvAAAa
[2025-08-27 11:15:16] [INFO]: [HINT] client left: YZOHJXNM0qNlQjPZAAAd
[2025-08-27 11:15:17] [INFO]: [HINT] client left: eghgZRMfMhWg4YzEAAAg
[2025-08-27 11:15:31] [INFO]: [HINT] client left: fTXL3XI4o6ftGteWAAAj
[2025-08-27 11:17:24] [INFO]: [HINT] client left: pBRI5Tm282vC9S1aAAAm
[2025-08-27 11:17:24] [INFO]: [HINT] client left: PMQILNPoGB-R9DsOAAAo
[2025-08-27 11:18:10] [INFO]: [BOOTSTRAP] Loading listeners...
[2025-08-27 11:18:10] [INFO]: [DB] Connected to the database successfully
[2025-08-27 11:18:10] [INFO]: [Listeners] Loaded 4 file(s)
[2025-08-27 11:18:10] [INFO]: [BOOTSTRAP] All services ready.
[2025-08-27 11:18:10] [INFO]: [SERVER] [v1.0.0] [DEVELOPMENT]: Server is running on http://localhost:6625/
[2025-08-27 11:18:13] [INFO]: [BOOTSTRAP] Loading listeners...
[2025-08-27 11:18:13] [INFO]: [DB] Connected to the database successfully
[2025-08-27 11:18:13] [INFO]: [Listeners] Loaded 4 file(s)
[2025-08-27 11:18:13] [INFO]: [BOOTSTRAP] All services ready.
[2025-08-27 11:18:13] [INFO]: [SERVER] [v1.0.0] [DEVELOPMENT]: Server is running on http://localhost:6625/
[2025-08-27 11:18:22] [INFO]: [BOOTSTRAP] Loading listeners...
[2025-08-27 11:18:22] [INFO]: [DB] Connected to the database successfully
[2025-08-27 11:18:22] [INFO]: [Listeners] Loaded 4 file(s)
[2025-08-27 11:18:22] [INFO]: [BOOTSTRAP] All services ready.
[2025-08-27 11:18:22] [INFO]: [SERVER] [v1.0.0] [DEVELOPMENT]: Server is running on http://localhost:6625/
[2025-08-27 11:18:35] [INFO]: [BOOTSTRAP] Loading listeners...
[2025-08-27 11:18:35] [INFO]: [Listeners] Loaded 4 file(s)
[2025-08-27 11:18:35] [INFO]: [BOOTSTRAP] All services ready.
[2025-08-27 11:18:35] [INFO]: [SERVER] [v1.0.0] [DEVELOPMENT]: Server is running on http://localhost:6625/
[2025-08-27 11:18:35] [INFO]: [DB] Connected to the database successfully
[2025-08-27 11:18:53] [INFO]: [BOOTSTRAP] Loading listeners...
[2025-08-27 11:18:53] [INFO]: [Listeners] Loaded 4 file(s)
[2025-08-27 11:18:53] [INFO]: [BOOTSTRAP] All services ready.
[2025-08-27 11:18:53] [INFO]: [SERVER] [v1.0.0] [DEVELOPMENT]: Server is running on http://localhost:6625/
[2025-08-27 11:18:53] [INFO]: [DB] Connected to the database successfully
[2025-08-27 11:18:56] [INFO]: [BOOTSTRAP] Loading listeners...
[2025-08-27 11:18:56] [INFO]: [DB] Connected to the database successfully
[2025-08-27 11:18:56] [INFO]: [Listeners] Loaded 4 file(s)
[2025-08-27 11:18:56] [INFO]: [BOOTSTRAP] All services ready.
[2025-08-27 11:18:56] [INFO]: [SERVER] [v1.0.0] [DEVELOPMENT]: Server is running on http://localhost:6625/
[2025-08-27 11:19:04] [INFO]: [BOOTSTRAP] Loading listeners...
[2025-08-27 11:19:04] [INFO]: [DB] Connected to the database successfully
[2025-08-27 11:19:04] [INFO]: [Listeners] Loaded 4 file(s)
[2025-08-27 11:19:04] [INFO]: [BOOTSTRAP] All services ready.
[2025-08-27 11:19:04] [INFO]: [SERVER] [v1.0.0] [DEVELOPMENT]: Server is running on http://localhost:6625/
[2025-08-27 11:19:07] [INFO]: [BOOTSTRAP] Loading listeners...
[2025-08-27 11:19:07] [INFO]: [DB] Connected to the database successfully
[2025-08-27 11:19:07] [INFO]: [Listeners] Loaded 4 file(s)
[2025-08-27 11:19:07] [INFO]: [BOOTSTRAP] All services ready.
[2025-08-27 11:19:07] [INFO]: [SERVER] [v1.0.0] [DEVELOPMENT]: Server is running on http://localhost:6625/
[2025-08-27 11:19:08] [INFO]: [BOOTSTRAP] Loading listeners...
[2025-08-27 11:19:08] [INFO]: [DB] Connected to the database successfully
[2025-08-27 11:19:08] [INFO]: [Listeners] Loaded 4 file(s)
[2025-08-27 11:19:08] [INFO]: [BOOTSTRAP] All services ready.
[2025-08-27 11:19:08] [INFO]: [SERVER] [v1.0.0] [DEVELOPMENT]: Server is running on http://localhost:6625/
[2025-08-27 11:19:11] [INFO]: [BOOTSTRAP] Loading listeners...
[2025-08-27 11:19:11] [INFO]: [DB] Connected to the database successfully
[2025-08-27 11:19:11] [INFO]: [Listeners] Loaded 4 file(s)
[2025-08-27 11:19:11] [INFO]: [BOOTSTRAP] All services ready.
[2025-08-27 11:19:11] [INFO]: [SERVER] [v1.0.0] [DEVELOPMENT]: Server is running on http://localhost:6625/
[2025-08-27 11:19:15] [INFO]: [BOOTSTRAP] Loading listeners...
[2025-08-27 11:19:15] [INFO]: [DB] Connected to the database successfully
[2025-08-27 11:19:15] [INFO]: [Listeners] Loaded 4 file(s)
[2025-08-27 11:19:15] [INFO]: [BOOTSTRAP] All services ready.
[2025-08-27 11:19:15] [INFO]: [SERVER] [v1.0.0] [DEVELOPMENT]: Server is running on http://localhost:6625/
[2025-08-27 11:19:18] [INFO]: [BOOTSTRAP] Loading listeners...
[2025-08-27 11:19:18] [INFO]: [Listeners] Loaded 4 file(s)
[2025-08-27 11:19:18] [INFO]: [BOOTSTRAP] All services ready.
[2025-08-27 11:19:18] [INFO]: [SERVER] [v1.0.0] [DEVELOPMENT]: Server is running on http://localhost:6625/
[2025-08-27 11:19:18] [INFO]: [DB] Connected to the database successfully
[2025-08-27 11:19:22] [INFO]: [BOOTSTRAP] Loading listeners...
[2025-08-27 11:19:22] [INFO]: [Listeners] Loaded 4 file(s)
[2025-08-27 11:19:22] [INFO]: [BOOTSTRAP] All services ready.
[2025-08-27 11:19:22] [INFO]: [SERVER] [v1.0.0] [DEVELOPMENT]: Server is running on http://localhost:6625/
[2025-08-27 11:19:22] [INFO]: [DB] Connected to the database successfully
[2025-08-27 11:19:24] [INFO]: [BOOTSTRAP] Loading listeners...
[2025-08-27 11:19:24] [INFO]: [DB] Connected to the database successfully
[2025-08-27 11:19:24] [INFO]: [Listeners] Loaded 4 file(s)
[2025-08-27 11:19:24] [INFO]: [BOOTSTRAP] All services ready.
[2025-08-27 11:19:24] [INFO]: [SERVER] [v1.0.0] [DEVELOPMENT]: Server is running on http://localhost:6625/
[2025-08-27 11:19:27] [INFO]: [BOOTSTRAP] Loading listeners...
[2025-08-27 11:19:27] [INFO]: [DB] Connected to the database successfully
[2025-08-27 11:19:27] [INFO]: [Listeners] Loaded 4 file(s)
[2025-08-27 11:19:27] [INFO]: [BOOTSTRAP] All services ready.
[2025-08-27 11:19:27] [INFO]: [SERVER] [v1.0.0] [DEVELOPMENT]: Server is running on http://localhost:6625/
[2025-08-27 11:21:09] [INFO]: [BOOTSTRAP] Loading listeners...
[2025-08-27 11:21:09] [INFO]: [DB] Connected to the database successfully
[2025-08-27 11:21:09] [INFO]: [Listeners] Loaded 4 file(s)
[2025-08-27 11:21:09] [INFO]: [BOOTSTRAP] All services ready.
[2025-08-27 11:21:09] [INFO]: [SERVER] [v1.0.0] [DEVELOPMENT]: Server is running on http://localhost:6625/
[2025-08-27 11:21:14] [INFO]: [BOOTSTRAP] Loading listeners...
[2025-08-27 11:21:14] [INFO]: [DB] Connected to the database successfully
[2025-08-27 11:21:14] [INFO]: [Listeners] Loaded 4 file(s)
[2025-08-27 11:21:14] [INFO]: [BOOTSTRAP] All services ready.
[2025-08-27 11:21:14] [INFO]: [SERVER] [v1.0.0] [DEVELOPMENT]: Server is running on http://localhost:6625/
[2025-08-27 11:21:26] [INFO]: [BOOTSTRAP] Loading listeners...
[2025-08-27 11:21:26] [INFO]: [Listeners] Loaded 4 file(s)
[2025-08-27 11:21:26] [INFO]: [BOOTSTRAP] All services ready.
[2025-08-27 11:21:26] [INFO]: [SERVER] [v1.0.0] [DEVELOPMENT]: Server is running on http://localhost:6625/
[2025-08-27 11:21:26] [INFO]: [DB] Connected to the database successfully
[2025-08-27 11:21:33] [INFO]: [BOOTSTRAP] Loading listeners...
[2025-08-27 11:21:33] [INFO]: [DB] Connected to the database successfully
[2025-08-27 11:21:33] [INFO]: [Listeners] Loaded 4 file(s)
[2025-08-27 11:21:33] [INFO]: [BOOTSTRAP] All services ready.
[2025-08-27 11:21:33] [INFO]: [SERVER] [v1.0.0] [DEVELOPMENT]: Server is running on http://localhost:6625/
[2025-08-27 11:21:36] [INFO]: [BOOTSTRAP] Loading listeners...
[2025-08-27 11:21:36] [INFO]: [DB] Connected to the database successfully
[2025-08-27 11:21:36] [INFO]: [Listeners] Loaded 4 file(s)
[2025-08-27 11:21:36] [INFO]: [BOOTSTRAP] All services ready.
[2025-08-27 11:21:36] [INFO]: [SERVER] [v1.0.0] [DEVELOPMENT]: Server is running on http://localhost:6625/
[2025-08-27 11:21:39] [INFO]: [HINT] client left: OI8TGxxN_eidgV-uAAAC
[2025-08-27 11:24:46] [INFO]: [HINT] client left: CCY8FWPCUH1ZbFooAAAH
[2025-08-27 11:24:46] [INFO]: [HINT] client left: 7rutXeA6uc_R8YeCAAAF
[2025-08-27 11:24:46] [INFO]: [HINT] client left: x68T4gXUNc-A87KsAAAX
[2025-08-27 11:24:46] [INFO]: [HINT] client left: E_GIRo-GUzy5l2u_AAAV
[2025-08-27 11:24:46] [INFO]: [HINT] client left: Fg8HVEb-zqNy9GkoAAAT
[2025-08-27 11:24:46] [INFO]: [HINT] client left: FK18TrVuZkI0SaT8AAAR
[2025-08-27 11:24:46] [INFO]: [HINT] client left: gL8ZRpgdCFnumHhyAAAP
[2025-08-27 11:24:46] [INFO]: [HINT] client left: wqq6A_YRLKE-WR_tAAAN
[2025-08-27 11:24:46] [INFO]: [HINT] client left: NtZ7_KI52931NAxkAAAL
[2025-08-27 11:24:46] [INFO]: [HINT] client left: UvQKEIvK-8INouJ1AAAJ
[2025-08-27 11:25:06] [INFO]: [HINT] client left: zZNCO4AQ8LS-YAUVAAAa
[2025-08-27 11:25:34] [INFO]: [BOOTSTRAP] Loading listeners...
[2025-08-27 11:25:34] [INFO]: [Listeners] Loaded 4 file(s)
[2025-08-27 11:25:34] [INFO]: [BOOTSTRAP] All services ready.
[2025-08-27 11:25:34] [INFO]: [SERVER] [v1.0.0] [DEVELOPMENT]: Server is running on http://localhost:6625/
[2025-08-27 11:25:34] [INFO]: [DB] Connected to the database successfully
[2025-08-27 11:25:39] [INFO]: [BOOTSTRAP] Loading listeners...
[2025-08-27 11:25:39] [INFO]: [DB] Connected to the database successfully
[2025-08-27 11:25:39] [INFO]: [Listeners] Loaded 4 file(s)
[2025-08-27 11:25:39] [INFO]: [BOOTSTRAP] All services ready.
[2025-08-27 11:25:39] [INFO]: [SERVER] [v1.0.0] [DEVELOPMENT]: Server is running on http://localhost:6625/
[2025-08-27 11:26:10] [INFO]: [BOOTSTRAP] Loading listeners...
[2025-08-27 11:26:10] [INFO]: [DB] Connected to the database successfully
[2025-08-27 11:26:10] [INFO]: [Listeners] Loaded 4 file(s)
[2025-08-27 11:26:10] [INFO]: [BOOTSTRAP] All services ready.
[2025-08-27 11:26:10] [INFO]: [SERVER] [v1.0.0] [DEVELOPMENT]: Server is running on http://localhost:6625/
[2025-08-27 11:26:25] [INFO]: [BOOTSTRAP] Loading listeners...
[2025-08-27 11:26:25] [INFO]: [DB] Connected to the database successfully
[2025-08-27 11:26:25] [INFO]: [Listeners] Loaded 4 file(s)
[2025-08-27 11:26:25] [INFO]: [BOOTSTRAP] All services ready.
[2025-08-27 11:26:25] [INFO]: [SERVER] [v1.0.0] [DEVELOPMENT]: Server is running on http://localhost:6625/
[2025-08-27 11:27:27] [INFO]: [BOOTSTRAP] Loading listeners...
[2025-08-27 11:27:27] [INFO]: [Listeners] Loaded 4 file(s)
[2025-08-27 11:27:27] [INFO]: [BOOTSTRAP] All services ready.
[2025-08-27 11:27:27] [INFO]: [SERVER] [v1.0.0] [DEVELOPMENT]: Server is running on http://localhost:6625/
[2025-08-27 11:27:27] [INFO]: [DB] Connected to the database successfully
[2025-08-27 11:27:28] [INFO]: [BOOTSTRAP] Loading listeners...
[2025-08-27 11:27:28] [INFO]: [DB] Connected to the database successfully
[2025-08-27 11:27:28] [INFO]: [Listeners] Loaded 4 file(s)
[2025-08-27 11:27:28] [INFO]: [BOOTSTRAP] All services ready.
[2025-08-27 11:27:28] [INFO]: [SERVER] [v1.0.0] [DEVELOPMENT]: Server is running on http://localhost:6625/
[2025-08-27 11:27:39] [INFO]: [BOOTSTRAP] Loading listeners...
[2025-08-27 11:27:40] [INFO]: [DB] Connected to the database successfully
[2025-08-27 11:27:40] [INFO]: [Listeners] Loaded 4 file(s)
[2025-08-27 11:27:40] [INFO]: [BOOTSTRAP] All services ready.
[2025-08-27 11:27:40] [INFO]: [SERVER] [v1.0.0] [DEVELOPMENT]: Server is running on http://localhost:6625/
[2025-08-27 11:37:37] [INFO]: [BOOTSTRAP] Loading listeners...
[2025-08-27 11:37:37] [INFO]: [Listeners] Loaded 4 file(s)
[2025-08-27 11:37:37] [INFO]: [BOOTSTRAP] All services ready.
[2025-08-27 11:37:37] [INFO]: [SERVER] [v1.0.0] [DEVELOPMENT]: Server is running on http://localhost:6625/
[2025-08-27 11:37:37] [INFO]: [DB] Connected to the database successfully
[2025-08-27 11:37:42] [INFO]: [BOOTSTRAP] Loading listeners...
[2025-08-27 11:37:42] [INFO]: [DB] Connected to the database successfully
[2025-08-27 11:37:42] [INFO]: [Listeners] Loaded 4 file(s)
[2025-08-27 11:37:42] [INFO]: [BOOTSTRAP] All services ready.
[2025-08-27 11:37:42] [INFO]: [SERVER] [v1.0.0] [DEVELOPMENT]: Server is running on http://localhost:6625/
[2025-08-27 11:37:44] [INFO]: [BOOTSTRAP] Loading listeners...
[2025-08-27 11:37:44] [INFO]: [DB] Connected to the database successfully
[2025-08-27 11:37:44] [INFO]: [Listeners] Loaded 4 file(s)
[2025-08-27 11:37:44] [INFO]: [BOOTSTRAP] All services ready.
[2025-08-27 11:37:44] [INFO]: [SERVER] [v1.0.0] [DEVELOPMENT]: Server is running on http://localhost:6625/
[2025-08-27 11:37:47] [INFO]: [BOOTSTRAP] Loading listeners...
[2025-08-27 11:37:47] [INFO]: [Listeners] Loaded 4 file(s)
[2025-08-27 11:37:47] [INFO]: [BOOTSTRAP] All services ready.
[2025-08-27 11:37:47] [INFO]: [SERVER] [v1.0.0] [DEVELOPMENT]: Server is running on http://localhost:6625/
[2025-08-27 11:37:47] [INFO]: [DB] Connected to the database successfully
[2025-08-27 11:37:51] [INFO]: [BOOTSTRAP] Loading listeners...
[2025-08-27 11:37:51] [INFO]: [DB] Connected to the database successfully
[2025-08-27 11:37:51] [INFO]: [Listeners] Loaded 4 file(s)
[2025-08-27 11:37:51] [INFO]: [BOOTSTRAP] All services ready.
[2025-08-27 11:37:51] [INFO]: [SERVER] [v1.0.0] [DEVELOPMENT]: Server is running on http://localhost:6625/
[2025-08-27 11:37:55] [INFO]: [BOOTSTRAP] Loading listeners...
[2025-08-27 11:37:55] [INFO]: [DB] Connected to the database successfully
[2025-08-27 11:37:55] [INFO]: [Listeners] Loaded 4 file(s)
[2025-08-27 11:37:55] [INFO]: [BOOTSTRAP] All services ready.
[2025-08-27 11:37:55] [INFO]: [SERVER] [v1.0.0] [DEVELOPMENT]: Server is running on http://localhost:6625/
[2025-08-27 11:37:59] [INFO]: [BOOTSTRAP] Loading listeners...
[2025-08-27 11:37:59] [INFO]: [DB] Connected to the database successfully
[2025-08-27 11:37:59] [INFO]: [Listeners] Loaded 4 file(s)
[2025-08-27 11:37:59] [INFO]: [BOOTSTRAP] All services ready.
[2025-08-27 11:37:59] [INFO]: [SERVER] [v1.0.0] [DEVELOPMENT]: Server is running on http://localhost:6625/
[2025-08-27 11:38:01] [INFO]: [BOOTSTRAP] Loading listeners...
[2025-08-27 11:38:01] [INFO]: [DB] Connected to the database successfully
[2025-08-27 11:38:01] [INFO]: [Listeners] Loaded 4 file(s)
[2025-08-27 11:38:01] [INFO]: [BOOTSTRAP] All services ready.
[2025-08-27 11:38:01] [INFO]: [SERVER] [v1.0.0] [DEVELOPMENT]: Server is running on http://localhost:6625/
[2025-08-27 11:38:11] [INFO]: [BOOTSTRAP] Loading listeners...
[2025-08-27 11:38:11] [INFO]: [DB] Connected to the database successfully
[2025-08-27 11:38:11] [INFO]: [Listeners] Loaded 4 file(s)
[2025-08-27 11:38:11] [INFO]: [BOOTSTRAP] All services ready.
[2025-08-27 11:38:11] [INFO]: [SERVER] [v1.0.0] [DEVELOPMENT]: Server is running on http://localhost:6625/
[2025-08-27 11:38:14] [INFO]: [BOOTSTRAP] Loading listeners...
[2025-08-27 11:38:14] [INFO]: [DB] Connected to the database successfully
[2025-08-27 11:38:14] [INFO]: [Listeners] Loaded 4 file(s)
[2025-08-27 11:38:14] [INFO]: [BOOTSTRAP] All services ready.
[2025-08-27 11:38:15] [INFO]: [SERVER] [v1.0.0] [DEVELOPMENT]: Server is running on http://localhost:6625/
[2025-08-27 11:38:19] [INFO]: [BOOTSTRAP] Loading listeners...
[2025-08-27 11:38:19] [INFO]: [DB] Connected to the database successfully
[2025-08-27 11:38:19] [INFO]: [Listeners] Loaded 4 file(s)
[2025-08-27 11:38:19] [INFO]: [BOOTSTRAP] All services ready.
[2025-08-27 11:38:19] [INFO]: [SERVER] [v1.0.0] [DEVELOPMENT]: Server is running on http://localhost:6625/
[2025-08-27 11:38:21] [INFO]: [BOOTSTRAP] Loading listeners...
[2025-08-27 11:38:21] [INFO]: [DB] Connected to the database successfully
[2025-08-27 11:38:21] [INFO]: [Listeners] Loaded 4 file(s)
[2025-08-27 11:38:21] [INFO]: [BOOTSTRAP] All services ready.
[2025-08-27 11:38:21] [INFO]: [SERVER] [v1.0.0] [DEVELOPMENT]: Server is running on http://localhost:6625/
[2025-08-27 11:38:29] [INFO]: [BOOTSTRAP] Loading listeners...
[2025-08-27 11:38:29] [INFO]: [DB] Connected to the database successfully
[2025-08-27 11:38:29] [INFO]: [Listeners] Loaded 4 file(s)
[2025-08-27 11:38:29] [INFO]: [BOOTSTRAP] All services ready.
[2025-08-27 11:38:29] [INFO]: [SERVER] [v1.0.0] [DEVELOPMENT]: Server is running on http://localhost:6625/
[2025-08-27 11:38:33] [INFO]: [BOOTSTRAP] Loading listeners...
[2025-08-27 11:38:33] [INFO]: [DB] Connected to the database successfully
[2025-08-27 11:38:33] [INFO]: [Listeners] Loaded 4 file(s)
[2025-08-27 11:38:33] [INFO]: [BOOTSTRAP] All services ready.
[2025-08-27 11:38:33] [INFO]: [SERVER] [v1.0.0] [DEVELOPMENT]: Server is running on http://localhost:6625/
[2025-08-27 11:38:34] [INFO]: [BOOTSTRAP] Loading listeners...
[2025-08-27 11:38:34] [INFO]: [DB] Connected to the database successfully
[2025-08-27 11:38:34] [INFO]: [Listeners] Loaded 4 file(s)
[2025-08-27 11:38:34] [INFO]: [BOOTSTRAP] All services ready.
[2025-08-27 11:38:34] [INFO]: [SERVER] [v1.0.0] [DEVELOPMENT]: Server is running on http://localhost:6625/
[2025-08-27 11:38:41] [INFO]: [BOOTSTRAP] Loading listeners...
[2025-08-27 11:38:41] [INFO]: [Listeners] Loaded 4 file(s)
[2025-08-27 11:38:41] [INFO]: [BOOTSTRAP] All services ready.
[2025-08-27 11:38:41] [INFO]: [SERVER] [v1.0.0] [DEVELOPMENT]: Server is running on http://localhost:6625/
[2025-08-27 11:38:41] [INFO]: [DB] Connected to the database successfully
[2025-08-27 11:38:44] [INFO]: [BOOTSTRAP] Loading listeners...
[2025-08-27 11:38:44] [INFO]: [DB] Connected to the database successfully
[2025-08-27 11:38:44] [INFO]: [Listeners] Loaded 4 file(s)
[2025-08-27 11:38:44] [INFO]: [BOOTSTRAP] All services ready.
[2025-08-27 11:38:44] [INFO]: [SERVER] [v1.0.0] [DEVELOPMENT]: Server is running on http://localhost:6625/
[2025-08-27 11:39:27] [INFO]: [BOOTSTRAP] Loading listeners...
[2025-08-27 11:39:27] [INFO]: [DB] Connected to the database successfully
[2025-08-27 11:39:27] [INFO]: [Listeners] Loaded 4 file(s)
[2025-08-27 11:39:27] [INFO]: [BOOTSTRAP] All services ready.
[2025-08-27 11:39:27] [INFO]: [SERVER] [v1.0.0] [DEVELOPMENT]: Server is running on http://localhost:6625/
[2025-08-27 11:39:36] [INFO]: [BOOTSTRAP] Loading listeners...
[2025-08-27 11:39:36] [INFO]: [DB] Connected to the database successfully
[2025-08-27 11:39:36] [INFO]: [Listeners] Loaded 4 file(s)
[2025-08-27 11:39:36] [INFO]: [BOOTSTRAP] All services ready.
[2025-08-27 11:39:36] [INFO]: [SERVER] [v1.0.0] [DEVELOPMENT]: Server is running on http://localhost:6625/
[2025-08-27 11:39:41] [INFO]: [BOOTSTRAP] Loading listeners...
[2025-08-27 11:39:41] [INFO]: [DB] Connected to the database successfully
[2025-08-27 11:39:41] [INFO]: [Listeners] Loaded 4 file(s)
[2025-08-27 11:39:41] [INFO]: [BOOTSTRAP] All services ready.
[2025-08-27 11:39:41] [INFO]: [SERVER] [v1.0.0] [DEVELOPMENT]: Server is running on http://localhost:6625/
[2025-08-27 11:39:43] [INFO]: [BOOTSTRAP] Loading listeners...
[2025-08-27 11:39:43] [INFO]: [DB] Connected to the database successfully
[2025-08-27 11:39:44] [INFO]: [Listeners] Loaded 4 file(s)
[2025-08-27 11:39:44] [INFO]: [BOOTSTRAP] All services ready.
[2025-08-27 11:39:44] [INFO]: [SERVER] [v1.0.0] [DEVELOPMENT]: Server is running on http://localhost:6625/
[2025-08-27 11:39:45] [INFO]: [BOOTSTRAP] Loading listeners...
[2025-08-27 11:39:45] [INFO]: [Listeners] Loaded 4 file(s)
[2025-08-27 11:39:45] [INFO]: [BOOTSTRAP] All services ready.
[2025-08-27 11:39:45] [INFO]: [SERVER] [v1.0.0] [DEVELOPMENT]: Server is running on http://localhost:6625/
[2025-08-27 11:39:45] [INFO]: [DB] Connected to the database successfully
[2025-08-27 11:39:50] [INFO]: [BOOTSTRAP] Loading listeners...
[2025-08-27 11:39:50] [INFO]: [Listeners] Loaded 4 file(s)
[2025-08-27 11:39:50] [INFO]: [BOOTSTRAP] All services ready.
[2025-08-27 11:39:50] [INFO]: [SERVER] [v1.0.0] [DEVELOPMENT]: Server is running on http://localhost:6625/
[2025-08-27 11:39:50] [INFO]: [DB] Connected to the database successfully
[2025-08-27 11:39:55] [INFO]: [BOOTSTRAP] Loading listeners...
[2025-08-27 11:39:55] [INFO]: [DB] Connected to the database successfully
[2025-08-27 11:39:55] [INFO]: [Listeners] Loaded 4 file(s)
[2025-08-27 11:39:55] [INFO]: [BOOTSTRAP] All services ready.
[2025-08-27 11:39:55] [INFO]: [SERVER] [v1.0.0] [DEVELOPMENT]: Server is running on http://localhost:6625/
[2025-08-27 11:40:01] [INFO]: [BOOTSTRAP] Loading listeners...
[2025-08-27 11:40:01] [INFO]: [DB] Connected to the database successfully
[2025-08-27 11:40:01] [INFO]: [Listeners] Loaded 4 file(s)
[2025-08-27 11:40:01] [INFO]: [BOOTSTRAP] All services ready.
[2025-08-27 11:40:01] [INFO]: [SERVER] [v1.0.0] [DEVELOPMENT]: Server is running on http://localhost:6625/
[2025-08-27 11:40:05] [INFO]: [BOOTSTRAP] Loading listeners...
[2025-08-27 11:40:05] [INFO]: [DB] Connected to the database successfully
[2025-08-27 11:40:05] [INFO]: [Listeners] Loaded 4 file(s)
[2025-08-27 11:40:05] [INFO]: [BOOTSTRAP] All services ready.
[2025-08-27 11:40:05] [INFO]: [SERVER] [v1.0.0] [DEVELOPMENT]: Server is running on http://localhost:6625/
[2025-08-27 11:40:10] [INFO]: [BOOTSTRAP] Loading listeners...
[2025-08-27 11:40:10] [INFO]: [DB] Connected to the database successfully
[2025-08-27 11:40:10] [INFO]: [Listeners] Loaded 4 file(s)
[2025-08-27 11:40:10] [INFO]: [BOOTSTRAP] All services ready.
[2025-08-27 11:40:10] [INFO]: [SERVER] [v1.0.0] [DEVELOPMENT]: Server is running on http://localhost:6625/
[2025-08-27 11:40:13] [INFO]: [BOOTSTRAP] Loading listeners...
[2025-08-27 11:40:13] [INFO]: [DB] Connected to the database successfully
[2025-08-27 11:40:13] [INFO]: [Listeners] Loaded 4 file(s)
[2025-08-27 11:40:13] [INFO]: [BOOTSTRAP] All services ready.
[2025-08-27 11:40:13] [INFO]: [SERVER] [v1.0.0] [DEVELOPMENT]: Server is running on http://localhost:6625/
[2025-08-27 11:40:21] [INFO]: [BOOTSTRAP] Loading listeners...
[2025-08-27 11:40:21] [INFO]: [DB] Connected to the database successfully
[2025-08-27 11:40:21] [INFO]: [Listeners] Loaded 4 file(s)
[2025-08-27 11:40:21] [INFO]: [BOOTSTRAP] All services ready.
[2025-08-27 11:40:21] [INFO]: [SERVER] [v1.0.0] [DEVELOPMENT]: Server is running on http://localhost:6625/
[2025-08-27 11:40:23] [INFO]: [BOOTSTRAP] Loading listeners...
[2025-08-27 11:40:23] [INFO]: [DB] Connected to the database successfully
[2025-08-27 11:40:23] [INFO]: [Listeners] Loaded 4 file(s)
[2025-08-27 11:40:23] [INFO]: [BOOTSTRAP] All services ready.
[2025-08-27 11:40:23] [INFO]: [SERVER] [v1.0.0] [DEVELOPMENT]: Server is running on http://localhost:6625/
[2025-08-27 11:40:28] [INFO]: [BOOTSTRAP] Loading listeners...
[2025-08-27 11:40:28] [INFO]: [DB] Connected to the database successfully
[2025-08-27 11:40:28] [INFO]: [Listeners] Loaded 4 file(s)
[2025-08-27 11:40:28] [INFO]: [BOOTSTRAP] All services ready.
[2025-08-27 11:40:28] [INFO]: [SERVER] [v1.0.0] [DEVELOPMENT]: Server is running on http://localhost:6625/
[2025-08-27 11:40:34] [INFO]: [BOOTSTRAP] Loading listeners...
[2025-08-27 11:40:34] [INFO]: [DB] Connected to the database successfully
[2025-08-27 11:40:34] [INFO]: [Listeners] Loaded 4 file(s)
[2025-08-27 11:40:34] [INFO]: [BOOTSTRAP] All services ready.
[2025-08-27 11:40:34] [INFO]: [SERVER] [v1.0.0] [DEVELOPMENT]: Server is running on http://localhost:6625/
[2025-08-27 11:40:36] [INFO]: [BOOTSTRAP] Loading listeners...
[2025-08-27 11:40:36] [INFO]: [DB] Connected to the database successfully
[2025-08-27 11:40:36] [INFO]: [Listeners] Loaded 4 file(s)
[2025-08-27 11:40:36] [INFO]: [BOOTSTRAP] All services ready.
[2025-08-27 11:40:36] [INFO]: [SERVER] [v1.0.0] [DEVELOPMENT]: Server is running on http://localhost:6625/
[2025-08-27 11:40:39] [INFO]: [BOOTSTRAP] Loading listeners...
[2025-08-27 11:40:39] [INFO]: [DB] Connected to the database successfully
[2025-08-27 11:40:39] [INFO]: [Listeners] Loaded 4 file(s)
[2025-08-27 11:40:39] [INFO]: [BOOTSTRAP] All services ready.
[2025-08-27 11:40:39] [INFO]: [SERVER] [v1.0.0] [DEVELOPMENT]: Server is running on http://localhost:6625/
[2025-08-27 11:40:41] [INFO]: [BOOTSTRAP] Loading listeners...
[2025-08-27 11:40:41] [INFO]: [DB] Connected to the database successfully
[2025-08-27 11:40:41] [INFO]: [Listeners] Loaded 4 file(s)
[2025-08-27 11:40:41] [INFO]: [BOOTSTRAP] All services ready.
[2025-08-27 11:40:41] [INFO]: [SERVER] [v1.0.0] [DEVELOPMENT]: Server is running on http://localhost:6625/
[2025-08-27 11:41:06] [INFO]: [BOOTSTRAP] Loading listeners...
[2025-08-27 11:41:06] [INFO]: [DB] Connected to the database successfully
[2025-08-27 11:41:06] [INFO]: [Listeners] Loaded 4 file(s)
[2025-08-27 11:41:06] [INFO]: [BOOTSTRAP] All services ready.
[2025-08-27 11:41:06] [INFO]: [SERVER] [v1.0.0] [DEVELOPMENT]: Server is running on http://localhost:6625/
[2025-08-27 11:41:15] [INFO]: [BOOTSTRAP] Loading listeners...
[2025-08-27 11:41:15] [INFO]: [DB] Connected to the database successfully
[2025-08-27 11:41:15] [INFO]: [Listeners] Loaded 4 file(s)
[2025-08-27 11:41:15] [INFO]: [BOOTSTRAP] All services ready.
[2025-08-27 11:41:15] [INFO]: [SERVER] [v1.0.0] [DEVELOPMENT]: Server is running on http://localhost:6625/
[2025-08-27 11:41:49] [INFO]: [BOOTSTRAP] Loading listeners...
[2025-08-27 11:41:49] [INFO]: [DB] Connected to the database successfully
[2025-08-27 11:41:49] [INFO]: [Listeners] Loaded 4 file(s)
[2025-08-27 11:41:49] [INFO]: [BOOTSTRAP] All services ready.
[2025-08-27 11:41:49] [INFO]: [SERVER] [v1.0.0] [DEVELOPMENT]: Server is running on http://localhost:6625/
[2025-08-27 11:41:52] [INFO]: [BOOTSTRAP] Loading listeners...
[2025-08-27 11:41:52] [INFO]: [DB] Connected to the database successfully
[2025-08-27 11:41:52] [INFO]: [Listeners] Loaded 4 file(s)
[2025-08-27 11:41:52] [INFO]: [BOOTSTRAP] All services ready.
[2025-08-27 11:41:52] [INFO]: [SERVER] [v1.0.0] [DEVELOPMENT]: Server is running on http://localhost:6625/
[2025-08-27 11:41:54] [INFO]: [BOOTSTRAP] Loading listeners...
[2025-08-27 11:41:54] [INFO]: [DB] Connected to the database successfully
[2025-08-27 11:41:54] [INFO]: [Listeners] Loaded 4 file(s)
[2025-08-27 11:41:54] [INFO]: [BOOTSTRAP] All services ready.
[2025-08-27 11:41:54] [INFO]: [SERVER] [v1.0.0] [DEVELOPMENT]: Server is running on http://localhost:6625/
[2025-08-27 11:41:59] [INFO]: [BOOTSTRAP] Loading listeners...
[2025-08-27 11:41:59] [INFO]: [DB] Connected to the database successfully
[2025-08-27 11:41:59] [INFO]: [Listeners] Loaded 4 file(s)
[2025-08-27 11:41:59] [INFO]: [BOOTSTRAP] All services ready.
[2025-08-27 11:41:59] [INFO]: [SERVER] [v1.0.0] [DEVELOPMENT]: Server is running on http://localhost:6625/
[2025-08-27 11:42:23] [INFO]: [BOOTSTRAP] Loading listeners...
[2025-08-27 11:42:23] [INFO]: [DB] Connected to the database successfully
[2025-08-27 11:42:23] [INFO]: [Listeners] Loaded 4 file(s)
[2025-08-27 11:42:23] [INFO]: [BOOTSTRAP] All services ready.
[2025-08-27 11:42:23] [INFO]: [SERVER] [v1.0.0] [DEVELOPMENT]: Server is running on http://localhost:6625/
[2025-08-27 11:42:27] [INFO]: [BOOTSTRAP] Loading listeners...
[2025-08-27 11:42:27] [INFO]: [DB] Connected to the database successfully
[2025-08-27 11:42:27] [INFO]: [Listeners] Loaded 4 file(s)
[2025-08-27 11:42:27] [INFO]: [BOOTSTRAP] All services ready.
[2025-08-27 11:42:27] [INFO]: [SERVER] [v1.0.0] [DEVELOPMENT]: Server is running on http://localhost:6625/
[2025-08-27 11:42:31] [INFO]: [BOOTSTRAP] Loading listeners...
[2025-08-27 11:42:31] [INFO]: [DB] Connected to the database successfully
[2025-08-27 11:42:31] [INFO]: [Listeners] Loaded 4 file(s)
[2025-08-27 11:42:31] [INFO]: [BOOTSTRAP] All services ready.
[2025-08-27 11:42:31] [INFO]: [SERVER] [v1.0.0] [DEVELOPMENT]: Server is running on http://localhost:6625/
[2025-08-27 11:42:32] [INFO]: [BOOTSTRAP] Loading listeners...
[2025-08-27 11:42:32] [INFO]: [DB] Connected to the database successfully
[2025-08-27 11:42:32] [INFO]: [Listeners] Loaded 4 file(s)
[2025-08-27 11:42:32] [INFO]: [BOOTSTRAP] All services ready.
[2025-08-27 11:42:32] [INFO]: [SERVER] [v1.0.0] [DEVELOPMENT]: Server is running on http://localhost:6625/
[2025-08-27 11:42:33] [INFO]: [BOOTSTRAP] Loading listeners...
[2025-08-27 11:42:33] [INFO]: [DB] Connected to the database successfully
[2025-08-27 11:42:33] [INFO]: [Listeners] Loaded 4 file(s)
[2025-08-27 11:42:33] [INFO]: [BOOTSTRAP] All services ready.
[2025-08-27 11:42:33] [INFO]: [SERVER] [v1.0.0] [DEVELOPMENT]: Server is running on http://localhost:6625/
[2025-08-27 11:42:38] [INFO]: [BOOTSTRAP] Loading listeners...
[2025-08-27 11:42:38] [INFO]: [Listeners] Loaded 4 file(s)
[2025-08-27 11:42:38] [INFO]: [BOOTSTRAP] All services ready.
[2025-08-27 11:42:38] [INFO]: [SERVER] [v1.0.0] [DEVELOPMENT]: Server is running on http://localhost:6625/
[2025-08-27 11:42:38] [INFO]: [DB] Connected to the database successfully
[2025-08-27 11:42:41] [INFO]: [BOOTSTRAP] Loading listeners...
[2025-08-27 11:42:41] [INFO]: [DB] Connected to the database successfully
[2025-08-27 11:42:41] [INFO]: [Listeners] Loaded 4 file(s)
[2025-08-27 11:42:41] [INFO]: [BOOTSTRAP] All services ready.
[2025-08-27 11:42:41] [INFO]: [SERVER] [v1.0.0] [DEVELOPMENT]: Server is running on http://localhost:6625/
[2025-08-27 11:42:46] [INFO]: [BOOTSTRAP] Loading listeners...
[2025-08-27 11:42:46] [INFO]: [DB] Connected to the database successfully
[2025-08-27 11:42:46] [INFO]: [Listeners] Loaded 4 file(s)
[2025-08-27 11:42:46] [INFO]: [BOOTSTRAP] All services ready.
[2025-08-27 11:42:46] [INFO]: [SERVER] [v1.0.0] [DEVELOPMENT]: Server is running on http://localhost:6625/
[2025-08-27 11:42:49] [INFO]: [BOOTSTRAP] Loading listeners...
[2025-08-27 11:42:49] [INFO]: [DB] Connected to the database successfully
[2025-08-27 11:42:49] [INFO]: [Listeners] Loaded 4 file(s)
[2025-08-27 11:42:49] [INFO]: [BOOTSTRAP] All services ready.
[2025-08-27 11:42:49] [INFO]: [SERVER] [v1.0.0] [DEVELOPMENT]: Server is running on http://localhost:6625/
[2025-08-27 11:42:52] [INFO]: [BOOTSTRAP] Loading listeners...
[2025-08-27 11:42:52] [INFO]: [DB] Connected to the database successfully
[2025-08-27 11:42:52] [INFO]: [Listeners] Loaded 4 file(s)
[2025-08-27 11:42:52] [INFO]: [BOOTSTRAP] All services ready.
[2025-08-27 11:42:52] [INFO]: [SERVER] [v1.0.0] [DEVELOPMENT]: Server is running on http://localhost:6625/
[2025-08-27 11:42:54] [INFO]: [BOOTSTRAP] Loading listeners...
[2025-08-27 11:42:54] [INFO]: [DB] Connected to the database successfully
[2025-08-27 11:42:54] [INFO]: [Listeners] Loaded 4 file(s)
[2025-08-27 11:42:54] [INFO]: [BOOTSTRAP] All services ready.
[2025-08-27 11:42:54] [INFO]: [SERVER] [v1.0.0] [DEVELOPMENT]: Server is running on http://localhost:6625/
[2025-08-27 11:43:03] [INFO]: [BOOTSTRAP] Loading listeners...
[2025-08-27 11:43:03] [INFO]: [Listeners] Loaded 4 file(s)
[2025-08-27 11:43:03] [INFO]: [BOOTSTRAP] All services ready.
[2025-08-27 11:43:03] [INFO]: [SERVER] [v1.0.0] [DEVELOPMENT]: Server is running on http://localhost:6625/
[2025-08-27 11:43:03] [INFO]: [DB] Connected to the database successfully
[2025-08-27 11:43:08] [INFO]: [BOOTSTRAP] Loading listeners...
[2025-08-27 11:43:08] [INFO]: [DB] Connected to the database successfully
[2025-08-27 11:43:08] [INFO]: [Listeners] Loaded 4 file(s)
[2025-08-27 11:43:08] [INFO]: [BOOTSTRAP] All services ready.
[2025-08-27 11:43:08] [INFO]: [SERVER] [v1.0.0] [DEVELOPMENT]: Server is running on http://localhost:6625/
[2025-08-27 11:43:11] [INFO]: [BOOTSTRAP] Loading listeners...
[2025-08-27 11:43:11] [INFO]: [DB] Connected to the database successfully
[2025-08-27 11:43:11] [INFO]: [Listeners] Loaded 4 file(s)
[2025-08-27 11:43:11] [INFO]: [BOOTSTRAP] All services ready.
[2025-08-27 11:43:11] [INFO]: [SERVER] [v1.0.0] [DEVELOPMENT]: Server is running on http://localhost:6625/
[2025-08-27 11:43:14] [INFO]: [BOOTSTRAP] Loading listeners...
[2025-08-27 11:43:14] [INFO]: [DB] Connected to the database successfully
[2025-08-27 11:43:14] [INFO]: [Listeners] Loaded 4 file(s)
[2025-08-27 11:43:14] [INFO]: [BOOTSTRAP] All services ready.
[2025-08-27 11:43:14] [INFO]: [SERVER] [v1.0.0] [DEVELOPMENT]: Server is running on http://localhost:6625/
[2025-08-27 11:43:18] [INFO]: [BOOTSTRAP] Loading listeners...
[2025-08-27 11:43:18] [INFO]: [DB] Connected to the database successfully
[2025-08-27 11:43:18] [INFO]: [Listeners] Loaded 4 file(s)
[2025-08-27 11:43:18] [INFO]: [BOOTSTRAP] All services ready.
[2025-08-27 11:43:18] [INFO]: [SERVER] [v1.0.0] [DEVELOPMENT]: Server is running on http://localhost:6625/
[2025-08-27 11:43:19] [INFO]: [BOOTSTRAP] Loading listeners...
[2025-08-27 11:43:19] [INFO]: [DB] Connected to the database successfully
[2025-08-27 11:43:19] [INFO]: [Listeners] Loaded 4 file(s)
[2025-08-27 11:43:19] [INFO]: [BOOTSTRAP] All services ready.
[2025-08-27 11:43:19] [INFO]: [SERVER] [v1.0.0] [DEVELOPMENT]: Server is running on http://localhost:6625/
[2025-08-27 11:43:24] [INFO]: [BOOTSTRAP] Loading listeners...
[2025-08-27 11:43:24] [INFO]: [Listeners] Loaded 4 file(s)
[2025-08-27 11:43:24] [INFO]: [BOOTSTRAP] All services ready.
[2025-08-27 11:43:24] [INFO]: [SERVER] [v1.0.0] [DEVELOPMENT]: Server is running on http://localhost:6625/
[2025-08-27 11:43:24] [INFO]: [DB] Connected to the database successfully
[2025-08-27 11:43:49] [INFO]: [BOOTSTRAP] Loading listeners...
[2025-08-27 11:43:49] [INFO]: [DB] Connected to the database successfully
[2025-08-27 11:43:49] [INFO]: [Listeners] Loaded 4 file(s)
[2025-08-27 11:43:49] [INFO]: [BOOTSTRAP] All services ready.
[2025-08-27 11:43:49] [INFO]: [SERVER] [v1.0.0] [DEVELOPMENT]: Server is running on http://localhost:6625/
[2025-08-27 11:43:52] [INFO]: [BOOTSTRAP] Loading listeners...
[2025-08-27 11:43:53] [INFO]: [DB] Connected to the database successfully
[2025-08-27 11:43:53] [INFO]: [Listeners] Loaded 4 file(s)
[2025-08-27 11:43:53] [INFO]: [BOOTSTRAP] All services ready.
[2025-08-27 11:43:53] [INFO]: [SERVER] [v1.0.0] [DEVELOPMENT]: Server is running on http://localhost:6625/
[2025-08-27 11:44:02] [INFO]: [BOOTSTRAP] Loading listeners...
[2025-08-27 11:44:02] [INFO]: [DB] Connected to the database successfully
[2025-08-27 11:44:02] [INFO]: [Listeners] Loaded 4 file(s)
[2025-08-27 11:44:02] [INFO]: [BOOTSTRAP] All services ready.
[2025-08-27 11:44:02] [INFO]: [SERVER] [v1.0.0] [DEVELOPMENT]: Server is running on http://localhost:6625/
[2025-08-27 11:44:14] [INFO]: [BOOTSTRAP] Loading listeners...
[2025-08-27 11:44:14] [INFO]: [DB] Connected to the database successfully
[2025-08-27 11:44:14] [INFO]: [Listeners] Loaded 4 file(s)
[2025-08-27 11:44:14] [INFO]: [BOOTSTRAP] All services ready.
[2025-08-27 11:44:14] [INFO]: [SERVER] [v1.0.0] [DEVELOPMENT]: Server is running on http://localhost:6625/
[2025-08-27 11:44:16] [INFO]: [BOOTSTRAP] Loading listeners...
[2025-08-27 11:44:16] [INFO]: [DB] Connected to the database successfully
[2025-08-27 11:44:16] [INFO]: [Listeners] Loaded 4 file(s)
[2025-08-27 11:44:16] [INFO]: [BOOTSTRAP] All services ready.
[2025-08-27 11:44:16] [INFO]: [SERVER] [v1.0.0] [DEVELOPMENT]: Server is running on http://localhost:6625/
[2025-08-27 11:44:21] [INFO]: [BOOTSTRAP] Loading listeners...
[2025-08-27 11:44:21] [INFO]: [DB] Connected to the database successfully
[2025-08-27 11:44:21] [INFO]: [Listeners] Loaded 4 file(s)
[2025-08-27 11:44:21] [INFO]: [BOOTSTRAP] All services ready.
[2025-08-27 11:44:21] [INFO]: [SERVER] [v1.0.0] [DEVELOPMENT]: Server is running on http://localhost:6625/
[2025-08-27 11:44:24] [INFO]: [BOOTSTRAP] Loading listeners...
[2025-08-27 11:44:24] [INFO]: [DB] Connected to the database successfully
[2025-08-27 11:44:24] [INFO]: [Listeners] Loaded 4 file(s)
[2025-08-27 11:44:24] [INFO]: [BOOTSTRAP] All services ready.
[2025-08-27 11:44:24] [INFO]: [SERVER] [v1.0.0] [DEVELOPMENT]: Server is running on http://localhost:6625/
[2025-08-27 11:44:28] [INFO]: [BOOTSTRAP] Loading listeners...
[2025-08-27 11:44:28] [INFO]: [Listeners] Loaded 4 file(s)
[2025-08-27 11:44:28] [INFO]: [BOOTSTRAP] All services ready.
[2025-08-27 11:44:28] [INFO]: [SERVER] [v1.0.0] [DEVELOPMENT]: Server is running on http://localhost:6625/
[2025-08-27 11:44:28] [INFO]: [DB] Connected to the database successfully
[2025-08-27 11:44:29] [INFO]: [BOOTSTRAP] Loading listeners...
[2025-08-27 11:44:29] [INFO]: [Listeners] Loaded 4 file(s)
[2025-08-27 11:44:29] [INFO]: [BOOTSTRAP] All services ready.
[2025-08-27 11:44:29] [INFO]: [SERVER] [v1.0.0] [DEVELOPMENT]: Server is running on http://localhost:6625/
[2025-08-27 11:44:29] [INFO]: [DB] Connected to the database successfully
[2025-08-27 11:44:32] [INFO]: [BOOTSTRAP] Loading listeners...
[2025-08-27 11:44:32] [INFO]: [DB] Connected to the database successfully
[2025-08-27 11:44:32] [INFO]: [Listeners] Loaded 4 file(s)
[2025-08-27 11:44:32] [INFO]: [BOOTSTRAP] All services ready.
[2025-08-27 11:44:32] [INFO]: [SERVER] [v1.0.0] [DEVELOPMENT]: Server is running on http://localhost:6625/
[2025-08-27 11:44:44] [INFO]: [BOOTSTRAP] Loading listeners...
[2025-08-27 11:44:44] [INFO]: [DB] Connected to the database successfully
[2025-08-27 11:44:44] [INFO]: [Listeners] Loaded 4 file(s)
[2025-08-27 11:44:44] [INFO]: [BOOTSTRAP] All services ready.
[2025-08-27 11:44:44] [INFO]: [SERVER] [v1.0.0] [DEVELOPMENT]: Server is running on http://localhost:6625/
[2025-08-27 11:44:52] [INFO]: [BOOTSTRAP] Loading listeners...
[2025-08-27 11:44:52] [INFO]: [Listeners] Loaded 4 file(s)
[2025-08-27 11:44:52] [INFO]: [BOOTSTRAP] All services ready.
[2025-08-27 11:44:52] [INFO]: [SERVER] [v1.0.0] [DEVELOPMENT]: Server is running on http://localhost:6625/
[2025-08-27 11:44:52] [INFO]: [DB] Connected to the database successfully
[2025-08-27 11:45:34] [INFO]: [BOOTSTRAP] Loading listeners...
[2025-08-27 11:45:34] [INFO]: [DB] Connected to the database successfully
[2025-08-27 11:45:34] [INFO]: [Listeners] Loaded 4 file(s)
[2025-08-27 11:45:34] [INFO]: [BOOTSTRAP] All services ready.
[2025-08-27 11:45:34] [INFO]: [SERVER] [v1.0.0] [DEVELOPMENT]: Server is running on http://localhost:6625/
[2025-08-27 11:46:12] [INFO]: [BOOTSTRAP] Loading listeners...
[2025-08-27 11:46:12] [INFO]: [DB] Connected to the database successfully
[2025-08-27 11:46:13] [INFO]: [Listeners] Loaded 4 file(s)
[2025-08-27 11:46:13] [INFO]: [BOOTSTRAP] All services ready.
[2025-08-27 11:46:13] [INFO]: [SERVER] [v1.0.0] [DEVELOPMENT]: Server is running on http://localhost:6625/
[2025-08-27 11:46:16] [INFO]: [BOOTSTRAP] Loading listeners...
[2025-08-27 11:46:16] [INFO]: [DB] Connected to the database successfully
[2025-08-27 11:46:16] [INFO]: [Listeners] Loaded 4 file(s)
[2025-08-27 11:46:16] [INFO]: [BOOTSTRAP] All services ready.
[2025-08-27 11:46:16] [INFO]: [SERVER] [v1.0.0] [DEVELOPMENT]: Server is running on http://localhost:6625/
[2025-08-27 11:46:20] [INFO]: [BOOTSTRAP] Loading listeners...
[2025-08-27 11:46:20] [INFO]: [DB] Connected to the database successfully
[2025-08-27 11:46:20] [INFO]: [Listeners] Loaded 4 file(s)
[2025-08-27 11:46:20] [INFO]: [BOOTSTRAP] All services ready.
[2025-08-27 11:46:20] [INFO]: [SERVER] [v1.0.0] [DEVELOPMENT]: Server is running on http://localhost:6625/
[2025-08-27 11:46:35] [INFO]: [BOOTSTRAP] Loading listeners...
[2025-08-27 11:46:35] [INFO]: [DB] Connected to the database successfully
[2025-08-27 11:46:35] [INFO]: [Listeners] Loaded 4 file(s)
[2025-08-27 11:46:35] [INFO]: [BOOTSTRAP] All services ready.
[2025-08-27 11:46:35] [INFO]: [SERVER] [v1.0.0] [DEVELOPMENT]: Server is running on http://localhost:6625/
[2025-08-27 11:46:47] [INFO]: [BOOTSTRAP] Loading listeners...
[2025-08-27 11:46:47] [INFO]: [DB] Connected to the database successfully
[2025-08-27 11:46:47] [INFO]: [Listeners] Loaded 4 file(s)
[2025-08-27 11:46:47] [INFO]: [BOOTSTRAP] All services ready.
[2025-08-27 11:46:47] [INFO]: [SERVER] [v1.0.0] [DEVELOPMENT]: Server is running on http://localhost:6625/
[2025-08-27 11:46:54] [INFO]: [BOOTSTRAP] Loading listeners...
[2025-08-27 11:46:54] [INFO]: [DB] Connected to the database successfully
[2025-08-27 11:46:54] [INFO]: [Listeners] Loaded 4 file(s)
[2025-08-27 11:46:54] [INFO]: [BOOTSTRAP] All services ready.
[2025-08-27 11:46:54] [INFO]: [SERVER] [v1.0.0] [DEVELOPMENT]: Server is running on http://localhost:6625/
[2025-08-27 11:46:59] [INFO]: [BOOTSTRAP] Loading listeners...
[2025-08-27 11:46:59] [INFO]: [DB] Connected to the database successfully
[2025-08-27 11:46:59] [INFO]: [Listeners] Loaded 4 file(s)
[2025-08-27 11:46:59] [INFO]: [BOOTSTRAP] All services ready.
[2025-08-27 11:46:59] [INFO]: [SERVER] [v1.0.0] [DEVELOPMENT]: Server is running on http://localhost:6625/
[2025-08-27 11:47:12] [INFO]: [BOOTSTRAP] Loading listeners...
[2025-08-27 11:47:12] [INFO]: [DB] Connected to the database successfully
[2025-08-27 11:47:12] [INFO]: [Listeners] Loaded 4 file(s)
[2025-08-27 11:47:12] [INFO]: [BOOTSTRAP] All services ready.
[2025-08-27 11:47:12] [INFO]: [SERVER] [v1.0.0] [DEVELOPMENT]: Server is running on http://localhost:6625/
[2025-08-27 11:47:20] [INFO]: [BOOTSTRAP] Loading listeners...
[2025-08-27 11:47:20] [INFO]: [Listeners] Loaded 4 file(s)
[2025-08-27 11:47:20] [INFO]: [BOOTSTRAP] All services ready.
[2025-08-27 11:47:20] [INFO]: [SERVER] [v1.0.0] [DEVELOPMENT]: Server is running on http://localhost:6625/
[2025-08-27 11:47:20] [INFO]: [DB] Connected to the database successfully
[2025-08-27 11:47:40] [INFO]: [BOOTSTRAP] Loading listeners...
[2025-08-27 11:47:41] [INFO]: [DB] Connected to the database successfully
[2025-08-27 11:47:41] [INFO]: [Listeners] Loaded 4 file(s)
[2025-08-27 11:47:41] [INFO]: [BOOTSTRAP] All services ready.
[2025-08-27 11:47:41] [INFO]: [SERVER] [v1.0.0] [DEVELOPMENT]: Server is running on http://localhost:6625/
[2025-08-27 11:47:43] [INFO]: [BOOTSTRAP] Loading listeners...
[2025-08-27 11:47:43] [INFO]: [DB] Connected to the database successfully
[2025-08-27 11:47:43] [INFO]: [Listeners] Loaded 4 file(s)
[2025-08-27 11:47:44] [INFO]: [BOOTSTRAP] All services ready.
[2025-08-27 11:47:44] [INFO]: [SERVER] [v1.0.0] [DEVELOPMENT]: Server is running on http://localhost:6625/
[2025-08-27 11:47:48] [INFO]: [BOOTSTRAP] Loading listeners...
[2025-08-27 11:47:48] [INFO]: [DB] Connected to the database successfully
[2025-08-27 11:47:48] [INFO]: [Listeners] Loaded 4 file(s)
[2025-08-27 11:47:48] [INFO]: [BOOTSTRAP] All services ready.
[2025-08-27 11:47:48] [INFO]: [SERVER] [v1.0.0] [DEVELOPMENT]: Server is running on http://localhost:6625/
[2025-08-27 11:48:51] [INFO]: [BOOTSTRAP] Loading listeners...
[2025-08-27 11:48:51] [INFO]: [DB] Connected to the database successfully
[2025-08-27 11:48:51] [INFO]: [Listeners] Loaded 4 file(s)
[2025-08-27 11:48:51] [INFO]: [BOOTSTRAP] All services ready.
[2025-08-27 11:48:51] [INFO]: [SERVER] [v1.0.0] [DEVELOPMENT]: Server is running on http://localhost:6625/
[2025-08-27 11:49:04] [INFO]: [BOOTSTRAP] Loading listeners...
[2025-08-27 11:49:04] [INFO]: [DB] Connected to the database successfully
[2025-08-27 11:49:04] [INFO]: [Listeners] Loaded 4 file(s)
[2025-08-27 11:49:04] [INFO]: [BOOTSTRAP] All services ready.
[2025-08-27 11:49:04] [INFO]: [SERVER] [v1.0.0] [DEVELOPMENT]: Server is running on http://localhost:6625/
[2025-08-27 11:49:06] [INFO]: [BOOTSTRAP] Loading listeners...
[2025-08-27 11:49:06] [INFO]: [DB] Connected to the database successfully
[2025-08-27 11:49:06] [INFO]: [Listeners] Loaded 4 file(s)
[2025-08-27 11:49:06] [INFO]: [BOOTSTRAP] All services ready.
[2025-08-27 11:49:06] [INFO]: [SERVER] [v1.0.0] [DEVELOPMENT]: Server is running on http://localhost:6625/
[2025-08-27 11:49:28] [INFO]: [BOOTSTRAP] Loading listeners...
[2025-08-27 11:49:28] [INFO]: [DB] Connected to the database successfully
[2025-08-27 11:49:28] [INFO]: [Listeners] Loaded 4 file(s)
[2025-08-27 11:49:28] [INFO]: [BOOTSTRAP] All services ready.
[2025-08-27 11:49:28] [INFO]: [SERVER] [v1.0.0] [DEVELOPMENT]: Server is running on http://localhost:6625/
[2025-08-27 11:49:41] [INFO]: [BOOTSTRAP] Loading listeners...
[2025-08-27 11:49:41] [INFO]: [DB] Connected to the database successfully
[2025-08-27 11:49:41] [INFO]: [Listeners] Loaded 4 file(s)
[2025-08-27 11:49:41] [INFO]: [BOOTSTRAP] All services ready.
[2025-08-27 11:49:41] [INFO]: [SERVER] [v1.0.0] [DEVELOPMENT]: Server is running on http://localhost:6625/
[2025-08-27 11:49:43] [INFO]: [BOOTSTRAP] Loading listeners...
[2025-08-27 11:49:43] [INFO]: [Listeners] Loaded 4 file(s)
[2025-08-27 11:49:43] [INFO]: [BOOTSTRAP] All services ready.
[2025-08-27 11:49:43] [INFO]: [SERVER] [v1.0.0] [DEVELOPMENT]: Server is running on http://localhost:6625/
[2025-08-27 11:49:43] [INFO]: [DB] Connected to the database successfully
[2025-08-27 11:49:57] [INFO]: [BOOTSTRAP] Loading listeners...
[2025-08-27 11:49:57] [INFO]: [DB] Connected to the database successfully
[2025-08-27 11:49:57] [INFO]: [Listeners] Loaded 4 file(s)
[2025-08-27 11:49:57] [INFO]: [BOOTSTRAP] All services ready.
[2025-08-27 11:49:57] [INFO]: [SERVER] [v1.0.0] [DEVELOPMENT]: Server is running on http://localhost:6625/
[2025-08-27 11:52:23] [INFO]: [BOOTSTRAP] Loading listeners...
[2025-08-27 11:52:23] [INFO]: [DB] Connected to the database successfully
[2025-08-27 11:52:23] [INFO]: [Listeners] Loaded 4 file(s)
[2025-08-27 11:52:23] [INFO]: [BOOTSTRAP] All services ready.
[2025-08-27 11:52:23] [INFO]: [SERVER] [v1.0.0] [DEVELOPMENT]: Server is running on http://localhost:6625/
[2025-08-27 11:52:27] [INFO]: [BOOTSTRAP] Loading listeners...
[2025-08-27 11:52:27] [INFO]: [DB] Connected to the database successfully
[2025-08-27 11:52:27] [INFO]: [Listeners] Loaded 4 file(s)
[2025-08-27 11:52:27] [INFO]: [BOOTSTRAP] All services ready.
[2025-08-27 11:52:27] [INFO]: [SERVER] [v1.0.0] [DEVELOPMENT]: Server is running on http://localhost:6625/
[2025-08-27 11:52:32] [INFO]: [BOOTSTRAP] Loading listeners...
[2025-08-27 11:52:32] [INFO]: [DB] Connected to the database successfully
[2025-08-27 11:52:32] [INFO]: [Listeners] Loaded 4 file(s)
[2025-08-27 11:52:32] [INFO]: [BOOTSTRAP] All services ready.
[2025-08-27 11:52:32] [INFO]: [SERVER] [v1.0.0] [DEVELOPMENT]: Server is running on http://localhost:6625/
[2025-08-27 11:52:39] [INFO]: [BOOTSTRAP] Loading listeners...
[2025-08-27 11:52:39] [INFO]: [DB] Connected to the database successfully
[2025-08-27 11:52:39] [INFO]: [Listeners] Loaded 4 file(s)
[2025-08-27 11:52:39] [INFO]: [BOOTSTRAP] All services ready.
[2025-08-27 11:52:39] [INFO]: [SERVER] [v1.0.0] [DEVELOPMENT]: Server is running on http://localhost:6625/
[2025-08-27 11:54:07] [INFO]: [BOOTSTRAP] Loading listeners...
[2025-08-27 11:54:07] [INFO]: [DB] Connected to the database successfully
[2025-08-27 11:54:07] [INFO]: [Listeners] Loaded 4 file(s)
[2025-08-27 11:54:07] [INFO]: [BOOTSTRAP] All services ready.
[2025-08-27 11:54:07] [INFO]: [SERVER] [v1.0.0] [DEVELOPMENT]: Server is running on http://localhost:6625/
[2025-08-27 13:15:44] [INFO]: [BOOTSTRAP] Loading listeners...
[2025-08-27 13:15:44] [INFO]: [DB] Connected to the database successfully
[2025-08-27 13:15:44] [INFO]: [Listeners] Loaded 4 file(s)
[2025-08-27 13:15:44] [INFO]: [BOOTSTRAP] All services ready.
[2025-08-27 13:15:44] [INFO]: [SERVER] [v1.0.0] [DEVELOPMENT]: Server is running on http://localhost:6625/
[2025-08-27 13:15:53] [INFO]: [BOOTSTRAP] Loading listeners...
[2025-08-27 13:15:53] [INFO]: [DB] Connected to the database successfully
[2025-08-27 13:15:53] [INFO]: [Listeners] Loaded 4 file(s)
[2025-08-27 13:15:53] [INFO]: [BOOTSTRAP] All services ready.
[2025-08-27 13:15:53] [INFO]: [SERVER] [v1.0.0] [DEVELOPMENT]: Server is running on http://localhost:6625/
[2025-08-27 13:16:04] [INFO]: [BOOTSTRAP] Loading listeners...
[2025-08-27 13:16:04] [INFO]: [DB] Connected to the database successfully
[2025-08-27 13:16:04] [INFO]: [Listeners] Loaded 4 file(s)
[2025-08-27 13:16:04] [INFO]: [BOOTSTRAP] All services ready.
[2025-08-27 13:16:04] [INFO]: [SERVER] [v1.0.0] [DEVELOPMENT]: Server is running on http://localhost:6625/
[2025-08-27 13:16:09] [INFO]: [BOOTSTRAP] Loading listeners...
[2025-08-27 13:16:09] [INFO]: [DB] Connected to the database successfully
[2025-08-27 13:16:09] [INFO]: [Listeners] Loaded 4 file(s)
[2025-08-27 13:16:09] [INFO]: [BOOTSTRAP] All services ready.
[2025-08-27 13:16:09] [INFO]: [SERVER] [v1.0.0] [DEVELOPMENT]: Server is running on http://localhost:6625/
[2025-08-27 13:16:46] [INFO]: [BOOTSTRAP] Loading listeners...
[2025-08-27 13:16:46] [INFO]: [DB] Connected to the database successfully
[2025-08-27 13:16:46] [INFO]: [Listeners] Loaded 4 file(s)
[2025-08-27 13:16:46] [INFO]: [BOOTSTRAP] All services ready.
[2025-08-27 13:16:47] [INFO]: [SERVER] [v1.0.0] [DEVELOPMENT]: Server is running on http://localhost:6625/
[2025-08-27 13:16:49] [INFO]: [BOOTSTRAP] Loading listeners...
[2025-08-27 13:16:49] [INFO]: [DB] Connected to the database successfully
[2025-08-27 13:16:49] [INFO]: [Listeners] Loaded 4 file(s)
[2025-08-27 13:16:49] [INFO]: [BOOTSTRAP] All services ready.
[2025-08-27 13:16:49] [INFO]: [SERVER] [v1.0.0] [DEVELOPMENT]: Server is running on http://localhost:6625/
[2025-08-27 13:22:26] [INFO]: [HINT] client left: Ys_u2x2dUPLrAhcOAAAC
[2025-08-27 13:24:26] [INFO]: [HINT] client left: ZzDwOtAWNUnKswKsAAAF
[2025-08-27 13:27:40] [INFO]: [HINT] client left: wLRLwwOmtYRRJfyTAAAI
[2025-08-27 13:27:40] [INFO]: [HINT] client left: wODVILSLJEc3AyoWAAAS
[2025-08-27 13:27:40] [INFO]: [HINT] client left: Vq4QTjOizCA4K3SPAAAQ
[2025-08-27 13:27:40] [INFO]: [HINT] client left: AddUb3PZWZoyVpa0AAAO
[2025-08-27 13:27:40] [INFO]: [HINT] client left: DYfzj0x29GBSgXyTAAAM
[2025-08-27 13:27:40] [INFO]: [HINT] client left: ekYr4UBsiF8l7xWFAAAK
[2025-08-27 13:37:11] [INFO]: [HINT] client left: s5MfdN555AQivBpDAAAV
[2025-08-27 13:37:18] [INFO]: [BOOTSTRAP] Loading listeners...
[2025-08-27 13:37:18] [INFO]: [Listeners] Loaded 4 file(s)
[2025-08-27 13:37:18] [INFO]: [BOOTSTRAP] All services ready.
[2025-08-27 13:37:18] [INFO]: [SERVER] [v1.0.0] [DEVELOPMENT]: Server is running on http://localhost:6625/
[2025-08-27 13:37:18] [INFO]: [DB] Connected to the database successfully
[2025-08-27 13:37:43] [INFO]: [HINT] client left: tB1Ni6leH4wCsIviAAAC
[2025-08-27 13:37:48] [INFO]: [HINT] client left: Chnuzc9Xk5kkbyCSAAAF
[2025-08-27 16:03:21] [INFO]: [HINT] client left: oHeo7k_72KKlo1GSAAAI
[2025-08-27 18:56:56] [INFO]: [BOOTSTRAP] Loading listeners...
[2025-08-27 18:56:56] [INFO]: [DB] Connected to the database successfully
[2025-08-27 18:56:56] [INFO]: [Listeners] Loaded 4 file(s)
[2025-08-27 18:56:56] [INFO]: [BOOTSTRAP] All services ready.
[2025-08-27 18:56:56] [INFO]: [SERVER] [v1.0.0] [DEVELOPMENT]: Server is running on http://localhost:6625/
[2025-08-27 19:25:34] [INFO]: [HINT] client left: 689V-BWaalGPw-CIAAAC
