[2025-09-01 09:11:21] [INFO]: [DB] Connected to the database successfully
[2025-09-01 09:11:21] [INFO]: [BOOTSTRAP] Loading listeners...
[2025-09-01 09:11:21] [INFO]: [Listeners] Loaded 4 file(s)
[2025-09-01 09:11:21] [INFO]: [BOOTSTRAP] All services ready.
[2025-09-01 09:11:21] [INFO]: [SERVER] [v1.0.0] [DEVELOPMENT]: Server is running on http://localhost:9703/
[2025-09-01 09:21:14] [INFO]: [DB] Connected to the database successfully
[2025-09-01 09:21:14] [INFO]: [BOOTSTRAP] Loading listeners...
[2025-09-01 09:21:14] [INFO]: [Listeners] Loaded 4 file(s)
[2025-09-01 09:21:14] [INFO]: [BOOTSTRAP] All services ready.
[2025-09-01 09:21:14] [INFO]: [SERVER] [v1.0.0] [DEVELOPMENT]: Server is running on http://localhost:9703/
[2025-09-01 09:22:49] [INFO]: [HINT] client left: lgWBwFhZiZAPnDPuAAAC
[2025-09-01 09:22:49] [INFO]: [HINT] client left: _NOHXS9QcTsJQZeOAAAE
[2025-09-01 09:23:21] [INFO]: [HINT] client left: deetrxuK445v7OrUAAAH
[2025-09-01 09:23:59] [INFO]: [DB] Connected to the database successfully
[2025-09-01 09:23:59] [INFO]: [BOOTSTRAP] Loading listeners...
[2025-09-01 09:23:59] [INFO]: [Listeners] Loaded 4 file(s)
[2025-09-01 09:23:59] [INFO]: [BOOTSTRAP] All services ready.
[2025-09-01 09:23:59] [INFO]: [SERVER] [v1.0.0] [DEVELOPMENT]: Server is running on http://localhost:9703/
[2025-09-01 09:24:15] [INFO]: [DB] Connected to the database successfully
[2025-09-01 09:24:15] [INFO]: [BOOTSTRAP] Loading listeners...
[2025-09-01 09:24:15] [INFO]: [Listeners] Loaded 4 file(s)
[2025-09-01 09:24:15] [INFO]: [BOOTSTRAP] All services ready.
[2025-09-01 09:24:15] [INFO]: [SERVER] [v1.0.0] [DEVELOPMENT]: Server is running on http://localhost:9703/
[2025-09-01 09:24:34] [INFO]: [HINT] client left: WXUBnkOsL4jRekPIAAAC
[2025-09-01 09:25:52] [INFO]: [HINT] client left: L-NWN6O8IHIHQEc_AAAF
[2025-09-01 09:26:28] [WARN]: [SHUTDOWN] Received SIGINT, closing services...
[2025-09-01 09:32:16] [INFO]: [DB] Connected to the database successfully
[2025-09-01 09:32:16] [INFO]: [BOOTSTRAP] Loading listeners...
[2025-09-01 09:32:16] [INFO]: [Listeners] Loaded 4 file(s)
[2025-09-01 09:32:16] [INFO]: [BOOTSTRAP] All services ready.
[2025-09-01 09:32:16] [INFO]: [SERVER] [v1.0.0] [PRODUCTION]: Server is running on http://localhost:9703/
[2025-09-01 09:33:29] [INFO]: [DB] Connected to the database successfully
[2025-09-01 09:33:29] [INFO]: [BOOTSTRAP] Loading listeners...
[2025-09-01 09:33:29] [INFO]: [Listeners] Loaded 4 file(s)
[2025-09-01 09:33:29] [INFO]: [BOOTSTRAP] All services ready.
[2025-09-01 09:33:29] [INFO]: [SERVER] [v1.0.0] [PRODUCTION]: Server is running on http://localhost:9703/
[2025-09-01 09:33:39] [INFO]: [DB] Connected to the database successfully
[2025-09-01 09:33:39] [INFO]: [BOOTSTRAP] Loading listeners...
[2025-09-01 09:33:39] [INFO]: [Listeners] Loaded 4 file(s)
[2025-09-01 09:33:39] [INFO]: [BOOTSTRAP] All services ready.
[2025-09-01 09:33:39] [INFO]: [SERVER] [v1.0.0] [PRODUCTION]: Server is running on http://localhost:9703/
[2025-09-01 09:34:44] [INFO]: [DB] Connected to the database successfully
[2025-09-01 09:34:44] [INFO]: [BOOTSTRAP] Loading listeners...
[2025-09-01 09:34:44] [INFO]: [Listeners] Loaded 4 file(s)
[2025-09-01 09:34:44] [INFO]: [BOOTSTRAP] All services ready.
[2025-09-01 09:34:44] [INFO]: [SERVER] [v1.0.0] [PRODUCTION]: Server is running on http://localhost:9703/
[2025-09-01 09:59:37] [INFO]: [HINT] client left: eXBmp5ilT9T9KNt8AAAC
[2025-09-01 10:04:30] [INFO]: [HINT] client left: f80fhGZsbRSSgNj3AAAF
[2025-09-01 10:07:07] [INFO]: [HINT] client left: 6ByvtAbToqAA5xRLAAAI
[2025-09-01 10:08:23] [INFO]: [HINT] client left: F4P1mt9CNXm6MjHsAAAL
[2025-09-01 10:08:23] [INFO]: [HINT] client left: 2KyY93hjvr-X_ZA_AAAR
[2025-09-01 10:08:23] [INFO]: [HINT] client left: EIFwMaM_Z0_rKWoOAAAP
[2025-09-01 10:08:23] [INFO]: [HINT] client left: 7PZBzjMnudsEV9ZnAAAN
[2025-09-01 10:12:44] [INFO]: [HINT] client left: BOBcAYyJBmr_P8-_AAAU
[2025-09-01 10:13:08] [INFO]: [HINT] client left: XDe8CwvvWS28cowZAAAX
[2025-09-01 10:14:50] [INFO]: [HINT] client left: UI--BbY1nar3R2oLAAAa
[2025-09-01 10:27:08] [INFO]: [HINT] client left: K-Yt2l71HwINlC5MAAAd
[2025-09-01 10:27:17] [INFO]: [HINT] client left: ZYLR2P2ojUnRA5i6AAAg
[2025-09-01 10:27:32] [INFO]: [HINT] client left: 1wqIpAFfDprEwyeyAAAj
[2025-09-01 10:27:41] [INFO]: [HINT] client left: ZvpTKfi5E5t6Mr3XAAAm
[2025-09-01 10:27:51] [INFO]: [HINT] client left: 6LTlvmhfqsY1LLSCAAAp
[2025-09-01 10:28:06] [INFO]: [HINT] client left: U6CNUmqpAAlX6n_-AAAs
[2025-09-01 10:29:42] [INFO]: [HINT] client left: 1IbtKYLzfz0TSJxYAAAv
[2025-09-01 10:33:27] [INFO]: [HINT] client left: CyoKpSF_TY_0Qf09AAAy
[2025-09-01 10:33:27] [INFO]: [HINT] client left: sSst-LMN_W-IFtI3AAA4
[2025-09-01 10:33:27] [INFO]: [HINT] client left: af255mt4Mb8hS852AAA2
[2025-09-01 10:33:27] [INFO]: [HINT] client left: P5iaAUtBfI0r6mGpAAA0
[2025-09-01 10:33:39] [INFO]: [HINT] client left: v6CGjvKzPOJvUOSVAAA7
[2025-09-01 10:35:35] [INFO]: [HINT] client left: 2XrUGOLdKAcSEplIAAA-
[2025-09-01 10:35:37] [INFO]: [HINT] client left: Ud04QiWxM75VddGIAABB
[2025-09-01 10:37:08] [INFO]: [HINT] client left: 2dPyDjLcgE1wkaH_AABE
[2025-09-01 10:49:41] [INFO]: [HINT] client left: JZyPUmth24myj5NWAABH
[2025-09-01 10:49:41] [INFO]: [HINT] client left: e1xcsAIQ6kD5iQN7AABV
[2025-09-01 10:49:41] [INFO]: [HINT] client left: vT7HMKh3fZ71e85xAABT
[2025-09-01 10:49:41] [INFO]: [HINT] client left: pbgKyCi6NFrRgH9jAABR
[2025-09-01 10:49:41] [INFO]: [HINT] client left: S5xi621icILzfY2mAABP
[2025-09-01 10:49:41] [INFO]: [HINT] client left: Pmk2c7WY_OtAA2KtAABN
[2025-09-01 10:49:41] [INFO]: [HINT] client left: b359Qakq5DeQNTWgAABL
[2025-09-01 10:49:41] [INFO]: [HINT] client left: Zk6YJELCttl4vz7GAABJ
[2025-09-01 10:49:48] [INFO]: [HINT] client left: He8aqq9KcWQc6GkzAABY
[2025-09-01 10:49:50] [INFO]: [HINT] client left: XxTGruOoywEE-YsKAABb
[2025-09-01 10:49:53] [INFO]: [HINT] client left: by4S_xHdrzHJ81M2AABe
[2025-09-01 10:52:15] [INFO]: [DB] Connected to the database successfully
[2025-09-01 10:52:15] [INFO]: [BOOTSTRAP] Loading listeners...
[2025-09-01 10:52:15] [INFO]: [Listeners] Loaded 4 file(s)
[2025-09-01 10:52:15] [INFO]: [BOOTSTRAP] All services ready.
[2025-09-01 10:52:15] [INFO]: [SERVER] [v1.0.0] [DEVELOPMENT]: Server is running on http://localhost:9703/
[2025-09-01 10:52:27] [INFO]: [DB] Connected to the database successfully
[2025-09-01 10:52:27] [INFO]: [BOOTSTRAP] Loading listeners...
[2025-09-01 10:52:27] [INFO]: [Listeners] Loaded 4 file(s)
[2025-09-01 10:52:27] [INFO]: [BOOTSTRAP] All services ready.
[2025-09-01 10:52:27] [INFO]: [SERVER] [v1.0.0] [DEVELOPMENT]: Server is running on http://localhost:9703/
[2025-09-01 10:52:45] [INFO]: [DB] Connected to the database successfully
[2025-09-01 10:52:45] [INFO]: [BOOTSTRAP] Loading listeners...
[2025-09-01 10:52:45] [INFO]: [Listeners] Loaded 4 file(s)
[2025-09-01 10:52:45] [INFO]: [BOOTSTRAP] All services ready.
[2025-09-01 10:52:45] [INFO]: [SERVER] [v1.0.0] [DEVELOPMENT]: Server is running on http://localhost:9703/
[2025-09-01 10:53:12] [INFO]: [DB] Connected to the database successfully
[2025-09-01 10:53:12] [INFO]: [BOOTSTRAP] Loading listeners...
[2025-09-01 10:53:12] [INFO]: [Listeners] Loaded 4 file(s)
[2025-09-01 10:53:12] [INFO]: [BOOTSTRAP] All services ready.
[2025-09-01 10:53:12] [INFO]: [SERVER] [v1.0.0] [DEVELOPMENT]: Server is running on http://localhost:9703/
[2025-09-01 10:53:27] [INFO]: [DB] Connected to the database successfully
[2025-09-01 10:53:27] [INFO]: [BOOTSTRAP] Loading listeners...
[2025-09-01 10:53:27] [INFO]: [Listeners] Loaded 4 file(s)
[2025-09-01 10:53:27] [INFO]: [BOOTSTRAP] All services ready.
[2025-09-01 10:53:27] [INFO]: [SERVER] [v1.0.0] [DEVELOPMENT]: Server is running on http://localhost:9703/
[2025-09-01 10:53:29] [INFO]: [DB] Connected to the database successfully
[2025-09-01 10:53:29] [INFO]: [BOOTSTRAP] Loading listeners...
[2025-09-01 10:53:29] [INFO]: [Listeners] Loaded 4 file(s)
[2025-09-01 10:53:29] [INFO]: [BOOTSTRAP] All services ready.
[2025-09-01 10:53:29] [INFO]: [SERVER] [v1.0.0] [DEVELOPMENT]: Server is running on http://localhost:9703/
[2025-09-01 10:53:31] [INFO]: [DB] Connected to the database successfully
[2025-09-01 10:53:31] [INFO]: [BOOTSTRAP] Loading listeners...
[2025-09-01 10:53:31] [INFO]: [Listeners] Loaded 4 file(s)
[2025-09-01 10:53:31] [INFO]: [BOOTSTRAP] All services ready.
[2025-09-01 10:53:31] [INFO]: [SERVER] [v1.0.0] [DEVELOPMENT]: Server is running on http://localhost:9703/
[2025-09-01 10:53:39] [INFO]: [DB] Connected to the database successfully
[2025-09-01 10:53:39] [INFO]: [BOOTSTRAP] Loading listeners...
[2025-09-01 10:53:39] [INFO]: [Listeners] Loaded 4 file(s)
[2025-09-01 10:53:39] [INFO]: [BOOTSTRAP] All services ready.
[2025-09-01 10:53:39] [INFO]: [SERVER] [v1.0.0] [DEVELOPMENT]: Server is running on http://localhost:9703/
[2025-09-01 10:53:49] [INFO]: [DB] Connected to the database successfully
[2025-09-01 10:53:49] [INFO]: [BOOTSTRAP] Loading listeners...
[2025-09-01 10:53:49] [INFO]: [Listeners] Loaded 4 file(s)
[2025-09-01 10:53:49] [INFO]: [BOOTSTRAP] All services ready.
[2025-09-01 10:53:49] [INFO]: [SERVER] [v1.0.0] [DEVELOPMENT]: Server is running on http://localhost:9703/
[2025-09-01 10:53:51] [INFO]: [DB] Connected to the database successfully
[2025-09-01 10:53:51] [INFO]: [BOOTSTRAP] Loading listeners...
[2025-09-01 10:53:51] [INFO]: [Listeners] Loaded 4 file(s)
[2025-09-01 10:53:51] [INFO]: [BOOTSTRAP] All services ready.
[2025-09-01 10:53:51] [INFO]: [SERVER] [v1.0.0] [DEVELOPMENT]: Server is running on http://localhost:9703/
[2025-09-01 10:53:59] [INFO]: [DB] Connected to the database successfully
[2025-09-01 10:53:59] [INFO]: [BOOTSTRAP] Loading listeners...
[2025-09-01 10:53:59] [INFO]: [Listeners] Loaded 4 file(s)
[2025-09-01 10:53:59] [INFO]: [BOOTSTRAP] All services ready.
[2025-09-01 10:53:59] [INFO]: [SERVER] [v1.0.0] [DEVELOPMENT]: Server is running on http://localhost:9703/
[2025-09-01 10:54:11] [INFO]: [DB] Connected to the database successfully
[2025-09-01 10:54:11] [INFO]: [BOOTSTRAP] Loading listeners...
[2025-09-01 10:54:11] [INFO]: [Listeners] Loaded 4 file(s)
[2025-09-01 10:54:11] [INFO]: [BOOTSTRAP] All services ready.
[2025-09-01 10:54:11] [INFO]: [SERVER] [v1.0.0] [DEVELOPMENT]: Server is running on http://localhost:9703/
[2025-09-01 10:54:14] [INFO]: [DB] Connected to the database successfully
[2025-09-01 10:54:14] [INFO]: [BOOTSTRAP] Loading listeners...
[2025-09-01 10:54:14] [INFO]: [Listeners] Loaded 4 file(s)
[2025-09-01 10:54:14] [INFO]: [BOOTSTRAP] All services ready.
[2025-09-01 10:54:14] [INFO]: [SERVER] [v1.0.0] [DEVELOPMENT]: Server is running on http://localhost:9703/
[2025-09-01 10:54:33] [INFO]: [DB] Connected to the database successfully
[2025-09-01 10:54:34] [INFO]: [BOOTSTRAP] Loading listeners...
[2025-09-01 10:54:34] [INFO]: [Listeners] Loaded 4 file(s)
[2025-09-01 10:54:34] [INFO]: [BOOTSTRAP] All services ready.
[2025-09-01 10:54:34] [INFO]: [SERVER] [v1.0.0] [DEVELOPMENT]: Server is running on http://localhost:9703/
[2025-09-01 10:54:36] [INFO]: [DB] Connected to the database successfully
[2025-09-01 10:54:36] [INFO]: [BOOTSTRAP] Loading listeners...
[2025-09-01 10:54:36] [INFO]: [Listeners] Loaded 4 file(s)
[2025-09-01 10:54:36] [INFO]: [BOOTSTRAP] All services ready.
[2025-09-01 10:54:36] [INFO]: [SERVER] [v1.0.0] [DEVELOPMENT]: Server is running on http://localhost:9703/
[2025-09-01 10:54:47] [INFO]: [DB] Connected to the database successfully
[2025-09-01 10:54:47] [INFO]: [BOOTSTRAP] Loading listeners...
[2025-09-01 10:54:47] [INFO]: [Listeners] Loaded 4 file(s)
[2025-09-01 10:54:47] [INFO]: [BOOTSTRAP] All services ready.
[2025-09-01 10:54:47] [INFO]: [SERVER] [v1.0.0] [DEVELOPMENT]: Server is running on http://localhost:9703/
[2025-09-01 10:54:52] [INFO]: [DB] Connected to the database successfully
[2025-09-01 10:54:52] [INFO]: [BOOTSTRAP] Loading listeners...
[2025-09-01 10:54:52] [INFO]: [Listeners] Loaded 4 file(s)
[2025-09-01 10:54:52] [INFO]: [BOOTSTRAP] All services ready.
[2025-09-01 10:54:52] [INFO]: [SERVER] [v1.0.0] [DEVELOPMENT]: Server is running on http://localhost:9703/
[2025-09-01 10:55:14] [INFO]: [DB] Connected to the database successfully
[2025-09-01 10:55:14] [INFO]: [BOOTSTRAP] Loading listeners...
[2025-09-01 10:55:14] [INFO]: [Listeners] Loaded 4 file(s)
[2025-09-01 10:55:14] [INFO]: [BOOTSTRAP] All services ready.
[2025-09-01 10:55:14] [INFO]: [SERVER] [v1.0.0] [DEVELOPMENT]: Server is running on http://localhost:9703/
[2025-09-01 10:55:28] [INFO]: [DB] Connected to the database successfully
[2025-09-01 10:55:28] [INFO]: [BOOTSTRAP] Loading listeners...
[2025-09-01 10:55:28] [INFO]: [Listeners] Loaded 4 file(s)
[2025-09-01 10:55:28] [INFO]: [BOOTSTRAP] All services ready.
[2025-09-01 10:55:28] [INFO]: [SERVER] [v1.0.0] [DEVELOPMENT]: Server is running on http://localhost:9703/
[2025-09-01 10:55:32] [INFO]: [DB] Connected to the database successfully
[2025-09-01 10:55:32] [INFO]: [BOOTSTRAP] Loading listeners...
[2025-09-01 10:55:32] [INFO]: [Listeners] Loaded 4 file(s)
[2025-09-01 10:55:32] [INFO]: [BOOTSTRAP] All services ready.
[2025-09-01 10:55:32] [INFO]: [SERVER] [v1.0.0] [DEVELOPMENT]: Server is running on http://localhost:9703/
[2025-09-01 10:55:54] [INFO]: [DB] Connected to the database successfully
[2025-09-01 10:55:54] [INFO]: [BOOTSTRAP] Loading listeners...
[2025-09-01 10:55:54] [INFO]: [Listeners] Loaded 4 file(s)
[2025-09-01 10:55:54] [INFO]: [BOOTSTRAP] All services ready.
[2025-09-01 10:55:54] [INFO]: [SERVER] [v1.0.0] [DEVELOPMENT]: Server is running on http://localhost:9703/
[2025-09-01 10:56:03] [INFO]: [DB] Connected to the database successfully
[2025-09-01 10:56:03] [INFO]: [BOOTSTRAP] Loading listeners...
[2025-09-01 10:56:03] [INFO]: [Listeners] Loaded 4 file(s)
[2025-09-01 10:56:03] [INFO]: [BOOTSTRAP] All services ready.
[2025-09-01 10:56:03] [INFO]: [SERVER] [v1.0.0] [DEVELOPMENT]: Server is running on http://localhost:9703/
[2025-09-01 10:56:13] [INFO]: [DB] Connected to the database successfully
[2025-09-01 10:56:13] [INFO]: [BOOTSTRAP] Loading listeners...
[2025-09-01 10:56:13] [INFO]: [Listeners] Loaded 4 file(s)
[2025-09-01 10:56:13] [INFO]: [BOOTSTRAP] All services ready.
[2025-09-01 10:56:13] [INFO]: [SERVER] [v1.0.0] [DEVELOPMENT]: Server is running on http://localhost:9703/
[2025-09-01 10:56:16] [INFO]: [DB] Connected to the database successfully
[2025-09-01 10:56:16] [INFO]: [BOOTSTRAP] Loading listeners...
[2025-09-01 10:56:16] [INFO]: [Listeners] Loaded 4 file(s)
[2025-09-01 10:56:16] [INFO]: [BOOTSTRAP] All services ready.
[2025-09-01 10:56:16] [INFO]: [SERVER] [v1.0.0] [DEVELOPMENT]: Server is running on http://localhost:9703/
[2025-09-01 10:56:18] [INFO]: [DB] Connected to the database successfully
[2025-09-01 10:56:18] [INFO]: [BOOTSTRAP] Loading listeners...
[2025-09-01 10:56:19] [INFO]: [Listeners] Loaded 4 file(s)
[2025-09-01 10:56:19] [INFO]: [BOOTSTRAP] All services ready.
[2025-09-01 10:56:19] [INFO]: [SERVER] [v1.0.0] [DEVELOPMENT]: Server is running on http://localhost:9703/
[2025-09-01 10:56:25] [INFO]: [DB] Connected to the database successfully
[2025-09-01 10:56:25] [INFO]: [BOOTSTRAP] Loading listeners...
[2025-09-01 10:56:25] [INFO]: [Listeners] Loaded 4 file(s)
[2025-09-01 10:56:25] [INFO]: [BOOTSTRAP] All services ready.
[2025-09-01 10:56:25] [INFO]: [SERVER] [v1.0.0] [DEVELOPMENT]: Server is running on http://localhost:9703/
[2025-09-01 10:56:29] [INFO]: [DB] Connected to the database successfully
[2025-09-01 10:56:29] [INFO]: [BOOTSTRAP] Loading listeners...
[2025-09-01 10:56:29] [INFO]: [Listeners] Loaded 4 file(s)
[2025-09-01 10:56:29] [INFO]: [BOOTSTRAP] All services ready.
[2025-09-01 10:56:29] [INFO]: [SERVER] [v1.0.0] [DEVELOPMENT]: Server is running on http://localhost:9703/
[2025-09-01 10:56:40] [INFO]: [DB] Connected to the database successfully
[2025-09-01 10:56:40] [INFO]: [BOOTSTRAP] Loading listeners...
[2025-09-01 10:56:40] [INFO]: [Listeners] Loaded 4 file(s)
[2025-09-01 10:56:40] [INFO]: [BOOTSTRAP] All services ready.
[2025-09-01 10:56:40] [INFO]: [SERVER] [v1.0.0] [DEVELOPMENT]: Server is running on http://localhost:9703/
[2025-09-01 10:56:47] [INFO]: [DB] Connected to the database successfully
[2025-09-01 10:56:47] [INFO]: [BOOTSTRAP] Loading listeners...
[2025-09-01 10:56:47] [INFO]: [Listeners] Loaded 4 file(s)
[2025-09-01 10:56:47] [INFO]: [BOOTSTRAP] All services ready.
[2025-09-01 10:56:47] [INFO]: [SERVER] [v1.0.0] [DEVELOPMENT]: Server is running on http://localhost:9703/
[2025-09-01 10:56:54] [INFO]: [DB] Connected to the database successfully
[2025-09-01 10:56:54] [INFO]: [BOOTSTRAP] Loading listeners...
[2025-09-01 10:56:54] [INFO]: [Listeners] Loaded 4 file(s)
[2025-09-01 10:56:54] [INFO]: [BOOTSTRAP] All services ready.
[2025-09-01 10:56:54] [INFO]: [SERVER] [v1.0.0] [DEVELOPMENT]: Server is running on http://localhost:9703/
[2025-09-01 10:56:56] [INFO]: [DB] Connected to the database successfully
[2025-09-01 10:56:56] [INFO]: [BOOTSTRAP] Loading listeners...
[2025-09-01 10:56:56] [INFO]: [Listeners] Loaded 4 file(s)
[2025-09-01 10:56:56] [INFO]: [BOOTSTRAP] All services ready.
[2025-09-01 10:56:56] [INFO]: [SERVER] [v1.0.0] [DEVELOPMENT]: Server is running on http://localhost:9703/
[2025-09-01 10:57:08] [INFO]: [DB] Connected to the database successfully
[2025-09-01 10:57:08] [INFO]: [BOOTSTRAP] Loading listeners...
[2025-09-01 10:57:08] [INFO]: [Listeners] Loaded 4 file(s)
[2025-09-01 10:57:08] [INFO]: [BOOTSTRAP] All services ready.
[2025-09-01 10:57:08] [INFO]: [SERVER] [v1.0.0] [DEVELOPMENT]: Server is running on http://localhost:9703/
[2025-09-01 10:57:21] [INFO]: [DB] Connected to the database successfully
[2025-09-01 10:57:21] [INFO]: [BOOTSTRAP] Loading listeners...
[2025-09-01 10:57:21] [INFO]: [Listeners] Loaded 4 file(s)
[2025-09-01 10:57:21] [INFO]: [BOOTSTRAP] All services ready.
[2025-09-01 10:57:21] [INFO]: [SERVER] [v1.0.0] [DEVELOPMENT]: Server is running on http://localhost:9703/
[2025-09-01 10:57:31] [INFO]: [DB] Connected to the database successfully
[2025-09-01 10:57:31] [INFO]: [BOOTSTRAP] Loading listeners...
[2025-09-01 10:57:31] [INFO]: [Listeners] Loaded 4 file(s)
[2025-09-01 10:57:31] [INFO]: [BOOTSTRAP] All services ready.
[2025-09-01 10:57:31] [INFO]: [SERVER] [v1.0.0] [DEVELOPMENT]: Server is running on http://localhost:9703/
[2025-09-01 10:57:38] [INFO]: [DB] Connected to the database successfully
[2025-09-01 10:57:38] [INFO]: [BOOTSTRAP] Loading listeners...
[2025-09-01 10:57:38] [INFO]: [Listeners] Loaded 4 file(s)
[2025-09-01 10:57:38] [INFO]: [BOOTSTRAP] All services ready.
[2025-09-01 10:57:38] [INFO]: [SERVER] [v1.0.0] [DEVELOPMENT]: Server is running on http://localhost:9703/
[2025-09-01 10:57:46] [INFO]: [DB] Connected to the database successfully
[2025-09-01 10:57:46] [INFO]: [BOOTSTRAP] Loading listeners...
[2025-09-01 10:57:46] [INFO]: [Listeners] Loaded 4 file(s)
[2025-09-01 10:57:46] [INFO]: [BOOTSTRAP] All services ready.
[2025-09-01 10:57:46] [INFO]: [SERVER] [v1.0.0] [DEVELOPMENT]: Server is running on http://localhost:9703/
[2025-09-01 10:57:53] [INFO]: [DB] Connected to the database successfully
[2025-09-01 10:57:53] [INFO]: [BOOTSTRAP] Loading listeners...
[2025-09-01 10:57:53] [INFO]: [Listeners] Loaded 4 file(s)
[2025-09-01 10:57:53] [INFO]: [BOOTSTRAP] All services ready.
[2025-09-01 10:57:53] [INFO]: [SERVER] [v1.0.0] [DEVELOPMENT]: Server is running on http://localhost:9703/
[2025-09-01 10:57:56] [INFO]: [DB] Connected to the database successfully
[2025-09-01 10:57:56] [INFO]: [BOOTSTRAP] Loading listeners...
[2025-09-01 10:57:56] [INFO]: [Listeners] Loaded 4 file(s)
[2025-09-01 10:57:56] [INFO]: [BOOTSTRAP] All services ready.
[2025-09-01 10:57:56] [INFO]: [SERVER] [v1.0.0] [DEVELOPMENT]: Server is running on http://localhost:9703/
[2025-09-01 10:59:56] [INFO]: [HINT] client left: fUebcBUkh61B8LFdAAAE
[2025-09-01 10:59:56] [INFO]: [HINT] client left: kl--kdsFvIN4cLb_AAAY
[2025-09-01 10:59:56] [INFO]: [HINT] client left: w0h8gibCDaaed7XqAAAW
[2025-09-01 10:59:56] [INFO]: [HINT] client left: br4ceka5dAjwpGP_AAAU
[2025-09-01 10:59:56] [INFO]: [HINT] client left: 5cIZavXpR1lE_-oUAAAS
[2025-09-01 10:59:56] [INFO]: [HINT] client left: 5QSG5pfScPZ44Ur9AAAQ
[2025-09-01 10:59:56] [INFO]: [HINT] client left: _7CiVvNv5VzwoQsYAAAO
[2025-09-01 10:59:56] [INFO]: [HINT] client left: Hllo6J4x1QjVicMNAAAM
[2025-09-01 10:59:56] [INFO]: [HINT] client left: oQ6vSd60ZJY9Cu0xAAAK
[2025-09-01 10:59:56] [INFO]: [HINT] client left: v-SSvqbHDpSxr-DLAAAH
[2025-09-01 10:59:56] [INFO]: [HINT] client left: 4Mlcn79kPd44e_OCAAAG
[2025-09-01 10:59:56] [INFO]: [HINT] client left: cKlUMKXaC5yeTVqFAAAI
[2025-09-01 11:02:04] [INFO]: [DB] Connected to the database successfully
[2025-09-01 11:02:04] [INFO]: [BOOTSTRAP] Loading listeners...
[2025-09-01 11:02:04] [INFO]: [Listeners] Loaded 4 file(s)
[2025-09-01 11:02:04] [INFO]: [BOOTSTRAP] All services ready.
[2025-09-01 11:02:04] [INFO]: [SERVER] [v1.0.0] [DEVELOPMENT]: Server is running on http://localhost:9703/
[2025-09-01 11:02:30] [INFO]: [HINT] client left: Kc9RA3q8CRJLDR5uAAAC
[2025-09-01 11:03:15] [INFO]: [HINT] client left: u8QFIaieE5tvTBTTAAAF
[2025-09-01 11:03:15] [INFO]: [HINT] client left: Ck7KnWhODkZXSNcZAAAH
[2025-09-01 11:03:56] [INFO]: [HINT] client left: hQfn_CzniqP6cOd-AAAK
[2025-09-01 11:03:57] [INFO]: [HINT] client left: HsEFQDoQEzQVkWA0AAAN
[2025-09-01 11:04:07] [INFO]: [HINT] client left: KpGrEaYRUnHlzmcEAAAQ
[2025-09-01 11:04:32] [INFO]: [HINT] client left: 9_47iWfqS0GMgwn-AAAT
[2025-09-01 11:04:32] [INFO]: [HINT] client left: P_gDELarM0dyLaTtAAAZ
[2025-09-01 11:04:32] [INFO]: [HINT] client left: vJdc5uCSV3aXD1vMAAAX
[2025-09-01 11:04:32] [INFO]: [HINT] client left: OwKc0EtyZJxA0XTBAAAV
[2025-09-01 11:04:39] [INFO]: [HINT] client left: ImzywI4Wt1lAK8EWAAAc
[2025-09-01 11:05:07] [INFO]: [HINT] client left: EZZJ6aSUp2JbA60mAAAf
[2025-09-01 11:05:07] [INFO]: [HINT] client left: sXIQKEIuqCsPeJCHAAAh
[2025-09-01 11:05:44] [INFO]: [HINT] client left: Xi4Hlj0QvdGB9FR3AAAk
[2025-09-01 11:05:50] [INFO]: [HINT] client left: _N5lcyNNZF3I4AcDAAAn
[2025-09-01 11:07:49] [INFO]: [DB] Connected to the database successfully
[2025-09-01 11:07:49] [INFO]: [BOOTSTRAP] Loading listeners...
[2025-09-01 11:07:50] [INFO]: [Listeners] Loaded 4 file(s)
[2025-09-01 11:07:50] [INFO]: [BOOTSTRAP] All services ready.
[2025-09-01 11:07:50] [INFO]: [SERVER] [v1.0.0] [DEVELOPMENT]: Server is running on http://localhost:9703/
[2025-09-01 11:08:03] [INFO]: [DB] Connected to the database successfully
[2025-09-01 11:08:04] [INFO]: [BOOTSTRAP] Loading listeners...
[2025-09-01 11:08:04] [INFO]: [Listeners] Loaded 4 file(s)
[2025-09-01 11:08:04] [INFO]: [BOOTSTRAP] All services ready.
[2025-09-01 11:08:04] [INFO]: [SERVER] [v1.0.0] [DEVELOPMENT]: Server is running on http://localhost:9703/
[2025-09-01 11:09:01] [INFO]: [DB] Connected to the database successfully
[2025-09-01 11:09:01] [INFO]: [BOOTSTRAP] Loading listeners...
[2025-09-01 11:09:01] [INFO]: [Listeners] Loaded 4 file(s)
[2025-09-01 11:09:01] [INFO]: [BOOTSTRAP] All services ready.
[2025-09-01 11:09:01] [INFO]: [SERVER] [v1.0.0] [DEVELOPMENT]: Server is running on http://localhost:9703/
[2025-09-01 11:09:04] [INFO]: [DB] Connected to the database successfully
[2025-09-01 11:09:04] [INFO]: [BOOTSTRAP] Loading listeners...
[2025-09-01 11:09:04] [INFO]: [Listeners] Loaded 4 file(s)
[2025-09-01 11:09:04] [INFO]: [BOOTSTRAP] All services ready.
[2025-09-01 11:09:04] [INFO]: [SERVER] [v1.0.0] [DEVELOPMENT]: Server is running on http://localhost:9703/
[2025-09-01 11:09:22] [INFO]: [DB] Connected to the database successfully
[2025-09-01 11:09:22] [INFO]: [BOOTSTRAP] Loading listeners...
[2025-09-01 11:09:22] [INFO]: [Listeners] Loaded 4 file(s)
[2025-09-01 11:09:22] [INFO]: [BOOTSTRAP] All services ready.
[2025-09-01 11:09:22] [INFO]: [SERVER] [v1.0.0] [DEVELOPMENT]: Server is running on http://localhost:9703/
[2025-09-01 11:09:26] [INFO]: [DB] Connected to the database successfully
[2025-09-01 11:09:26] [INFO]: [BOOTSTRAP] Loading listeners...
[2025-09-01 11:09:26] [INFO]: [Listeners] Loaded 4 file(s)
[2025-09-01 11:09:26] [INFO]: [BOOTSTRAP] All services ready.
[2025-09-01 11:09:26] [INFO]: [SERVER] [v1.0.0] [DEVELOPMENT]: Server is running on http://localhost:9703/
[2025-09-01 11:09:28] [INFO]: [HINT] client left: uPIJ2smMsjq2URB9AAAC
[2025-09-01 11:09:56] [INFO]: [DB] Connected to the database successfully
[2025-09-01 11:09:57] [INFO]: [BOOTSTRAP] Loading listeners...
[2025-09-01 11:09:57] [INFO]: [Listeners] Loaded 4 file(s)
[2025-09-01 11:09:57] [INFO]: [BOOTSTRAP] All services ready.
[2025-09-01 11:09:57] [INFO]: [SERVER] [v1.0.0] [DEVELOPMENT]: Server is running on http://localhost:9703/
[2025-09-01 11:10:06] [INFO]: [DB] Connected to the database successfully
[2025-09-01 11:10:07] [INFO]: [BOOTSTRAP] Loading listeners...
[2025-09-01 11:10:07] [INFO]: [Listeners] Loaded 4 file(s)
[2025-09-01 11:10:07] [INFO]: [BOOTSTRAP] All services ready.
[2025-09-01 11:10:07] [INFO]: [SERVER] [v1.0.0] [DEVELOPMENT]: Server is running on http://localhost:9703/
[2025-09-01 11:10:27] [INFO]: [DB] Connected to the database successfully
[2025-09-01 11:10:27] [INFO]: [BOOTSTRAP] Loading listeners...
[2025-09-01 11:10:27] [INFO]: [Listeners] Loaded 4 file(s)
[2025-09-01 11:10:27] [INFO]: [BOOTSTRAP] All services ready.
[2025-09-01 11:10:27] [INFO]: [SERVER] [v1.0.0] [DEVELOPMENT]: Server is running on http://localhost:9703/
[2025-09-01 11:10:33] [INFO]: [DB] Connected to the database successfully
[2025-09-01 11:10:33] [INFO]: [BOOTSTRAP] Loading listeners...
[2025-09-01 11:10:33] [INFO]: [Listeners] Loaded 4 file(s)
[2025-09-01 11:10:33] [INFO]: [BOOTSTRAP] All services ready.
[2025-09-01 11:10:33] [INFO]: [SERVER] [v1.0.0] [DEVELOPMENT]: Server is running on http://localhost:9703/
[2025-09-01 11:10:37] [INFO]: [DB] Connected to the database successfully
[2025-09-01 11:10:37] [INFO]: [BOOTSTRAP] Loading listeners...
[2025-09-01 11:10:37] [INFO]: [Listeners] Loaded 4 file(s)
[2025-09-01 11:10:37] [INFO]: [BOOTSTRAP] All services ready.
[2025-09-01 11:10:37] [INFO]: [SERVER] [v1.0.0] [DEVELOPMENT]: Server is running on http://localhost:9703/
[2025-09-01 11:10:39] [WARN]: [REQVERIFY - ::1] Unauthorized - Invalid token
[2025-09-01 11:10:53] [INFO]: [HINT] client left: PVVC0uZcRAc0MeCyAAAC
[2025-09-01 11:10:55] [INFO]: [HINT] client left: HSYP3pI-z2ini3JxAAAF
[2025-09-01 11:11:04] [WARN]: [REQVERIFY - ::1] Unauthorized - Invalid token
[2025-09-01 11:11:14] [INFO]: [HINT] client left: xhoBoueHFovtxe3lAAAI
[2025-09-01 11:11:19] [INFO]: [AUTH - LOGIN] User logged in successfully
[2025-09-01 11:11:21] [INFO]: [HINT] client left: h3TFe02YuFGdQP8NAAAL
[2025-09-01 11:11:57] [INFO]: [DB] Connected to the database successfully
[2025-09-01 11:11:57] [INFO]: [BOOTSTRAP] Loading listeners...
[2025-09-01 11:11:57] [INFO]: [Listeners] Loaded 4 file(s)
[2025-09-01 11:11:57] [INFO]: [BOOTSTRAP] All services ready.
[2025-09-01 11:11:57] [INFO]: [SERVER] [v1.0.0] [DEVELOPMENT]: Server is running on http://localhost:9703/
[2025-09-01 11:11:58] [INFO]: [DB] Connected to the database successfully
[2025-09-01 11:11:58] [INFO]: [BOOTSTRAP] Loading listeners...
[2025-09-01 11:11:58] [INFO]: [Listeners] Loaded 4 file(s)
[2025-09-01 11:11:58] [INFO]: [BOOTSTRAP] All services ready.
[2025-09-01 11:11:58] [INFO]: [SERVER] [v1.0.0] [DEVELOPMENT]: Server is running on http://localhost:9703/
[2025-09-01 11:13:12] [INFO]: [DB] Connected to the database successfully
[2025-09-01 11:13:12] [INFO]: [BOOTSTRAP] Loading listeners...
[2025-09-01 11:13:12] [INFO]: [Listeners] Loaded 4 file(s)
[2025-09-01 11:13:12] [INFO]: [BOOTSTRAP] All services ready.
[2025-09-01 11:13:12] [INFO]: [SERVER] [v1.0.0] [DEVELOPMENT]: Server is running on http://localhost:9703/
[2025-09-01 11:13:18] [INFO]: [DB] Connected to the database successfully
[2025-09-01 11:13:19] [INFO]: [BOOTSTRAP] Loading listeners...
[2025-09-01 11:13:19] [INFO]: [Listeners] Loaded 4 file(s)
[2025-09-01 11:13:19] [INFO]: [BOOTSTRAP] All services ready.
[2025-09-01 11:13:19] [INFO]: [SERVER] [v1.0.0] [DEVELOPMENT]: Server is running on http://localhost:9703/
[2025-09-01 11:13:41] [INFO]: [DB] Connected to the database successfully
[2025-09-01 11:13:41] [INFO]: [BOOTSTRAP] Loading listeners...
[2025-09-01 11:13:41] [INFO]: [Listeners] Loaded 4 file(s)
[2025-09-01 11:13:41] [INFO]: [BOOTSTRAP] All services ready.
[2025-09-01 11:13:41] [INFO]: [SERVER] [v1.0.0] [DEVELOPMENT]: Server is running on http://localhost:9703/
[2025-09-01 11:13:43] [INFO]: [HINT] client left: r7wUTGXk79_ryLQYAAAC
[2025-09-01 11:13:44] [INFO]: [HINT] client left: 9jFtJrNmIOrnNxk0AAAF
[2025-09-01 11:13:51] [INFO]: [HINT] client left: -6O5zTz35I-fIaclAAAI
[2025-09-01 11:13:52] [INFO]: [HINT] client left: gUYIAELl4I5-uwF5AAAL
[2025-09-01 11:14:01] [INFO]: [HINT] client left: JETTJ-WjQyJ9dh7-AAAO
[2025-09-01 11:14:02] [INFO]: [HINT] client left: p0MzoVedRsrFQ6B1AAAR
[2025-09-01 11:14:43] [INFO]: [HINT] client left: ifJ6KmR2Poo9YSy0AAAU
[2025-09-01 11:16:45] [INFO]: [DB] Connected to the database successfully
[2025-09-01 11:16:45] [INFO]: [BOOTSTRAP] Loading listeners...
[2025-09-01 11:16:45] [INFO]: [Listeners] Loaded 4 file(s)
[2025-09-01 11:16:45] [INFO]: [BOOTSTRAP] All services ready.
[2025-09-01 11:16:45] [INFO]: [SERVER] [v1.0.0] [DEVELOPMENT]: Server is running on http://localhost:9703/
[2025-09-01 11:19:52] [INFO]: [DB] Connected to the database successfully
[2025-09-01 11:19:52] [INFO]: [BOOTSTRAP] Loading listeners...
[2025-09-01 11:19:52] [INFO]: [Listeners] Loaded 4 file(s)
[2025-09-01 11:19:52] [INFO]: [BOOTSTRAP] All services ready.
[2025-09-01 11:19:52] [INFO]: [SERVER] [v1.0.0] [DEVELOPMENT]: Server is running on http://localhost:9703/
[2025-09-01 11:19:52] [INFO]: [HINT] client left: N4Wp6s8q7sDe1xRPAAAF
[2025-09-01 11:19:52] [INFO]: [HINT] client left: -8nFZHzn1IdOOXDfAAAI
[2025-09-01 11:19:52] [INFO]: [HINT] client left: CfJQcer1Hep0cNXaAAAH
[2025-09-01 11:20:37] [INFO]: [HINT] client left: wVT1IvbF_uuRBmWVAAAM
[2025-09-01 11:20:44] [INFO]: [HINT] client left: 5HN9dRQXY4ILOqKHAAAP
[2025-09-01 11:20:45] [INFO]: [HINT] client left: rtJlOtMguK0dgaLxAAAS
[2025-09-01 11:20:48] [INFO]: [HINT] client left: 17EM0sfxlPCMrE0JAAAV
[2025-09-01 11:22:20] [INFO]: [HINT] client left: RKZPwY0Rw4j3OI0WAAAY
[2025-09-01 11:22:20] [INFO]: [HINT] client left: MedxDD7kA8MR8VMXAAAa
[2025-09-01 11:23:10] [INFO]: [HINT] client left: dkw3yQVCZZUM46lRAAAd
[2025-09-01 11:23:10] [INFO]: [HINT] client left: zfsZa2NJeh-G_MktAAAf
[2025-09-01 11:23:13] [INFO]: [HINT] client left: R-MUyfe4hJ4pW4zeAAAi
[2025-09-01 11:23:33] [INFO]: [HINT] client left: ZB8ehkgC-iFe-xb1AAAl
[2025-09-01 11:24:02] [INFO]: [HINT] client left: _DW66mr0Al8JlmV1AAAo
[2025-09-01 11:24:43] [INFO]: [HINT] client left: mZE5xFjZbOmHwTdVAAAr
[2025-09-01 11:24:44] [INFO]: [HINT] client left: 7vRqiGJvmX4HvNudAAAu
[2025-09-01 11:24:48] [INFO]: [HINT] client left: Exoq3JVJG-a_ukoAAAAx
[2025-09-01 11:27:28] [INFO]: [HINT] client left: uti5MqvX4OF38uhtAAA0
[2025-09-01 11:28:16] [INFO]: [HINT] client left: qnFgvNXyE85T3aVRAAA3
[2025-09-01 11:28:27] [INFO]: [HINT] client left: q_K0WFO5oTga2vfbAAA6
[2025-09-01 11:30:46] [INFO]: [HINT] client left: cQcGhCg38svQBgfoAAA9
[2025-09-01 11:31:46] [INFO]: [DB] Connected to the database successfully
[2025-09-01 11:31:46] [INFO]: [BOOTSTRAP] Loading listeners...
[2025-09-01 11:31:46] [INFO]: [Listeners] Loaded 4 file(s)
[2025-09-01 11:31:46] [INFO]: [BOOTSTRAP] All services ready.
[2025-09-01 11:31:46] [INFO]: [SERVER] [v1.0.0] [DEVELOPMENT]: Server is running on http://localhost:9703/
[2025-09-01 11:32:05] [INFO]: [DB] Connected to the database successfully
[2025-09-01 11:32:05] [INFO]: [BOOTSTRAP] Loading listeners...
[2025-09-01 11:32:05] [INFO]: [Listeners] Loaded 4 file(s)
[2025-09-01 11:32:05] [INFO]: [BOOTSTRAP] All services ready.
[2025-09-01 11:32:05] [INFO]: [SERVER] [v1.0.0] [DEVELOPMENT]: Server is running on http://localhost:9703/
[2025-09-01 11:32:08] [INFO]: [DB] Connected to the database successfully
[2025-09-01 11:32:08] [INFO]: [BOOTSTRAP] Loading listeners...
[2025-09-01 11:32:08] [INFO]: [Listeners] Loaded 4 file(s)
[2025-09-01 11:32:08] [INFO]: [BOOTSTRAP] All services ready.
[2025-09-01 11:32:08] [INFO]: [SERVER] [v1.0.0] [DEVELOPMENT]: Server is running on http://localhost:9703/
[2025-09-01 11:32:14] [INFO]: [DB] Connected to the database successfully
[2025-09-01 11:32:14] [INFO]: [BOOTSTRAP] Loading listeners...
[2025-09-01 11:32:14] [INFO]: [Listeners] Loaded 4 file(s)
[2025-09-01 11:32:14] [INFO]: [BOOTSTRAP] All services ready.
[2025-09-01 11:32:14] [INFO]: [SERVER] [v1.0.0] [DEVELOPMENT]: Server is running on http://localhost:9703/
[2025-09-01 11:32:19] [INFO]: [HINT] client left: KFvm9V4CKwP6faqaAAAC
[2025-09-01 11:32:46] [INFO]: [HINT] client left: wGoxssvvbbDSXGZ-AAAF
[2025-09-01 11:32:58] [INFO]: [HINT] client left: VP3aBVwH6iU-ZISkAAAI
[2025-09-01 11:33:07] [INFO]: [HINT] client left: EyqtQwG0MQ4j6VshAAAL
[2025-09-01 11:33:31] [INFO]: [HINT] client left: gD_pazOJdUmhebdrAAAO
[2025-09-01 11:34:05] [INFO]: [DB] Connected to the database successfully
[2025-09-01 11:34:05] [INFO]: [BOOTSTRAP] Loading listeners...
[2025-09-01 11:34:05] [INFO]: [Listeners] Loaded 4 file(s)
[2025-09-01 11:34:05] [INFO]: [BOOTSTRAP] All services ready.
[2025-09-01 11:34:05] [INFO]: [SERVER] [v1.0.0] [DEVELOPMENT]: Server is running on http://localhost:9703/
[2025-09-01 11:34:07] [INFO]: [DB] Connected to the database successfully
[2025-09-01 11:34:07] [INFO]: [BOOTSTRAP] Loading listeners...
[2025-09-01 11:34:07] [INFO]: [Listeners] Loaded 4 file(s)
[2025-09-01 11:34:07] [INFO]: [BOOTSTRAP] All services ready.
[2025-09-01 11:34:07] [INFO]: [SERVER] [v1.0.0] [DEVELOPMENT]: Server is running on http://localhost:9703/
[2025-09-01 11:34:22] [INFO]: [DB] Connected to the database successfully
[2025-09-01 11:34:22] [INFO]: [BOOTSTRAP] Loading listeners...
[2025-09-01 11:34:22] [INFO]: [Listeners] Loaded 4 file(s)
[2025-09-01 11:34:22] [INFO]: [BOOTSTRAP] All services ready.
[2025-09-01 11:34:22] [INFO]: [SERVER] [v1.0.0] [DEVELOPMENT]: Server is running on http://localhost:9703/
[2025-09-01 11:34:23] [INFO]: [HINT] client left: CZrA5tfaBEJETLCDAAAC
[2025-09-01 11:34:30] [INFO]: [HINT] client left: Fpr0MY6wABfXDpHiAAAF
[2025-09-01 11:34:37] [INFO]: [HINT] client left: didblyIBqR5Ku2XSAAAI
[2025-09-01 11:34:44] [INFO]: [HINT] client left: _DT8bQlWOxynDtszAAAL
[2025-09-01 11:35:02] [INFO]: [HINT] client left: Cmb6veVN6ZOyZcGsAAAO
[2025-09-01 11:36:49] [INFO]: [HINT] client left: bPmb0ryx66sQTQvCAAAR
[2025-09-01 11:36:49] [INFO]: [HINT] client left: -1ILhTb9X84evnJsAAAV
[2025-09-01 11:36:49] [INFO]: [HINT] client left: 0rnXKUu6hO7xfXO9AAAT
[2025-09-01 11:37:03] [INFO]: [HINT] client left: Jg_JDoF19rhRbtnJAAAY
[2025-09-01 11:37:03] [INFO]: [HINT] client left: 4Pgz-uUUGxt8ym1VAAAa
[2025-09-01 11:37:04] [INFO]: [HINT] client left: sYV0GyZoOSKqBIMAAAAd
[2025-09-01 11:37:31] [INFO]: [HINT] client left: TEmLRQDPxA3NCMJ0AAAg
[2025-09-01 11:37:31] [INFO]: [HINT] client left: cWwM0dUTVK5vIvsOAAAi
[2025-09-01 11:38:14] [INFO]: [HINT] client left: mUUcbQCvNZITsf6aAAAl
[2025-09-01 11:38:14] [INFO]: [HINT] client left: hnmjsERuKX6WoXmrAAAn
[2025-09-01 11:38:50] [INFO]: [HINT] client left: nu2DWXGdwfwmEde8AAAq
[2025-09-01 11:39:10] [INFO]: [HINT] client left: hrVa_SSzaQRRivQBAAAt
[2025-09-01 11:39:45] [INFO]: [HINT] client left: jdR4WLpyDdF4JIIAAAAw
[2025-09-01 11:40:29] [INFO]: [HINT] client left: OVx8m7S09BtAsxJgAAAz
[2025-09-01 11:41:55] [INFO]: [HINT] client left: rNerZtEYmdrPcZG9AAA2
[2025-09-01 11:43:30] [INFO]: [HINT] client left: NLHZ8mC8cSc2PktnAAA5
[2025-09-01 11:43:40] [INFO]: [HINT] client left: 0vD-rGsA6lBiM0sqAAA8
[2025-09-01 11:43:57] [INFO]: [HINT] client left: ylVVoWFhJpsoSeh8AAA_
[2025-09-01 11:44:14] [INFO]: [HINT] client left: gpTBf-iV5t5b_4jOAABC
[2025-09-01 11:48:53] [INFO]: [HINT] client left: pduN_wxP9cPPIIjKAABF
[2025-09-01 11:48:53] [INFO]: [HINT] client left: xU7KfWwSktSiKj2nAABN
[2025-09-01 11:48:53] [INFO]: [HINT] client left: NWHFyuxN3U3YZB-dAABL
[2025-09-01 11:48:53] [INFO]: [HINT] client left: uAaOOuMPrqtSydl0AABJ
[2025-09-01 11:48:53] [INFO]: [HINT] client left: _UOnMLBfV3g7tBkoAABH
[2025-09-01 11:48:53] [INFO]: [HINT] client left: 1U_aZjTDwhvcEF-OAABR
[2025-09-01 11:48:53] [INFO]: [HINT] client left: l3i_O1TXV4JsqNO3AABP
[2025-09-01 11:49:30] [INFO]: [HINT] client left: 99rJhs4-uw0qMw_JAABU
[2025-09-01 12:04:16] [INFO]: [HINT] client left: BT_QJiQp6OisV5OVAABX
[2025-09-01 12:04:36] [INFO]: [HINT] client left: fBrexkoRAAcaJCrsAABa
[2025-09-01 12:05:38] [INFO]: [HINT] client left: Q-SJh6Kt0O_L9wgiAABd
[2025-09-01 12:06:47] [INFO]: [HINT] client left: 5Kwd8qE3cPgIc8aDAABg
[2025-09-01 12:06:51] [INFO]: [HINT] client left: YD8-gQbxnqwsHUDrAABj
[2025-09-01 12:08:26] [INFO]: [HINT] client left: KkU-_ml3JbF1c2L5AABm
[2025-09-01 12:18:50] [INFO]: [HINT] client left: uhS3zZBSYhpObcg_AABp
[2025-09-01 12:18:50] [INFO]: [HINT] client left: wBwW5zkNLYGgiR0iAABv
[2025-09-01 12:18:50] [INFO]: [HINT] client left: IX4PSlRT2H1wdkKzAABt
[2025-09-01 12:18:50] [INFO]: [HINT] client left: zT_S-pOikpbVcyU4AABr
[2025-09-01 12:19:59] [INFO]: [HINT] client left: 5jyWyGOEUGwPFu-hAABy
[2025-09-01 12:19:59] [INFO]: [HINT] client left: 0ydJQFV6PGqzkugpAAB0
[2025-09-01 12:20:03] [INFO]: [HINT] client left: baMlYEOJ1TDrQwxGAAB3
[2025-09-01 12:21:22] [INFO]: [DB] Connected to the database successfully
[2025-09-01 12:21:22] [INFO]: [BOOTSTRAP] Loading listeners...
[2025-09-01 12:21:22] [INFO]: [Listeners] Loaded 4 file(s)
[2025-09-01 12:21:22] [INFO]: [BOOTSTRAP] All services ready.
[2025-09-01 12:21:22] [INFO]: [SERVER] [v1.0.0] [DEVELOPMENT]: Server is running on http://localhost:9703/
[2025-09-01 12:23:26] [INFO]: [DB] Connected to the database successfully
[2025-09-01 12:23:26] [INFO]: [BOOTSTRAP] Loading listeners...
[2025-09-01 12:23:26] [INFO]: [Listeners] Loaded 4 file(s)
[2025-09-01 12:23:26] [INFO]: [BOOTSTRAP] All services ready.
[2025-09-01 12:23:26] [INFO]: [SERVER] [v1.0.0] [DEVELOPMENT]: Server is running on http://localhost:9703/
[2025-09-01 12:23:46] [INFO]: [DB] Connected to the database successfully
[2025-09-01 12:23:46] [INFO]: [BOOTSTRAP] Loading listeners...
[2025-09-01 12:23:46] [INFO]: [Listeners] Loaded 4 file(s)
[2025-09-01 12:23:46] [INFO]: [BOOTSTRAP] All services ready.
[2025-09-01 12:23:46] [INFO]: [SERVER] [v1.0.0] [DEVELOPMENT]: Server is running on http://localhost:9703/
[2025-09-01 12:23:54] [INFO]: [DB] Connected to the database successfully
[2025-09-01 12:23:54] [INFO]: [BOOTSTRAP] Loading listeners...
[2025-09-01 12:23:54] [INFO]: [Listeners] Loaded 4 file(s)
[2025-09-01 12:23:54] [INFO]: [BOOTSTRAP] All services ready.
[2025-09-01 12:23:54] [INFO]: [SERVER] [v1.0.0] [DEVELOPMENT]: Server is running on http://localhost:9703/
[2025-09-01 12:24:45] [INFO]: [DB] Connected to the database successfully
[2025-09-01 12:24:51] [INFO]: [DB] Connected to the database successfully
[2025-09-01 12:24:51] [INFO]: [BOOTSTRAP] Loading listeners...
[2025-09-01 12:24:51] [INFO]: [Listeners] Loaded 4 file(s)
[2025-09-01 12:24:51] [INFO]: [BOOTSTRAP] All services ready.
[2025-09-01 12:24:51] [INFO]: [SERVER] [v1.0.0] [DEVELOPMENT]: Server is running on http://localhost:9703/
[2025-09-01 12:24:53] [INFO]: [DB] Connected to the database successfully
[2025-09-01 12:24:53] [INFO]: [BOOTSTRAP] Loading listeners...
[2025-09-01 12:24:53] [INFO]: [Listeners] Loaded 4 file(s)
[2025-09-01 12:24:53] [INFO]: [BOOTSTRAP] All services ready.
[2025-09-01 12:24:53] [INFO]: [SERVER] [v1.0.0] [DEVELOPMENT]: Server is running on http://localhost:9703/
[2025-09-01 12:25:07] [INFO]: [DB] Connected to the database successfully
[2025-09-01 12:25:07] [INFO]: [BOOTSTRAP] Loading listeners...
[2025-09-01 12:25:07] [INFO]: [Listeners] Loaded 4 file(s)
[2025-09-01 12:25:07] [INFO]: [BOOTSTRAP] All services ready.
[2025-09-01 12:25:07] [INFO]: [SERVER] [v1.0.0] [DEVELOPMENT]: Server is running on http://localhost:9703/
[2025-09-01 12:25:11] [INFO]: [DB] Connected to the database successfully
[2025-09-01 12:25:11] [INFO]: [BOOTSTRAP] Loading listeners...
[2025-09-01 12:25:11] [INFO]: [Listeners] Loaded 4 file(s)
[2025-09-01 12:25:11] [INFO]: [BOOTSTRAP] All services ready.
[2025-09-01 12:25:11] [INFO]: [SERVER] [v1.0.0] [DEVELOPMENT]: Server is running on http://localhost:9703/
[2025-09-01 12:25:30] [INFO]: [DB] Connected to the database successfully
[2025-09-01 12:25:30] [INFO]: [BOOTSTRAP] Loading listeners...
[2025-09-01 12:25:30] [INFO]: [Listeners] Loaded 4 file(s)
[2025-09-01 12:25:30] [INFO]: [BOOTSTRAP] All services ready.
[2025-09-01 12:25:30] [INFO]: [SERVER] [v1.0.0] [DEVELOPMENT]: Server is running on http://localhost:9703/
[2025-09-01 12:28:14] [INFO]: [HINT] client left: v_u7FUuXPO8JKXhNAAAC
[2025-09-01 12:28:14] [INFO]: [HINT] client left: CAF1Ezf_DOedJWiqAAAQ
[2025-09-01 12:28:14] [INFO]: [HINT] client left: ReKaweBG2JaTQK9nAAAO
[2025-09-01 12:28:14] [INFO]: [HINT] client left: 0Jatwmj1IUCytYHFAAAM
[2025-09-01 12:28:14] [INFO]: [HINT] client left: GKnzKVqs4eXw0XiSAAAK
[2025-09-01 12:28:14] [INFO]: [HINT] client left: I4CyXMhC5lWv8XNKAAAI
[2025-09-01 12:28:14] [INFO]: [HINT] client left: KT3_LQt2XmfpfA5wAAAG
[2025-09-01 12:28:14] [INFO]: [HINT] client left: SIBD1YLZZHctXcwcAAAE
[2025-09-01 12:29:29] [INFO]: [HINT] client left: VRNYTE76Cec20KieAAAT
[2025-09-01 12:29:29] [INFO]: [HINT] client left: S9rA8X5vA0iCnmKFAAAf
[2025-09-01 12:29:29] [INFO]: [HINT] client left: mcKzzYJHzqqwFc-WAAAd
[2025-09-01 12:29:29] [INFO]: [HINT] client left: liMskGZWko_jDUmRAAAb
[2025-09-01 12:29:29] [INFO]: [HINT] client left: JtDwrqDdPjP-nnaVAAAZ
[2025-09-01 12:29:29] [INFO]: [HINT] client left: ldOqeHmN_y2mm5UJAAAX
[2025-09-01 12:29:29] [INFO]: [HINT] client left: PuaLd1z0iB4aMu30AAAV
[2025-09-01 12:29:29] [INFO]: [HINT] client left: cfYWzXF2-BdhR_rdAAAl
[2025-09-01 12:29:29] [INFO]: [HINT] client left: cYvUFXVUOc3CSW6uAAAj
[2025-09-01 12:29:29] [INFO]: [HINT] client left: SAkHv4g5Faan8AaYAAAh
[2025-09-01 12:30:56] [INFO]: [HINT] client left: JjY6CsuH-jHoVcjtAAAo
[2025-09-01 12:31:16] [INFO]: [HINT] client left: b8E-0E0KT-6m6Vv-AAAr
[2025-09-01 12:32:02] [INFO]: [HINT] client left: HYkK5BWbIAX33S26AAAu
[2025-09-01 12:32:02] [INFO]: [HINT] client left: kNOmYQ0W88AnqZP4AAA4
[2025-09-01 12:32:02] [INFO]: [HINT] client left: bw9xIajDXVMGizlgAAA2
[2025-09-01 12:32:02] [INFO]: [HINT] client left: AwaTdsOwLoZIe9MYAAA0
[2025-09-01 12:32:02] [INFO]: [HINT] client left: gcp0H89Srfad7ao4AAAy
[2025-09-01 12:32:02] [INFO]: [HINT] client left: I9J3DWZCLcFg2Y9kAAAw
[2025-09-01 12:32:06] [INFO]: [HINT] client left: Yl5ausMhiaks0q6OAAA7
[2025-09-01 12:33:54] [INFO]: [HINT] client left: zeK3rwuXEG9A08K1AAA-
[2025-09-01 12:33:56] [INFO]: [HINT] client left: C5xVdghw5hRjDNdVAABB
[2025-09-01 12:35:33] [INFO]: [DB] Connected to the database successfully
[2025-09-01 12:35:33] [INFO]: [BOOTSTRAP] Loading listeners...
[2025-09-01 12:35:33] [INFO]: [Listeners] Loaded 4 file(s)
[2025-09-01 12:35:33] [INFO]: [BOOTSTRAP] All services ready.
[2025-09-01 12:35:33] [INFO]: [SERVER] [v1.0.0] [DEVELOPMENT]: Server is running on http://localhost:9703/
[2025-09-01 12:35:36] [INFO]: [DB] Connected to the database successfully
[2025-09-01 12:35:37] [INFO]: [BOOTSTRAP] Loading listeners...
[2025-09-01 12:35:37] [INFO]: [Listeners] Loaded 4 file(s)
[2025-09-01 12:35:37] [INFO]: [BOOTSTRAP] All services ready.
[2025-09-01 12:35:37] [INFO]: [SERVER] [v1.0.0] [DEVELOPMENT]: Server is running on http://localhost:9703/
[2025-09-01 12:35:44] [INFO]: [DB] Connected to the database successfully
[2025-09-01 12:35:44] [INFO]: [BOOTSTRAP] Loading listeners...
[2025-09-01 12:35:44] [INFO]: [Listeners] Loaded 4 file(s)
[2025-09-01 12:35:44] [INFO]: [BOOTSTRAP] All services ready.
[2025-09-01 12:35:44] [INFO]: [SERVER] [v1.0.0] [DEVELOPMENT]: Server is running on http://localhost:9703/
[2025-09-01 12:38:06] [INFO]: [HINT] client left: SZA_rTPYfKlpYXJwAAAC
[2025-09-01 12:38:06] [INFO]: [HINT] client left: wFxcyBPPUGu3kq4_AAAY
[2025-09-01 12:38:06] [INFO]: [HINT] client left: xQRVn0Zgwxsbzz3BAAAW
[2025-09-01 12:38:06] [INFO]: [HINT] client left: nF6pqDA6gsEGJxn1AAAU
[2025-09-01 12:38:06] [INFO]: [HINT] client left: fvPqXs6YdjTZtipJAAAS
[2025-09-01 12:38:06] [INFO]: [HINT] client left: J_Pjn_qruYzXsuR9AAAQ
[2025-09-01 12:38:06] [INFO]: [HINT] client left: 6mBG8wLT6pke_QF1AAAO
[2025-09-01 12:38:06] [INFO]: [HINT] client left: wnjddSqJ0o60Yk1UAAAM
[2025-09-01 12:38:06] [INFO]: [HINT] client left: mKOr-ShQNHJipJmjAAAK
[2025-09-01 12:38:06] [INFO]: [HINT] client left: 4zyynKg2xw7tIUMVAAAI
[2025-09-01 12:38:06] [INFO]: [HINT] client left: vxL9HPMaXdlJaERfAAAG
[2025-09-01 12:38:06] [INFO]: [HINT] client left: HAKgL-auc5VowIQ7AAAE
[2025-09-01 12:38:11] [INFO]: [HINT] client left: jVXrLaoylbmYmTgaAAAb
[2025-09-01 12:38:35] [INFO]: [DB] Connected to the database successfully
[2025-09-01 12:38:35] [INFO]: [BOOTSTRAP] Loading listeners...
[2025-09-01 12:38:35] [INFO]: [Listeners] Loaded 4 file(s)
[2025-09-01 12:38:35] [INFO]: [BOOTSTRAP] All services ready.
[2025-09-01 12:38:35] [INFO]: [SERVER] [v1.0.0] [DEVELOPMENT]: Server is running on http://localhost:9703/
[2025-09-01 12:38:37] [INFO]: [DB] Connected to the database successfully
[2025-09-01 12:38:37] [INFO]: [BOOTSTRAP] Loading listeners...
[2025-09-01 12:38:37] [INFO]: [Listeners] Loaded 4 file(s)
[2025-09-01 12:38:37] [INFO]: [BOOTSTRAP] All services ready.
[2025-09-01 12:38:37] [INFO]: [SERVER] [v1.0.0] [DEVELOPMENT]: Server is running on http://localhost:9703/
[2025-09-01 12:38:39] [INFO]: [DB] Connected to the database successfully
[2025-09-01 12:38:39] [INFO]: [BOOTSTRAP] Loading listeners...
[2025-09-01 12:38:39] [INFO]: [Listeners] Loaded 4 file(s)
[2025-09-01 12:38:39] [INFO]: [BOOTSTRAP] All services ready.
[2025-09-01 12:38:39] [INFO]: [SERVER] [v1.0.0] [DEVELOPMENT]: Server is running on http://localhost:9703/
[2025-09-01 12:38:45] [INFO]: [DB] Connected to the database successfully
[2025-09-01 12:38:45] [INFO]: [BOOTSTRAP] Loading listeners...
[2025-09-01 12:38:45] [INFO]: [Listeners] Loaded 4 file(s)
[2025-09-01 12:38:45] [INFO]: [BOOTSTRAP] All services ready.
[2025-09-01 12:38:45] [INFO]: [SERVER] [v1.0.0] [DEVELOPMENT]: Server is running on http://localhost:9703/
[2025-09-01 12:38:50] [INFO]: [DB] Connected to the database successfully
[2025-09-01 12:38:50] [INFO]: [BOOTSTRAP] Loading listeners...
[2025-09-01 12:38:50] [INFO]: [Listeners] Loaded 4 file(s)
[2025-09-01 12:38:50] [INFO]: [BOOTSTRAP] All services ready.
[2025-09-01 12:38:50] [INFO]: [SERVER] [v1.0.0] [DEVELOPMENT]: Server is running on http://localhost:9703/
[2025-09-01 12:38:51] [INFO]: [HINT] client left: 62H3MHZws3tNs5JVAAAC
[2025-09-01 12:38:57] [INFO]: [HINT] client left: EBzdwj_hm5_JoULUAAAF
[2025-09-01 12:41:33] [INFO]: [HINT] client left: l4myxAs6xnJMdz3DAAAI
[2025-09-01 12:41:39] [INFO]: [HINT] client left: ozKcMahI_4O8f_uLAAAL
[2025-09-01 12:44:12] [INFO]: [HINT] client left: tmLi0wDuQPPyl-WnAAAO
[2025-09-01 12:44:16] [INFO]: [HINT] client left: OSyDeZQIke1D-g8tAAAR
[2025-09-01 12:45:09] [INFO]: [HINT] client left: 5nM6E8ozi5lYK1AAAAAU
[2025-09-01 13:01:11] [INFO]: [HINT] client left: IQnb-MtFopQJv1OMAAAX
