[2025-09-11 21:54:42] [INFO]: [DB] Connected to the database successfully
[2025-09-11 21:54:42] [INFO]: [BOOTSTRAP] Loading listeners...
[2025-09-11 21:54:42] [INFO]: [Listeners] Loaded 5 file(s)
[2025-09-11 21:54:42] [INFO]: [BOOTSTRAP] All services ready.
[2025-09-11 21:54:42] [INFO]: [SERVER] [v1.0.0] [DEVELOPMENT]: Server is running on http://localhost:9703/
[2025-09-11 22:28:37] [INFO]: [DB] Connected to the database successfully
[2025-09-11 22:28:38] [INFO]: [BOOTSTRAP] Loading listeners...
[2025-09-11 22:28:38] [INFO]: [Listeners] Loaded 5 file(s)
[2025-09-11 22:28:38] [INFO]: [BOOTSTRAP] All services ready.
[2025-09-11 22:28:38] [INFO]: [SERVER] [v1.0.0] [DEVELOPMENT]: Server is running on http://localhost:9703/
[2025-09-11 22:29:13] [INFO]: [DB] Connected to the database successfully
[2025-09-11 22:29:14] [INFO]: [BOOTSTRAP] Loading listeners...
[2025-09-11 22:29:14] [INFO]: [Listeners] Loaded 5 file(s)
[2025-09-11 22:29:14] [INFO]: [BOOTSTRAP] All services ready.
[2025-09-11 22:29:14] [INFO]: [SERVER] [v1.0.0] [DEVELOPMENT]: Server is running on http://localhost:9703/
[2025-09-11 22:29:16] [INFO]: [DB] Connected to the database successfully
[2025-09-11 22:29:16] [INFO]: [BOOTSTRAP] Loading listeners...
[2025-09-11 22:29:16] [INFO]: [Listeners] Loaded 5 file(s)
[2025-09-11 22:29:16] [INFO]: [BOOTSTRAP] All services ready.
[2025-09-11 22:29:16] [INFO]: [SERVER] [v1.0.0] [DEVELOPMENT]: Server is running on http://localhost:9703/
[2025-09-11 22:29:20] [INFO]: [DB] Connected to the database successfully
[2025-09-11 22:29:20] [INFO]: [BOOTSTRAP] Loading listeners...
[2025-09-11 22:29:20] [INFO]: [Listeners] Loaded 5 file(s)
[2025-09-11 22:29:20] [INFO]: [BOOTSTRAP] All services ready.
[2025-09-11 22:29:20] [INFO]: [SERVER] [v1.0.0] [DEVELOPMENT]: Server is running on http://localhost:9703/
[2025-09-11 22:29:26] [INFO]: [DB] Connected to the database successfully
[2025-09-11 22:29:26] [INFO]: [BOOTSTRAP] Loading listeners...
[2025-09-11 22:29:26] [INFO]: [Listeners] Loaded 5 file(s)
[2025-09-11 22:29:26] [INFO]: [BOOTSTRAP] All services ready.
[2025-09-11 22:29:26] [INFO]: [SERVER] [v1.0.0] [DEVELOPMENT]: Server is running on http://localhost:9703/
[2025-09-11 22:29:50] [INFO]: [DB] Connected to the database successfully
[2025-09-11 22:29:50] [INFO]: [BOOTSTRAP] Loading listeners...
[2025-09-11 22:29:50] [INFO]: [Listeners] Loaded 5 file(s)
[2025-09-11 22:29:50] [INFO]: [BOOTSTRAP] All services ready.
[2025-09-11 22:29:50] [INFO]: [SERVER] [v1.0.0] [DEVELOPMENT]: Server is running on http://localhost:9703/
[2025-09-11 22:30:01] [INFO]: [DB] Connected to the database successfully
[2025-09-11 22:30:01] [INFO]: [BOOTSTRAP] Loading listeners...
[2025-09-11 22:30:01] [INFO]: [Listeners] Loaded 5 file(s)
[2025-09-11 22:30:01] [INFO]: [BOOTSTRAP] All services ready.
[2025-09-11 22:30:01] [INFO]: [SERVER] [v1.0.0] [DEVELOPMENT]: Server is running on http://localhost:9703/
[2025-09-11 22:30:04] [INFO]: [DB] Connected to the database successfully
[2025-09-11 22:30:04] [INFO]: [BOOTSTRAP] Loading listeners...
[2025-09-11 22:30:04] [INFO]: [Listeners] Loaded 5 file(s)
[2025-09-11 22:30:04] [INFO]: [BOOTSTRAP] All services ready.
[2025-09-11 22:30:04] [INFO]: [SERVER] [v1.0.0] [DEVELOPMENT]: Server is running on http://localhost:9703/
[2025-09-11 22:30:12] [INFO]: [DB] Connected to the database successfully
[2025-09-11 22:30:12] [INFO]: [BOOTSTRAP] Loading listeners...
[2025-09-11 22:30:12] [INFO]: [Listeners] Loaded 5 file(s)
[2025-09-11 22:30:12] [INFO]: [BOOTSTRAP] All services ready.
[2025-09-11 22:30:12] [INFO]: [SERVER] [v1.0.0] [DEVELOPMENT]: Server is running on http://localhost:9703/
[2025-09-11 22:31:25] [INFO]: [DB] Connected to the database successfully
[2025-09-11 22:31:25] [INFO]: [BOOTSTRAP] Loading listeners...
[2025-09-11 22:31:25] [INFO]: [Listeners] Loaded 5 file(s)
[2025-09-11 22:31:25] [INFO]: [BOOTSTRAP] All services ready.
[2025-09-11 22:31:25] [INFO]: [SERVER] [v1.0.0] [DEVELOPMENT]: Server is running on http://localhost:9703/
[2025-09-11 22:31:35] [INFO]: [DB] Connected to the database successfully
[2025-09-11 22:31:35] [INFO]: [BOOTSTRAP] Loading listeners...
[2025-09-11 22:31:35] [INFO]: [Listeners] Loaded 5 file(s)
[2025-09-11 22:31:35] [INFO]: [BOOTSTRAP] All services ready.
[2025-09-11 22:31:35] [INFO]: [SERVER] [v1.0.0] [DEVELOPMENT]: Server is running on http://localhost:9703/
[2025-09-11 22:31:46] [INFO]: [DB] Connected to the database successfully
[2025-09-11 22:31:46] [INFO]: [BOOTSTRAP] Loading listeners...
[2025-09-11 22:31:46] [INFO]: [Listeners] Loaded 5 file(s)
[2025-09-11 22:31:46] [INFO]: [BOOTSTRAP] All services ready.
[2025-09-11 22:31:46] [INFO]: [SERVER] [v1.0.0] [DEVELOPMENT]: Server is running on http://localhost:9703/
[2025-09-11 22:32:39] [INFO]: [DB] Connected to the database successfully
[2025-09-11 22:32:39] [INFO]: [BOOTSTRAP] Loading listeners...
[2025-09-11 22:32:39] [INFO]: [Listeners] Loaded 5 file(s)
[2025-09-11 22:32:39] [INFO]: [BOOTSTRAP] All services ready.
[2025-09-11 22:32:39] [INFO]: [SERVER] [v1.0.0] [DEVELOPMENT]: Server is running on http://localhost:9703/
[2025-09-11 22:32:49] [INFO]: [DB] Connected to the database successfully
[2025-09-11 22:32:49] [INFO]: [BOOTSTRAP] Loading listeners...
[2025-09-11 22:32:49] [INFO]: [Listeners] Loaded 5 file(s)
[2025-09-11 22:32:49] [INFO]: [BOOTSTRAP] All services ready.
[2025-09-11 22:32:49] [INFO]: [SERVER] [v1.0.0] [DEVELOPMENT]: Server is running on http://localhost:9703/
[2025-09-11 22:33:54] [INFO]: [DB] Connected to the database successfully
[2025-09-11 22:33:54] [INFO]: [BOOTSTRAP] Loading listeners...
[2025-09-11 22:33:54] [INFO]: [Listeners] Loaded 5 file(s)
[2025-09-11 22:33:54] [INFO]: [BOOTSTRAP] All services ready.
[2025-09-11 22:33:54] [INFO]: [SERVER] [v1.0.0] [DEVELOPMENT]: Server is running on http://localhost:9703/
[2025-09-11 22:34:52] [INFO]: [DB] Connected to the database successfully
[2025-09-11 22:34:53] [INFO]: [BOOTSTRAP] Loading listeners...
[2025-09-11 22:34:53] [INFO]: [Listeners] Loaded 5 file(s)
[2025-09-11 22:34:53] [INFO]: [BOOTSTRAP] All services ready.
[2025-09-11 22:34:53] [INFO]: [SERVER] [v1.0.0] [DEVELOPMENT]: Server is running on http://localhost:9703/
