[2025-09-03 09:20:15] [INFO]: [DB] Connected to the database successfully
[2025-09-03 09:20:15] [INFO]: [BOOTSTRAP] Loading listeners...
[2025-09-03 09:20:15] [INFO]: [Listeners] Loaded 4 file(s)
[2025-09-03 09:20:15] [INFO]: [BOOTSTRAP] All services ready.
[2025-09-03 09:20:16] [INFO]: [SERVER] [v1.0.0] [DEVELOPMENT]: Server is running on http://localhost:9703/
[2025-09-03 09:56:09] [INFO]: [HINT] client left: 7wI5W98WLz2Kh510AAAC
[2025-09-03 09:56:09] [INFO]: [HINT] client left: mdc47QEZGuHQ3BciAAAQ
[2025-09-03 09:56:09] [INFO]: [HINT] client left: yxLGl0pTBEnojAc3AAAO
[2025-09-03 09:56:09] [INFO]: [HINT] client left: tEMVoVvc--3ayAr4AAAM
[2025-09-03 09:56:09] [INFO]: [HINT] client left: 4qtyUPfTQCQmzgd4AAAK
[2025-09-03 09:56:09] [INFO]: [HINT] client left: mwSZOXMt-cE1iN-AAAAI
[2025-09-03 09:56:09] [INFO]: [HINT] client left: HAOoKpzH_a2a_PpaAAAG
[2025-09-03 09:56:09] [INFO]: [HINT] client left: wL-LCAnyv253fW7UAAAE
[2025-09-03 09:57:10] [INFO]: [HINT] client left: bvW41ger5c2uHMORAAAT
[2025-09-03 09:57:44] [INFO]: [HINT] client left: 73NCiocNNXjBUfYMAAAW
[2025-09-03 09:59:55] [INFO]: [HINT] client left: tPFcxwt2-LbARVPWAAAb
[2025-09-03 09:59:55] [INFO]: [HINT] client left: nSg80oKNtVDzeShSAAAZ
[2025-09-03 09:59:55] [INFO]: [HINT] client left: Vs4Q9ABiUlk6OUuVAAAd
[2025-09-03 10:03:21] [INFO]: [HINT] client left: 8mHFUPfQybJIAtX5AAAg
[2025-09-03 10:03:21] [INFO]: [HINT] client left: fZB5XiY8qfCakcBxAAAu
[2025-09-03 10:03:21] [INFO]: [HINT] client left: Y0Gsx_vDuQ8Fw_FaAAAs
[2025-09-03 10:03:21] [INFO]: [HINT] client left: d7HhogXcVyRaX5KYAAAq
[2025-09-03 10:03:21] [INFO]: [HINT] client left: lVNAXu-fdtSpgi2uAAAo
[2025-09-03 10:03:21] [INFO]: [HINT] client left: 3XFaw1z-P7RcRTp2AAAm
[2025-09-03 10:03:21] [INFO]: [HINT] client left: gHE7RZ1XOQh6dIWhAAAk
[2025-09-03 10:03:21] [INFO]: [HINT] client left: QtkoPVNx-_i-0uelAAAi
[2025-09-03 10:06:23] [INFO]: [HINT] client left: P5Smzm1NRqU4NNRxAAAx
[2025-09-03 10:06:23] [INFO]: [HINT] client left: 0HNte5tnzdQQTwVHAAA1
[2025-09-03 10:06:23] [INFO]: [HINT] client left: AMjA8bcLkG3O-Ik5AAAz
[2025-09-03 10:09:50] [INFO]: [HINT] client left: AZ2a2Px-gQC2-GpnAAA4
[2025-09-03 10:09:50] [INFO]: [HINT] client left: KR64TDgpJS01zPf1AABI
[2025-09-03 10:09:50] [INFO]: [HINT] client left: qgHcApFpl_r-ELa0AABG
[2025-09-03 10:09:50] [INFO]: [HINT] client left: Giu0LzeJjeZBqB8BAABE
[2025-09-03 10:09:50] [INFO]: [HINT] client left: uitqyui1USN0a1GgAABC
[2025-09-03 10:09:50] [INFO]: [HINT] client left: 93Nv2xHdFUmvULo4AABA
[2025-09-03 10:09:50] [INFO]: [HINT] client left: Ppw2L4vnVwveeii0AAA-
[2025-09-03 10:09:50] [INFO]: [HINT] client left: Dn5HuC2qkjdrL2scAAA8
[2025-09-03 10:09:50] [INFO]: [HINT] client left: RI_p8CY0-FapEaeyAAA6
[2025-09-03 10:11:23] [INFO]: [DB] Connected to the database successfully
[2025-09-03 10:11:23] [INFO]: [BOOTSTRAP] Loading listeners...
[2025-09-03 10:11:23] [INFO]: [Listeners] Loaded 4 file(s)
[2025-09-03 10:11:23] [INFO]: [BOOTSTRAP] All services ready.
[2025-09-03 10:11:23] [INFO]: [SERVER] [v1.0.0] [DEVELOPMENT]: Server is running on http://localhost:9703/
[2025-09-03 10:11:29] [INFO]: [DB] Connected to the database successfully
[2025-09-03 10:11:29] [INFO]: [BOOTSTRAP] Loading listeners...
[2025-09-03 10:11:29] [INFO]: [Listeners] Loaded 4 file(s)
[2025-09-03 10:11:29] [INFO]: [BOOTSTRAP] All services ready.
[2025-09-03 10:11:29] [INFO]: [SERVER] [v1.0.0] [DEVELOPMENT]: Server is running on http://localhost:9703/
[2025-09-03 10:11:39] [INFO]: [DB] Connected to the database successfully
[2025-09-03 10:11:39] [INFO]: [BOOTSTRAP] Loading listeners...
[2025-09-03 10:11:39] [INFO]: [Listeners] Loaded 4 file(s)
[2025-09-03 10:11:39] [INFO]: [BOOTSTRAP] All services ready.
[2025-09-03 10:11:39] [INFO]: [SERVER] [v1.0.0] [DEVELOPMENT]: Server is running on http://localhost:9703/
[2025-09-03 10:11:43] [INFO]: [DB] Connected to the database successfully
[2025-09-03 10:11:43] [INFO]: [BOOTSTRAP] Loading listeners...
[2025-09-03 10:11:43] [INFO]: [Listeners] Loaded 4 file(s)
[2025-09-03 10:11:43] [INFO]: [BOOTSTRAP] All services ready.
[2025-09-03 10:11:43] [INFO]: [SERVER] [v1.0.0] [DEVELOPMENT]: Server is running on http://localhost:9703/
[2025-09-03 10:11:45] [INFO]: [DB] Connected to the database successfully
[2025-09-03 10:11:45] [INFO]: [BOOTSTRAP] Loading listeners...
[2025-09-03 10:11:45] [INFO]: [Listeners] Loaded 4 file(s)
[2025-09-03 10:11:45] [INFO]: [BOOTSTRAP] All services ready.
[2025-09-03 10:11:45] [INFO]: [SERVER] [v1.0.0] [DEVELOPMENT]: Server is running on http://localhost:9703/
[2025-09-03 10:11:48] [INFO]: [DB] Connected to the database successfully
[2025-09-03 10:11:48] [INFO]: [BOOTSTRAP] Loading listeners...
[2025-09-03 10:11:48] [INFO]: [Listeners] Loaded 4 file(s)
[2025-09-03 10:11:48] [INFO]: [BOOTSTRAP] All services ready.
[2025-09-03 10:11:48] [INFO]: [SERVER] [v1.0.0] [DEVELOPMENT]: Server is running on http://localhost:9703/
[2025-09-03 10:12:03] [INFO]: [DB] Connected to the database successfully
[2025-09-03 10:12:04] [INFO]: [BOOTSTRAP] Loading listeners...
[2025-09-03 10:12:04] [INFO]: [Listeners] Loaded 4 file(s)
[2025-09-03 10:12:04] [INFO]: [BOOTSTRAP] All services ready.
[2025-09-03 10:12:04] [INFO]: [SERVER] [v1.0.0] [DEVELOPMENT]: Server is running on http://localhost:9703/
[2025-09-03 10:12:08] [INFO]: [DB] Connected to the database successfully
[2025-09-03 10:12:08] [INFO]: [BOOTSTRAP] Loading listeners...
[2025-09-03 10:12:08] [INFO]: [Listeners] Loaded 4 file(s)
[2025-09-03 10:12:08] [INFO]: [BOOTSTRAP] All services ready.
[2025-09-03 10:12:08] [INFO]: [SERVER] [v1.0.0] [DEVELOPMENT]: Server is running on http://localhost:9703/
[2025-09-03 10:13:24] [INFO]: [DB] Connected to the database successfully
[2025-09-03 10:13:24] [INFO]: [BOOTSTRAP] Loading listeners...
[2025-09-03 10:13:24] [INFO]: [Listeners] Loaded 4 file(s)
[2025-09-03 10:13:24] [INFO]: [BOOTSTRAP] All services ready.
[2025-09-03 10:13:24] [INFO]: [SERVER] [v1.0.0] [DEVELOPMENT]: Server is running on http://localhost:9703/
[2025-09-03 10:13:36] [INFO]: [DB] Connected to the database successfully
[2025-09-03 10:13:36] [INFO]: [BOOTSTRAP] Loading listeners...
[2025-09-03 10:13:36] [INFO]: [Listeners] Loaded 4 file(s)
[2025-09-03 10:13:36] [INFO]: [BOOTSTRAP] All services ready.
[2025-09-03 10:13:36] [INFO]: [SERVER] [v1.0.0] [DEVELOPMENT]: Server is running on http://localhost:9703/
[2025-09-03 10:13:40] [INFO]: [DB] Connected to the database successfully
[2025-09-03 10:13:40] [INFO]: [BOOTSTRAP] Loading listeners...
[2025-09-03 10:13:40] [INFO]: [Listeners] Loaded 4 file(s)
[2025-09-03 10:13:40] [INFO]: [BOOTSTRAP] All services ready.
[2025-09-03 10:13:40] [INFO]: [SERVER] [v1.0.0] [DEVELOPMENT]: Server is running on http://localhost:9703/
[2025-09-03 10:13:57] [INFO]: [DB] Connected to the database successfully
[2025-09-03 10:13:57] [INFO]: [BOOTSTRAP] Loading listeners...
[2025-09-03 10:13:57] [INFO]: [Listeners] Loaded 4 file(s)
[2025-09-03 10:13:57] [INFO]: [BOOTSTRAP] All services ready.
[2025-09-03 10:13:57] [INFO]: [SERVER] [v1.0.0] [DEVELOPMENT]: Server is running on http://localhost:9703/
[2025-09-03 10:14:01] [INFO]: [DB] Connected to the database successfully
[2025-09-03 10:14:01] [INFO]: [BOOTSTRAP] Loading listeners...
[2025-09-03 10:14:01] [INFO]: [Listeners] Loaded 4 file(s)
[2025-09-03 10:14:01] [INFO]: [BOOTSTRAP] All services ready.
[2025-09-03 10:14:01] [INFO]: [SERVER] [v1.0.0] [DEVELOPMENT]: Server is running on http://localhost:9703/
[2025-09-03 10:16:46] [INFO]: [HINT] client left: Edhcac7Mt4LIdsozAAAC
[2025-09-03 10:16:46] [INFO]: [HINT] client left: k50_nl3Olm-qrJ6_AAAS
[2025-09-03 10:16:46] [INFO]: [HINT] client left: p4DmneyY_OC49KE5AAAQ
[2025-09-03 10:16:46] [INFO]: [HINT] client left: hpAbXF6Cb97V4KaSAAAO
[2025-09-03 10:16:46] [INFO]: [HINT] client left: DD32U8F62r8vL2vrAAAM
[2025-09-03 10:16:46] [INFO]: [HINT] client left: qYReKNa55jiqHqg8AAAK
[2025-09-03 10:16:46] [INFO]: [HINT] client left: rnS2GQF5C81V-O8WAAAI
[2025-09-03 10:16:46] [INFO]: [HINT] client left: oiGkgxDnePB0hXOMAAAG
[2025-09-03 10:16:46] [INFO]: [HINT] client left: IBKEAHhr5QbBPDcYAAAE
[2025-09-03 10:17:38] [INFO]: [DB] Connected to the database successfully
[2025-09-03 10:17:38] [INFO]: [BOOTSTRAP] Loading listeners...
[2025-09-03 10:17:38] [INFO]: [Listeners] Loaded 4 file(s)
[2025-09-03 10:17:38] [INFO]: [BOOTSTRAP] All services ready.
[2025-09-03 10:17:38] [INFO]: [SERVER] [v1.0.0] [DEVELOPMENT]: Server is running on http://localhost:9703/
[2025-09-03 10:18:43] [INFO]: [DB] Connected to the database successfully
[2025-09-03 10:18:43] [INFO]: [BOOTSTRAP] Loading listeners...
[2025-09-03 10:18:43] [INFO]: [Listeners] Loaded 4 file(s)
[2025-09-03 10:18:43] [INFO]: [BOOTSTRAP] All services ready.
[2025-09-03 10:18:43] [INFO]: [SERVER] [v1.0.0] [DEVELOPMENT]: Server is running on http://localhost:9703/
[2025-09-03 10:19:05] [INFO]: [DB] Connected to the database successfully
[2025-09-03 10:19:05] [INFO]: [BOOTSTRAP] Loading listeners...
[2025-09-03 10:19:05] [INFO]: [Listeners] Loaded 4 file(s)
[2025-09-03 10:19:05] [INFO]: [BOOTSTRAP] All services ready.
[2025-09-03 10:19:05] [INFO]: [SERVER] [v1.0.0] [DEVELOPMENT]: Server is running on http://localhost:9703/
[2025-09-03 10:23:25] [WARN]: [SHUTDOWN] Received SIGINT, closing services...
[2025-09-03 10:33:29] [INFO]: [DB] Connected to the database successfully
[2025-09-03 10:33:29] [INFO]: [BOOTSTRAP] Loading listeners...
[2025-09-03 10:33:29] [INFO]: [Listeners] Loaded 4 file(s)
[2025-09-03 10:33:29] [INFO]: [BOOTSTRAP] All services ready.
[2025-09-03 10:33:29] [INFO]: [SERVER] [v1.0.0] [DEVELOPMENT]: Server is running on http://localhost:9703/
[2025-09-03 10:35:38] [INFO]: [HINT] client left: Y9pRQ1XdhopftOOYAAAC
[2025-09-03 10:35:56] [INFO]: [HINT] client left: Eyptg-jdAvVkf7PnAAAF
[2025-09-03 10:38:37] [INFO]: [HINT] client left: 4mgJCV7ATAI1XMX4AAAI
[2025-09-03 10:40:55] [INFO]: [HINT] client left: fYNmPYZByOm7NtrvAAAL
[2025-09-03 10:40:55] [INFO]: [HINT] client left: i8ZTOF0lCzz-C-dFAAAN
[2025-09-03 10:41:28] [INFO]: [HINT] client left: uxKv9TppKmc_7s74AAAQ
[2025-09-03 10:41:28] [INFO]: [HINT] client left: Nfem6tvCEwgi4qvlAAAW
[2025-09-03 10:41:28] [INFO]: [HINT] client left: x18m6Z_UH-yx2a6cAAAU
[2025-09-03 10:41:28] [INFO]: [HINT] client left: gFmOdWn2WV03DF77AAAS
[2025-09-03 10:41:36] [INFO]: [HINT] client left: fguMfx1hxH65PlqTAAAZ
[2025-09-03 10:42:13] [INFO]: [HINT] client left: sZCSq7cYqbH4FshTAAAc
[2025-09-03 10:42:13] [INFO]: [HINT] client left: tA1pCdx81kCLMTm3AAAe
[2025-09-03 10:43:13] [INFO]: [HINT] client left: bHk9aXIGSp8OCQDDAAAh
[2025-09-03 10:44:35] [INFO]: [HINT] client left: dquKWYpL1WpsZ126AAAk
[2025-09-03 10:44:35] [INFO]: [HINT] client left: XwA5FggStNGGt2MGAAAw
[2025-09-03 10:44:35] [INFO]: [HINT] client left: jDdSR90DPyiHUm_FAAAu
[2025-09-03 10:44:35] [INFO]: [HINT] client left: zPsN-fgv_r2AgaH7AAAs
[2025-09-03 10:44:35] [INFO]: [HINT] client left: JMeR_J5XEYMUDaPWAAAq
[2025-09-03 10:44:35] [INFO]: [HINT] client left: 7hKcOkXaOy3VjyjSAAAo
[2025-09-03 10:44:35] [INFO]: [HINT] client left: zAQ8QOke7ZAsEwtoAAAm
[2025-09-03 10:45:30] [INFO]: [HINT] client left: EUU9t_dCn3YURpydAAAz
[2025-09-03 10:45:30] [INFO]: [HINT] client left: KUQS-9_QTd1mN2nnAAA9
[2025-09-03 10:45:30] [INFO]: [HINT] client left: 9CfTlTUaNdmP9FdYAAA7
[2025-09-03 10:45:30] [INFO]: [HINT] client left: 4-VPm5_EJEkPvLlQAAA5
[2025-09-03 10:45:30] [INFO]: [HINT] client left: UEBbeuyNniu2HmsZAAA3
[2025-09-03 10:45:30] [INFO]: [HINT] client left: GCVVpAPWGqqE3iRhAAA1
[2025-09-03 10:45:43] [INFO]: [HINT] client left: TZPYHxvmUdbphRbHAABA
[2025-09-03 10:45:47] [INFO]: [HINT] client left: NEg-WRB3ZpedC3dFAABD
[2025-09-03 10:48:58] [INFO]: [HINT] client left: LDrQINaboZnTV9ioAABG
[2025-09-03 10:48:58] [INFO]: [HINT] client left: TGao4Sj_8f-s1u1IAABQ
[2025-09-03 10:48:58] [INFO]: [HINT] client left: JJFDOukTVnY1kYM2AABO
[2025-09-03 10:48:58] [INFO]: [HINT] client left: gFhYeNbYjha2ZYfPAABM
[2025-09-03 10:48:58] [INFO]: [HINT] client left: AXNItCSCERJVdqOYAABK
[2025-09-03 10:48:58] [INFO]: [HINT] client left: Os8ETnXG2YfCLcW9AABI
[2025-09-03 10:56:21] [WARN]: [REQVERIFY - ::1] Forbidden - Blocked user origin: https://meethint.rndkito.com
[2025-09-03 10:56:25] [WARN]: [REQVERIFY - ::1] Forbidden - Blocked user origin: https://meethint.rndkito.com
[2025-09-03 10:56:30] [INFO]: [HINT] client left: b-IG1oWe4nHtbj_LAABW
[2025-09-03 10:56:34] [WARN]: [REQVERIFY - ::1] Forbidden - Blocked user origin: https://meethint.rndkito.com
[2025-09-03 10:57:27] [INFO]: [HINT] client left: JhEllSUd4JWUbCFbAABZ
[2025-09-03 10:58:36] [INFO]: [DB] Connected to the database successfully
[2025-09-03 10:58:36] [INFO]: [BOOTSTRAP] Loading listeners...
[2025-09-03 10:58:36] [INFO]: [Listeners] Loaded 4 file(s)
[2025-09-03 10:58:36] [INFO]: [BOOTSTRAP] All services ready.
[2025-09-03 10:58:36] [INFO]: [SERVER] [v1.0.0] [DEVELOPMENT]: Server is running on http://localhost:9703/
[2025-09-03 10:58:40] [INFO]: [DB] Connected to the database successfully
[2025-09-03 10:58:40] [INFO]: [BOOTSTRAP] Loading listeners...
[2025-09-03 10:58:40] [INFO]: [Listeners] Loaded 4 file(s)
[2025-09-03 10:58:40] [INFO]: [BOOTSTRAP] All services ready.
[2025-09-03 10:58:40] [INFO]: [SERVER] [v1.0.0] [DEVELOPMENT]: Server is running on http://localhost:9703/
