[2025-08-21 08:58:54] [INFO]: [BOOTSTRAP] Loading listeners...
[2025-08-21 08:58:54] [INFO]: [Listeners] Loaded 4 file(s)
[2025-08-21 08:58:54] [INFO]: [BOOTSTRAP] All services ready.
[2025-08-21 08:58:54] [INFO]: [SERVER] [v1.0.0] [DEVELOPMENT]: Server is running on http://localhost:6625/
[2025-08-21 08:58:54] [INFO]: [DB] Connected to the database successfully
[2025-08-21 08:59:19] [INFO]: [AUTH - LOGIN] User logged in successfully
[2025-08-21 09:18:41] [INFO]: [BOOTSTRAP] Loading listeners...
[2025-08-21 09:18:41] [INFO]: [DB] Connected to the database successfully
[2025-08-21 09:18:41] [INFO]: [Listeners] Loaded 4 file(s)
[2025-08-21 09:18:41] [INFO]: [BOOTSTRAP] All services ready.
[2025-08-21 09:18:41] [INFO]: [SERVER] [v1.0.0] [DEVELOPMENT]: Server is running on http://localhost:6625/
[2025-08-21 09:18:52] [INFO]: [BOOTSTRAP] Loading listeners...
[2025-08-21 09:18:52] [INFO]: [DB] Connected to the database successfully
[2025-08-21 09:18:52] [INFO]: [Listeners] Loaded 4 file(s)
[2025-08-21 09:18:52] [INFO]: [BOOTSTRAP] All services ready.
[2025-08-21 09:18:52] [INFO]: [SERVER] [v1.0.0] [DEVELOPMENT]: Server is running on http://localhost:6625/
[2025-08-21 09:19:12] [INFO]: [BOOTSTRAP] Loading listeners...
[2025-08-21 09:19:12] [INFO]: [DB] Connected to the database successfully
[2025-08-21 09:19:12] [INFO]: [Listeners] Loaded 4 file(s)
[2025-08-21 09:19:12] [INFO]: [BOOTSTRAP] All services ready.
[2025-08-21 09:19:12] [INFO]: [SERVER] [v1.0.0] [DEVELOPMENT]: Server is running on http://localhost:6625/
[2025-08-21 09:19:31] [INFO]: [BOOTSTRAP] Loading listeners...
[2025-08-21 09:19:31] [INFO]: [Listeners] Loaded 4 file(s)
[2025-08-21 09:19:31] [INFO]: [BOOTSTRAP] All services ready.
[2025-08-21 09:19:31] [INFO]: [SERVER] [v1.0.0] [DEVELOPMENT]: Server is running on http://localhost:6625/
[2025-08-21 09:19:31] [INFO]: [DB] Connected to the database successfully
[2025-08-21 09:20:37] [INFO]: [BOOTSTRAP] Loading listeners...
[2025-08-21 09:20:37] [INFO]: [DB] Connected to the database successfully
[2025-08-21 09:20:37] [INFO]: [Listeners] Loaded 4 file(s)
[2025-08-21 09:20:37] [INFO]: [BOOTSTRAP] All services ready.
[2025-08-21 09:20:37] [INFO]: [SERVER] [v1.0.0] [DEVELOPMENT]: Server is running on http://localhost:6625/
[2025-08-21 09:21:11] [INFO]: [BOOTSTRAP] Loading listeners...
[2025-08-21 09:21:11] [INFO]: [DB] Connected to the database successfully
[2025-08-21 09:21:11] [INFO]: [Listeners] Loaded 4 file(s)
[2025-08-21 09:21:11] [INFO]: [BOOTSTRAP] All services ready.
[2025-08-21 09:21:11] [INFO]: [SERVER] [v1.0.0] [DEVELOPMENT]: Server is running on http://localhost:6625/
[2025-08-21 09:21:12] [INFO]: [BOOTSTRAP] Loading listeners...
[2025-08-21 09:21:12] [INFO]: [Listeners] Loaded 4 file(s)
[2025-08-21 09:21:12] [INFO]: [BOOTSTRAP] All services ready.
[2025-08-21 09:21:12] [INFO]: [SERVER] [v1.0.0] [DEVELOPMENT]: Server is running on http://localhost:6625/
[2025-08-21 09:21:12] [INFO]: [DB] Connected to the database successfully
[2025-08-21 09:22:16] [WARN]: [SHUTDOWN] Received SIGINT, closing services...
[2025-08-21 09:22:19] [INFO]: [BOOTSTRAP] Loading listeners...
[2025-08-21 09:22:19] [INFO]: [DB] Connected to the database successfully
[2025-08-21 09:22:19] [INFO]: [Listeners] Loaded 4 file(s)
[2025-08-21 09:22:19] [INFO]: [BOOTSTRAP] All services ready.
[2025-08-21 09:22:19] [INFO]: [SERVER] [v1.0.0] [DEVELOPMENT]: Server is running on http://localhost:6625/
[2025-08-21 09:22:36] [INFO]: [BOOTSTRAP] Loading listeners...
[2025-08-21 09:22:36] [INFO]: [Listeners] Loaded 4 file(s)
[2025-08-21 09:22:36] [INFO]: [BOOTSTRAP] All services ready.
[2025-08-21 09:22:36] [INFO]: [SERVER] [v1.0.0] [DEVELOPMENT]: Server is running on http://localhost:6625/
[2025-08-21 09:22:36] [INFO]: [DB] Connected to the database successfully
[2025-08-21 09:22:44] [INFO]: [BOOTSTRAP] Loading listeners...
[2025-08-21 09:22:44] [INFO]: [DB] Connected to the database successfully
[2025-08-21 09:22:44] [INFO]: [Listeners] Loaded 4 file(s)
[2025-08-21 09:22:44] [INFO]: [BOOTSTRAP] All services ready.
[2025-08-21 09:22:44] [INFO]: [SERVER] [v1.0.0] [DEVELOPMENT]: Server is running on http://localhost:6625/
[2025-08-21 09:22:48] [INFO]: [BOOTSTRAP] Loading listeners...
[2025-08-21 09:22:48] [INFO]: [DB] Connected to the database successfully
[2025-08-21 09:22:49] [INFO]: [Listeners] Loaded 4 file(s)
[2025-08-21 09:22:49] [INFO]: [BOOTSTRAP] All services ready.
[2025-08-21 09:22:49] [INFO]: [SERVER] [v1.0.0] [DEVELOPMENT]: Server is running on http://localhost:6625/
[2025-08-21 09:22:50] [INFO]: [BOOTSTRAP] Loading listeners...
[2025-08-21 09:22:50] [INFO]: [Listeners] Loaded 4 file(s)
[2025-08-21 09:22:50] [INFO]: [BOOTSTRAP] All services ready.
[2025-08-21 09:22:50] [INFO]: [SERVER] [v1.0.0] [DEVELOPMENT]: Server is running on http://localhost:6625/
[2025-08-21 09:22:50] [INFO]: [DB] Connected to the database successfully
[2025-08-21 09:31:12] [INFO]: [BOOTSTRAP] Loading listeners...
[2025-08-21 09:31:22] [INFO]: [BOOTSTRAP] Loading listeners...
[2025-08-21 09:31:22] [INFO]: [DB] Connected to the database successfully
[2025-08-21 09:31:22] [INFO]: [Listeners] Loaded 4 file(s)
[2025-08-21 09:31:22] [INFO]: [BOOTSTRAP] All services ready.
[2025-08-21 09:31:22] [INFO]: [SERVER] [v1.0.0] [DEVELOPMENT]: Server is running on http://localhost:6625/
[2025-08-21 09:31:47] [INFO]: [BOOTSTRAP] Loading listeners...
[2025-08-21 09:31:47] [INFO]: [DB] Connected to the database successfully
[2025-08-21 09:31:47] [INFO]: [Listeners] Loaded 4 file(s)
[2025-08-21 09:31:47] [INFO]: [BOOTSTRAP] All services ready.
[2025-08-21 09:31:47] [INFO]: [SERVER] [v1.0.0] [DEVELOPMENT]: Server is running on http://localhost:6625/
[2025-08-21 09:31:58] [INFO]: [BOOTSTRAP] Loading listeners...
[2025-08-21 09:31:58] [INFO]: [Listeners] Loaded 4 file(s)
[2025-08-21 09:31:58] [INFO]: [BOOTSTRAP] All services ready.
[2025-08-21 09:31:58] [INFO]: [SERVER] [v1.0.0] [DEVELOPMENT]: Server is running on http://localhost:6625/
[2025-08-21 09:31:58] [INFO]: [DB] Connected to the database successfully
[2025-08-21 09:32:02] [INFO]: [BOOTSTRAP] Loading listeners...
[2025-08-21 09:32:02] [INFO]: [DB] Connected to the database successfully
[2025-08-21 09:32:02] [INFO]: [Listeners] Loaded 4 file(s)
[2025-08-21 09:32:02] [INFO]: [BOOTSTRAP] All services ready.
[2025-08-21 09:32:02] [INFO]: [SERVER] [v1.0.0] [DEVELOPMENT]: Server is running on http://localhost:6625/
[2025-08-21 09:34:28] [INFO]: [BOOTSTRAP] Loading listeners...
[2025-08-21 09:34:28] [INFO]: [DB] Connected to the database successfully
[2025-08-21 09:34:28] [INFO]: [Listeners] Loaded 4 file(s)
[2025-08-21 09:34:28] [INFO]: [BOOTSTRAP] All services ready.
[2025-08-21 09:34:28] [INFO]: [SERVER] [v1.0.0] [DEVELOPMENT]: Server is running on http://localhost:6625/
[2025-08-21 09:34:44] [INFO]: [BOOTSTRAP] Loading listeners...
[2025-08-21 09:34:44] [INFO]: [DB] Connected to the database successfully
[2025-08-21 09:34:44] [INFO]: [Listeners] Loaded 4 file(s)
[2025-08-21 09:34:44] [INFO]: [BOOTSTRAP] All services ready.
[2025-08-21 09:34:44] [INFO]: [SERVER] [v1.0.0] [DEVELOPMENT]: Server is running on http://localhost:6625/
[2025-08-21 09:34:47] [INFO]: [BOOTSTRAP] Loading listeners...
[2025-08-21 09:34:47] [INFO]: [DB] Connected to the database successfully
[2025-08-21 09:34:47] [INFO]: [Listeners] Loaded 4 file(s)
[2025-08-21 09:34:47] [INFO]: [BOOTSTRAP] All services ready.
[2025-08-21 09:34:47] [INFO]: [SERVER] [v1.0.0] [DEVELOPMENT]: Server is running on http://localhost:6625/
[2025-08-21 09:35:31] [INFO]: [BOOTSTRAP] Loading listeners...
[2025-08-21 09:35:31] [INFO]: [DB] Connected to the database successfully
[2025-08-21 09:35:31] [INFO]: [Listeners] Loaded 4 file(s)
[2025-08-21 09:35:31] [INFO]: [BOOTSTRAP] All services ready.
[2025-08-21 09:35:31] [INFO]: [SERVER] [v1.0.0] [DEVELOPMENT]: Server is running on http://localhost:6625/
[2025-08-21 09:44:05] [INFO]: [BOOTSTRAP] Loading listeners...
[2025-08-21 09:44:05] [INFO]: [DB] Connected to the database successfully
[2025-08-21 09:44:05] [INFO]: [Listeners] Loaded 4 file(s)
[2025-08-21 09:44:05] [INFO]: [BOOTSTRAP] All services ready.
[2025-08-21 09:44:05] [INFO]: [SERVER] [v1.0.0] [DEVELOPMENT]: Server is running on http://localhost:6625/
[2025-08-21 09:44:42] [INFO]: [BOOTSTRAP] Loading listeners...
[2025-08-21 09:44:42] [INFO]: [DB] Connected to the database successfully
[2025-08-21 09:44:42] [INFO]: [Listeners] Loaded 4 file(s)
[2025-08-21 09:44:42] [INFO]: [BOOTSTRAP] All services ready.
[2025-08-21 09:44:42] [INFO]: [SERVER] [v1.0.0] [DEVELOPMENT]: Server is running on http://localhost:6625/
[2025-08-21 09:45:27] [INFO]: [BOOTSTRAP] Loading listeners...
[2025-08-21 09:45:27] [INFO]: [DB] Connected to the database successfully
[2025-08-21 09:45:27] [INFO]: [Listeners] Loaded 4 file(s)
[2025-08-21 09:45:27] [INFO]: [BOOTSTRAP] All services ready.
[2025-08-21 09:45:27] [INFO]: [SERVER] [v1.0.0] [DEVELOPMENT]: Server is running on http://localhost:6625/
[2025-08-21 10:27:57] [INFO]: [BOOTSTRAP] Loading listeners...
[2025-08-21 10:27:57] [INFO]: [Listeners] Loaded 4 file(s)
[2025-08-21 10:27:57] [INFO]: [BOOTSTRAP] All services ready.
[2025-08-21 10:27:57] [INFO]: [SERVER] [v1.0.0] [DEVELOPMENT]: Server is running on http://localhost:6625/
[2025-08-21 10:27:57] [INFO]: [DB] Connected to the database successfully
[2025-08-21 10:28:12] [INFO]: [BOOTSTRAP] Loading listeners...
[2025-08-21 10:28:12] [INFO]: [DB] Connected to the database successfully
[2025-08-21 10:28:12] [INFO]: [Listeners] Loaded 4 file(s)
[2025-08-21 10:28:12] [INFO]: [BOOTSTRAP] All services ready.
[2025-08-21 10:28:12] [INFO]: [SERVER] [v1.0.0] [DEVELOPMENT]: Server is running on http://localhost:6625/
[2025-08-21 10:29:00] [INFO]: [BOOTSTRAP] Loading listeners...
[2025-08-21 10:29:00] [INFO]: [DB] Connected to the database successfully
[2025-08-21 10:29:00] [INFO]: [Listeners] Loaded 4 file(s)
[2025-08-21 10:29:00] [INFO]: [BOOTSTRAP] All services ready.
[2025-08-21 10:29:00] [INFO]: [SERVER] [v1.0.0] [DEVELOPMENT]: Server is running on http://localhost:6625/
[2025-08-21 10:29:02] [INFO]: [BOOTSTRAP] Loading listeners...
[2025-08-21 10:29:02] [INFO]: [Listeners] Loaded 4 file(s)
[2025-08-21 10:29:02] [INFO]: [BOOTSTRAP] All services ready.
[2025-08-21 10:29:02] [INFO]: [SERVER] [v1.0.0] [DEVELOPMENT]: Server is running on http://localhost:6625/
[2025-08-21 10:29:02] [INFO]: [DB] Connected to the database successfully
[2025-08-21 10:30:15] [INFO]: [BOOTSTRAP] Loading listeners...
[2025-08-21 10:30:15] [INFO]: [DB] Connected to the database successfully
[2025-08-21 10:30:15] [INFO]: [Listeners] Loaded 4 file(s)
[2025-08-21 10:30:15] [INFO]: [BOOTSTRAP] All services ready.
[2025-08-21 10:30:15] [INFO]: [SERVER] [v1.0.0] [DEVELOPMENT]: Server is running on http://localhost:6625/
[2025-08-21 10:49:29] [INFO]: [BOOTSTRAP] Loading listeners...
[2025-08-21 10:49:29] [INFO]: [DB] Connected to the database successfully
[2025-08-21 10:49:29] [INFO]: [Listeners] Loaded 4 file(s)
[2025-08-21 10:49:29] [INFO]: [BOOTSTRAP] All services ready.
[2025-08-21 10:49:29] [INFO]: [SERVER] [v1.0.0] [DEVELOPMENT]: Server is running on http://localhost:6625/
[2025-08-21 10:51:19] [INFO]: [BOOTSTRAP] Loading listeners...
[2025-08-21 10:51:19] [INFO]: [DB] Connected to the database successfully
[2025-08-21 10:51:19] [INFO]: [Listeners] Loaded 4 file(s)
[2025-08-21 10:51:19] [INFO]: [BOOTSTRAP] All services ready.
[2025-08-21 10:51:19] [INFO]: [SERVER] [v1.0.0] [DEVELOPMENT]: Server is running on http://localhost:6625/
[2025-08-21 10:52:46] [INFO]: [BOOTSTRAP] Loading listeners...
[2025-08-21 10:52:46] [INFO]: [DB] Connected to the database successfully
[2025-08-21 10:52:46] [INFO]: [Listeners] Loaded 4 file(s)
[2025-08-21 10:52:46] [INFO]: [BOOTSTRAP] All services ready.
[2025-08-21 10:52:46] [INFO]: [SERVER] [v1.0.0] [DEVELOPMENT]: Server is running on http://localhost:6625/
[2025-08-21 10:54:02] [INFO]: [BOOTSTRAP] Loading listeners...
[2025-08-21 10:54:03] [INFO]: [DB] Connected to the database successfully
[2025-08-21 10:54:03] [INFO]: [Listeners] Loaded 4 file(s)
[2025-08-21 10:54:03] [INFO]: [BOOTSTRAP] All services ready.
[2025-08-21 10:54:03] [INFO]: [SERVER] [v1.0.0] [DEVELOPMENT]: Server is running on http://localhost:6625/
[2025-08-21 10:54:04] [INFO]: [BOOTSTRAP] Loading listeners...
[2025-08-21 10:54:04] [INFO]: [Listeners] Loaded 4 file(s)
[2025-08-21 10:54:04] [INFO]: [BOOTSTRAP] All services ready.
[2025-08-21 10:54:04] [INFO]: [SERVER] [v1.0.0] [DEVELOPMENT]: Server is running on http://localhost:6625/
[2025-08-21 10:54:04] [INFO]: [DB] Connected to the database successfully
[2025-08-21 10:54:06] [INFO]: [BOOTSTRAP] Loading listeners...
[2025-08-21 10:54:06] [INFO]: [Listeners] Loaded 4 file(s)
[2025-08-21 10:54:06] [INFO]: [BOOTSTRAP] All services ready.
[2025-08-21 10:54:06] [INFO]: [SERVER] [v1.0.0] [DEVELOPMENT]: Server is running on http://localhost:6625/
[2025-08-21 10:54:06] [INFO]: [DB] Connected to the database successfully
[2025-08-21 10:54:12] [INFO]: [BOOTSTRAP] Loading listeners...
[2025-08-21 10:54:12] [INFO]: [Listeners] Loaded 4 file(s)
[2025-08-21 10:54:12] [INFO]: [BOOTSTRAP] All services ready.
[2025-08-21 10:54:12] [INFO]: [SERVER] [v1.0.0] [DEVELOPMENT]: Server is running on http://localhost:6625/
[2025-08-21 10:54:12] [INFO]: [DB] Connected to the database successfully
[2025-08-21 10:54:14] [INFO]: [BOOTSTRAP] Loading listeners...
[2025-08-21 10:54:14] [INFO]: [DB] Connected to the database successfully
[2025-08-21 10:54:14] [INFO]: [Listeners] Loaded 4 file(s)
[2025-08-21 10:54:14] [INFO]: [BOOTSTRAP] All services ready.
[2025-08-21 10:54:14] [INFO]: [SERVER] [v1.0.0] [DEVELOPMENT]: Server is running on http://localhost:6625/
[2025-08-21 10:54:32] [INFO]: [BOOTSTRAP] Loading listeners...
[2025-08-21 10:54:32] [INFO]: [Listeners] Loaded 4 file(s)
[2025-08-21 10:54:32] [INFO]: [BOOTSTRAP] All services ready.
[2025-08-21 10:54:32] [INFO]: [SERVER] [v1.0.0] [DEVELOPMENT]: Server is running on http://localhost:6625/
[2025-08-21 10:54:32] [INFO]: [DB] Connected to the database successfully
[2025-08-21 10:54:37] [INFO]: [BOOTSTRAP] Loading listeners...
[2025-08-21 10:54:37] [INFO]: [DB] Connected to the database successfully
[2025-08-21 10:54:37] [INFO]: [Listeners] Loaded 4 file(s)
[2025-08-21 10:54:37] [INFO]: [BOOTSTRAP] All services ready.
[2025-08-21 10:54:37] [INFO]: [SERVER] [v1.0.0] [DEVELOPMENT]: Server is running on http://localhost:6625/
[2025-08-21 10:54:49] [INFO]: [BOOTSTRAP] Loading listeners...
[2025-08-21 10:54:49] [INFO]: [DB] Connected to the database successfully
[2025-08-21 10:54:49] [INFO]: [Listeners] Loaded 4 file(s)
[2025-08-21 10:54:49] [INFO]: [BOOTSTRAP] All services ready.
[2025-08-21 10:54:49] [INFO]: [SERVER] [v1.0.0] [DEVELOPMENT]: Server is running on http://localhost:6625/
[2025-08-21 10:56:09] [INFO]: [BOOTSTRAP] Loading listeners...
[2025-08-21 10:56:09] [INFO]: [Listeners] Loaded 4 file(s)
[2025-08-21 10:56:09] [INFO]: [BOOTSTRAP] All services ready.
[2025-08-21 10:56:09] [INFO]: [SERVER] [v1.0.0] [DEVELOPMENT]: Server is running on http://localhost:6625/
[2025-08-21 10:56:09] [INFO]: [DB] Connected to the database successfully
[2025-08-21 11:06:46] [INFO]: [BOOTSTRAP] Loading listeners...
[2025-08-21 11:06:46] [INFO]: [DB] Connected to the database successfully
[2025-08-21 11:06:46] [INFO]: [Listeners] Loaded 4 file(s)
[2025-08-21 11:06:46] [INFO]: [BOOTSTRAP] All services ready.
[2025-08-21 11:06:46] [INFO]: [SERVER] [v1.0.0] [DEVELOPMENT]: Server is running on http://localhost:6625/
[2025-08-21 11:07:37] [INFO]: [BOOTSTRAP] Loading listeners...
[2025-08-21 11:07:37] [INFO]: [DB] Connected to the database successfully
[2025-08-21 11:07:37] [INFO]: [Listeners] Loaded 4 file(s)
[2025-08-21 11:07:37] [INFO]: [BOOTSTRAP] All services ready.
[2025-08-21 11:07:37] [INFO]: [SERVER] [v1.0.0] [DEVELOPMENT]: Server is running on http://localhost:6625/
[2025-08-21 11:07:54] [INFO]: [BOOTSTRAP] Loading listeners...
[2025-08-21 11:07:54] [INFO]: [DB] Connected to the database successfully
[2025-08-21 11:07:54] [INFO]: [Listeners] Loaded 4 file(s)
[2025-08-21 11:07:54] [INFO]: [BOOTSTRAP] All services ready.
[2025-08-21 11:07:54] [INFO]: [SERVER] [v1.0.0] [DEVELOPMENT]: Server is running on http://localhost:6625/
[2025-08-21 11:09:30] [INFO]: [BOOTSTRAP] Loading listeners...
[2025-08-21 11:09:30] [INFO]: [DB] Connected to the database successfully
[2025-08-21 11:09:30] [INFO]: [Listeners] Loaded 4 file(s)
[2025-08-21 11:09:30] [INFO]: [BOOTSTRAP] All services ready.
[2025-08-21 11:09:30] [INFO]: [SERVER] [v1.0.0] [DEVELOPMENT]: Server is running on http://localhost:6625/
[2025-08-21 12:53:27] [INFO]: [BOOTSTRAP] Loading listeners...
[2025-08-21 12:53:29] [INFO]: [BOOTSTRAP] Loading listeners...
[2025-08-21 12:53:29] [INFO]: [DB] Connected to the database successfully
[2025-08-21 12:53:29] [INFO]: [Listeners] Loaded 4 file(s)
[2025-08-21 12:53:29] [INFO]: [BOOTSTRAP] All services ready.
[2025-08-21 12:53:29] [INFO]: [SERVER] [v1.0.0] [DEVELOPMENT]: Server is running on http://localhost:6625/
[2025-08-21 12:53:31] [INFO]: [BOOTSTRAP] Loading listeners...
[2025-08-21 12:53:31] [INFO]: [DB] Connected to the database successfully
[2025-08-21 12:53:31] [INFO]: [Listeners] Loaded 4 file(s)
[2025-08-21 12:53:31] [INFO]: [BOOTSTRAP] All services ready.
[2025-08-21 12:53:31] [INFO]: [SERVER] [v1.0.0] [DEVELOPMENT]: Server is running on http://localhost:6625/
[2025-08-21 12:53:34] [INFO]: [BOOTSTRAP] Loading listeners...
[2025-08-21 12:53:34] [INFO]: [Listeners] Loaded 4 file(s)
[2025-08-21 12:53:34] [INFO]: [BOOTSTRAP] All services ready.
[2025-08-21 12:53:34] [INFO]: [SERVER] [v1.0.0] [DEVELOPMENT]: Server is running on http://localhost:6625/
[2025-08-21 12:53:34] [INFO]: [DB] Connected to the database successfully
[2025-08-21 12:55:07] [INFO]: [BOOTSTRAP] Loading listeners...
[2025-08-21 12:55:07] [INFO]: [Listeners] Loaded 4 file(s)
[2025-08-21 12:55:07] [INFO]: [BOOTSTRAP] All services ready.
[2025-08-21 12:55:07] [INFO]: [SERVER] [v1.0.0] [DEVELOPMENT]: Server is running on http://localhost:6625/
[2025-08-21 12:55:07] [INFO]: [DB] Connected to the database successfully
[2025-08-21 12:55:12] [INFO]: [BOOTSTRAP] Loading listeners...
[2025-08-21 12:55:12] [INFO]: [Listeners] Loaded 4 file(s)
[2025-08-21 12:55:12] [INFO]: [BOOTSTRAP] All services ready.
[2025-08-21 12:55:12] [INFO]: [SERVER] [v1.0.0] [DEVELOPMENT]: Server is running on http://localhost:6625/
[2025-08-21 12:55:12] [INFO]: [DB] Connected to the database successfully
[2025-08-21 12:55:14] [INFO]: [BOOTSTRAP] Loading listeners...
[2025-08-21 12:55:14] [INFO]: [DB] Connected to the database successfully
[2025-08-21 12:55:14] [INFO]: [Listeners] Loaded 4 file(s)
[2025-08-21 12:55:14] [INFO]: [BOOTSTRAP] All services ready.
[2025-08-21 12:55:14] [INFO]: [SERVER] [v1.0.0] [DEVELOPMENT]: Server is running on http://localhost:6625/
[2025-08-21 12:56:30] [INFO]: [BOOTSTRAP] Loading listeners...
[2025-08-21 12:56:30] [INFO]: [DB] Connected to the database successfully
[2025-08-21 12:56:30] [INFO]: [Listeners] Loaded 4 file(s)
[2025-08-21 12:56:30] [INFO]: [BOOTSTRAP] All services ready.
[2025-08-21 12:56:30] [INFO]: [SERVER] [v1.0.0] [DEVELOPMENT]: Server is running on http://localhost:6625/
[2025-08-21 12:57:41] [INFO]: [BOOTSTRAP] Loading listeners...
[2025-08-21 12:57:41] [INFO]: [Listeners] Loaded 4 file(s)
[2025-08-21 12:57:41] [INFO]: [BOOTSTRAP] All services ready.
[2025-08-21 12:57:41] [INFO]: [SERVER] [v1.0.0] [DEVELOPMENT]: Server is running on http://localhost:6625/
[2025-08-21 12:57:41] [INFO]: [DB] Connected to the database successfully
[2025-08-21 12:58:07] [INFO]: [BOOTSTRAP] Loading listeners...
[2025-08-21 12:58:07] [INFO]: [Listeners] Loaded 4 file(s)
[2025-08-21 12:58:07] [INFO]: [BOOTSTRAP] All services ready.
[2025-08-21 12:58:07] [INFO]: [SERVER] [v1.0.0] [DEVELOPMENT]: Server is running on http://localhost:6625/
[2025-08-21 12:58:07] [INFO]: [DB] Connected to the database successfully
[2025-08-21 12:58:42] [INFO]: [BOOTSTRAP] Loading listeners...
[2025-08-21 12:58:42] [INFO]: [DB] Connected to the database successfully
[2025-08-21 12:58:42] [INFO]: [Listeners] Loaded 4 file(s)
[2025-08-21 12:58:42] [INFO]: [BOOTSTRAP] All services ready.
[2025-08-21 12:58:42] [INFO]: [SERVER] [v1.0.0] [DEVELOPMENT]: Server is running on http://localhost:6625/
[2025-08-21 12:59:29] [INFO]: [BOOTSTRAP] Loading listeners...
[2025-08-21 12:59:29] [INFO]: [DB] Connected to the database successfully
[2025-08-21 12:59:29] [INFO]: [Listeners] Loaded 4 file(s)
[2025-08-21 12:59:29] [INFO]: [BOOTSTRAP] All services ready.
[2025-08-21 12:59:29] [INFO]: [SERVER] [v1.0.0] [DEVELOPMENT]: Server is running on http://localhost:6625/
[2025-08-21 13:00:31] [INFO]: [BOOTSTRAP] Loading listeners...
[2025-08-21 13:00:32] [INFO]: [Listeners] Loaded 4 file(s)
[2025-08-21 13:00:32] [INFO]: [BOOTSTRAP] All services ready.
[2025-08-21 13:00:32] [INFO]: [SERVER] [v1.0.0] [DEVELOPMENT]: Server is running on http://localhost:6625/
[2025-08-21 13:00:32] [INFO]: [DB] Connected to the database successfully
[2025-08-21 13:01:15] [INFO]: [BOOTSTRAP] Loading listeners...
[2025-08-21 13:01:15] [INFO]: [DB] Connected to the database successfully
[2025-08-21 13:01:15] [INFO]: [Listeners] Loaded 4 file(s)
[2025-08-21 13:01:15] [INFO]: [BOOTSTRAP] All services ready.
[2025-08-21 13:01:15] [INFO]: [SERVER] [v1.0.0] [DEVELOPMENT]: Server is running on http://localhost:6625/
[2025-08-21 13:13:00] [INFO]: [BOOTSTRAP] Loading listeners...
[2025-08-21 13:13:00] [INFO]: [DB] Connected to the database successfully
[2025-08-21 13:13:00] [INFO]: [Listeners] Loaded 4 file(s)
[2025-08-21 13:13:00] [INFO]: [BOOTSTRAP] All services ready.
[2025-08-21 13:13:00] [INFO]: [SERVER] [v1.0.0] [DEVELOPMENT]: Server is running on http://localhost:6625/
[2025-08-21 13:14:23] [INFO]: [BOOTSTRAP] Loading listeners...
[2025-08-21 13:14:23] [INFO]: [Listeners] Loaded 4 file(s)
[2025-08-21 13:14:23] [INFO]: [BOOTSTRAP] All services ready.
[2025-08-21 13:14:23] [INFO]: [SERVER] [v1.0.0] [DEVELOPMENT]: Server is running on http://localhost:6625/
[2025-08-21 13:14:23] [INFO]: [DB] Connected to the database successfully
[2025-08-21 13:16:48] [INFO]: [BOOTSTRAP] Loading listeners...
[2025-08-21 13:16:48] [INFO]: [DB] Connected to the database successfully
[2025-08-21 13:16:48] [INFO]: [Listeners] Loaded 4 file(s)
[2025-08-21 13:16:48] [INFO]: [BOOTSTRAP] All services ready.
[2025-08-21 13:16:48] [INFO]: [SERVER] [v1.0.0] [DEVELOPMENT]: Server is running on http://localhost:6625/
[2025-08-21 13:16:49] [INFO]: [BOOTSTRAP] Loading listeners...
[2025-08-21 13:16:49] [INFO]: [DB] Connected to the database successfully
[2025-08-21 13:16:49] [INFO]: [Listeners] Loaded 4 file(s)
[2025-08-21 13:16:49] [INFO]: [BOOTSTRAP] All services ready.
[2025-08-21 13:16:49] [INFO]: [SERVER] [v1.0.0] [DEVELOPMENT]: Server is running on http://localhost:6625/
[2025-08-21 13:16:51] [INFO]: [BOOTSTRAP] Loading listeners...
[2025-08-21 13:16:51] [INFO]: [DB] Connected to the database successfully
[2025-08-21 13:16:51] [INFO]: [Listeners] Loaded 4 file(s)
[2025-08-21 13:16:51] [INFO]: [BOOTSTRAP] All services ready.
[2025-08-21 13:16:51] [INFO]: [SERVER] [v1.0.0] [DEVELOPMENT]: Server is running on http://localhost:6625/
[2025-08-21 13:21:22] [INFO]: [BOOTSTRAP] Loading listeners...
[2025-08-21 13:21:22] [INFO]: [DB] Connected to the database successfully
[2025-08-21 13:21:22] [INFO]: [Listeners] Loaded 4 file(s)
[2025-08-21 13:21:22] [INFO]: [BOOTSTRAP] All services ready.
[2025-08-21 13:21:22] [INFO]: [SERVER] [v1.0.0] [DEVELOPMENT]: Server is running on http://localhost:6625/
[2025-08-21 13:36:25] [INFO]: [BOOTSTRAP] Loading listeners...
[2025-08-21 13:36:25] [INFO]: [Listeners] Loaded 4 file(s)
[2025-08-21 13:36:25] [INFO]: [BOOTSTRAP] All services ready.
[2025-08-21 13:36:25] [INFO]: [SERVER] [v1.0.0] [DEVELOPMENT]: Server is running on http://localhost:6625/
[2025-08-21 13:36:25] [INFO]: [DB] Connected to the database successfully
[2025-08-21 13:54:03] [INFO]: [BOOTSTRAP] Loading listeners...
[2025-08-21 13:54:03] [INFO]: [DB] Connected to the database successfully
[2025-08-21 13:54:03] [INFO]: [Listeners] Loaded 4 file(s)
[2025-08-21 13:54:03] [INFO]: [BOOTSTRAP] All services ready.
[2025-08-21 13:54:03] [INFO]: [SERVER] [v1.0.0] [DEVELOPMENT]: Server is running on http://localhost:6625/
[2025-08-21 13:54:04] [INFO]: [BOOTSTRAP] Loading listeners...
[2025-08-21 13:54:04] [INFO]: [Listeners] Loaded 4 file(s)
[2025-08-21 13:54:04] [INFO]: [BOOTSTRAP] All services ready.
[2025-08-21 13:54:04] [INFO]: [SERVER] [v1.0.0] [DEVELOPMENT]: Server is running on http://localhost:6625/
[2025-08-21 13:54:04] [INFO]: [DB] Connected to the database successfully
[2025-08-21 13:54:08] [INFO]: [BOOTSTRAP] Loading listeners...
[2025-08-21 13:54:08] [INFO]: [DB] Connected to the database successfully
[2025-08-21 13:54:08] [INFO]: [Listeners] Loaded 4 file(s)
[2025-08-21 13:54:08] [INFO]: [BOOTSTRAP] All services ready.
[2025-08-21 13:54:08] [INFO]: [SERVER] [v1.0.0] [DEVELOPMENT]: Server is running on http://localhost:6625/
[2025-08-21 13:58:29] [INFO]: [BOOTSTRAP] Loading listeners...
[2025-08-21 13:58:29] [INFO]: [DB] Connected to the database successfully
[2025-08-21 13:58:29] [INFO]: [Listeners] Loaded 4 file(s)
[2025-08-21 13:58:29] [INFO]: [BOOTSTRAP] All services ready.
[2025-08-21 13:58:29] [INFO]: [SERVER] [v1.0.0] [DEVELOPMENT]: Server is running on http://localhost:6625/
[2025-08-21 13:58:51] [INFO]: [BOOTSTRAP] Loading listeners...
[2025-08-21 13:58:51] [INFO]: [DB] Connected to the database successfully
[2025-08-21 13:58:51] [INFO]: [Listeners] Loaded 4 file(s)
[2025-08-21 13:58:51] [INFO]: [BOOTSTRAP] All services ready.
[2025-08-21 13:58:51] [INFO]: [SERVER] [v1.0.0] [DEVELOPMENT]: Server is running on http://localhost:6625/
[2025-08-21 14:02:05] [INFO]: [BOOTSTRAP] Loading listeners...
[2025-08-21 14:02:05] [INFO]: [DB] Connected to the database successfully
[2025-08-21 14:02:05] [INFO]: [Listeners] Loaded 4 file(s)
[2025-08-21 14:02:05] [INFO]: [BOOTSTRAP] All services ready.
[2025-08-21 14:02:05] [INFO]: [SERVER] [v1.0.0] [DEVELOPMENT]: Server is running on http://localhost:6625/
[2025-08-21 14:02:51] [INFO]: [BOOTSTRAP] Loading listeners...
[2025-08-21 14:02:51] [INFO]: [DB] Connected to the database successfully
[2025-08-21 14:02:51] [INFO]: [Listeners] Loaded 4 file(s)
[2025-08-21 14:02:51] [INFO]: [BOOTSTRAP] All services ready.
[2025-08-21 14:02:51] [INFO]: [SERVER] [v1.0.0] [DEVELOPMENT]: Server is running on http://localhost:6625/
[2025-08-21 14:02:54] [INFO]: [BOOTSTRAP] Loading listeners...
[2025-08-21 14:02:54] [INFO]: [DB] Connected to the database successfully
[2025-08-21 14:02:54] [INFO]: [Listeners] Loaded 4 file(s)
[2025-08-21 14:02:54] [INFO]: [BOOTSTRAP] All services ready.
[2025-08-21 14:02:54] [INFO]: [SERVER] [v1.0.0] [DEVELOPMENT]: Server is running on http://localhost:6625/
[2025-08-21 14:03:14] [INFO]: [BOOTSTRAP] Loading listeners...
[2025-08-21 14:03:15] [INFO]: [Listeners] Loaded 4 file(s)
[2025-08-21 14:03:15] [INFO]: [BOOTSTRAP] All services ready.
[2025-08-21 14:03:15] [INFO]: [SERVER] [v1.0.0] [DEVELOPMENT]: Server is running on http://localhost:6625/
[2025-08-21 14:03:15] [INFO]: [DB] Connected to the database successfully
[2025-08-21 14:03:18] [INFO]: [BOOTSTRAP] Loading listeners...
[2025-08-21 14:03:18] [INFO]: [Listeners] Loaded 4 file(s)
[2025-08-21 14:03:18] [INFO]: [BOOTSTRAP] All services ready.
[2025-08-21 14:03:18] [INFO]: [SERVER] [v1.0.0] [DEVELOPMENT]: Server is running on http://localhost:6625/
[2025-08-21 14:03:18] [INFO]: [DB] Connected to the database successfully
[2025-08-21 14:03:40] [INFO]: [BOOTSTRAP] Loading listeners...
[2025-08-21 14:03:40] [INFO]: [DB] Connected to the database successfully
[2025-08-21 14:03:40] [INFO]: [Listeners] Loaded 4 file(s)
[2025-08-21 14:03:40] [INFO]: [BOOTSTRAP] All services ready.
[2025-08-21 14:03:40] [INFO]: [SERVER] [v1.0.0] [DEVELOPMENT]: Server is running on http://localhost:6625/
[2025-08-21 14:03:48] [INFO]: [BOOTSTRAP] Loading listeners...
[2025-08-21 14:03:48] [INFO]: [DB] Connected to the database successfully
[2025-08-21 14:03:48] [INFO]: [Listeners] Loaded 4 file(s)
[2025-08-21 14:03:48] [INFO]: [BOOTSTRAP] All services ready.
[2025-08-21 14:03:48] [INFO]: [SERVER] [v1.0.0] [DEVELOPMENT]: Server is running on http://localhost:6625/
[2025-08-21 14:05:03] [INFO]: [BOOTSTRAP] Loading listeners...
[2025-08-21 14:05:03] [INFO]: [DB] Connected to the database successfully
[2025-08-21 14:05:03] [INFO]: [Listeners] Loaded 4 file(s)
[2025-08-21 14:05:03] [INFO]: [BOOTSTRAP] All services ready.
[2025-08-21 14:05:03] [INFO]: [SERVER] [v1.0.0] [DEVELOPMENT]: Server is running on http://localhost:6625/
[2025-08-21 14:05:46] [INFO]: [BOOTSTRAP] Loading listeners...
[2025-08-21 14:05:47] [INFO]: [DB] Connected to the database successfully
[2025-08-21 14:05:47] [INFO]: [Listeners] Loaded 4 file(s)
[2025-08-21 14:05:47] [INFO]: [BOOTSTRAP] All services ready.
[2025-08-21 14:05:47] [INFO]: [SERVER] [v1.0.0] [DEVELOPMENT]: Server is running on http://localhost:6625/
[2025-08-21 14:06:11] [INFO]: [BOOTSTRAP] Loading listeners...
[2025-08-21 14:06:11] [INFO]: [DB] Connected to the database successfully
[2025-08-21 14:06:11] [INFO]: [Listeners] Loaded 4 file(s)
[2025-08-21 14:06:11] [INFO]: [BOOTSTRAP] All services ready.
[2025-08-21 14:06:11] [INFO]: [SERVER] [v1.0.0] [DEVELOPMENT]: Server is running on http://localhost:6625/
[2025-08-21 14:06:56] [INFO]: [BOOTSTRAP] Loading listeners...
[2025-08-21 14:06:56] [INFO]: [DB] Connected to the database successfully
[2025-08-21 14:06:56] [INFO]: [Listeners] Loaded 4 file(s)
[2025-08-21 14:06:56] [INFO]: [BOOTSTRAP] All services ready.
[2025-08-21 14:06:56] [INFO]: [SERVER] [v1.0.0] [DEVELOPMENT]: Server is running on http://localhost:6625/
[2025-08-21 20:06:07] [INFO]: [BOOTSTRAP] Loading listeners...
[2025-08-21 20:06:07] [INFO]: [Listeners] Loaded 4 file(s)
[2025-08-21 20:06:07] [INFO]: [BOOTSTRAP] All services ready.
[2025-08-21 20:06:07] [INFO]: [SERVER] [v1.0.0] [DEVELOPMENT]: Server is running on http://localhost:6625/
[2025-08-21 20:06:08] [INFO]: [DB] Connected to the database successfully
[2025-08-21 20:17:48] [INFO]: [BOOTSTRAP] Loading listeners...
[2025-08-21 20:17:48] [INFO]: [DB] Connected to the database successfully
[2025-08-21 20:17:48] [INFO]: [Listeners] Loaded 4 file(s)
[2025-08-21 20:17:48] [INFO]: [BOOTSTRAP] All services ready.
[2025-08-21 20:17:48] [INFO]: [SERVER] [v1.0.0] [DEVELOPMENT]: Server is running on http://localhost:6625/
[2025-08-21 20:26:00] [INFO]: [BOOTSTRAP] Loading listeners...
[2025-08-21 20:26:00] [INFO]: [DB] Connected to the database successfully
[2025-08-21 20:26:00] [INFO]: [Listeners] Loaded 4 file(s)
[2025-08-21 20:26:00] [INFO]: [BOOTSTRAP] All services ready.
[2025-08-21 20:26:00] [INFO]: [SERVER] [v1.0.0] [DEVELOPMENT]: Server is running on http://localhost:6625/
[2025-08-21 20:41:28] [INFO]: [BOOTSTRAP] Loading listeners...
[2025-08-21 20:41:28] [INFO]: [DB] Connected to the database successfully
[2025-08-21 20:41:28] [INFO]: [Listeners] Loaded 4 file(s)
[2025-08-21 20:41:28] [INFO]: [BOOTSTRAP] All services ready.
[2025-08-21 20:41:28] [INFO]: [SERVER] [v1.0.0] [DEVELOPMENT]: Server is running on http://localhost:6625/
[2025-08-21 20:41:31] [INFO]: [BOOTSTRAP] Loading listeners...
[2025-08-21 20:41:31] [INFO]: [DB] Connected to the database successfully
[2025-08-21 20:41:31] [INFO]: [Listeners] Loaded 4 file(s)
[2025-08-21 20:41:31] [INFO]: [BOOTSTRAP] All services ready.
[2025-08-21 20:41:31] [INFO]: [SERVER] [v1.0.0] [DEVELOPMENT]: Server is running on http://localhost:6625/
[2025-08-21 20:42:06] [INFO]: [BOOTSTRAP] Loading listeners...
[2025-08-21 20:42:06] [INFO]: [Listeners] Loaded 4 file(s)
[2025-08-21 20:42:06] [INFO]: [BOOTSTRAP] All services ready.
[2025-08-21 20:42:06] [INFO]: [SERVER] [v1.0.0] [DEVELOPMENT]: Server is running on http://localhost:6625/
[2025-08-21 20:42:06] [INFO]: [DB] Connected to the database successfully
[2025-08-21 20:42:15] [INFO]: [BOOTSTRAP] Loading listeners...
[2025-08-21 20:42:15] [INFO]: [DB] Connected to the database successfully
[2025-08-21 20:42:15] [INFO]: [Listeners] Loaded 4 file(s)
[2025-08-21 20:42:15] [INFO]: [BOOTSTRAP] All services ready.
[2025-08-21 20:42:15] [INFO]: [SERVER] [v1.0.0] [DEVELOPMENT]: Server is running on http://localhost:6625/
[2025-08-21 20:42:19] [INFO]: [BOOTSTRAP] Loading listeners...
[2025-08-21 20:42:19] [INFO]: [DB] Connected to the database successfully
[2025-08-21 20:42:19] [INFO]: [Listeners] Loaded 4 file(s)
[2025-08-21 20:42:19] [INFO]: [BOOTSTRAP] All services ready.
[2025-08-21 20:42:19] [INFO]: [SERVER] [v1.0.0] [DEVELOPMENT]: Server is running on http://localhost:6625/
[2025-08-21 20:43:48] [INFO]: [BOOTSTRAP] Loading listeners...
[2025-08-21 20:43:52] [INFO]: [BOOTSTRAP] Loading listeners...
[2025-08-21 20:43:57] [INFO]: [BOOTSTRAP] Loading listeners...
[2025-08-21 20:44:00] [INFO]: [BOOTSTRAP] Loading listeners...
[2025-08-21 20:44:00] [INFO]: [DB] Connected to the database successfully
[2025-08-21 20:44:00] [INFO]: [Listeners] Loaded 4 file(s)
[2025-08-21 20:44:00] [INFO]: [BOOTSTRAP] All services ready.
[2025-08-21 20:44:00] [INFO]: [SERVER] [v1.0.0] [DEVELOPMENT]: Server is running on http://localhost:6625/
[2025-08-21 20:44:04] [INFO]: [BOOTSTRAP] Loading listeners...
[2025-08-21 20:44:04] [INFO]: [DB] Connected to the database successfully
[2025-08-21 20:44:04] [INFO]: [Listeners] Loaded 4 file(s)
[2025-08-21 20:44:04] [INFO]: [BOOTSTRAP] All services ready.
[2025-08-21 20:44:04] [INFO]: [SERVER] [v1.0.0] [DEVELOPMENT]: Server is running on http://localhost:6625/
[2025-08-21 20:44:21] [INFO]: [BOOTSTRAP] Loading listeners...
[2025-08-21 20:44:21] [INFO]: [DB] Connected to the database successfully
[2025-08-21 20:44:22] [INFO]: [Listeners] Loaded 4 file(s)
[2025-08-21 20:44:22] [INFO]: [BOOTSTRAP] All services ready.
[2025-08-21 20:44:22] [INFO]: [SERVER] [v1.0.0] [DEVELOPMENT]: Server is running on http://localhost:6625/
[2025-08-21 20:44:25] [INFO]: [BOOTSTRAP] Loading listeners...
[2025-08-21 20:44:25] [INFO]: [DB] Connected to the database successfully
[2025-08-21 20:44:25] [INFO]: [Listeners] Loaded 4 file(s)
[2025-08-21 20:44:25] [INFO]: [BOOTSTRAP] All services ready.
[2025-08-21 20:44:25] [INFO]: [SERVER] [v1.0.0] [DEVELOPMENT]: Server is running on http://localhost:6625/
[2025-08-21 20:44:27] [INFO]: [BOOTSTRAP] Loading listeners...
[2025-08-21 20:44:27] [INFO]: [DB] Connected to the database successfully
[2025-08-21 20:44:27] [INFO]: [Listeners] Loaded 4 file(s)
[2025-08-21 20:44:27] [INFO]: [BOOTSTRAP] All services ready.
[2025-08-21 20:44:27] [INFO]: [SERVER] [v1.0.0] [DEVELOPMENT]: Server is running on http://localhost:6625/
[2025-08-21 20:44:32] [INFO]: [BOOTSTRAP] Loading listeners...
[2025-08-21 20:44:32] [INFO]: [DB] Connected to the database successfully
[2025-08-21 20:44:32] [INFO]: [Listeners] Loaded 4 file(s)
[2025-08-21 20:44:32] [INFO]: [BOOTSTRAP] All services ready.
[2025-08-21 20:44:32] [INFO]: [SERVER] [v1.0.0] [DEVELOPMENT]: Server is running on http://localhost:6625/
[2025-08-21 20:44:34] [INFO]: [BOOTSTRAP] Loading listeners...
[2025-08-21 20:44:35] [INFO]: [DB] Connected to the database successfully
[2025-08-21 20:44:35] [INFO]: [Listeners] Loaded 4 file(s)
[2025-08-21 20:44:35] [INFO]: [BOOTSTRAP] All services ready.
[2025-08-21 20:44:35] [INFO]: [SERVER] [v1.0.0] [DEVELOPMENT]: Server is running on http://localhost:6625/
[2025-08-21 20:44:36] [INFO]: [BOOTSTRAP] Loading listeners...
[2025-08-21 20:44:37] [INFO]: [DB] Connected to the database successfully
[2025-08-21 20:44:37] [INFO]: [Listeners] Loaded 4 file(s)
[2025-08-21 20:44:37] [INFO]: [BOOTSTRAP] All services ready.
[2025-08-21 20:44:37] [INFO]: [SERVER] [v1.0.0] [DEVELOPMENT]: Server is running on http://localhost:6625/
[2025-08-21 20:44:44] [INFO]: [BOOTSTRAP] Loading listeners...
[2025-08-21 20:44:44] [INFO]: [DB] Connected to the database successfully
[2025-08-21 20:44:44] [INFO]: [Listeners] Loaded 4 file(s)
[2025-08-21 20:44:44] [INFO]: [BOOTSTRAP] All services ready.
[2025-08-21 20:44:44] [INFO]: [SERVER] [v1.0.0] [DEVELOPMENT]: Server is running on http://localhost:6625/
[2025-08-21 20:45:00] [INFO]: [BOOTSTRAP] Loading listeners...
[2025-08-21 20:45:00] [INFO]: [DB] Connected to the database successfully
[2025-08-21 20:45:00] [INFO]: [Listeners] Loaded 4 file(s)
[2025-08-21 20:45:00] [INFO]: [BOOTSTRAP] All services ready.
[2025-08-21 20:45:00] [INFO]: [SERVER] [v1.0.0] [DEVELOPMENT]: Server is running on http://localhost:6625/
[2025-08-21 20:45:05] [INFO]: [BOOTSTRAP] Loading listeners...
[2025-08-21 20:45:05] [INFO]: [DB] Connected to the database successfully
[2025-08-21 20:45:05] [INFO]: [Listeners] Loaded 4 file(s)
[2025-08-21 20:45:05] [INFO]: [BOOTSTRAP] All services ready.
[2025-08-21 20:45:05] [INFO]: [SERVER] [v1.0.0] [DEVELOPMENT]: Server is running on http://localhost:6625/
[2025-08-21 20:45:10] [INFO]: [BOOTSTRAP] Loading listeners...
[2025-08-21 20:45:10] [INFO]: [DB] Connected to the database successfully
[2025-08-21 20:45:10] [INFO]: [Listeners] Loaded 4 file(s)
[2025-08-21 20:45:10] [INFO]: [BOOTSTRAP] All services ready.
[2025-08-21 20:45:10] [INFO]: [SERVER] [v1.0.0] [DEVELOPMENT]: Server is running on http://localhost:6625/
[2025-08-21 20:45:12] [INFO]: [BOOTSTRAP] Loading listeners...
[2025-08-21 20:45:12] [INFO]: [DB] Connected to the database successfully
[2025-08-21 20:45:12] [INFO]: [Listeners] Loaded 4 file(s)
[2025-08-21 20:45:12] [INFO]: [BOOTSTRAP] All services ready.
[2025-08-21 20:45:12] [INFO]: [SERVER] [v1.0.0] [DEVELOPMENT]: Server is running on http://localhost:6625/
[2025-08-21 20:45:14] [INFO]: [BOOTSTRAP] Loading listeners...
[2025-08-21 20:45:14] [INFO]: [DB] Connected to the database successfully
[2025-08-21 20:45:14] [INFO]: [Listeners] Loaded 4 file(s)
[2025-08-21 20:45:14] [INFO]: [BOOTSTRAP] All services ready.
[2025-08-21 20:45:14] [INFO]: [SERVER] [v1.0.0] [DEVELOPMENT]: Server is running on http://localhost:6625/
[2025-08-21 20:45:17] [INFO]: [BOOTSTRAP] Loading listeners...
[2025-08-21 20:45:17] [INFO]: [DB] Connected to the database successfully
[2025-08-21 20:45:17] [INFO]: [Listeners] Loaded 4 file(s)
[2025-08-21 20:45:17] [INFO]: [BOOTSTRAP] All services ready.
[2025-08-21 20:45:17] [INFO]: [SERVER] [v1.0.0] [DEVELOPMENT]: Server is running on http://localhost:6625/
[2025-08-21 20:45:19] [INFO]: [BOOTSTRAP] Loading listeners...
[2025-08-21 20:45:19] [INFO]: [DB] Connected to the database successfully
[2025-08-21 20:45:19] [INFO]: [Listeners] Loaded 4 file(s)
[2025-08-21 20:45:19] [INFO]: [BOOTSTRAP] All services ready.
[2025-08-21 20:45:19] [INFO]: [SERVER] [v1.0.0] [DEVELOPMENT]: Server is running on http://localhost:6625/
[2025-08-21 20:45:22] [INFO]: [BOOTSTRAP] Loading listeners...
[2025-08-21 20:45:22] [INFO]: [DB] Connected to the database successfully
[2025-08-21 20:45:22] [INFO]: [Listeners] Loaded 4 file(s)
[2025-08-21 20:45:22] [INFO]: [BOOTSTRAP] All services ready.
[2025-08-21 20:45:22] [INFO]: [SERVER] [v1.0.0] [DEVELOPMENT]: Server is running on http://localhost:6625/
[2025-08-21 20:45:38] [INFO]: [BOOTSTRAP] Loading listeners...
[2025-08-21 20:45:50] [INFO]: [BOOTSTRAP] Loading listeners...
[2025-08-21 20:45:56] [INFO]: [BOOTSTRAP] Loading listeners...
[2025-08-21 20:45:59] [INFO]: [BOOTSTRAP] Loading listeners...
[2025-08-21 20:46:02] [INFO]: [BOOTSTRAP] Loading listeners...
[2025-08-21 20:46:02] [INFO]: [DB] Connected to the database successfully
[2025-08-21 20:46:04] [INFO]: [BOOTSTRAP] Loading listeners...
[2025-08-21 20:46:04] [INFO]: [DB] Connected to the database successfully
[2025-08-21 20:46:04] [INFO]: [Listeners] Loaded 4 file(s)
[2025-08-21 20:46:04] [INFO]: [BOOTSTRAP] All services ready.
[2025-08-21 20:46:04] [INFO]: [SERVER] [v1.0.0] [DEVELOPMENT]: Server is running on http://localhost:6625/
[2025-08-21 20:46:22] [INFO]: [BOOTSTRAP] Loading listeners...
[2025-08-21 20:46:22] [INFO]: [DB] Connected to the database successfully
[2025-08-21 20:46:22] [INFO]: [Listeners] Loaded 4 file(s)
[2025-08-21 20:46:22] [INFO]: [BOOTSTRAP] All services ready.
[2025-08-21 20:46:22] [INFO]: [SERVER] [v1.0.0] [DEVELOPMENT]: Server is running on http://localhost:6625/
[2025-08-21 20:47:19] [INFO]: [BOOTSTRAP] Loading listeners...
[2025-08-21 20:47:19] [INFO]: [DB] Connected to the database successfully
[2025-08-21 20:47:19] [INFO]: [Listeners] Loaded 4 file(s)
[2025-08-21 20:47:19] [INFO]: [BOOTSTRAP] All services ready.
[2025-08-21 20:47:19] [INFO]: [SERVER] [v1.0.0] [DEVELOPMENT]: Server is running on http://localhost:6625/
[2025-08-21 20:47:22] [INFO]: [BOOTSTRAP] Loading listeners...
[2025-08-21 20:47:22] [INFO]: [DB] Connected to the database successfully
[2025-08-21 20:47:22] [INFO]: [Listeners] Loaded 4 file(s)
[2025-08-21 20:47:22] [INFO]: [BOOTSTRAP] All services ready.
[2025-08-21 20:47:22] [INFO]: [SERVER] [v1.0.0] [DEVELOPMENT]: Server is running on http://localhost:6625/
[2025-08-21 20:56:09] [INFO]: [BOOTSTRAP] Loading listeners...
[2025-08-21 20:56:09] [INFO]: [DB] Connected to the database successfully
[2025-08-21 20:56:09] [INFO]: [Listeners] Loaded 4 file(s)
[2025-08-21 20:56:09] [INFO]: [BOOTSTRAP] All services ready.
[2025-08-21 20:56:09] [INFO]: [SERVER] [v1.0.0] [DEVELOPMENT]: Server is running on http://localhost:6625/
[2025-08-21 20:56:37] [INFO]: [BOOTSTRAP] Loading listeners...
[2025-08-21 20:56:37] [INFO]: [DB] Connected to the database successfully
[2025-08-21 20:56:37] [INFO]: [Listeners] Loaded 4 file(s)
[2025-08-21 20:56:37] [INFO]: [BOOTSTRAP] All services ready.
[2025-08-21 20:56:37] [INFO]: [SERVER] [v1.0.0] [DEVELOPMENT]: Server is running on http://localhost:6625/
[2025-08-21 20:56:47] [INFO]: [BOOTSTRAP] Loading listeners...
[2025-08-21 20:56:47] [INFO]: [DB] Connected to the database successfully
[2025-08-21 20:56:47] [INFO]: [Listeners] Loaded 4 file(s)
[2025-08-21 20:56:47] [INFO]: [BOOTSTRAP] All services ready.
[2025-08-21 20:56:47] [INFO]: [SERVER] [v1.0.0] [DEVELOPMENT]: Server is running on http://localhost:6625/
[2025-08-21 21:04:28] [INFO]: [BOOTSTRAP] Loading listeners...
[2025-08-21 21:04:28] [INFO]: [DB] Connected to the database successfully
[2025-08-21 21:04:28] [INFO]: [Listeners] Loaded 4 file(s)
[2025-08-21 21:04:28] [INFO]: [BOOTSTRAP] All services ready.
[2025-08-21 21:04:28] [INFO]: [SERVER] [v1.0.0] [DEVELOPMENT]: Server is running on http://localhost:6625/
[2025-08-21 21:05:59] [INFO]: [BOOTSTRAP] Loading listeners...
[2025-08-21 21:05:59] [INFO]: [DB] Connected to the database successfully
[2025-08-21 21:05:59] [INFO]: [Listeners] Loaded 4 file(s)
[2025-08-21 21:05:59] [INFO]: [BOOTSTRAP] All services ready.
[2025-08-21 21:05:59] [INFO]: [SERVER] [v1.0.0] [DEVELOPMENT]: Server is running on http://localhost:6625/
[2025-08-21 21:06:04] [INFO]: [BOOTSTRAP] Loading listeners...
[2025-08-21 21:06:04] [INFO]: [DB] Connected to the database successfully
[2025-08-21 21:06:04] [INFO]: [Listeners] Loaded 4 file(s)
[2025-08-21 21:06:04] [INFO]: [BOOTSTRAP] All services ready.
[2025-08-21 21:06:04] [INFO]: [SERVER] [v1.0.0] [DEVELOPMENT]: Server is running on http://localhost:6625/
[2025-08-21 21:08:06] [INFO]: [BOOTSTRAP] Loading listeners...
[2025-08-21 21:08:06] [INFO]: [DB] Connected to the database successfully
[2025-08-21 21:08:06] [INFO]: [Listeners] Loaded 4 file(s)
[2025-08-21 21:08:06] [INFO]: [BOOTSTRAP] All services ready.
[2025-08-21 21:08:06] [INFO]: [SERVER] [v1.0.0] [DEVELOPMENT]: Server is running on http://localhost:6625/
[2025-08-21 21:12:31] [INFO]: [BOOTSTRAP] Loading listeners...
[2025-08-21 21:12:31] [INFO]: [Listeners] Loaded 4 file(s)
[2025-08-21 21:12:31] [INFO]: [BOOTSTRAP] All services ready.
[2025-08-21 21:12:31] [INFO]: [SERVER] [v1.0.0] [DEVELOPMENT]: Server is running on http://localhost:6625/
[2025-08-21 21:12:31] [INFO]: [DB] Connected to the database successfully
