[2025-08-22 09:01:18] [INFO]: [BOOTSTRAP] Loading listeners...
[2025-08-22 09:01:18] [INFO]: [Listeners] Loaded 4 file(s)
[2025-08-22 09:01:18] [INFO]: [BOOTSTRAP] All services ready.
[2025-08-22 09:01:18] [INFO]: [SERVER] [v1.0.0] [DEVELOPMENT]: Server is running on http://localhost:6625/
[2025-08-22 09:01:18] [INFO]: [DB] Connected to the database successfully
[2025-08-22 10:44:57] [INFO]: [BOOTSTRAP] Loading listeners...
[2025-08-22 10:44:57] [INFO]: [Listeners] Loaded 4 file(s)
[2025-08-22 10:44:57] [INFO]: [BOOTSTRAP] All services ready.
[2025-08-22 10:44:57] [INFO]: [SERVER] [v1.0.0] [DEVELOPMENT]: Server is running on http://localhost:6625/
[2025-08-22 10:44:57] [INFO]: [DB] Connected to the database successfully
[2025-08-22 10:56:52] [INFO]: [HINT] client left: xuNkDpJALHAC34v7AAAE
[2025-08-22 10:57:01] [INFO]: [HINT] client left: VX06uxEeWTLtcXaBAAAH
[2025-08-22 10:57:17] [INFO]: [HINT] client left: -4RuDy_4HVdm3ZyBAAAK
[2025-08-22 10:57:17] [INFO]: [HINT] client left: F-vcHRMtJXZRysziAAAM
[2025-08-22 10:57:43] [INFO]: [HINT] client left: xqEzJIvVvXfL6OEGAAAP
[2025-08-22 10:58:37] [INFO]: [HINT] client left: dcqoVG6gqLIV2JQzAAAS
[2025-08-22 10:58:37] [INFO]: [HINT] client left: PBYw79AryidBfDaXAAAU
[2025-08-22 11:04:04] [INFO]: [BOOTSTRAP] Loading listeners...
[2025-08-22 11:04:04] [INFO]: [DB] Connected to the database successfully
[2025-08-22 11:04:04] [INFO]: [Listeners] Loaded 4 file(s)
[2025-08-22 11:04:04] [INFO]: [BOOTSTRAP] All services ready.
[2025-08-22 11:04:04] [INFO]: [SERVER] [v1.0.0] [DEVELOPMENT]: Server is running on http://localhost:6625/
[2025-08-22 11:05:22] [INFO]: [BOOTSTRAP] Loading listeners...
[2025-08-22 11:05:27] [INFO]: [BOOTSTRAP] Loading listeners...
[2025-08-22 11:05:27] [INFO]: [DB] Connected to the database successfully
[2025-08-22 11:05:27] [INFO]: [Listeners] Loaded 4 file(s)
[2025-08-22 11:05:27] [INFO]: [BOOTSTRAP] All services ready.
[2025-08-22 11:05:27] [INFO]: [SERVER] [v1.0.0] [DEVELOPMENT]: Server is running on http://localhost:6625/
[2025-08-22 11:05:35] [INFO]: [BOOTSTRAP] Loading listeners...
[2025-08-22 11:05:36] [INFO]: [BOOTSTRAP] Loading listeners...
[2025-08-22 11:05:36] [INFO]: [DB] Connected to the database successfully
[2025-08-22 11:05:36] [INFO]: [Listeners] Loaded 4 file(s)
[2025-08-22 11:05:36] [INFO]: [BOOTSTRAP] All services ready.
[2025-08-22 11:05:36] [INFO]: [SERVER] [v1.0.0] [DEVELOPMENT]: Server is running on http://localhost:6625/
[2025-08-22 11:05:42] [INFO]: [BOOTSTRAP] Loading listeners...
[2025-08-22 11:05:46] [INFO]: [BOOTSTRAP] Loading listeners...
[2025-08-22 11:05:46] [INFO]: [Listeners] Loaded 4 file(s)
[2025-08-22 11:05:46] [INFO]: [BOOTSTRAP] All services ready.
[2025-08-22 11:05:46] [INFO]: [SERVER] [v1.0.0] [DEVELOPMENT]: Server is running on http://localhost:6625/
[2025-08-22 11:05:46] [INFO]: [DB] Connected to the database successfully
[2025-08-22 11:05:49] [INFO]: [BOOTSTRAP] Loading listeners...
[2025-08-22 11:05:49] [INFO]: [DB] Connected to the database successfully
[2025-08-22 11:05:50] [INFO]: [Listeners] Loaded 4 file(s)
[2025-08-22 11:05:50] [INFO]: [BOOTSTRAP] All services ready.
[2025-08-22 11:05:50] [INFO]: [SERVER] [v1.0.0] [DEVELOPMENT]: Server is running on http://localhost:6625/
[2025-08-22 11:05:52] [INFO]: [BOOTSTRAP] Loading listeners...
[2025-08-22 11:05:52] [INFO]: [DB] Connected to the database successfully
[2025-08-22 11:05:52] [INFO]: [Listeners] Loaded 4 file(s)
[2025-08-22 11:05:52] [INFO]: [BOOTSTRAP] All services ready.
[2025-08-22 11:05:52] [INFO]: [SERVER] [v1.0.0] [DEVELOPMENT]: Server is running on http://localhost:6625/
[2025-08-22 11:05:59] [INFO]: [BOOTSTRAP] Loading listeners...
[2025-08-22 11:05:59] [INFO]: [DB] Connected to the database successfully
[2025-08-22 11:05:59] [INFO]: [Listeners] Loaded 4 file(s)
[2025-08-22 11:05:59] [INFO]: [BOOTSTRAP] All services ready.
[2025-08-22 11:05:59] [INFO]: [SERVER] [v1.0.0] [DEVELOPMENT]: Server is running on http://localhost:6625/
[2025-08-22 11:06:44] [INFO]: [BOOTSTRAP] Loading listeners...
[2025-08-22 11:06:47] [INFO]: [BOOTSTRAP] Loading listeners...
[2025-08-22 11:06:50] [INFO]: [BOOTSTRAP] Loading listeners...
[2025-08-22 11:06:53] [INFO]: [BOOTSTRAP] Loading listeners...
[2025-08-22 11:06:54] [INFO]: [BOOTSTRAP] Loading listeners...
[2025-08-22 11:06:54] [INFO]: [Listeners] Loaded 4 file(s)
[2025-08-22 11:06:54] [INFO]: [BOOTSTRAP] All services ready.
[2025-08-22 11:06:54] [INFO]: [SERVER] [v1.0.0] [DEVELOPMENT]: Server is running on http://localhost:6625/
[2025-08-22 11:06:54] [INFO]: [DB] Connected to the database successfully
[2025-08-22 11:07:00] [INFO]: [BOOTSTRAP] Loading listeners...
[2025-08-22 11:07:03] [INFO]: [BOOTSTRAP] Loading listeners...
[2025-08-22 11:07:03] [INFO]: [DB] Connected to the database successfully
[2025-08-22 11:07:03] [INFO]: [Listeners] Loaded 4 file(s)
[2025-08-22 11:07:03] [INFO]: [BOOTSTRAP] All services ready.
[2025-08-22 11:07:03] [INFO]: [SERVER] [v1.0.0] [DEVELOPMENT]: Server is running on http://localhost:6625/
[2025-08-22 11:07:10] [INFO]: [BOOTSTRAP] Loading listeners...
[2025-08-22 11:07:10] [INFO]: [DB] Connected to the database successfully
[2025-08-22 11:07:10] [INFO]: [Listeners] Loaded 4 file(s)
[2025-08-22 11:07:10] [INFO]: [BOOTSTRAP] All services ready.
[2025-08-22 11:07:10] [INFO]: [SERVER] [v1.0.0] [DEVELOPMENT]: Server is running on http://localhost:6625/
[2025-08-22 11:07:12] [INFO]: [BOOTSTRAP] Loading listeners...
[2025-08-22 11:07:12] [INFO]: [DB] Connected to the database successfully
[2025-08-22 11:07:12] [INFO]: [Listeners] Loaded 4 file(s)
[2025-08-22 11:07:12] [INFO]: [BOOTSTRAP] All services ready.
[2025-08-22 11:07:12] [INFO]: [SERVER] [v1.0.0] [DEVELOPMENT]: Server is running on http://localhost:6625/
[2025-08-22 11:07:38] [INFO]: [BOOTSTRAP] Loading listeners...
[2025-08-22 11:07:38] [INFO]: [DB] Connected to the database successfully
[2025-08-22 11:07:38] [INFO]: [Listeners] Loaded 4 file(s)
[2025-08-22 11:07:38] [INFO]: [BOOTSTRAP] All services ready.
[2025-08-22 11:07:38] [INFO]: [SERVER] [v1.0.0] [DEVELOPMENT]: Server is running on http://localhost:6625/
[2025-08-22 11:07:45] [INFO]: [BOOTSTRAP] Loading listeners...
[2025-08-22 11:07:49] [INFO]: [BOOTSTRAP] Loading listeners...
[2025-08-22 11:07:49] [INFO]: [DB] Connected to the database successfully
[2025-08-22 11:07:49] [INFO]: [Listeners] Loaded 4 file(s)
[2025-08-22 11:07:49] [INFO]: [BOOTSTRAP] All services ready.
[2025-08-22 11:07:49] [INFO]: [SERVER] [v1.0.0] [DEVELOPMENT]: Server is running on http://localhost:6625/
[2025-08-22 11:07:56] [INFO]: [BOOTSTRAP] Loading listeners...
[2025-08-22 11:07:56] [INFO]: [DB] Connected to the database successfully
[2025-08-22 11:07:56] [INFO]: [Listeners] Loaded 4 file(s)
[2025-08-22 11:07:56] [INFO]: [BOOTSTRAP] All services ready.
[2025-08-22 11:07:56] [INFO]: [SERVER] [v1.0.0] [DEVELOPMENT]: Server is running on http://localhost:6625/
[2025-08-22 11:08:02] [INFO]: [BOOTSTRAP] Loading listeners...
[2025-08-22 11:08:02] [INFO]: [DB] Connected to the database successfully
[2025-08-22 11:08:02] [INFO]: [Listeners] Loaded 4 file(s)
[2025-08-22 11:08:02] [INFO]: [BOOTSTRAP] All services ready.
[2025-08-22 11:08:02] [INFO]: [SERVER] [v1.0.0] [DEVELOPMENT]: Server is running on http://localhost:6625/
[2025-08-22 11:08:06] [INFO]: [BOOTSTRAP] Loading listeners...
[2025-08-22 11:08:06] [INFO]: [DB] Connected to the database successfully
[2025-08-22 11:08:06] [INFO]: [Listeners] Loaded 4 file(s)
[2025-08-22 11:08:06] [INFO]: [BOOTSTRAP] All services ready.
[2025-08-22 11:08:06] [INFO]: [SERVER] [v1.0.0] [DEVELOPMENT]: Server is running on http://localhost:6625/
[2025-08-22 11:08:11] [INFO]: [BOOTSTRAP] Loading listeners...
[2025-08-22 11:08:11] [INFO]: [DB] Connected to the database successfully
[2025-08-22 11:08:11] [INFO]: [Listeners] Loaded 4 file(s)
[2025-08-22 11:08:11] [INFO]: [BOOTSTRAP] All services ready.
[2025-08-22 11:08:11] [INFO]: [SERVER] [v1.0.0] [DEVELOPMENT]: Server is running on http://localhost:6625/
[2025-08-22 11:08:18] [INFO]: [BOOTSTRAP] Loading listeners...
[2025-08-22 11:08:18] [INFO]: [Listeners] Loaded 4 file(s)
[2025-08-22 11:08:18] [INFO]: [BOOTSTRAP] All services ready.
[2025-08-22 11:08:18] [INFO]: [SERVER] [v1.0.0] [DEVELOPMENT]: Server is running on http://localhost:6625/
[2025-08-22 11:08:18] [INFO]: [DB] Connected to the database successfully
[2025-08-22 11:08:41] [INFO]: [BOOTSTRAP] Loading listeners...
[2025-08-22 11:08:42] [INFO]: [DB] Connected to the database successfully
[2025-08-22 11:08:42] [INFO]: [Listeners] Loaded 4 file(s)
[2025-08-22 11:08:42] [INFO]: [BOOTSTRAP] All services ready.
[2025-08-22 11:08:42] [INFO]: [SERVER] [v1.0.0] [DEVELOPMENT]: Server is running on http://localhost:6625/
[2025-08-22 11:08:43] [INFO]: [BOOTSTRAP] Loading listeners...
[2025-08-22 11:08:43] [INFO]: [DB] Connected to the database successfully
[2025-08-22 11:08:43] [INFO]: [Listeners] Loaded 4 file(s)
[2025-08-22 11:08:43] [INFO]: [BOOTSTRAP] All services ready.
[2025-08-22 11:08:43] [INFO]: [SERVER] [v1.0.0] [DEVELOPMENT]: Server is running on http://localhost:6625/
[2025-08-22 11:08:53] [INFO]: [BOOTSTRAP] Loading listeners...
[2025-08-22 11:08:53] [INFO]: [DB] Connected to the database successfully
[2025-08-22 11:08:53] [INFO]: [Listeners] Loaded 4 file(s)
[2025-08-22 11:08:53] [INFO]: [BOOTSTRAP] All services ready.
[2025-08-22 11:08:53] [INFO]: [SERVER] [v1.0.0] [DEVELOPMENT]: Server is running on http://localhost:6625/
[2025-08-22 11:08:55] [INFO]: [BOOTSTRAP] Loading listeners...
[2025-08-22 11:08:55] [INFO]: [DB] Connected to the database successfully
[2025-08-22 11:08:55] [INFO]: [Listeners] Loaded 4 file(s)
[2025-08-22 11:08:55] [INFO]: [BOOTSTRAP] All services ready.
[2025-08-22 11:08:55] [INFO]: [SERVER] [v1.0.0] [DEVELOPMENT]: Server is running on http://localhost:6625/
[2025-08-22 11:08:58] [INFO]: [BOOTSTRAP] Loading listeners...
[2025-08-22 11:09:02] [INFO]: [BOOTSTRAP] Loading listeners...
[2025-08-22 11:09:02] [INFO]: [DB] Connected to the database successfully
[2025-08-22 11:09:02] [INFO]: [Listeners] Loaded 4 file(s)
[2025-08-22 11:09:02] [INFO]: [BOOTSTRAP] All services ready.
[2025-08-22 11:09:02] [INFO]: [SERVER] [v1.0.0] [DEVELOPMENT]: Server is running on http://localhost:6625/
[2025-08-22 11:09:10] [INFO]: [BOOTSTRAP] Loading listeners...
[2025-08-22 11:09:10] [INFO]: [Listeners] Loaded 4 file(s)
[2025-08-22 11:09:10] [INFO]: [BOOTSTRAP] All services ready.
[2025-08-22 11:09:10] [INFO]: [SERVER] [v1.0.0] [DEVELOPMENT]: Server is running on http://localhost:6625/
[2025-08-22 11:09:10] [INFO]: [DB] Connected to the database successfully
[2025-08-22 11:09:17] [INFO]: [BOOTSTRAP] Loading listeners...
[2025-08-22 11:09:17] [INFO]: [DB] Connected to the database successfully
[2025-08-22 11:09:17] [INFO]: [Listeners] Loaded 4 file(s)
[2025-08-22 11:09:17] [INFO]: [BOOTSTRAP] All services ready.
[2025-08-22 11:09:17] [INFO]: [SERVER] [v1.0.0] [DEVELOPMENT]: Server is running on http://localhost:6625/
[2025-08-22 11:09:22] [INFO]: [BOOTSTRAP] Loading listeners...
[2025-08-22 11:09:22] [INFO]: [DB] Connected to the database successfully
[2025-08-22 11:09:22] [INFO]: [Listeners] Loaded 4 file(s)
[2025-08-22 11:09:22] [INFO]: [BOOTSTRAP] All services ready.
[2025-08-22 11:09:22] [INFO]: [SERVER] [v1.0.0] [DEVELOPMENT]: Server is running on http://localhost:6625/
[2025-08-22 11:09:25] [INFO]: [BOOTSTRAP] Loading listeners...
[2025-08-22 11:09:25] [INFO]: [DB] Connected to the database successfully
[2025-08-22 11:09:25] [INFO]: [Listeners] Loaded 4 file(s)
[2025-08-22 11:09:25] [INFO]: [BOOTSTRAP] All services ready.
[2025-08-22 11:09:25] [INFO]: [SERVER] [v1.0.0] [DEVELOPMENT]: Server is running on http://localhost:6625/
[2025-08-22 11:09:27] [INFO]: [BOOTSTRAP] Loading listeners...
[2025-08-22 11:09:27] [INFO]: [DB] Connected to the database successfully
[2025-08-22 11:09:27] [INFO]: [Listeners] Loaded 4 file(s)
[2025-08-22 11:09:27] [INFO]: [BOOTSTRAP] All services ready.
[2025-08-22 11:09:27] [INFO]: [SERVER] [v1.0.0] [DEVELOPMENT]: Server is running on http://localhost:6625/
[2025-08-22 11:09:29] [INFO]: [BOOTSTRAP] Loading listeners...
[2025-08-22 11:09:29] [INFO]: [DB] Connected to the database successfully
[2025-08-22 11:09:30] [INFO]: [Listeners] Loaded 4 file(s)
[2025-08-22 11:09:30] [INFO]: [BOOTSTRAP] All services ready.
[2025-08-22 11:09:30] [INFO]: [SERVER] [v1.0.0] [DEVELOPMENT]: Server is running on http://localhost:6625/
[2025-08-22 11:09:45] [INFO]: [BOOTSTRAP] Loading listeners...
[2025-08-22 11:09:45] [INFO]: [DB] Connected to the database successfully
[2025-08-22 11:09:45] [INFO]: [Listeners] Loaded 4 file(s)
[2025-08-22 11:09:45] [INFO]: [BOOTSTRAP] All services ready.
[2025-08-22 11:09:45] [INFO]: [SERVER] [v1.0.0] [DEVELOPMENT]: Server is running on http://localhost:6625/
[2025-08-22 11:09:48] [INFO]: [BOOTSTRAP] Loading listeners...
[2025-08-22 11:09:48] [INFO]: [Listeners] Loaded 4 file(s)
[2025-08-22 11:09:48] [INFO]: [BOOTSTRAP] All services ready.
[2025-08-22 11:09:48] [INFO]: [SERVER] [v1.0.0] [DEVELOPMENT]: Server is running on http://localhost:6625/
[2025-08-22 11:09:48] [INFO]: [DB] Connected to the database successfully
[2025-08-22 11:10:05] [INFO]: [BOOTSTRAP] Loading listeners...
[2025-08-22 11:10:05] [INFO]: [Listeners] Loaded 4 file(s)
[2025-08-22 11:10:05] [INFO]: [BOOTSTRAP] All services ready.
[2025-08-22 11:10:05] [INFO]: [SERVER] [v1.0.0] [DEVELOPMENT]: Server is running on http://localhost:6625/
[2025-08-22 11:10:05] [INFO]: [DB] Connected to the database successfully
[2025-08-22 11:10:12] [INFO]: [BOOTSTRAP] Loading listeners...
[2025-08-22 11:10:12] [INFO]: [DB] Connected to the database successfully
[2025-08-22 11:10:12] [INFO]: [Listeners] Loaded 4 file(s)
[2025-08-22 11:10:12] [INFO]: [BOOTSTRAP] All services ready.
[2025-08-22 11:10:12] [INFO]: [SERVER] [v1.0.0] [DEVELOPMENT]: Server is running on http://localhost:6625/
[2025-08-22 11:10:16] [INFO]: [BOOTSTRAP] Loading listeners...
[2025-08-22 11:10:16] [INFO]: [DB] Connected to the database successfully
[2025-08-22 11:10:16] [INFO]: [Listeners] Loaded 4 file(s)
[2025-08-22 11:10:16] [INFO]: [BOOTSTRAP] All services ready.
[2025-08-22 11:10:16] [INFO]: [SERVER] [v1.0.0] [DEVELOPMENT]: Server is running on http://localhost:6625/
[2025-08-22 11:10:32] [INFO]: [BOOTSTRAP] Loading listeners...
[2025-08-22 11:10:32] [INFO]: [DB] Connected to the database successfully
[2025-08-22 11:10:32] [INFO]: [Listeners] Loaded 4 file(s)
[2025-08-22 11:10:32] [INFO]: [BOOTSTRAP] All services ready.
[2025-08-22 11:10:32] [INFO]: [SERVER] [v1.0.0] [DEVELOPMENT]: Server is running on http://localhost:6625/
[2025-08-22 11:10:41] [INFO]: [BOOTSTRAP] Loading listeners...
[2025-08-22 11:10:42] [INFO]: [DB] Connected to the database successfully
[2025-08-22 11:10:42] [INFO]: [Listeners] Loaded 4 file(s)
[2025-08-22 11:10:42] [INFO]: [BOOTSTRAP] All services ready.
[2025-08-22 11:10:42] [INFO]: [SERVER] [v1.0.0] [DEVELOPMENT]: Server is running on http://localhost:6625/
[2025-08-22 11:10:43] [INFO]: [BOOTSTRAP] Loading listeners...
[2025-08-22 11:10:43] [INFO]: [DB] Connected to the database successfully
[2025-08-22 11:10:43] [INFO]: [Listeners] Loaded 4 file(s)
[2025-08-22 11:10:43] [INFO]: [BOOTSTRAP] All services ready.
[2025-08-22 11:10:43] [INFO]: [SERVER] [v1.0.0] [DEVELOPMENT]: Server is running on http://localhost:6625/
[2025-08-22 11:10:49] [INFO]: [BOOTSTRAP] Loading listeners...
[2025-08-22 11:10:49] [INFO]: [DB] Connected to the database successfully
[2025-08-22 11:10:49] [INFO]: [Listeners] Loaded 4 file(s)
[2025-08-22 11:10:49] [INFO]: [BOOTSTRAP] All services ready.
[2025-08-22 11:10:49] [INFO]: [SERVER] [v1.0.0] [DEVELOPMENT]: Server is running on http://localhost:6625/
[2025-08-22 11:11:07] [INFO]: [BOOTSTRAP] Loading listeners...
[2025-08-22 11:11:07] [INFO]: [Listeners] Loaded 4 file(s)
[2025-08-22 11:11:07] [INFO]: [BOOTSTRAP] All services ready.
[2025-08-22 11:11:07] [INFO]: [SERVER] [v1.0.0] [DEVELOPMENT]: Server is running on http://localhost:6625/
[2025-08-22 11:11:07] [INFO]: [DB] Connected to the database successfully
[2025-08-22 11:11:21] [INFO]: [BOOTSTRAP] Loading listeners...
[2025-08-22 11:11:21] [INFO]: [DB] Connected to the database successfully
[2025-08-22 11:11:21] [INFO]: [Listeners] Loaded 4 file(s)
[2025-08-22 11:11:21] [INFO]: [BOOTSTRAP] All services ready.
[2025-08-22 11:11:21] [INFO]: [SERVER] [v1.0.0] [DEVELOPMENT]: Server is running on http://localhost:6625/
[2025-08-22 11:11:32] [INFO]: [BOOTSTRAP] Loading listeners...
[2025-08-22 11:11:32] [INFO]: [DB] Connected to the database successfully
[2025-08-22 11:11:32] [INFO]: [Listeners] Loaded 4 file(s)
[2025-08-22 11:11:32] [INFO]: [BOOTSTRAP] All services ready.
[2025-08-22 11:11:32] [INFO]: [SERVER] [v1.0.0] [DEVELOPMENT]: Server is running on http://localhost:6625/
[2025-08-22 11:11:35] [INFO]: [BOOTSTRAP] Loading listeners...
[2025-08-22 11:11:35] [INFO]: [DB] Connected to the database successfully
[2025-08-22 11:11:35] [INFO]: [Listeners] Loaded 4 file(s)
[2025-08-22 11:11:35] [INFO]: [BOOTSTRAP] All services ready.
[2025-08-22 11:11:35] [INFO]: [SERVER] [v1.0.0] [DEVELOPMENT]: Server is running on http://localhost:6625/
[2025-08-22 11:11:39] [INFO]: [BOOTSTRAP] Loading listeners...
[2025-08-22 11:11:39] [INFO]: [DB] Connected to the database successfully
[2025-08-22 11:11:39] [INFO]: [Listeners] Loaded 4 file(s)
[2025-08-22 11:11:39] [INFO]: [BOOTSTRAP] All services ready.
[2025-08-22 11:11:39] [INFO]: [SERVER] [v1.0.0] [DEVELOPMENT]: Server is running on http://localhost:6625/
[2025-08-22 11:11:41] [INFO]: [BOOTSTRAP] Loading listeners...
[2025-08-22 11:11:42] [INFO]: [DB] Connected to the database successfully
[2025-08-22 11:11:42] [INFO]: [Listeners] Loaded 4 file(s)
[2025-08-22 11:11:42] [INFO]: [BOOTSTRAP] All services ready.
[2025-08-22 11:11:42] [INFO]: [SERVER] [v1.0.0] [DEVELOPMENT]: Server is running on http://localhost:6625/
[2025-08-22 11:11:46] [INFO]: [BOOTSTRAP] Loading listeners...
[2025-08-22 11:11:46] [INFO]: [DB] Connected to the database successfully
[2025-08-22 11:11:46] [INFO]: [Listeners] Loaded 4 file(s)
[2025-08-22 11:11:46] [INFO]: [BOOTSTRAP] All services ready.
[2025-08-22 11:11:47] [INFO]: [SERVER] [v1.0.0] [DEVELOPMENT]: Server is running on http://localhost:6625/
[2025-08-22 11:12:00] [INFO]: [BOOTSTRAP] Loading listeners...
[2025-08-22 11:12:00] [INFO]: [DB] Connected to the database successfully
[2025-08-22 11:12:00] [INFO]: [Listeners] Loaded 4 file(s)
[2025-08-22 11:12:00] [INFO]: [BOOTSTRAP] All services ready.
[2025-08-22 11:12:00] [INFO]: [SERVER] [v1.0.0] [DEVELOPMENT]: Server is running on http://localhost:6625/
[2025-08-22 11:12:03] [INFO]: [BOOTSTRAP] Loading listeners...
[2025-08-22 11:12:03] [INFO]: [DB] Connected to the database successfully
[2025-08-22 11:12:03] [INFO]: [Listeners] Loaded 4 file(s)
[2025-08-22 11:12:03] [INFO]: [BOOTSTRAP] All services ready.
[2025-08-22 11:12:03] [INFO]: [SERVER] [v1.0.0] [DEVELOPMENT]: Server is running on http://localhost:6625/
[2025-08-22 11:12:07] [INFO]: [BOOTSTRAP] Loading listeners...
[2025-08-22 11:12:07] [INFO]: [DB] Connected to the database successfully
[2025-08-22 11:12:07] [INFO]: [Listeners] Loaded 4 file(s)
[2025-08-22 11:12:07] [INFO]: [BOOTSTRAP] All services ready.
[2025-08-22 11:12:07] [INFO]: [SERVER] [v1.0.0] [DEVELOPMENT]: Server is running on http://localhost:6625/
[2025-08-22 11:12:20] [INFO]: [BOOTSTRAP] Loading listeners...
[2025-08-22 11:12:20] [INFO]: [DB] Connected to the database successfully
[2025-08-22 11:12:20] [INFO]: [Listeners] Loaded 4 file(s)
[2025-08-22 11:12:20] [INFO]: [BOOTSTRAP] All services ready.
[2025-08-22 11:12:20] [INFO]: [SERVER] [v1.0.0] [DEVELOPMENT]: Server is running on http://localhost:6625/
[2025-08-22 11:12:30] [INFO]: [BOOTSTRAP] Loading listeners...
[2025-08-22 11:12:32] [INFO]: [BOOTSTRAP] Loading listeners...
[2025-08-22 11:12:32] [INFO]: [DB] Connected to the database successfully
[2025-08-22 11:12:32] [INFO]: [Listeners] Loaded 4 file(s)
[2025-08-22 11:12:32] [INFO]: [BOOTSTRAP] All services ready.
[2025-08-22 11:12:32] [INFO]: [SERVER] [v1.0.0] [DEVELOPMENT]: Server is running on http://localhost:6625/
[2025-08-22 11:12:46] [INFO]: [BOOTSTRAP] Loading listeners...
[2025-08-22 11:12:46] [INFO]: [DB] Connected to the database successfully
[2025-08-22 11:12:46] [INFO]: [Listeners] Loaded 4 file(s)
[2025-08-22 11:12:46] [INFO]: [BOOTSTRAP] All services ready.
[2025-08-22 11:12:46] [INFO]: [SERVER] [v1.0.0] [DEVELOPMENT]: Server is running on http://localhost:6625/
[2025-08-22 11:12:48] [INFO]: [BOOTSTRAP] Loading listeners...
[2025-08-22 11:12:48] [INFO]: [DB] Connected to the database successfully
[2025-08-22 11:12:48] [INFO]: [Listeners] Loaded 4 file(s)
[2025-08-22 11:12:48] [INFO]: [BOOTSTRAP] All services ready.
[2025-08-22 11:12:48] [INFO]: [SERVER] [v1.0.0] [DEVELOPMENT]: Server is running on http://localhost:6625/
[2025-08-22 11:12:50] [INFO]: [BOOTSTRAP] Loading listeners...
[2025-08-22 11:12:50] [INFO]: [DB] Connected to the database successfully
[2025-08-22 11:12:50] [INFO]: [Listeners] Loaded 4 file(s)
[2025-08-22 11:12:50] [INFO]: [BOOTSTRAP] All services ready.
[2025-08-22 11:12:50] [INFO]: [SERVER] [v1.0.0] [DEVELOPMENT]: Server is running on http://localhost:6625/
[2025-08-22 11:12:59] [INFO]: [BOOTSTRAP] Loading listeners...
[2025-08-22 11:12:59] [INFO]: [Listeners] Loaded 4 file(s)
[2025-08-22 11:12:59] [INFO]: [BOOTSTRAP] All services ready.
[2025-08-22 11:12:59] [INFO]: [SERVER] [v1.0.0] [DEVELOPMENT]: Server is running on http://localhost:6625/
[2025-08-22 11:12:59] [INFO]: [DB] Connected to the database successfully
[2025-08-22 11:13:01] [INFO]: [BOOTSTRAP] Loading listeners...
[2025-08-22 11:13:01] [INFO]: [DB] Connected to the database successfully
[2025-08-22 11:13:01] [INFO]: [Listeners] Loaded 4 file(s)
[2025-08-22 11:13:01] [INFO]: [BOOTSTRAP] All services ready.
[2025-08-22 11:13:01] [INFO]: [SERVER] [v1.0.0] [DEVELOPMENT]: Server is running on http://localhost:6625/
[2025-08-22 11:13:06] [INFO]: [BOOTSTRAP] Loading listeners...
[2025-08-22 11:13:06] [INFO]: [DB] Connected to the database successfully
[2025-08-22 11:13:06] [INFO]: [Listeners] Loaded 4 file(s)
[2025-08-22 11:13:06] [INFO]: [BOOTSTRAP] All services ready.
[2025-08-22 11:13:06] [INFO]: [SERVER] [v1.0.0] [DEVELOPMENT]: Server is running on http://localhost:6625/
[2025-08-22 11:13:28] [INFO]: [BOOTSTRAP] Loading listeners...
[2025-08-22 11:13:28] [INFO]: [DB] Connected to the database successfully
[2025-08-22 11:13:28] [INFO]: [Listeners] Loaded 4 file(s)
[2025-08-22 11:13:28] [INFO]: [BOOTSTRAP] All services ready.
[2025-08-22 11:13:28] [INFO]: [SERVER] [v1.0.0] [DEVELOPMENT]: Server is running on http://localhost:6625/
[2025-08-22 11:14:30] [INFO]: [BOOTSTRAP] Loading listeners...
[2025-08-22 11:14:30] [INFO]: [DB] Connected to the database successfully
[2025-08-22 11:14:30] [INFO]: [Listeners] Loaded 4 file(s)
[2025-08-22 11:14:30] [INFO]: [BOOTSTRAP] All services ready.
[2025-08-22 11:14:30] [INFO]: [SERVER] [v1.0.0] [DEVELOPMENT]: Server is running on http://localhost:6625/
[2025-08-22 11:14:37] [INFO]: [BOOTSTRAP] Loading listeners...
[2025-08-22 11:14:37] [INFO]: [Listeners] Loaded 4 file(s)
[2025-08-22 11:14:37] [INFO]: [BOOTSTRAP] All services ready.
[2025-08-22 11:14:37] [INFO]: [SERVER] [v1.0.0] [DEVELOPMENT]: Server is running on http://localhost:6625/
[2025-08-22 11:14:37] [INFO]: [DB] Connected to the database successfully
[2025-08-22 11:14:41] [INFO]: [BOOTSTRAP] Loading listeners...
[2025-08-22 11:14:41] [INFO]: [DB] Connected to the database successfully
[2025-08-22 11:14:41] [INFO]: [Listeners] Loaded 4 file(s)
[2025-08-22 11:14:41] [INFO]: [BOOTSTRAP] All services ready.
[2025-08-22 11:14:41] [INFO]: [SERVER] [v1.0.0] [DEVELOPMENT]: Server is running on http://localhost:6625/
[2025-08-22 11:14:47] [INFO]: [BOOTSTRAP] Loading listeners...
[2025-08-22 11:14:47] [INFO]: [DB] Connected to the database successfully
[2025-08-22 11:14:47] [INFO]: [Listeners] Loaded 4 file(s)
[2025-08-22 11:14:47] [INFO]: [BOOTSTRAP] All services ready.
[2025-08-22 11:14:47] [INFO]: [SERVER] [v1.0.0] [DEVELOPMENT]: Server is running on http://localhost:6625/
[2025-08-22 11:15:08] [INFO]: [BOOTSTRAP] Loading listeners...
[2025-08-22 11:15:08] [INFO]: [Listeners] Loaded 4 file(s)
[2025-08-22 11:15:08] [INFO]: [BOOTSTRAP] All services ready.
[2025-08-22 11:15:08] [INFO]: [SERVER] [v1.0.0] [DEVELOPMENT]: Server is running on http://localhost:6625/
[2025-08-22 11:15:08] [INFO]: [DB] Connected to the database successfully
[2025-08-22 11:15:19] [INFO]: [BOOTSTRAP] Loading listeners...
[2025-08-22 11:15:19] [INFO]: [DB] Connected to the database successfully
[2025-08-22 11:15:19] [INFO]: [Listeners] Loaded 4 file(s)
[2025-08-22 11:15:19] [INFO]: [BOOTSTRAP] All services ready.
[2025-08-22 11:15:19] [INFO]: [SERVER] [v1.0.0] [DEVELOPMENT]: Server is running on http://localhost:6625/
[2025-08-22 11:15:20] [INFO]: [BOOTSTRAP] Loading listeners...
[2025-08-22 11:15:20] [INFO]: [Listeners] Loaded 4 file(s)
[2025-08-22 11:15:20] [INFO]: [BOOTSTRAP] All services ready.
[2025-08-22 11:15:20] [INFO]: [SERVER] [v1.0.0] [DEVELOPMENT]: Server is running on http://localhost:6625/
[2025-08-22 11:15:20] [INFO]: [DB] Connected to the database successfully
[2025-08-22 11:15:26] [INFO]: [BOOTSTRAP] Loading listeners...
[2025-08-22 11:15:26] [INFO]: [DB] Connected to the database successfully
[2025-08-22 11:15:26] [INFO]: [Listeners] Loaded 4 file(s)
[2025-08-22 11:15:26] [INFO]: [BOOTSTRAP] All services ready.
[2025-08-22 11:15:26] [INFO]: [SERVER] [v1.0.0] [DEVELOPMENT]: Server is running on http://localhost:6625/
[2025-08-22 11:17:10] [INFO]: [BOOTSTRAP] Loading listeners...
[2025-08-22 11:17:10] [INFO]: [DB] Connected to the database successfully
[2025-08-22 11:17:10] [INFO]: [Listeners] Loaded 4 file(s)
[2025-08-22 11:17:10] [INFO]: [BOOTSTRAP] All services ready.
[2025-08-22 11:17:10] [INFO]: [SERVER] [v1.0.0] [DEVELOPMENT]: Server is running on http://localhost:6625/
[2025-08-22 11:17:22] [INFO]: [BOOTSTRAP] Loading listeners...
[2025-08-22 11:17:24] [INFO]: [BOOTSTRAP] Loading listeners...
[2025-08-22 11:17:34] [INFO]: [BOOTSTRAP] Loading listeners...
[2025-08-22 11:17:38] [INFO]: [BOOTSTRAP] Loading listeners...
[2025-08-22 11:17:38] [INFO]: [DB] Connected to the database successfully
[2025-08-22 11:17:38] [INFO]: [Listeners] Loaded 4 file(s)
[2025-08-22 11:17:38] [INFO]: [BOOTSTRAP] All services ready.
[2025-08-22 11:17:38] [INFO]: [SERVER] [v1.0.0] [DEVELOPMENT]: Server is running on http://localhost:6625/
[2025-08-22 11:17:49] [INFO]: [HINT] client left: YM6T29DldUd08faIAAAL
[2025-08-22 11:17:49] [INFO]: [HINT] client left: I7LunyMdNk3ciIpPAAAd
[2025-08-22 11:17:49] [INFO]: [HINT] client left: 7M6Ahp6BS9ooP4lDAAAc
[2025-08-22 11:17:49] [INFO]: [HINT] client left: tQt1bzj73uhlKfVuAAAX
[2025-08-22 11:17:49] [INFO]: [HINT] client left: VKE8Yur0yxIYuWXoAAAV
[2025-08-22 11:17:49] [INFO]: [HINT] client left: as_-dlPStD_N0bkVAAAU
[2025-08-22 11:17:49] [INFO]: [HINT] client left: RgotDJdnhfzQesjrAAAT
[2025-08-22 11:17:49] [INFO]: [HINT] client left: SqpJ1aninQcqdUQ6AAAS
[2025-08-22 11:17:49] [INFO]: [HINT] client left: IBqNmEDI68gejR7-AAAR
[2025-08-22 11:17:49] [INFO]: [HINT] client left: _DIOeby0rAJMQ2bpAAAQ
[2025-08-22 11:17:49] [INFO]: [HINT] client left: TTAPyA3tMicbuiF8AAAP
[2025-08-22 11:17:49] [INFO]: [HINT] client left: ejminnOsy5hpWlLBAAAO
[2025-08-22 11:17:49] [INFO]: [HINT] client left: 1kmS8GpnmLwuVeWqAAAN
[2025-08-22 11:17:49] [INFO]: [HINT] client left: u8QYqqBA5ci8eFL8AAAM
[2025-08-22 11:17:49] [INFO]: [HINT] client left: iHlWpLoQpGB0h9CTAAAq
[2025-08-22 11:17:49] [INFO]: [HINT] client left: 5-8z_lDWQ4e1AT2iAAAo
[2025-08-22 11:17:49] [INFO]: [HINT] client left: R07QNbq9yyfhKyKqAAAn
[2025-08-22 11:17:49] [INFO]: [HINT] client left: QcBaBQ7tYyR7EVR2AAAj
[2025-08-22 11:17:49] [INFO]: [HINT] client left: x__J83phLhFIQKT4AAAi
[2025-08-22 11:17:49] [INFO]: [HINT] client left: _-kH6A7y45ih3oeZAAAf
[2025-08-22 11:17:49] [INFO]: [HINT] client left: 8m6d1fOPkJ1gowfqAAAe
[2025-08-22 11:19:40] [INFO]: [HINT] client left: mI95MzSE-tr4iEHnAAAt
[2025-08-22 11:19:56] [INFO]: [HINT] client left: 7dPDhTy8eVu3bzHvAAAw
[2025-08-22 11:20:25] [INFO]: [HINT] client left: BkADyx6dlxudnaqHAAAz
[2025-08-22 11:20:25] [INFO]: [HINT] client left: V63jeTAPzg2HEiuvAAA1
[2025-08-22 11:22:26] [INFO]: [BOOTSTRAP] Loading listeners...
[2025-08-22 11:22:26] [INFO]: [DB] Connected to the database successfully
[2025-08-22 11:22:26] [INFO]: [Listeners] Loaded 4 file(s)
[2025-08-22 11:22:26] [INFO]: [BOOTSTRAP] All services ready.
[2025-08-22 11:22:26] [INFO]: [SERVER] [v1.0.0] [DEVELOPMENT]: Server is running on http://localhost:6625/
[2025-08-22 11:22:28] [INFO]: [BOOTSTRAP] Loading listeners...
[2025-08-22 11:22:29] [INFO]: [Listeners] Loaded 4 file(s)
[2025-08-22 11:22:29] [INFO]: [BOOTSTRAP] All services ready.
[2025-08-22 11:22:29] [INFO]: [SERVER] [v1.0.0] [DEVELOPMENT]: Server is running on http://localhost:6625/
[2025-08-22 11:22:29] [INFO]: [DB] Connected to the database successfully
[2025-08-22 11:22:40] [INFO]: [BOOTSTRAP] Loading listeners...
[2025-08-22 11:22:40] [INFO]: [DB] Connected to the database successfully
[2025-08-22 11:22:40] [INFO]: [Listeners] Loaded 4 file(s)
[2025-08-22 11:22:40] [INFO]: [BOOTSTRAP] All services ready.
[2025-08-22 11:22:40] [INFO]: [SERVER] [v1.0.0] [DEVELOPMENT]: Server is running on http://localhost:6625/
[2025-08-22 11:23:28] [INFO]: [BOOTSTRAP] Loading listeners...
[2025-08-22 11:23:28] [INFO]: [DB] Connected to the database successfully
[2025-08-22 11:23:28] [INFO]: [Listeners] Loaded 4 file(s)
[2025-08-22 11:23:28] [INFO]: [BOOTSTRAP] All services ready.
[2025-08-22 11:23:28] [INFO]: [SERVER] [v1.0.0] [DEVELOPMENT]: Server is running on http://localhost:6625/
[2025-08-22 11:25:28] [INFO]: [BOOTSTRAP] Loading listeners...
[2025-08-22 11:25:28] [INFO]: [DB] Connected to the database successfully
[2025-08-22 11:25:28] [INFO]: [Listeners] Loaded 4 file(s)
[2025-08-22 11:25:28] [INFO]: [BOOTSTRAP] All services ready.
[2025-08-22 11:25:28] [INFO]: [SERVER] [v1.0.0] [DEVELOPMENT]: Server is running on http://localhost:6625/
[2025-08-22 11:26:19] [INFO]: [BOOTSTRAP] Loading listeners...
[2025-08-22 11:26:19] [INFO]: [DB] Connected to the database successfully
[2025-08-22 11:26:19] [INFO]: [Listeners] Loaded 4 file(s)
[2025-08-22 11:26:19] [INFO]: [BOOTSTRAP] All services ready.
[2025-08-22 11:26:19] [INFO]: [SERVER] [v1.0.0] [DEVELOPMENT]: Server is running on http://localhost:6625/
[2025-08-22 11:26:22] [INFO]: [BOOTSTRAP] Loading listeners...
[2025-08-22 11:26:22] [INFO]: [DB] Connected to the database successfully
[2025-08-22 11:26:22] [INFO]: [Listeners] Loaded 4 file(s)
[2025-08-22 11:26:22] [INFO]: [BOOTSTRAP] All services ready.
[2025-08-22 11:26:22] [INFO]: [SERVER] [v1.0.0] [DEVELOPMENT]: Server is running on http://localhost:6625/
[2025-08-22 11:26:34] [INFO]: [BOOTSTRAP] Loading listeners...
[2025-08-22 11:26:36] [INFO]: [BOOTSTRAP] Loading listeners...
[2025-08-22 11:26:37] [INFO]: [BOOTSTRAP] Loading listeners...
[2025-08-22 11:26:37] [INFO]: [DB] Connected to the database successfully
[2025-08-22 11:26:37] [INFO]: [Listeners] Loaded 4 file(s)
[2025-08-22 11:26:37] [INFO]: [BOOTSTRAP] All services ready.
[2025-08-22 11:26:37] [INFO]: [SERVER] [v1.0.0] [DEVELOPMENT]: Server is running on http://localhost:6625/
[2025-08-22 11:26:40] [INFO]: [BOOTSTRAP] Loading listeners...
[2025-08-22 11:26:40] [INFO]: [DB] Connected to the database successfully
[2025-08-22 11:26:40] [INFO]: [Listeners] Loaded 4 file(s)
[2025-08-22 11:26:40] [INFO]: [BOOTSTRAP] All services ready.
[2025-08-22 11:26:40] [INFO]: [SERVER] [v1.0.0] [DEVELOPMENT]: Server is running on http://localhost:6625/
[2025-08-22 11:26:41] [INFO]: [BOOTSTRAP] Loading listeners...
[2025-08-22 11:26:41] [INFO]: [DB] Connected to the database successfully
[2025-08-22 11:26:41] [INFO]: [Listeners] Loaded 4 file(s)
[2025-08-22 11:26:41] [INFO]: [BOOTSTRAP] All services ready.
[2025-08-22 11:26:41] [INFO]: [SERVER] [v1.0.0] [DEVELOPMENT]: Server is running on http://localhost:6625/
[2025-08-22 11:27:35] [INFO]: [BOOTSTRAP] Loading listeners...
[2025-08-22 11:27:35] [INFO]: [DB] Connected to the database successfully
[2025-08-22 11:27:35] [INFO]: [Listeners] Loaded 4 file(s)
[2025-08-22 11:27:35] [INFO]: [BOOTSTRAP] All services ready.
[2025-08-22 11:27:35] [INFO]: [SERVER] [v1.0.0] [DEVELOPMENT]: Server is running on http://localhost:6625/
[2025-08-22 11:27:57] [INFO]: [BOOTSTRAP] Loading listeners...
[2025-08-22 11:27:57] [INFO]: [Listeners] Loaded 4 file(s)
[2025-08-22 11:27:57] [INFO]: [BOOTSTRAP] All services ready.
[2025-08-22 11:27:57] [INFO]: [SERVER] [v1.0.0] [DEVELOPMENT]: Server is running on http://localhost:6625/
[2025-08-22 11:27:57] [INFO]: [DB] Connected to the database successfully
[2025-08-22 11:27:59] [INFO]: [BOOTSTRAP] Loading listeners...
[2025-08-22 11:28:01] [INFO]: [BOOTSTRAP] Loading listeners...
[2025-08-22 11:28:06] [INFO]: [BOOTSTRAP] Loading listeners...
[2025-08-22 11:28:18] [INFO]: [BOOTSTRAP] Loading listeners...
[2025-08-22 11:28:23] [INFO]: [BOOTSTRAP] Loading listeners...
[2025-08-22 11:28:27] [INFO]: [BOOTSTRAP] Loading listeners...
[2025-08-22 11:28:27] [INFO]: [DB] Connected to the database successfully
[2025-08-22 11:28:27] [INFO]: [Listeners] Loaded 4 file(s)
[2025-08-22 11:28:27] [INFO]: [BOOTSTRAP] All services ready.
[2025-08-22 11:28:27] [INFO]: [SERVER] [v1.0.0] [DEVELOPMENT]: Server is running on http://localhost:6625/
[2025-08-22 11:28:43] [INFO]: [BOOTSTRAP] Loading listeners...
[2025-08-22 11:28:43] [INFO]: [DB] Connected to the database successfully
[2025-08-22 11:28:43] [INFO]: [Listeners] Loaded 4 file(s)
[2025-08-22 11:28:43] [INFO]: [BOOTSTRAP] All services ready.
[2025-08-22 11:28:43] [INFO]: [SERVER] [v1.0.0] [DEVELOPMENT]: Server is running on http://localhost:6625/
[2025-08-22 11:28:44] [INFO]: [BOOTSTRAP] Loading listeners...
[2025-08-22 11:28:44] [INFO]: [DB] Connected to the database successfully
[2025-08-22 11:28:44] [INFO]: [Listeners] Loaded 4 file(s)
[2025-08-22 11:28:44] [INFO]: [BOOTSTRAP] All services ready.
[2025-08-22 11:28:44] [INFO]: [SERVER] [v1.0.0] [DEVELOPMENT]: Server is running on http://localhost:6625/
[2025-08-22 11:28:47] [INFO]: [BOOTSTRAP] Loading listeners...
[2025-08-22 11:28:47] [INFO]: [DB] Connected to the database successfully
[2025-08-22 11:28:47] [INFO]: [Listeners] Loaded 4 file(s)
[2025-08-22 11:28:47] [INFO]: [BOOTSTRAP] All services ready.
[2025-08-22 11:28:47] [INFO]: [SERVER] [v1.0.0] [DEVELOPMENT]: Server is running on http://localhost:6625/
[2025-08-22 11:28:53] [INFO]: [BOOTSTRAP] Loading listeners...
[2025-08-22 11:29:07] [INFO]: [BOOTSTRAP] Loading listeners...
[2025-08-22 11:29:07] [INFO]: [Listeners] Loaded 4 file(s)
[2025-08-22 11:29:07] [INFO]: [BOOTSTRAP] All services ready.
[2025-08-22 11:29:07] [INFO]: [SERVER] [v1.0.0] [DEVELOPMENT]: Server is running on http://localhost:6625/
[2025-08-22 11:29:07] [INFO]: [DB] Connected to the database successfully
[2025-08-22 11:29:11] [INFO]: [BOOTSTRAP] Loading listeners...
[2025-08-22 11:29:11] [INFO]: [DB] Connected to the database successfully
[2025-08-22 11:29:11] [INFO]: [Listeners] Loaded 4 file(s)
[2025-08-22 11:29:11] [INFO]: [BOOTSTRAP] All services ready.
[2025-08-22 11:29:11] [INFO]: [SERVER] [v1.0.0] [DEVELOPMENT]: Server is running on http://localhost:6625/
[2025-08-22 11:30:00] [INFO]: [BOOTSTRAP] Loading listeners...
[2025-08-22 11:30:00] [INFO]: [DB] Connected to the database successfully
[2025-08-22 11:30:00] [INFO]: [Listeners] Loaded 4 file(s)
[2025-08-22 11:30:00] [INFO]: [BOOTSTRAP] All services ready.
[2025-08-22 11:30:00] [INFO]: [SERVER] [v1.0.0] [DEVELOPMENT]: Server is running on http://localhost:6625/
[2025-08-22 11:31:52] [INFO]: [BOOTSTRAP] Loading listeners...
[2025-08-22 11:32:01] [INFO]: [BOOTSTRAP] Loading listeners...
[2025-08-22 11:32:08] [INFO]: [BOOTSTRAP] Loading listeners...
[2025-08-22 11:32:08] [INFO]: [DB] Connected to the database successfully
[2025-08-22 11:32:08] [INFO]: [Listeners] Loaded 4 file(s)
[2025-08-22 11:32:08] [INFO]: [BOOTSTRAP] All services ready.
[2025-08-22 11:32:08] [INFO]: [SERVER] [v1.0.0] [DEVELOPMENT]: Server is running on http://localhost:6625/
[2025-08-22 11:32:12] [INFO]: [BOOTSTRAP] Loading listeners...
[2025-08-22 11:32:12] [INFO]: [DB] Connected to the database successfully
[2025-08-22 11:32:12] [INFO]: [Listeners] Loaded 4 file(s)
[2025-08-22 11:32:12] [INFO]: [BOOTSTRAP] All services ready.
[2025-08-22 11:32:12] [INFO]: [SERVER] [v1.0.0] [DEVELOPMENT]: Server is running on http://localhost:6625/
[2025-08-22 11:32:21] [INFO]: [BOOTSTRAP] Loading listeners...
[2025-08-22 11:32:21] [INFO]: [Listeners] Loaded 4 file(s)
[2025-08-22 11:32:21] [INFO]: [BOOTSTRAP] All services ready.
[2025-08-22 11:32:21] [INFO]: [SERVER] [v1.0.0] [DEVELOPMENT]: Server is running on http://localhost:6625/
[2025-08-22 11:32:21] [INFO]: [DB] Connected to the database successfully
[2025-08-22 11:32:22] [INFO]: [BOOTSTRAP] Loading listeners...
[2025-08-22 11:32:33] [INFO]: [BOOTSTRAP] Loading listeners...
[2025-08-22 11:32:37] [INFO]: [BOOTSTRAP] Loading listeners...
[2025-08-22 11:32:37] [INFO]: [Listeners] Loaded 4 file(s)
[2025-08-22 11:32:37] [INFO]: [BOOTSTRAP] All services ready.
[2025-08-22 11:32:37] [INFO]: [SERVER] [v1.0.0] [DEVELOPMENT]: Server is running on http://localhost:6625/
[2025-08-22 11:32:37] [INFO]: [DB] Connected to the database successfully
[2025-08-22 11:33:12] [INFO]: [BOOTSTRAP] Loading listeners...
[2025-08-22 11:33:12] [INFO]: [Listeners] Loaded 4 file(s)
[2025-08-22 11:33:12] [INFO]: [BOOTSTRAP] All services ready.
[2025-08-22 11:33:12] [INFO]: [SERVER] [v1.0.0] [DEVELOPMENT]: Server is running on http://localhost:6625/
[2025-08-22 11:33:13] [INFO]: [DB] Connected to the database successfully
[2025-08-22 11:33:20] [INFO]: [BOOTSTRAP] Loading listeners...
[2025-08-22 11:33:20] [INFO]: [Listeners] Loaded 4 file(s)
[2025-08-22 11:33:20] [INFO]: [BOOTSTRAP] All services ready.
[2025-08-22 11:33:20] [INFO]: [SERVER] [v1.0.0] [DEVELOPMENT]: Server is running on http://localhost:6625/
[2025-08-22 11:33:20] [INFO]: [DB] Connected to the database successfully
[2025-08-22 11:33:34] [INFO]: [BOOTSTRAP] Loading listeners...
[2025-08-22 11:33:34] [INFO]: [DB] Connected to the database successfully
[2025-08-22 11:33:34] [INFO]: [Listeners] Loaded 4 file(s)
[2025-08-22 11:33:34] [INFO]: [BOOTSTRAP] All services ready.
[2025-08-22 11:33:34] [INFO]: [SERVER] [v1.0.0] [DEVELOPMENT]: Server is running on http://localhost:6625/
[2025-08-22 11:33:41] [INFO]: [BOOTSTRAP] Loading listeners...
[2025-08-22 11:33:41] [INFO]: [DB] Connected to the database successfully
[2025-08-22 11:33:41] [INFO]: [Listeners] Loaded 4 file(s)
[2025-08-22 11:33:41] [INFO]: [BOOTSTRAP] All services ready.
[2025-08-22 11:33:41] [INFO]: [SERVER] [v1.0.0] [DEVELOPMENT]: Server is running on http://localhost:6625/
[2025-08-22 11:33:57] [INFO]: [BOOTSTRAP] Loading listeners...
[2025-08-22 11:33:57] [INFO]: [DB] Connected to the database successfully
[2025-08-22 11:33:57] [INFO]: [Listeners] Loaded 4 file(s)
[2025-08-22 11:33:57] [INFO]: [BOOTSTRAP] All services ready.
[2025-08-22 11:33:57] [INFO]: [SERVER] [v1.0.0] [DEVELOPMENT]: Server is running on http://localhost:6625/
[2025-08-22 11:34:01] [INFO]: [BOOTSTRAP] Loading listeners...
[2025-08-22 11:34:01] [INFO]: [DB] Connected to the database successfully
[2025-08-22 11:34:01] [INFO]: [Listeners] Loaded 4 file(s)
[2025-08-22 11:34:01] [INFO]: [BOOTSTRAP] All services ready.
[2025-08-22 11:34:01] [INFO]: [SERVER] [v1.0.0] [DEVELOPMENT]: Server is running on http://localhost:6625/
[2025-08-22 11:34:20] [INFO]: [BOOTSTRAP] Loading listeners...
[2025-08-22 11:34:20] [INFO]: [DB] Connected to the database successfully
[2025-08-22 11:34:20] [INFO]: [Listeners] Loaded 4 file(s)
[2025-08-22 11:34:20] [INFO]: [BOOTSTRAP] All services ready.
[2025-08-22 11:34:20] [INFO]: [SERVER] [v1.0.0] [DEVELOPMENT]: Server is running on http://localhost:6625/
[2025-08-22 11:34:28] [INFO]: [BOOTSTRAP] Loading listeners...
[2025-08-22 11:34:28] [INFO]: [DB] Connected to the database successfully
[2025-08-22 11:34:28] [INFO]: [Listeners] Loaded 4 file(s)
[2025-08-22 11:34:28] [INFO]: [BOOTSTRAP] All services ready.
[2025-08-22 11:34:28] [INFO]: [SERVER] [v1.0.0] [DEVELOPMENT]: Server is running on http://localhost:6625/
[2025-08-22 11:34:41] [INFO]: [BOOTSTRAP] Loading listeners...
[2025-08-22 11:34:41] [INFO]: [DB] Connected to the database successfully
[2025-08-22 11:34:42] [INFO]: [Listeners] Loaded 4 file(s)
[2025-08-22 11:34:42] [INFO]: [BOOTSTRAP] All services ready.
[2025-08-22 11:34:42] [INFO]: [SERVER] [v1.0.0] [DEVELOPMENT]: Server is running on http://localhost:6625/
[2025-08-22 11:34:43] [INFO]: [BOOTSTRAP] Loading listeners...
[2025-08-22 11:34:43] [INFO]: [Listeners] Loaded 4 file(s)
[2025-08-22 11:34:43] [INFO]: [BOOTSTRAP] All services ready.
[2025-08-22 11:34:43] [INFO]: [SERVER] [v1.0.0] [DEVELOPMENT]: Server is running on http://localhost:6625/
[2025-08-22 11:34:43] [INFO]: [DB] Connected to the database successfully
[2025-08-22 11:34:49] [INFO]: [BOOTSTRAP] Loading listeners...
[2025-08-22 11:34:49] [INFO]: [DB] Connected to the database successfully
[2025-08-22 11:34:49] [INFO]: [Listeners] Loaded 4 file(s)
[2025-08-22 11:34:49] [INFO]: [BOOTSTRAP] All services ready.
[2025-08-22 11:34:49] [INFO]: [SERVER] [v1.0.0] [DEVELOPMENT]: Server is running on http://localhost:6625/
[2025-08-22 11:35:18] [INFO]: [BOOTSTRAP] Loading listeners...
[2025-08-22 11:35:18] [INFO]: [DB] Connected to the database successfully
[2025-08-22 11:35:18] [INFO]: [Listeners] Loaded 4 file(s)
[2025-08-22 11:35:18] [INFO]: [BOOTSTRAP] All services ready.
[2025-08-22 11:35:18] [INFO]: [SERVER] [v1.0.0] [DEVELOPMENT]: Server is running on http://localhost:6625/
[2025-08-22 11:35:21] [INFO]: [BOOTSTRAP] Loading listeners...
[2025-08-22 11:35:21] [INFO]: [DB] Connected to the database successfully
[2025-08-22 11:35:21] [INFO]: [Listeners] Loaded 4 file(s)
[2025-08-22 11:35:21] [INFO]: [BOOTSTRAP] All services ready.
[2025-08-22 11:35:21] [INFO]: [SERVER] [v1.0.0] [DEVELOPMENT]: Server is running on http://localhost:6625/
[2025-08-22 11:35:24] [INFO]: [BOOTSTRAP] Loading listeners...
[2025-08-22 11:35:24] [INFO]: [DB] Connected to the database successfully
[2025-08-22 11:35:24] [INFO]: [Listeners] Loaded 4 file(s)
[2025-08-22 11:35:24] [INFO]: [BOOTSTRAP] All services ready.
[2025-08-22 11:35:24] [INFO]: [SERVER] [v1.0.0] [DEVELOPMENT]: Server is running on http://localhost:6625/
[2025-08-22 11:35:26] [INFO]: [BOOTSTRAP] Loading listeners...
[2025-08-22 11:35:26] [INFO]: [DB] Connected to the database successfully
[2025-08-22 11:35:26] [INFO]: [Listeners] Loaded 4 file(s)
[2025-08-22 11:35:26] [INFO]: [BOOTSTRAP] All services ready.
[2025-08-22 11:35:26] [INFO]: [SERVER] [v1.0.0] [DEVELOPMENT]: Server is running on http://localhost:6625/
[2025-08-22 11:35:39] [INFO]: [BOOTSTRAP] Loading listeners...
[2025-08-22 11:35:39] [INFO]: [DB] Connected to the database successfully
[2025-08-22 11:35:39] [INFO]: [Listeners] Loaded 4 file(s)
[2025-08-22 11:35:39] [INFO]: [BOOTSTRAP] All services ready.
[2025-08-22 11:35:39] [INFO]: [SERVER] [v1.0.0] [DEVELOPMENT]: Server is running on http://localhost:6625/
[2025-08-22 11:36:23] [INFO]: [HINT] client left: zL-JmrYeMPzv8DZJAAAC
[2025-08-22 11:37:18] [INFO]: [HINT] client left: uinQ_dznltJBboaQAAAF
[2025-08-22 11:37:18] [INFO]: [HINT] client left: IMPpM2W9ZnG3GXkcAAAP
[2025-08-22 11:37:18] [INFO]: [HINT] client left: aqcVqauUaoGT3dBDAAAN
[2025-08-22 11:37:18] [INFO]: [HINT] client left: u_6iiZT9OzlZzAhwAAAL
[2025-08-22 11:37:18] [INFO]: [HINT] client left: 9qONSAoy4bYOBfrcAAAJ
[2025-08-22 11:37:18] [INFO]: [HINT] client left: QjIl4NREVMA_JHXfAAAH
[2025-08-22 11:40:19] [INFO]: [HINT] client left: EJifbiC8cOwCpGFVAAAS
[2025-08-22 11:40:19] [INFO]: [HINT] client left: ubksdLc6cMW9LbROAAAW
[2025-08-22 11:40:19] [INFO]: [HINT] client left: QgN74bqjj8WQrptdAAAU
[2025-08-22 11:41:18] [INFO]: [BOOTSTRAP] Loading listeners...
[2025-08-22 11:41:21] [INFO]: [BOOTSTRAP] Loading listeners...
[2025-08-22 11:41:21] [INFO]: [DB] Connected to the database successfully
[2025-08-22 11:41:21] [INFO]: [Listeners] Loaded 4 file(s)
[2025-08-22 11:41:21] [INFO]: [BOOTSTRAP] All services ready.
[2025-08-22 11:41:21] [INFO]: [SERVER] [v1.0.0] [DEVELOPMENT]: Server is running on http://localhost:6625/
[2025-08-22 11:41:25] [INFO]: [BOOTSTRAP] Loading listeners...
[2025-08-22 11:41:25] [INFO]: [DB] Connected to the database successfully
[2025-08-22 11:41:25] [INFO]: [Listeners] Loaded 4 file(s)
[2025-08-22 11:41:25] [INFO]: [BOOTSTRAP] All services ready.
[2025-08-22 11:41:25] [INFO]: [SERVER] [v1.0.0] [DEVELOPMENT]: Server is running on http://localhost:6625/
[2025-08-22 11:41:27] [INFO]: [BOOTSTRAP] Loading listeners...
[2025-08-22 11:41:27] [INFO]: [Listeners] Loaded 4 file(s)
[2025-08-22 11:41:27] [INFO]: [BOOTSTRAP] All services ready.
[2025-08-22 11:41:27] [INFO]: [SERVER] [v1.0.0] [DEVELOPMENT]: Server is running on http://localhost:6625/
[2025-08-22 11:41:27] [INFO]: [DB] Connected to the database successfully
[2025-08-22 11:41:33] [INFO]: [BOOTSTRAP] Loading listeners...
[2025-08-22 11:41:33] [INFO]: [DB] Connected to the database successfully
[2025-08-22 11:41:33] [INFO]: [Listeners] Loaded 4 file(s)
[2025-08-22 11:41:33] [INFO]: [BOOTSTRAP] All services ready.
[2025-08-22 11:41:33] [INFO]: [SERVER] [v1.0.0] [DEVELOPMENT]: Server is running on http://localhost:6625/
[2025-08-22 11:41:38] [INFO]: [BOOTSTRAP] Loading listeners...
[2025-08-22 11:41:38] [INFO]: [DB] Connected to the database successfully
[2025-08-22 11:41:38] [INFO]: [Listeners] Loaded 4 file(s)
[2025-08-22 11:41:38] [INFO]: [BOOTSTRAP] All services ready.
[2025-08-22 11:41:38] [INFO]: [SERVER] [v1.0.0] [DEVELOPMENT]: Server is running on http://localhost:6625/
[2025-08-22 11:41:46] [INFO]: [BOOTSTRAP] Loading listeners...
[2025-08-22 11:41:46] [INFO]: [Listeners] Loaded 4 file(s)
[2025-08-22 11:41:46] [INFO]: [BOOTSTRAP] All services ready.
[2025-08-22 11:41:46] [INFO]: [SERVER] [v1.0.0] [DEVELOPMENT]: Server is running on http://localhost:6625/
[2025-08-22 11:41:46] [INFO]: [DB] Connected to the database successfully
[2025-08-22 11:41:48] [INFO]: [BOOTSTRAP] Loading listeners...
[2025-08-22 11:41:48] [INFO]: [DB] Connected to the database successfully
[2025-08-22 11:41:48] [INFO]: [Listeners] Loaded 4 file(s)
[2025-08-22 11:41:48] [INFO]: [BOOTSTRAP] All services ready.
[2025-08-22 11:41:48] [INFO]: [SERVER] [v1.0.0] [DEVELOPMENT]: Server is running on http://localhost:6625/
[2025-08-22 11:41:50] [INFO]: [BOOTSTRAP] Loading listeners...
[2025-08-22 11:41:50] [INFO]: [DB] Connected to the database successfully
[2025-08-22 11:41:50] [INFO]: [Listeners] Loaded 4 file(s)
[2025-08-22 11:41:50] [INFO]: [BOOTSTRAP] All services ready.
[2025-08-22 11:41:50] [INFO]: [SERVER] [v1.0.0] [DEVELOPMENT]: Server is running on http://localhost:6625/
[2025-08-22 11:41:58] [INFO]: [BOOTSTRAP] Loading listeners...
[2025-08-22 11:41:58] [INFO]: [DB] Connected to the database successfully
[2025-08-22 11:41:58] [INFO]: [Listeners] Loaded 4 file(s)
[2025-08-22 11:41:58] [INFO]: [BOOTSTRAP] All services ready.
[2025-08-22 11:41:58] [INFO]: [SERVER] [v1.0.0] [DEVELOPMENT]: Server is running on http://localhost:6625/
[2025-08-22 11:42:00] [INFO]: [BOOTSTRAP] Loading listeners...
[2025-08-22 11:42:00] [INFO]: [DB] Connected to the database successfully
[2025-08-22 11:42:00] [INFO]: [Listeners] Loaded 4 file(s)
[2025-08-22 11:42:00] [INFO]: [BOOTSTRAP] All services ready.
[2025-08-22 11:42:00] [INFO]: [SERVER] [v1.0.0] [DEVELOPMENT]: Server is running on http://localhost:6625/
[2025-08-22 11:42:02] [INFO]: [BOOTSTRAP] Loading listeners...
[2025-08-22 11:42:02] [INFO]: [DB] Connected to the database successfully
[2025-08-22 11:42:02] [INFO]: [Listeners] Loaded 4 file(s)
[2025-08-22 11:42:02] [INFO]: [BOOTSTRAP] All services ready.
[2025-08-22 11:42:02] [INFO]: [SERVER] [v1.0.0] [DEVELOPMENT]: Server is running on http://localhost:6625/
[2025-08-22 11:42:10] [INFO]: [BOOTSTRAP] Loading listeners...
[2025-08-22 11:42:10] [INFO]: [DB] Connected to the database successfully
[2025-08-22 11:42:10] [INFO]: [Listeners] Loaded 4 file(s)
[2025-08-22 11:42:10] [INFO]: [BOOTSTRAP] All services ready.
[2025-08-22 11:42:10] [INFO]: [SERVER] [v1.0.0] [DEVELOPMENT]: Server is running on http://localhost:6625/
[2025-08-22 11:42:14] [INFO]: [BOOTSTRAP] Loading listeners...
[2025-08-22 11:42:14] [INFO]: [DB] Connected to the database successfully
[2025-08-22 11:42:14] [INFO]: [Listeners] Loaded 4 file(s)
[2025-08-22 11:42:14] [INFO]: [BOOTSTRAP] All services ready.
[2025-08-22 11:42:14] [INFO]: [SERVER] [v1.0.0] [DEVELOPMENT]: Server is running on http://localhost:6625/
[2025-08-22 11:42:15] [INFO]: [HINT] client left: erlmr50Z0AtsHIMzAAAG
[2025-08-22 11:42:15] [INFO]: [HINT] client left: ja_mzjRsKsXGTAb_AAAL
[2025-08-22 11:42:15] [INFO]: [HINT] client left: QLnOxMSkbfN97HAfAAAK
[2025-08-22 11:42:15] [INFO]: [HINT] client left: -7161qr9_1pp6FRqAAAJ
[2025-08-22 11:42:15] [INFO]: [HINT] client left: tp11m8b6zc98hWe4AAAI
[2025-08-22 11:42:15] [INFO]: [HINT] client left: BgLRqUQi3vr6HiUnAAAM
[2025-08-22 11:51:25] [INFO]: [HINT] client left: E_0HDJGr8t05d39FAAAP
[2025-08-22 11:51:25] [INFO]: [HINT] client left: yMAIhdBW5L-jLG7wAAAh
[2025-08-22 11:51:25] [INFO]: [HINT] client left: M3NcrjimyzGlPDBVAAAf
[2025-08-22 11:51:25] [INFO]: [HINT] client left: vRGzkQLVzfghgDt9AAAd
[2025-08-22 11:51:25] [INFO]: [HINT] client left: 0wpMjjAReYJkWyDbAAAb
[2025-08-22 11:51:25] [INFO]: [HINT] client left: TsoeNp6iCztkSNJyAAAZ
[2025-08-22 11:51:25] [INFO]: [HINT] client left: Gt1D0F4Q1gRqQRrhAAAX
[2025-08-22 11:51:25] [INFO]: [HINT] client left: RjyhT421JxqQ8FXbAAAV
[2025-08-22 11:51:25] [INFO]: [HINT] client left: 2tiS8EZANKAWWr9UAAAT
[2025-08-22 11:51:25] [INFO]: [HINT] client left: xgK_SNPz3NVEmLoIAAAR
[2025-08-22 11:52:56] [INFO]: [HINT] client left: bL-C7Ev8uUP67KZGAAAk
[2025-08-22 11:52:56] [INFO]: [HINT] client left: i6Cxu-GtSZJU4--XAAAm
[2025-08-22 11:52:58] [INFO]: [HINT] client left: -4gttyvNSzPHEQTCAAAp
[2025-08-22 11:56:48] [INFO]: [BOOTSTRAP] Loading listeners...
[2025-08-22 11:57:25] [INFO]: [BOOTSTRAP] Loading listeners...
[2025-08-22 11:57:25] [INFO]: [Listeners] Loaded 4 file(s)
[2025-08-22 11:57:25] [INFO]: [BOOTSTRAP] All services ready.
[2025-08-22 11:57:25] [INFO]: [SERVER] [v1.0.0] [DEVELOPMENT]: Server is running on http://localhost:6625/
[2025-08-22 11:57:25] [INFO]: [DB] Connected to the database successfully
[2025-08-22 11:57:28] [INFO]: [BOOTSTRAP] Loading listeners...
[2025-08-22 11:57:28] [INFO]: [DB] Connected to the database successfully
[2025-08-22 11:57:28] [INFO]: [Listeners] Loaded 4 file(s)
[2025-08-22 11:57:28] [INFO]: [BOOTSTRAP] All services ready.
[2025-08-22 11:57:28] [INFO]: [SERVER] [v1.0.0] [DEVELOPMENT]: Server is running on http://localhost:6625/
[2025-08-22 11:57:36] [INFO]: [BOOTSTRAP] Loading listeners...
[2025-08-22 11:57:36] [INFO]: [DB] Connected to the database successfully
[2025-08-22 11:57:36] [INFO]: [Listeners] Loaded 4 file(s)
[2025-08-22 11:57:36] [INFO]: [BOOTSTRAP] All services ready.
[2025-08-22 11:57:36] [INFO]: [SERVER] [v1.0.0] [DEVELOPMENT]: Server is running on http://localhost:6625/
[2025-08-22 11:57:39] [INFO]: [BOOTSTRAP] Loading listeners...
[2025-08-22 11:57:39] [INFO]: [DB] Connected to the database successfully
[2025-08-22 11:57:39] [INFO]: [Listeners] Loaded 4 file(s)
[2025-08-22 11:57:39] [INFO]: [BOOTSTRAP] All services ready.
[2025-08-22 11:57:39] [INFO]: [SERVER] [v1.0.0] [DEVELOPMENT]: Server is running on http://localhost:6625/
[2025-08-22 11:57:52] [INFO]: [BOOTSTRAP] Loading listeners...
[2025-08-22 11:57:52] [INFO]: [DB] Connected to the database successfully
[2025-08-22 11:57:52] [INFO]: [Listeners] Loaded 4 file(s)
[2025-08-22 11:57:52] [INFO]: [BOOTSTRAP] All services ready.
[2025-08-22 11:57:52] [INFO]: [SERVER] [v1.0.0] [DEVELOPMENT]: Server is running on http://localhost:6625/
[2025-08-22 11:57:56] [INFO]: [BOOTSTRAP] Loading listeners...
[2025-08-22 11:57:56] [INFO]: [DB] Connected to the database successfully
[2025-08-22 11:57:56] [INFO]: [Listeners] Loaded 4 file(s)
[2025-08-22 11:57:56] [INFO]: [BOOTSTRAP] All services ready.
[2025-08-22 11:57:56] [INFO]: [SERVER] [v1.0.0] [DEVELOPMENT]: Server is running on http://localhost:6625/
[2025-08-22 11:58:03] [INFO]: [BOOTSTRAP] Loading listeners...
[2025-08-22 11:58:03] [INFO]: [DB] Connected to the database successfully
[2025-08-22 11:58:03] [INFO]: [Listeners] Loaded 4 file(s)
[2025-08-22 11:58:03] [INFO]: [BOOTSTRAP] All services ready.
[2025-08-22 11:58:03] [INFO]: [SERVER] [v1.0.0] [DEVELOPMENT]: Server is running on http://localhost:6625/
[2025-08-22 11:58:10] [INFO]: [BOOTSTRAP] Loading listeners...
[2025-08-22 11:58:10] [INFO]: [DB] Connected to the database successfully
[2025-08-22 11:58:10] [INFO]: [Listeners] Loaded 4 file(s)
[2025-08-22 11:58:10] [INFO]: [BOOTSTRAP] All services ready.
[2025-08-22 11:58:10] [INFO]: [SERVER] [v1.0.0] [DEVELOPMENT]: Server is running on http://localhost:6625/
[2025-08-22 11:58:19] [INFO]: [HINT] client left: TJZuSNqwlUrBrY55AAAI
[2025-08-22 11:58:19] [INFO]: [HINT] client left: KV8j9HgucG915AdTAAAH
[2025-08-22 11:58:19] [INFO]: [HINT] client left: tRgkbGesX6mrw_b7AAAW
[2025-08-22 11:58:19] [INFO]: [HINT] client left: sDR0owrJLRwG9EmvAAAV
[2025-08-22 11:58:19] [INFO]: [HINT] client left: ic3w97CsjDLV39DRAAAU
[2025-08-22 11:58:19] [INFO]: [HINT] client left: GRjzRCjaonOGi8qmAAAT
[2025-08-22 11:58:19] [INFO]: [HINT] client left: 0nGEDJ4QnCN-RWlBAAAN
[2025-08-22 11:58:19] [INFO]: [HINT] client left: ALHWSO-actWX50IcAAAO
[2025-08-22 11:58:19] [INFO]: [HINT] client left: mOwnkIpNHU7d8DZWAAAL
[2025-08-22 11:58:19] [INFO]: [HINT] client left: PFrw10TYNEcl0T_EAAAK
[2025-08-22 11:58:19] [INFO]: [HINT] client left: yngrnAy0IwVOj0HkAAAJ
[2025-08-22 12:07:43] [INFO]: [BOOTSTRAP] Loading listeners...
[2025-08-22 12:07:43] [INFO]: [DB] Connected to the database successfully
[2025-08-22 12:07:43] [INFO]: [Listeners] Loaded 4 file(s)
[2025-08-22 12:07:43] [INFO]: [BOOTSTRAP] All services ready.
[2025-08-22 12:07:43] [INFO]: [SERVER] [v1.0.0] [DEVELOPMENT]: Server is running on http://localhost:6625/
[2025-08-22 12:19:23] [INFO]: [HINT] client left: qNhm-jVFLUp6GgRRAAAC
[2025-08-22 14:17:40] [INFO]: [BOOTSTRAP] Loading listeners...
[2025-08-22 14:17:40] [INFO]: [DB] Connected to the database successfully
[2025-08-22 14:17:40] [INFO]: [Listeners] Loaded 4 file(s)
[2025-08-22 14:17:40] [INFO]: [BOOTSTRAP] All services ready.
[2025-08-22 14:17:40] [INFO]: [SERVER] [v1.0.0] [DEVELOPMENT]: Server is running on http://localhost:6625/
[2025-08-22 14:17:48] [INFO]: [BOOTSTRAP] Loading listeners...
[2025-08-22 14:17:48] [INFO]: [DB] Connected to the database successfully
[2025-08-22 14:17:48] [INFO]: [Listeners] Loaded 4 file(s)
[2025-08-22 14:17:48] [INFO]: [BOOTSTRAP] All services ready.
[2025-08-22 14:17:48] [INFO]: [SERVER] [v1.0.0] [DEVELOPMENT]: Server is running on http://localhost:6625/
[2025-08-22 14:17:52] [INFO]: [BOOTSTRAP] Loading listeners...
[2025-08-22 14:17:52] [INFO]: [DB] Connected to the database successfully
[2025-08-22 14:17:52] [INFO]: [Listeners] Loaded 4 file(s)
[2025-08-22 14:17:52] [INFO]: [BOOTSTRAP] All services ready.
[2025-08-22 14:17:52] [INFO]: [SERVER] [v1.0.0] [DEVELOPMENT]: Server is running on http://localhost:6625/
[2025-08-22 14:17:58] [INFO]: [HINT] client left: FrxIMzzvqLxZAv2FAAAC
[2025-08-22 14:19:59] [INFO]: [BOOTSTRAP] Loading listeners...
[2025-08-22 14:19:59] [INFO]: [Listeners] Loaded 4 file(s)
[2025-08-22 14:19:59] [INFO]: [BOOTSTRAP] All services ready.
[2025-08-22 14:19:59] [INFO]: [SERVER] [v1.0.0] [DEVELOPMENT]: Server is running on http://localhost:6625/
[2025-08-22 14:19:59] [INFO]: [DB] Connected to the database successfully
[2025-08-22 14:32:44] [INFO]: [HINT] client left: 4op6fxeIs_H6RciMAAAC
[2025-08-22 14:35:17] [INFO]: [BOOTSTRAP] Loading listeners...
[2025-08-22 14:35:17] [INFO]: [DB] Connected to the database successfully
[2025-08-22 14:35:17] [INFO]: [Listeners] Loaded 4 file(s)
[2025-08-22 14:35:17] [INFO]: [BOOTSTRAP] All services ready.
[2025-08-22 14:35:17] [INFO]: [SERVER] [v1.0.0] [DEVELOPMENT]: Server is running on http://localhost:6625/
[2025-08-22 14:35:20] [INFO]: [BOOTSTRAP] Loading listeners...
[2025-08-22 14:35:20] [INFO]: [DB] Connected to the database successfully
[2025-08-22 14:35:20] [INFO]: [Listeners] Loaded 4 file(s)
[2025-08-22 14:35:20] [INFO]: [BOOTSTRAP] All services ready.
[2025-08-22 14:35:20] [INFO]: [SERVER] [v1.0.0] [DEVELOPMENT]: Server is running on http://localhost:6625/
[2025-08-22 14:35:27] [INFO]: [BOOTSTRAP] Loading listeners...
[2025-08-22 14:35:27] [INFO]: [DB] Connected to the database successfully
[2025-08-22 14:35:27] [INFO]: [Listeners] Loaded 4 file(s)
[2025-08-22 14:35:27] [INFO]: [BOOTSTRAP] All services ready.
[2025-08-22 14:35:27] [INFO]: [SERVER] [v1.0.0] [DEVELOPMENT]: Server is running on http://localhost:6625/
[2025-08-22 14:35:55] [INFO]: [BOOTSTRAP] Loading listeners...
[2025-08-22 14:35:55] [INFO]: [DB] Connected to the database successfully
[2025-08-22 14:35:55] [INFO]: [Listeners] Loaded 4 file(s)
[2025-08-22 14:35:55] [INFO]: [BOOTSTRAP] All services ready.
[2025-08-22 14:35:55] [INFO]: [SERVER] [v1.0.0] [DEVELOPMENT]: Server is running on http://localhost:6625/
[2025-08-22 14:36:07] [INFO]: [BOOTSTRAP] Loading listeners...
[2025-08-22 14:36:07] [INFO]: [DB] Connected to the database successfully
[2025-08-22 14:36:07] [INFO]: [Listeners] Loaded 4 file(s)
[2025-08-22 14:36:07] [INFO]: [BOOTSTRAP] All services ready.
[2025-08-22 14:36:07] [INFO]: [SERVER] [v1.0.0] [DEVELOPMENT]: Server is running on http://localhost:6625/
[2025-08-22 14:36:58] [INFO]: [BOOTSTRAP] Loading listeners...
[2025-08-22 14:36:59] [INFO]: [Listeners] Loaded 4 file(s)
[2025-08-22 14:36:59] [INFO]: [BOOTSTRAP] All services ready.
[2025-08-22 14:36:59] [INFO]: [SERVER] [v1.0.0] [DEVELOPMENT]: Server is running on http://localhost:6625/
[2025-08-22 14:36:59] [INFO]: [DB] Connected to the database successfully
[2025-08-22 14:37:01] [INFO]: [BOOTSTRAP] Loading listeners...
[2025-08-22 14:37:01] [INFO]: [DB] Connected to the database successfully
[2025-08-22 14:37:01] [INFO]: [Listeners] Loaded 4 file(s)
[2025-08-22 14:37:01] [INFO]: [BOOTSTRAP] All services ready.
[2025-08-22 14:37:01] [INFO]: [SERVER] [v1.0.0] [DEVELOPMENT]: Server is running on http://localhost:6625/
[2025-08-22 14:37:27] [INFO]: [BOOTSTRAP] Loading listeners...
[2025-08-22 14:37:27] [INFO]: [DB] Connected to the database successfully
[2025-08-22 14:37:27] [INFO]: [Listeners] Loaded 4 file(s)
[2025-08-22 14:37:27] [INFO]: [BOOTSTRAP] All services ready.
[2025-08-22 14:37:27] [INFO]: [SERVER] [v1.0.0] [DEVELOPMENT]: Server is running on http://localhost:6625/
[2025-08-22 14:37:32] [INFO]: [BOOTSTRAP] Loading listeners...
[2025-08-22 14:37:32] [INFO]: [Listeners] Loaded 4 file(s)
[2025-08-22 14:37:32] [INFO]: [BOOTSTRAP] All services ready.
[2025-08-22 14:37:32] [INFO]: [SERVER] [v1.0.0] [DEVELOPMENT]: Server is running on http://localhost:6625/
[2025-08-22 14:37:32] [INFO]: [DB] Connected to the database successfully
[2025-08-22 14:37:46] [INFO]: [BOOTSTRAP] Loading listeners...
[2025-08-22 14:37:46] [INFO]: [Listeners] Loaded 4 file(s)
[2025-08-22 14:37:46] [INFO]: [BOOTSTRAP] All services ready.
[2025-08-22 14:37:46] [INFO]: [SERVER] [v1.0.0] [DEVELOPMENT]: Server is running on http://localhost:6625/
[2025-08-22 14:37:46] [INFO]: [DB] Connected to the database successfully
[2025-08-22 14:38:00] [INFO]: [BOOTSTRAP] Loading listeners...
[2025-08-22 14:38:00] [INFO]: [DB] Connected to the database successfully
[2025-08-22 14:38:00] [INFO]: [Listeners] Loaded 4 file(s)
[2025-08-22 14:38:00] [INFO]: [BOOTSTRAP] All services ready.
[2025-08-22 14:38:00] [INFO]: [SERVER] [v1.0.0] [DEVELOPMENT]: Server is running on http://localhost:6625/
[2025-08-22 14:39:33] [INFO]: [HINT] client left: NdgvGCYbO6B82MRoAAAC
[2025-08-22 14:39:33] [INFO]: [HINT] client left: GEieTLQj8VcXP07hAAAK
[2025-08-22 14:39:33] [INFO]: [HINT] client left: hLVTw2nf__baJ_uxAAAI
[2025-08-22 14:39:33] [INFO]: [HINT] client left: GjHZGs3tqiN_KR7SAAAG
[2025-08-22 14:39:33] [INFO]: [HINT] client left: oWxOdrjVDm_MvpwMAAAE
[2025-08-22 14:49:38] [INFO]: [HINT] client left: zJ3_-PmcRvJ_YIAvAAAN
[2025-08-22 14:49:38] [INFO]: [HINT] client left: chFJO1D63tg5J6h2AAAT
[2025-08-22 14:49:38] [INFO]: [HINT] client left: 0MNCIe5A3N3SV9n2AAAR
[2025-08-22 14:49:38] [INFO]: [HINT] client left: r7fQPpyt5g-aV0jQAAAP
[2025-08-22 14:57:22] [INFO]: [HINT] client left: ONDj8pAa0OJQzKikAAAW
[2025-08-22 14:57:22] [INFO]: [HINT] client left: izBP3REh_G5w1fR3AAAc
[2025-08-22 14:57:22] [INFO]: [HINT] client left: 60bx8iSZqwDdEZxGAAAa
[2025-08-22 14:57:22] [INFO]: [HINT] client left: jTF5lsMev9WLzQUQAAAY
[2025-08-22 14:57:33] [INFO]: [HINT] client left: gTI2Lof2S7_RtCCXAAAf
[2025-08-22 14:59:46] [INFO]: [BOOTSTRAP] Loading listeners...
[2025-08-22 14:59:46] [INFO]: [DB] Connected to the database successfully
[2025-08-22 14:59:46] [INFO]: [Listeners] Loaded 4 file(s)
[2025-08-22 14:59:46] [INFO]: [BOOTSTRAP] All services ready.
[2025-08-22 14:59:46] [INFO]: [SERVER] [v1.0.0] [DEVELOPMENT]: Server is running on http://localhost:6625/
[2025-08-22 14:59:52] [INFO]: [BOOTSTRAP] Loading listeners...
[2025-08-22 14:59:52] [INFO]: [DB] Connected to the database successfully
[2025-08-22 14:59:52] [INFO]: [Listeners] Loaded 4 file(s)
[2025-08-22 14:59:52] [INFO]: [BOOTSTRAP] All services ready.
[2025-08-22 14:59:52] [INFO]: [SERVER] [v1.0.0] [DEVELOPMENT]: Server is running on http://localhost:6625/
[2025-08-22 14:59:56] [INFO]: [BOOTSTRAP] Loading listeners...
[2025-08-22 14:59:57] [INFO]: [DB] Connected to the database successfully
[2025-08-22 14:59:57] [INFO]: [Listeners] Loaded 4 file(s)
[2025-08-22 14:59:57] [INFO]: [BOOTSTRAP] All services ready.
[2025-08-22 14:59:57] [INFO]: [SERVER] [v1.0.0] [DEVELOPMENT]: Server is running on http://localhost:6625/
[2025-08-22 15:01:29] [INFO]: [BOOTSTRAP] Loading listeners...
[2025-08-22 15:01:29] [INFO]: [DB] Connected to the database successfully
[2025-08-22 15:01:29] [INFO]: [Listeners] Loaded 4 file(s)
[2025-08-22 15:01:29] [INFO]: [BOOTSTRAP] All services ready.
[2025-08-22 15:01:29] [INFO]: [SERVER] [v1.0.0] [DEVELOPMENT]: Server is running on http://localhost:6625/
[2025-08-22 15:01:30] [INFO]: [BOOTSTRAP] Loading listeners...
[2025-08-22 15:01:30] [INFO]: [DB] Connected to the database successfully
[2025-08-22 15:01:30] [INFO]: [Listeners] Loaded 4 file(s)
[2025-08-22 15:01:30] [INFO]: [BOOTSTRAP] All services ready.
[2025-08-22 15:01:30] [INFO]: [SERVER] [v1.0.0] [DEVELOPMENT]: Server is running on http://localhost:6625/
[2025-08-22 15:15:59] [INFO]: [HINT] client left: XvYKpb2WpQvpcA3pAAAC
[2025-08-22 15:15:59] [INFO]: [HINT] client left: coD3kr6iBl8Lu61YAAAI
[2025-08-22 15:15:59] [INFO]: [HINT] client left: -sxi3t6WjB7Ax5sXAAAG
[2025-08-22 15:15:59] [INFO]: [HINT] client left: Uy-HomkeFSvKeroqAAAE
[2025-08-22 15:36:10] [INFO]: [HINT] client left: AWmu-ulPn4srvCwUAAAL
[2025-08-22 16:02:25] [INFO]: [HINT] client left: CVY-HNZU-90fRHtsAAAO
[2025-08-22 16:02:29] [INFO]: [BOOTSTRAP] Loading listeners...
[2025-08-22 16:02:29] [INFO]: [DB] Connected to the database successfully
[2025-08-22 16:02:29] [INFO]: [Listeners] Loaded 4 file(s)
[2025-08-22 16:02:29] [INFO]: [BOOTSTRAP] All services ready.
[2025-08-22 16:02:29] [INFO]: [SERVER] [v1.0.0] [DEVELOPMENT]: Server is running on http://localhost:6625/
[2025-08-22 16:59:10] [INFO]: [BOOTSTRAP] Loading listeners...
[2025-08-22 16:59:10] [INFO]: [Listeners] Loaded 4 file(s)
[2025-08-22 16:59:10] [INFO]: [BOOTSTRAP] All services ready.
[2025-08-22 16:59:10] [INFO]: [SERVER] [v1.0.0] [DEVELOPMENT]: Server is running on http://localhost:6625/
[2025-08-22 16:59:10] [INFO]: [DB] Connected to the database successfully
[2025-08-22 17:11:14] [INFO]: [HINT] client left: NmS-uCAuovQD5W4hAAAC
