[2025-08-15 20:38:36] [INFO]: [BOOTSTRAP] Loading listeners...
[2025-08-15 20:38:36] [INFO]: [Listeners] Loaded 3 file(s)
[2025-08-15 20:38:36] [INFO]: [BOOTSTRAP] All services ready.
[2025-08-15 20:38:36] [INFO]: [SERVER] [v1.0.0] [DEVELOPMENT]: Server is running on http://localhost:6625/
[2025-08-15 20:38:36] [INFO]: [DB] Connected to the database successfully
[2025-08-15 20:38:48] [INFO]: [BOOTSTRAP] Loading listeners...
[2025-08-15 20:38:48] [INFO]: [Listeners] Loaded 3 file(s)
[2025-08-15 20:38:48] [INFO]: [BOOTSTRAP] All services ready.
[2025-08-15 20:38:48] [INFO]: [SERVER] [v1.0.0] [DEVELOPMENT]: Server is running on http://localhost:6625/
[2025-08-15 20:38:48] [INFO]: [DB] Connected to the database successfully
[2025-08-15 20:42:16] [INFO]: [BOOTSTRAP] Loading listeners...
[2025-08-15 20:42:16] [INFO]: [Listeners] Loaded 3 file(s)
[2025-08-15 20:42:16] [INFO]: [BOOTSTRAP] All services ready.
[2025-08-15 20:42:16] [INFO]: [SERVER] [v1.0.0] [DEVELOPMENT]: Server is running on http://localhost:6625/
[2025-08-15 20:42:16] [INFO]: [DB] Connected to the database successfully
[2025-08-15 20:43:09] [INFO]: [BOOTSTRAP] Loading listeners...
[2025-08-15 20:43:09] [INFO]: [Listeners] Loaded 3 file(s)
[2025-08-15 20:43:09] [INFO]: [BOOTSTRAP] All services ready.
[2025-08-15 20:43:09] [INFO]: [SERVER] [v1.0.0] [DEVELOPMENT]: Server is running on http://localhost:6625/
[2025-08-15 20:43:09] [INFO]: [DB] Connected to the database successfully
[2025-08-15 20:43:27] [WARN]: [SHUTDOWN] Received SIGINT, closing services...
[2025-08-15 21:19:37] [INFO]: [BOOTSTRAP] Loading listeners...
[2025-08-15 21:19:37] [INFO]: [Listeners] Loaded 3 file(s)
[2025-08-15 21:19:37] [INFO]: [BOOTSTRAP] All services ready.
[2025-08-15 21:19:37] [INFO]: [SERVER] [v1.0.0] [DEVELOPMENT]: Server is running on http://localhost:6625/
[2025-08-15 21:19:37] [INFO]: [DB] Connected to the database successfully
[2025-08-15 21:23:11] [INFO]: [BOOTSTRAP] Loading listeners...
[2025-08-15 21:23:11] [INFO]: [Listeners] Loaded 3 file(s)
[2025-08-15 21:23:11] [INFO]: [BOOTSTRAP] All services ready.
[2025-08-15 21:23:11] [INFO]: [SERVER] [v1.0.0] [DEVELOPMENT]: Server is running on http://localhost:6625/
[2025-08-15 21:23:11] [INFO]: [DB] Connected to the database successfully
[2025-08-15 21:23:27] [INFO]: [BOOTSTRAP] Loading listeners...
[2025-08-15 21:23:27] [INFO]: [Listeners] Loaded 3 file(s)
[2025-08-15 21:23:27] [INFO]: [BOOTSTRAP] All services ready.
[2025-08-15 21:23:27] [INFO]: [SERVER] [v1.0.0] [DEVELOPMENT]: Server is running on http://localhost:6625/
[2025-08-15 21:23:27] [INFO]: [DB] Connected to the database successfully
[2025-08-15 21:23:33] [INFO]: [BOOTSTRAP] Loading listeners...
[2025-08-15 21:23:33] [INFO]: [Listeners] Loaded 3 file(s)
[2025-08-15 21:23:33] [INFO]: [BOOTSTRAP] All services ready.
[2025-08-15 21:23:33] [INFO]: [SERVER] [v1.0.0] [DEVELOPMENT]: Server is running on http://localhost:6625/
[2025-08-15 21:23:33] [INFO]: [DB] Connected to the database successfully
[2025-08-15 21:23:38] [INFO]: [BOOTSTRAP] Loading listeners...
[2025-08-15 21:23:38] [INFO]: [Listeners] Loaded 3 file(s)
[2025-08-15 21:23:38] [INFO]: [BOOTSTRAP] All services ready.
[2025-08-15 21:23:38] [INFO]: [SERVER] [v1.0.0] [DEVELOPMENT]: Server is running on http://localhost:6625/
[2025-08-15 21:23:38] [INFO]: [DB] Connected to the database successfully
[2025-08-15 21:25:01] [INFO]: [BOOTSTRAP] Loading listeners...
[2025-08-15 21:25:01] [INFO]: [Listeners] Loaded 3 file(s)
[2025-08-15 21:25:01] [INFO]: [BOOTSTRAP] All services ready.
[2025-08-15 21:25:01] [INFO]: [SERVER] [v1.0.0] [DEVELOPMENT]: Server is running on http://localhost:6625/
[2025-08-15 21:25:01] [INFO]: [DB] Connected to the database successfully
[2025-08-15 21:26:07] [INFO]: [BOOTSTRAP] Loading listeners...
[2025-08-15 21:26:07] [INFO]: [Listeners] Loaded 3 file(s)
[2025-08-15 21:26:07] [INFO]: [BOOTSTRAP] All services ready.
[2025-08-15 21:26:07] [INFO]: [SERVER] [v1.0.0] [DEVELOPMENT]: Server is running on http://localhost:6625/
[2025-08-15 21:26:07] [INFO]: [DB] Connected to the database successfully
[2025-08-15 21:26:15] [INFO]: [BOOTSTRAP] Loading listeners...
[2025-08-15 21:26:15] [INFO]: [Listeners] Loaded 3 file(s)
[2025-08-15 21:26:15] [INFO]: [BOOTSTRAP] All services ready.
[2025-08-15 21:26:15] [INFO]: [SERVER] [v1.0.0] [DEVELOPMENT]: Server is running on http://localhost:6625/
[2025-08-15 21:26:15] [INFO]: [DB] Connected to the database successfully
[2025-08-15 21:26:26] [INFO]: [BOOTSTRAP] Loading listeners...
[2025-08-15 21:26:26] [INFO]: [Listeners] Loaded 3 file(s)
[2025-08-15 21:26:26] [INFO]: [BOOTSTRAP] All services ready.
[2025-08-15 21:26:26] [INFO]: [SERVER] [v1.0.0] [DEVELOPMENT]: Server is running on http://localhost:6625/
[2025-08-15 21:26:26] [INFO]: [DB] Connected to the database successfully
[2025-08-15 21:26:44] [INFO]: [BOOTSTRAP] Loading listeners...
[2025-08-15 21:26:44] [INFO]: [Listeners] Loaded 3 file(s)
[2025-08-15 21:26:44] [INFO]: [BOOTSTRAP] All services ready.
[2025-08-15 21:26:44] [INFO]: [SERVER] [v1.0.0] [DEVELOPMENT]: Server is running on http://localhost:6625/
[2025-08-15 21:26:44] [INFO]: [DB] Connected to the database successfully
[2025-08-15 21:26:52] [INFO]: [BOOTSTRAP] Loading listeners...
[2025-08-15 21:26:52] [INFO]: [Listeners] Loaded 3 file(s)
[2025-08-15 21:26:52] [INFO]: [BOOTSTRAP] All services ready.
[2025-08-15 21:26:52] [INFO]: [SERVER] [v1.0.0] [DEVELOPMENT]: Server is running on http://localhost:6625/
[2025-08-15 21:26:52] [INFO]: [DB] Connected to the database successfully
[2025-08-15 21:28:36] [INFO]: [BOOTSTRAP] Loading listeners...
[2025-08-15 21:28:36] [INFO]: [Listeners] Loaded 3 file(s)
[2025-08-15 21:28:36] [INFO]: [BOOTSTRAP] All services ready.
[2025-08-15 21:28:36] [INFO]: [SERVER] [v1.0.0] [DEVELOPMENT]: Server is running on http://localhost:6625/
[2025-08-15 21:28:36] [INFO]: [DB] Connected to the database successfully
[2025-08-15 21:28:37] [INFO]: [BOOTSTRAP] Loading listeners...
[2025-08-15 21:28:37] [INFO]: [Listeners] Loaded 3 file(s)
[2025-08-15 21:28:37] [INFO]: [BOOTSTRAP] All services ready.
[2025-08-15 21:28:37] [INFO]: [SERVER] [v1.0.0] [DEVELOPMENT]: Server is running on http://localhost:6625/
[2025-08-15 21:28:37] [INFO]: [DB] Connected to the database successfully
[2025-08-15 21:28:42] [INFO]: [BOOTSTRAP] Loading listeners...
[2025-08-15 21:28:42] [INFO]: [Listeners] Loaded 3 file(s)
[2025-08-15 21:28:42] [INFO]: [BOOTSTRAP] All services ready.
[2025-08-15 21:28:42] [INFO]: [SERVER] [v1.0.0] [DEVELOPMENT]: Server is running on http://localhost:6625/
[2025-08-15 21:28:42] [INFO]: [DB] Connected to the database successfully
[2025-08-15 21:29:59] [INFO]: [BOOTSTRAP] Loading listeners...
[2025-08-15 21:29:59] [INFO]: [Listeners] Loaded 3 file(s)
[2025-08-15 21:29:59] [INFO]: [BOOTSTRAP] All services ready.
[2025-08-15 21:29:59] [INFO]: [SERVER] [v1.0.0] [DEVELOPMENT]: Server is running on http://localhost:6625/
[2025-08-15 21:29:59] [INFO]: [DB] Connected to the database successfully
[2025-08-15 21:30:05] [INFO]: [BOOTSTRAP] Loading listeners...
[2025-08-15 21:30:05] [INFO]: [Listeners] Loaded 3 file(s)
[2025-08-15 21:30:05] [INFO]: [BOOTSTRAP] All services ready.
[2025-08-15 21:30:05] [INFO]: [SERVER] [v1.0.0] [DEVELOPMENT]: Server is running on http://localhost:6625/
[2025-08-15 21:30:05] [INFO]: [DB] Connected to the database successfully
[2025-08-15 21:30:06] [INFO]: [BOOTSTRAP] Loading listeners...
[2025-08-15 21:30:06] [INFO]: [Listeners] Loaded 3 file(s)
[2025-08-15 21:30:06] [INFO]: [BOOTSTRAP] All services ready.
[2025-08-15 21:30:06] [INFO]: [SERVER] [v1.0.0] [DEVELOPMENT]: Server is running on http://localhost:6625/
[2025-08-15 21:30:06] [INFO]: [DB] Connected to the database successfully
[2025-08-15 21:30:17] [INFO]: [BOOTSTRAP] Loading listeners...
[2025-08-15 21:30:17] [INFO]: [Listeners] Loaded 3 file(s)
[2025-08-15 21:30:17] [INFO]: [BOOTSTRAP] All services ready.
[2025-08-15 21:30:17] [INFO]: [SERVER] [v1.0.0] [DEVELOPMENT]: Server is running on http://localhost:6625/
[2025-08-15 21:30:17] [INFO]: [DB] Connected to the database successfully
[2025-08-15 21:30:18] [INFO]: [BOOTSTRAP] Loading listeners...
[2025-08-15 21:30:18] [INFO]: [Listeners] Loaded 3 file(s)
[2025-08-15 21:30:18] [INFO]: [BOOTSTRAP] All services ready.
[2025-08-15 21:30:18] [INFO]: [SERVER] [v1.0.0] [DEVELOPMENT]: Server is running on http://localhost:6625/
[2025-08-15 21:30:18] [INFO]: [DB] Connected to the database successfully
[2025-08-15 21:30:31] [INFO]: [BOOTSTRAP] Loading listeners...
[2025-08-15 21:30:31] [INFO]: [Listeners] Loaded 3 file(s)
[2025-08-15 21:30:31] [INFO]: [BOOTSTRAP] All services ready.
[2025-08-15 21:30:31] [INFO]: [SERVER] [v1.0.0] [DEVELOPMENT]: Server is running on http://localhost:6625/
[2025-08-15 21:30:31] [INFO]: [DB] Connected to the database successfully
[2025-08-15 21:30:35] [INFO]: [BOOTSTRAP] Loading listeners...
[2025-08-15 21:30:35] [INFO]: [Listeners] Loaded 3 file(s)
[2025-08-15 21:30:35] [INFO]: [BOOTSTRAP] All services ready.
[2025-08-15 21:30:35] [INFO]: [SERVER] [v1.0.0] [DEVELOPMENT]: Server is running on http://localhost:6625/
[2025-08-15 21:30:35] [INFO]: [DB] Connected to the database successfully
[2025-08-15 21:30:43] [INFO]: [BOOTSTRAP] Loading listeners...
[2025-08-15 21:30:43] [INFO]: [Listeners] Loaded 3 file(s)
[2025-08-15 21:30:43] [INFO]: [BOOTSTRAP] All services ready.
[2025-08-15 21:30:43] [INFO]: [SERVER] [v1.0.0] [DEVELOPMENT]: Server is running on http://localhost:6625/
[2025-08-15 21:30:43] [INFO]: [DB] Connected to the database successfully
[2025-08-15 21:30:50] [INFO]: [BOOTSTRAP] Loading listeners...
[2025-08-15 21:30:50] [INFO]: [Listeners] Loaded 3 file(s)
[2025-08-15 21:30:50] [INFO]: [BOOTSTRAP] All services ready.
[2025-08-15 21:30:50] [INFO]: [SERVER] [v1.0.0] [DEVELOPMENT]: Server is running on http://localhost:6625/
[2025-08-15 21:30:50] [INFO]: [DB] Connected to the database successfully
[2025-08-15 21:30:56] [INFO]: [BOOTSTRAP] Loading listeners...
[2025-08-15 21:30:56] [INFO]: [Listeners] Loaded 3 file(s)
[2025-08-15 21:30:56] [INFO]: [BOOTSTRAP] All services ready.
[2025-08-15 21:30:56] [INFO]: [SERVER] [v1.0.0] [DEVELOPMENT]: Server is running on http://localhost:6625/
[2025-08-15 21:30:56] [INFO]: [DB] Connected to the database successfully
[2025-08-15 21:31:12] [INFO]: [BOOTSTRAP] Loading listeners...
[2025-08-15 21:31:12] [INFO]: [Listeners] Loaded 3 file(s)
[2025-08-15 21:31:12] [INFO]: [BOOTSTRAP] All services ready.
[2025-08-15 21:31:12] [INFO]: [SERVER] [v1.0.0] [DEVELOPMENT]: Server is running on http://localhost:6625/
[2025-08-15 21:31:12] [INFO]: [DB] Connected to the database successfully
[2025-08-15 21:31:52] [INFO]: [BOOTSTRAP] Loading listeners...
[2025-08-15 21:31:52] [INFO]: [Listeners] Loaded 3 file(s)
[2025-08-15 21:31:52] [INFO]: [BOOTSTRAP] All services ready.
[2025-08-15 21:31:52] [INFO]: [SERVER] [v1.0.0] [DEVELOPMENT]: Server is running on http://localhost:6625/
[2025-08-15 21:31:52] [INFO]: [DB] Connected to the database successfully
[2025-08-15 21:32:04] [INFO]: [BOOTSTRAP] Loading listeners...
[2025-08-15 21:32:04] [INFO]: [Listeners] Loaded 3 file(s)
[2025-08-15 21:32:04] [INFO]: [BOOTSTRAP] All services ready.
[2025-08-15 21:32:04] [INFO]: [SERVER] [v1.0.0] [DEVELOPMENT]: Server is running on http://localhost:6625/
[2025-08-15 21:32:04] [INFO]: [DB] Connected to the database successfully
[2025-08-15 21:32:14] [INFO]: [BOOTSTRAP] Loading listeners...
[2025-08-15 21:32:14] [INFO]: [Listeners] Loaded 3 file(s)
[2025-08-15 21:32:14] [INFO]: [BOOTSTRAP] All services ready.
[2025-08-15 21:32:14] [INFO]: [SERVER] [v1.0.0] [DEVELOPMENT]: Server is running on http://localhost:6625/
[2025-08-15 21:32:14] [INFO]: [DB] Connected to the database successfully
[2025-08-15 21:32:18] [INFO]: [BOOTSTRAP] Loading listeners...
[2025-08-15 21:32:18] [INFO]: [Listeners] Loaded 3 file(s)
[2025-08-15 21:32:18] [INFO]: [BOOTSTRAP] All services ready.
[2025-08-15 21:32:18] [INFO]: [SERVER] [v1.0.0] [DEVELOPMENT]: Server is running on http://localhost:6625/
[2025-08-15 21:32:18] [INFO]: [DB] Connected to the database successfully
[2025-08-15 21:32:48] [INFO]: [BOOTSTRAP] Loading listeners...
[2025-08-15 21:32:48] [INFO]: [Listeners] Loaded 3 file(s)
[2025-08-15 21:32:48] [INFO]: [BOOTSTRAP] All services ready.
[2025-08-15 21:32:48] [INFO]: [SERVER] [v1.0.0] [DEVELOPMENT]: Server is running on http://localhost:6625/
[2025-08-15 21:32:48] [INFO]: [DB] Connected to the database successfully
[2025-08-15 21:34:31] [INFO]: [BOOTSTRAP] Loading listeners...
[2025-08-15 21:34:31] [INFO]: [Listeners] Loaded 3 file(s)
[2025-08-15 21:34:31] [INFO]: [BOOTSTRAP] All services ready.
[2025-08-15 21:34:31] [INFO]: [SERVER] [v1.0.0] [DEVELOPMENT]: Server is running on http://localhost:6625/
[2025-08-15 21:34:31] [INFO]: [DB] Connected to the database successfully
[2025-08-15 21:35:13] [INFO]: [BOOTSTRAP] Loading listeners...
[2025-08-15 21:35:13] [INFO]: [Listeners] Loaded 3 file(s)
[2025-08-15 21:35:13] [INFO]: [BOOTSTRAP] All services ready.
[2025-08-15 21:35:13] [INFO]: [SERVER] [v1.0.0] [DEVELOPMENT]: Server is running on http://localhost:6625/
[2025-08-15 21:35:13] [INFO]: [DB] Connected to the database successfully
[2025-08-15 21:35:17] [INFO]: [BOOTSTRAP] Loading listeners...
[2025-08-15 21:35:17] [INFO]: [Listeners] Loaded 3 file(s)
[2025-08-15 21:35:17] [INFO]: [BOOTSTRAP] All services ready.
[2025-08-15 21:35:17] [INFO]: [SERVER] [v1.0.0] [DEVELOPMENT]: Server is running on http://localhost:6625/
[2025-08-15 21:35:17] [INFO]: [DB] Connected to the database successfully
[2025-08-15 21:35:33] [INFO]: [BOOTSTRAP] Loading listeners...
[2025-08-15 21:35:33] [INFO]: [Listeners] Loaded 3 file(s)
[2025-08-15 21:35:33] [INFO]: [BOOTSTRAP] All services ready.
[2025-08-15 21:35:33] [INFO]: [SERVER] [v1.0.0] [DEVELOPMENT]: Server is running on http://localhost:6625/
[2025-08-15 21:35:33] [INFO]: [DB] Connected to the database successfully
[2025-08-15 21:35:34] [INFO]: [BOOTSTRAP] Loading listeners...
[2025-08-15 21:35:34] [INFO]: [Listeners] Loaded 3 file(s)
[2025-08-15 21:35:34] [INFO]: [BOOTSTRAP] All services ready.
[2025-08-15 21:35:34] [INFO]: [SERVER] [v1.0.0] [DEVELOPMENT]: Server is running on http://localhost:6625/
[2025-08-15 21:35:34] [INFO]: [DB] Connected to the database successfully
[2025-08-15 21:35:41] [INFO]: [BOOTSTRAP] Loading listeners...
[2025-08-15 21:35:41] [INFO]: [Listeners] Loaded 3 file(s)
[2025-08-15 21:35:41] [INFO]: [BOOTSTRAP] All services ready.
[2025-08-15 21:35:41] [INFO]: [SERVER] [v1.0.0] [DEVELOPMENT]: Server is running on http://localhost:6625/
[2025-08-15 21:35:41] [INFO]: [DB] Connected to the database successfully
