[2025-09-02 21:23:12] [INFO]: [DB] Connected to the database successfully
[2025-09-02 21:23:12] [INFO]: [BOOTSTRAP] Loading listeners...
[2025-09-02 21:23:12] [INFO]: [Listeners] Loaded 4 file(s)
[2025-09-02 21:23:12] [INFO]: [BOOTSTRAP] All services ready.
[2025-09-02 21:23:12] [INFO]: [SERVER] [v1.0.0] [DEVELOPMENT]: Server is running on http://localhost:9703/
[2025-09-02 21:23:23] [INFO]: [HINT] client left: kW0ankYvBB8objyKAAAC
[2025-09-02 21:29:46] [INFO]: [HINT] client left: aGRZWLm7Gg0ZaMebAAAF
[2025-09-02 21:30:06] [INFO]: [HINT] client left: C9-pWViwX9bB4pfVAAAI
[2025-09-02 21:31:04] [INFO]: [HINT] client left: huEJknBba5iUAPRlAAAL
[2025-09-02 21:31:27] [INFO]: [HINT] client left: jHyNyUCZnfLGWk1PAAAO
[2025-09-02 21:33:52] [INFO]: [HINT] client left: gWzyl23HwtNJO6TWAAAR
[2025-09-02 21:38:46] [INFO]: [HINT] client left: d0AG3QQaAJLq_L5HAAAU
[2025-09-02 21:38:50] [INFO]: [HINT] client left: Xj63YLsl4pEjv-JiAAAX
[2025-09-02 21:44:26] [INFO]: [HINT] client left: OdRgDfCqjviRJ-tXAAAa
[2025-09-02 21:44:26] [INFO]: [HINT] client left: iz_xxnB0ztasNKEhAAA0
[2025-09-02 21:44:26] [INFO]: [HINT] client left: 0h_3na_AIPkwDIh0AAAy
[2025-09-02 21:44:26] [INFO]: [HINT] client left: 1MfU6oi7KVcbLP70AAAw
[2025-09-02 21:44:26] [INFO]: [HINT] client left: c75l7IcOAgnRFLFJAAAu
[2025-09-02 21:44:26] [INFO]: [HINT] client left: 86-IwVDVB8BBZ7m3AAAs
[2025-09-02 21:44:26] [INFO]: [HINT] client left: i_WFofiG6-YH5Dk6AAAq
[2025-09-02 21:44:26] [INFO]: [HINT] client left: t1ZDeY_LypqW1iy6AAAo
[2025-09-02 21:44:26] [INFO]: [HINT] client left: MWnKo-Z1mneZz5ybAAAm
[2025-09-02 21:44:26] [INFO]: [HINT] client left: bvRAUctywL7ZTwmrAAAk
[2025-09-02 21:44:26] [INFO]: [HINT] client left: uAc7AAueVsyABq18AAAi
[2025-09-02 21:44:26] [INFO]: [HINT] client left: fvI_dvzYYWxJPo8WAAAg
[2025-09-02 21:44:26] [INFO]: [HINT] client left: NAvm2i52IWuNU7WWAAAe
[2025-09-02 21:44:26] [INFO]: [HINT] client left: ZWy-SoMPhta3zJIDAAAc
[2025-09-02 21:44:42] [INFO]: [HINT] client left: EihQjnTGh1PjV2uiAAA3
[2025-09-02 21:47:46] [INFO]: [HINT] client left: 0f1ArHsD0INhQ0xJAAA6
[2025-09-02 21:47:46] [INFO]: [HINT] client left: 4VdomfPC2e0-dNrzAABG
[2025-09-02 21:47:46] [INFO]: [HINT] client left: 1NLftgeiOBaSpyriAABE
[2025-09-02 21:47:46] [INFO]: [HINT] client left: AVPPmXOlzuC9diqhAABC
[2025-09-02 21:47:46] [INFO]: [HINT] client left: _Doq2ntWSropR_oeAABA
[2025-09-02 21:47:46] [INFO]: [HINT] client left: Uj6rhSjC4BN5COjvAAA-
[2025-09-02 21:47:46] [INFO]: [HINT] client left: HoYrcLmVWMhNa8ovAAA8
[2025-09-02 21:49:06] [INFO]: [HINT] client left: TqotokAbQIag6-7sAABJ
[2025-09-02 21:50:30] [WARN]: [REQVERIFY - ::1] Forbidden - Blocked user origin: Mozilla/5.0 (Windows NT 10.0; Win64; x64) AppleWebKit/537.36 (KHTML, like Gecko) Chrome/139.0.0.0 Safari/537.36
[2025-09-02 21:51:18] [WARN]: [REQVERIFY - ::1] Forbidden - Blocked user origin: Mozilla/5.0 (Windows NT 10.0; Win64; x64) AppleWebKit/537.36 (KHTML, like Gecko) Chrome/139.0.0.0 Safari/537.36
[2025-09-02 21:51:45] [INFO]: [DB] Connected to the database successfully
[2025-09-02 21:51:46] [INFO]: [BOOTSTRAP] Loading listeners...
[2025-09-02 21:51:46] [INFO]: [Listeners] Loaded 4 file(s)
[2025-09-02 21:51:46] [INFO]: [BOOTSTRAP] All services ready.
[2025-09-02 21:51:46] [INFO]: [SERVER] [v1.0.0] [DEVELOPMENT]: Server is running on http://localhost:9703/
[2025-09-02 21:52:05] [INFO]: [DB] Connected to the database successfully
[2025-09-02 21:52:05] [INFO]: [BOOTSTRAP] Loading listeners...
[2025-09-02 21:52:05] [INFO]: [Listeners] Loaded 4 file(s)
[2025-09-02 21:52:05] [INFO]: [BOOTSTRAP] All services ready.
[2025-09-02 21:52:05] [INFO]: [SERVER] [v1.0.0] [DEVELOPMENT]: Server is running on http://localhost:9703/
[2025-09-02 21:52:19] [INFO]: [HINT] client left: acFXOuofaFrgUXsCAAAC
[2025-09-02 21:52:20] [WARN]: [REQVERIFY - ::1] Forbidden - Blocked user origin: http://localhost:5173
[2025-09-02 21:52:23] [INFO]: [HINT] client left: d3V4SjTt--PKqqaKAAAF
[2025-09-02 21:52:23] [WARN]: [REQVERIFY - ::1] Forbidden - Blocked user origin: http://localhost:5173
[2025-09-02 21:52:26] [INFO]: [HINT] client left: 5rAWxNaA3FqdIdtJAAAI
[2025-09-02 21:52:26] [WARN]: [REQVERIFY - ::1] Forbidden - Blocked user origin: http://localhost:5173
[2025-09-02 21:52:32] [INFO]: [DB] Connected to the database successfully
[2025-09-02 21:52:32] [INFO]: [BOOTSTRAP] Loading listeners...
[2025-09-02 21:52:32] [INFO]: [Listeners] Loaded 4 file(s)
[2025-09-02 21:52:32] [INFO]: [BOOTSTRAP] All services ready.
[2025-09-02 21:52:32] [INFO]: [SERVER] [v1.0.0] [DEVELOPMENT]: Server is running on http://localhost:9703/
[2025-09-02 21:52:34] [INFO]: [HINT] client left: G7MDtGXkiTw-d88QAAAC
[2025-09-02 21:52:34] [WARN]: [REQVERIFY - ::1] Forbidden - Blocked user origin: http://localhost:5173
[2025-09-02 21:53:07] [INFO]: [DB] Connected to the database successfully
[2025-09-02 21:53:07] [INFO]: [BOOTSTRAP] Loading listeners...
[2025-09-02 21:53:07] [INFO]: [Listeners] Loaded 4 file(s)
[2025-09-02 21:53:07] [INFO]: [BOOTSTRAP] All services ready.
[2025-09-02 21:53:07] [INFO]: [SERVER] [v1.0.0] [DEVELOPMENT]: Server is running on http://localhost:9703/
[2025-09-02 21:53:12] [INFO]: [DB] Connected to the database successfully
[2025-09-02 21:53:12] [INFO]: [BOOTSTRAP] Loading listeners...
[2025-09-02 21:53:12] [INFO]: [Listeners] Loaded 4 file(s)
[2025-09-02 21:53:12] [INFO]: [BOOTSTRAP] All services ready.
[2025-09-02 21:53:12] [INFO]: [SERVER] [v1.0.0] [DEVELOPMENT]: Server is running on http://localhost:9703/
[2025-09-02 21:53:15] [INFO]: [HINT] client left: PBpMrQv1FNiAfX2IAAAC
[2025-09-02 21:53:20] [INFO]: [HINT] client left: oWVNce7Slul6wf09AAAF
[2025-09-02 21:55:13] [INFO]: [HINT] client left: 3Aovm23vngKm9zvcAAAI
[2025-09-02 22:00:10] [INFO]: [DB] Connected to the database successfully
[2025-09-02 22:00:10] [INFO]: [BOOTSTRAP] Loading listeners...
[2025-09-02 22:00:10] [INFO]: [Listeners] Loaded 4 file(s)
[2025-09-02 22:00:10] [INFO]: [BOOTSTRAP] All services ready.
[2025-09-02 22:00:10] [INFO]: [SERVER] [v1.0.0] [DEVELOPMENT]: Server is running on http://localhost:9703/
[2025-09-02 22:00:24] [INFO]: [DB] Connected to the database successfully
[2025-09-02 22:00:24] [INFO]: [BOOTSTRAP] Loading listeners...
[2025-09-02 22:00:24] [INFO]: [Listeners] Loaded 4 file(s)
[2025-09-02 22:00:24] [INFO]: [BOOTSTRAP] All services ready.
[2025-09-02 22:00:24] [INFO]: [SERVER] [v1.0.0] [DEVELOPMENT]: Server is running on http://localhost:9703/
[2025-09-02 22:00:31] [INFO]: [DB] Connected to the database successfully
[2025-09-02 22:00:31] [INFO]: [BOOTSTRAP] Loading listeners...
[2025-09-02 22:00:31] [INFO]: [Listeners] Loaded 4 file(s)
[2025-09-02 22:00:31] [INFO]: [BOOTSTRAP] All services ready.
[2025-09-02 22:00:31] [INFO]: [SERVER] [v1.0.0] [DEVELOPMENT]: Server is running on http://localhost:9703/
[2025-09-02 22:00:35] [INFO]: [DB] Connected to the database successfully
[2025-09-02 22:00:35] [INFO]: [BOOTSTRAP] Loading listeners...
[2025-09-02 22:00:35] [INFO]: [Listeners] Loaded 4 file(s)
[2025-09-02 22:00:35] [INFO]: [BOOTSTRAP] All services ready.
[2025-09-02 22:00:35] [INFO]: [SERVER] [v1.0.0] [DEVELOPMENT]: Server is running on http://localhost:9703/
[2025-09-02 22:00:41] [INFO]: [DB] Connected to the database successfully
[2025-09-02 22:00:41] [INFO]: [BOOTSTRAP] Loading listeners...
[2025-09-02 22:00:41] [INFO]: [Listeners] Loaded 4 file(s)
[2025-09-02 22:00:41] [INFO]: [BOOTSTRAP] All services ready.
[2025-09-02 22:00:41] [INFO]: [SERVER] [v1.0.0] [DEVELOPMENT]: Server is running on http://localhost:9703/
[2025-09-02 22:00:45] [INFO]: [DB] Connected to the database successfully
[2025-09-02 22:00:45] [INFO]: [BOOTSTRAP] Loading listeners...
[2025-09-02 22:00:45] [INFO]: [Listeners] Loaded 4 file(s)
[2025-09-02 22:00:45] [INFO]: [BOOTSTRAP] All services ready.
[2025-09-02 22:00:45] [INFO]: [SERVER] [v1.0.0] [DEVELOPMENT]: Server is running on http://localhost:9703/
[2025-09-02 22:00:48] [INFO]: [HINT] client left: YwKuvj84bba-uF76AAAC
[2025-09-02 22:06:11] [INFO]: [HINT] client left: dDtx4W1MKTd9-tRqAAAF
[2025-09-02 22:06:24] [INFO]: [HINT] client left: syZq08UPJEveXruCAAAI
[2025-09-02 22:06:59] [INFO]: [HINT] client left: TMM2Af-rYlIOV2oGAAAL
[2025-09-02 22:10:35] [INFO]: [HINT] client left: Dd--KHxWPTjmgfU3AAAO
[2025-09-02 22:10:35] [INFO]: [HINT] client left: M3roWgzgJJc_UMgGAAAS
[2025-09-02 22:10:35] [INFO]: [HINT] client left: YyrijtLtaUg6NDkiAAAQ
[2025-09-02 22:11:29] [INFO]: [HINT] client left: byC6Bntdywc5zBmhAAAV
[2025-09-02 22:11:29] [INFO]: [HINT] client left: KEJseTKW8VV9K3BeAAAX
[2025-09-02 22:11:41] [INFO]: [HINT] client left: NiX2IjzDZHIK9thSAAAa
[2025-09-02 22:12:26] [INFO]: [HINT] client left: uGsUGbijkP2HmS_yAAAd
[2025-09-02 22:12:51] [INFO]: [HINT] client left: yuhnxvaG1CRB7sgXAAAg
[2025-09-02 22:14:32] [INFO]: [HINT] client left: JNhu5G2xRcc1i3iUAAAj
[2025-09-02 22:14:40] [INFO]: [HINT] client left: rQlVh-QvIrT_vxklAAAm
[2025-09-02 22:21:23] [INFO]: [HINT] client left: n5BocDk9SXqYMPbDAAAp
[2025-09-02 22:21:36] [INFO]: [HINT] client left: -lDq8mWZobGKI9IJAAAs
[2025-09-02 22:24:17] [INFO]: [HINT] client left: w3Cvg2E3OhNpZED3AAAv
[2025-09-02 22:24:17] [INFO]: [HINT] client left: 6__Iq7CF72Pcxz_pAAA3
[2025-09-02 22:24:17] [INFO]: [HINT] client left: 5gZOJ6BP06mveqpkAAA1
[2025-09-02 22:24:17] [INFO]: [HINT] client left: 0kv9TGOw3X5bq0W6AAAz
[2025-09-02 22:24:17] [INFO]: [HINT] client left: HMZxfp3xdpLsVXg2AAAx
[2025-09-02 22:28:14] [INFO]: [HINT] client left: TcxVwiisFUrllWRTAAA6
[2025-09-02 22:31:40] [INFO]: [HINT] client left: DVeptV907klLDrcOAAA9
[2025-09-02 22:34:15] [INFO]: [HINT] client left: ADpKTI-5ioqP9MzWAABA
[2025-09-02 22:34:15] [INFO]: [HINT] client left: WCxj0C9RjFJRJy2MAABC
[2025-09-02 22:35:05] [INFO]: [HINT] client left: fpuWc37i1Q50QoQAAABF
[2025-09-02 22:35:05] [INFO]: [HINT] client left: Y0lLRcsPeer8yDusAABN
[2025-09-02 22:35:05] [INFO]: [HINT] client left: 24wZHFtVB654E9WtAABL
[2025-09-02 22:35:05] [INFO]: [HINT] client left: 4MuZ-ESMW7KDBm48AABJ
[2025-09-02 22:35:05] [INFO]: [HINT] client left: 0cqgQKsicnYDJ3LkAABH
[2025-09-02 22:35:21] [INFO]: [HINT] client left: q1q_M9lb1yZEMI0BAABQ
[2025-09-02 22:35:43] [WARN]: [REQVERIFY - ::1] Forbidden - Blocked user origin: Mozilla/5.0 (Windows NT 10.0; Win64; x64) AppleWebKit/537.36 (KHTML, like Gecko) Chrome/139.0.0.0 Safari/537.36
[2025-09-02 22:38:04] [INFO]: [HINT] client left: bAOk2eH5Ex7aphxWAABT
[2025-09-02 22:41:04] [INFO]: [HINT] client left: WUqBTrKCiJImvWCUAABW
[2025-09-02 22:41:28] [INFO]: [HINT] client left: -XK2y64St62nZCwaAABZ
[2025-09-02 22:42:40] [INFO]: [HINT] client left: mqSPyPb3HbsVVDMyAABc
[2025-09-02 22:43:47] [INFO]: [HINT] client left: dF10nhsEkHxqhDetAABf
[2025-09-02 22:43:47] [INFO]: [HINT] client left: FYNZPr2qRY5I6eaOAABr
[2025-09-02 22:43:47] [INFO]: [HINT] client left: pngCCut85KR7kt3kAABp
[2025-09-02 22:43:47] [INFO]: [HINT] client left: QUkUz4oObXfuzwCMAABn
[2025-09-02 22:43:47] [INFO]: [HINT] client left: 6ScPi11GbQTIzMQiAABl
[2025-09-02 22:43:47] [INFO]: [HINT] client left: _B_oDGvXVHmD13QaAABj
[2025-09-02 22:43:47] [INFO]: [HINT] client left: Lt9NhRtfXHMGkWkZAABh
[2025-09-02 22:44:19] [INFO]: [HINT] client left: dLgRQyO4MyYdn29xAABu
[2025-09-02 22:44:28] [INFO]: [HINT] client left: 7UZ57_ZEGpHv8bhHAABx
[2025-09-02 22:44:29] [INFO]: [HINT] client left: OMIz6ZlZS-XWYX88AAB0
[2025-09-02 22:45:51] [INFO]: [HINT] client left: 2d2fRBI5Y37tNM9SAAB3
[2025-09-02 22:45:51] [INFO]: [HINT] client left: hzE4xDmHhnzJb2CxAAB7
[2025-09-02 22:45:51] [INFO]: [HINT] client left: stOn-0s7MZ4yevGCAAB5
[2025-09-02 22:45:55] [INFO]: [HINT] client left: NTww0MbubyiT8UOXAAB-
[2025-09-02 22:46:50] [INFO]: [HINT] client left: V4NQVu_wcKV8kKnfAACB
[2025-09-02 22:46:50] [INFO]: [HINT] client left: FU7LhoKoFISdKtvrAACD
[2025-09-02 22:47:15] [INFO]: [HINT] client left: HxnVkFqhRZqZxW-AAACG
[2025-09-02 22:47:35] [INFO]: [HINT] client left: 2eyZEywOZvhcREgRAACJ
[2025-09-02 22:47:35] [INFO]: [HINT] client left: CvVs85dXIR7PiSa7AACL
[2025-09-02 22:48:59] [INFO]: [HINT] client left: f3ydjG1DQI9EVOHcAACO
[2025-09-02 22:53:26] [INFO]: [HINT] client left: dhnWZTLncfEtNCYpAACR
[2025-09-02 22:53:53] [INFO]: [HINT] client left: 9uqlyuBI1MpZIBcKAACU
[2025-09-02 22:53:54] [INFO]: [HINT] client left: gFNPMmqMMN6Py3KGAACX
[2025-09-02 22:53:55] [INFO]: [HINT] client left: PqQfCyvwwmtd5v6FAACa
[2025-09-02 22:53:55] [INFO]: [HINT] client left: 1yujGaQB7EswrsIhAACd
[2025-09-02 23:01:10] [INFO]: [HINT] client left: gkJWdwHwgTL9JXNMAACg
[2025-09-02 23:01:55] [INFO]: [HINT] client left: PFD6RnywDXpzSUWiAACj
[2025-09-02 23:01:58] [INFO]: [DB] Connected to the database successfully
[2025-09-02 23:01:58] [INFO]: [BOOTSTRAP] Loading listeners...
[2025-09-02 23:01:58] [INFO]: [Listeners] Loaded 4 file(s)
[2025-09-02 23:01:58] [INFO]: [BOOTSTRAP] All services ready.
[2025-09-02 23:01:58] [INFO]: [SERVER] [v1.0.0] [DEVELOPMENT]: Server is running on http://localhost:9703/
