[2025-08-28 08:43:09] [INFO]: [BOOTSTRAP] Loading listeners...
[2025-08-28 08:43:09] [INFO]: [Listeners] Loaded 4 file(s)
[2025-08-28 08:43:09] [INFO]: [BOOTSTRAP] All services ready.
[2025-08-28 08:43:09] [INFO]: [SERVER] [v1.0.0] [DEVELOPMENT]: Server is running on http://localhost:6625/
[2025-08-28 08:43:09] [INFO]: [DB] Connected to the database successfully
[2025-08-28 11:58:44] [INFO]: [HINT] client left: KHm1HNp_Bbx-pGSkAAAC
[2025-08-28 13:34:32] [INFO]: [BOOTSTRAP] Loading listeners...
[2025-08-28 13:34:32] [INFO]: [DB] Connected to the database successfully
[2025-08-28 13:34:32] [INFO]: [Listeners] Loaded 4 file(s)
[2025-08-28 13:34:32] [INFO]: [BOOTSTRAP] All services ready.
[2025-08-28 13:34:32] [INFO]: [SERVER] [v1.0.0] [DEVELOPMENT]: Server is running on http://localhost:6625/
[2025-08-28 13:40:50] [INFO]: [BOOTSTRAP] Loading listeners...
[2025-08-28 13:40:50] [INFO]: [DB] Connected to the database successfully
[2025-08-28 13:40:50] [INFO]: [Listeners] Loaded 4 file(s)
[2025-08-28 13:40:50] [INFO]: [BOOTSTRAP] All services ready.
[2025-08-28 13:40:50] [INFO]: [SERVER] [v1.0.0] [DEVELOPMENT]: Server is running on http://localhost:6625/
[2025-08-28 13:40:53] [INFO]: [BOOTSTRAP] Loading listeners...
[2025-08-28 13:40:53] [INFO]: [DB] Connected to the database successfully
[2025-08-28 13:40:53] [INFO]: [Listeners] Loaded 4 file(s)
[2025-08-28 13:40:53] [INFO]: [BOOTSTRAP] All services ready.
[2025-08-28 13:40:53] [INFO]: [SERVER] [v1.0.0] [DEVELOPMENT]: Server is running on http://localhost:6625/
[2025-08-28 13:41:00] [INFO]: [BOOTSTRAP] Loading listeners...
[2025-08-28 13:41:00] [INFO]: [DB] Connected to the database successfully
[2025-08-28 13:41:00] [INFO]: [Listeners] Loaded 4 file(s)
[2025-08-28 13:41:00] [INFO]: [BOOTSTRAP] All services ready.
[2025-08-28 13:41:00] [INFO]: [SERVER] [v1.0.0] [DEVELOPMENT]: Server is running on http://localhost:6625/
[2025-08-28 13:41:04] [INFO]: [BOOTSTRAP] Loading listeners...
[2025-08-28 13:41:04] [INFO]: [Listeners] Loaded 4 file(s)
[2025-08-28 13:41:04] [INFO]: [BOOTSTRAP] All services ready.
[2025-08-28 13:41:04] [INFO]: [SERVER] [v1.0.0] [DEVELOPMENT]: Server is running on http://localhost:6625/
[2025-08-28 13:41:04] [INFO]: [DB] Connected to the database successfully
[2025-08-28 13:41:42] [INFO]: [BOOTSTRAP] Loading listeners...
[2025-08-28 13:41:42] [INFO]: [DB] Connected to the database successfully
[2025-08-28 13:41:42] [INFO]: [Listeners] Loaded 4 file(s)
[2025-08-28 13:41:42] [INFO]: [BOOTSTRAP] All services ready.
[2025-08-28 13:41:42] [INFO]: [SERVER] [v1.0.0] [DEVELOPMENT]: Server is running on http://localhost:6625/
[2025-08-28 13:41:52] [INFO]: [BOOTSTRAP] Loading listeners...
[2025-08-28 13:41:52] [INFO]: [DB] Connected to the database successfully
[2025-08-28 13:41:52] [INFO]: [Listeners] Loaded 4 file(s)
[2025-08-28 13:41:52] [INFO]: [BOOTSTRAP] All services ready.
[2025-08-28 13:41:52] [INFO]: [SERVER] [v1.0.0] [DEVELOPMENT]: Server is running on http://localhost:6625/
[2025-08-28 13:42:41] [INFO]: [BOOTSTRAP] Loading listeners...
[2025-08-28 13:42:41] [INFO]: [DB] Connected to the database successfully
[2025-08-28 13:42:42] [INFO]: [Listeners] Loaded 4 file(s)
[2025-08-28 13:42:42] [INFO]: [BOOTSTRAP] All services ready.
[2025-08-28 13:42:42] [INFO]: [SERVER] [v1.0.0] [DEVELOPMENT]: Server is running on http://localhost:6625/
[2025-08-28 13:42:44] [INFO]: [BOOTSTRAP] Loading listeners...
[2025-08-28 13:42:44] [INFO]: [DB] Connected to the database successfully
[2025-08-28 13:42:44] [INFO]: [Listeners] Loaded 4 file(s)
[2025-08-28 13:42:44] [INFO]: [BOOTSTRAP] All services ready.
[2025-08-28 13:42:44] [INFO]: [SERVER] [v1.0.0] [DEVELOPMENT]: Server is running on http://localhost:6625/
[2025-08-28 13:43:05] [INFO]: [BOOTSTRAP] Loading listeners...
[2025-08-28 13:43:05] [INFO]: [DB] Connected to the database successfully
[2025-08-28 13:43:06] [INFO]: [Listeners] Loaded 4 file(s)
[2025-08-28 13:43:06] [INFO]: [BOOTSTRAP] All services ready.
[2025-08-28 13:43:06] [INFO]: [SERVER] [v1.0.0] [DEVELOPMENT]: Server is running on http://localhost:6625/
[2025-08-28 13:43:34] [INFO]: [BOOTSTRAP] Loading listeners...
[2025-08-28 13:43:34] [INFO]: [DB] Connected to the database successfully
[2025-08-28 13:43:34] [INFO]: [Listeners] Loaded 4 file(s)
[2025-08-28 13:43:34] [INFO]: [BOOTSTRAP] All services ready.
[2025-08-28 13:43:34] [INFO]: [SERVER] [v1.0.0] [DEVELOPMENT]: Server is running on http://localhost:6625/
[2025-08-28 13:52:51] [INFO]: [HINT] client left: nNhP9NQbI3Hlttj5AAAC
[2025-08-28 13:58:54] [INFO]: [BOOTSTRAP] Loading listeners...
[2025-08-28 13:58:54] [INFO]: [DB] Connected to the database successfully
[2025-08-28 13:58:54] [INFO]: [Listeners] Loaded 4 file(s)
[2025-08-28 13:58:54] [INFO]: [BOOTSTRAP] All services ready.
[2025-08-28 13:58:54] [INFO]: [SERVER] [v1.0.0] [DEVELOPMENT]: Server is running on http://localhost:6625/
[2025-08-28 13:59:06] [INFO]: [BOOTSTRAP] Loading listeners...
[2025-08-28 13:59:06] [INFO]: [DB] Connected to the database successfully
[2025-08-28 13:59:06] [INFO]: [Listeners] Loaded 4 file(s)
[2025-08-28 13:59:06] [INFO]: [BOOTSTRAP] All services ready.
[2025-08-28 13:59:06] [INFO]: [SERVER] [v1.0.0] [DEVELOPMENT]: Server is running on http://localhost:6625/
[2025-08-28 13:59:31] [INFO]: [HINT] client left: FGs-9JqUyMQnx_RbAAAC
[2025-08-28 13:59:47] [INFO]: [BOOTSTRAP] Loading listeners...
[2025-08-28 13:59:47] [INFO]: [DB] Connected to the database successfully
[2025-08-28 13:59:47] [INFO]: [Listeners] Loaded 4 file(s)
[2025-08-28 13:59:47] [INFO]: [BOOTSTRAP] All services ready.
[2025-08-28 13:59:47] [INFO]: [SERVER] [v1.0.0] [DEVELOPMENT]: Server is running on http://localhost:6625/
[2025-08-28 14:04:00] [INFO]: [HINT] client left: kAloxlCWdG5DdLDaAAAC
[2025-08-28 14:08:26] [INFO]: [BOOTSTRAP] Loading listeners...
[2025-08-28 14:08:26] [INFO]: [DB] Connected to the database successfully
[2025-08-28 14:08:27] [INFO]: [Listeners] Loaded 4 file(s)
[2025-08-28 14:08:27] [INFO]: [BOOTSTRAP] All services ready.
[2025-08-28 14:08:27] [INFO]: [SERVER] [v1.0.0] [DEVELOPMENT]: Server is running on http://localhost:6625/
[2025-08-28 14:08:30] [INFO]: [BOOTSTRAP] Loading listeners...
[2025-08-28 14:08:30] [INFO]: [DB] Connected to the database successfully
[2025-08-28 14:08:30] [INFO]: [Listeners] Loaded 4 file(s)
[2025-08-28 14:08:30] [INFO]: [BOOTSTRAP] All services ready.
[2025-08-28 14:08:30] [INFO]: [SERVER] [v1.0.0] [DEVELOPMENT]: Server is running on http://localhost:6625/
[2025-08-28 14:08:37] [INFO]: [BOOTSTRAP] Loading listeners...
[2025-08-28 14:08:37] [INFO]: [DB] Connected to the database successfully
[2025-08-28 14:08:37] [INFO]: [Listeners] Loaded 4 file(s)
[2025-08-28 14:08:37] [INFO]: [BOOTSTRAP] All services ready.
[2025-08-28 14:08:37] [INFO]: [SERVER] [v1.0.0] [DEVELOPMENT]: Server is running on http://localhost:6625/
[2025-08-28 15:58:37] [INFO]: [HINT] client left: du-5Uo5pbNGnTCTnAAAC
[2025-08-28 15:58:41] [INFO]: [BOOTSTRAP] Loading listeners...
[2025-08-28 15:58:41] [INFO]: [DB] Connected to the database successfully
[2025-08-28 15:58:41] [INFO]: [Listeners] Loaded 4 file(s)
[2025-08-28 15:58:41] [INFO]: [BOOTSTRAP] All services ready.
[2025-08-28 15:58:41] [INFO]: [SERVER] [v1.0.0] [DEVELOPMENT]: Server is running on http://localhost:6625/
